[2025-09-23T03:29:16.745+0000] {local_task_job_runner.py:120} INFO - ::group::Pre task execution logs
[2025-09-23T03:29:16.774+0000] {taskinstance.py:2076} INFO - Dependencies all met for dep_context=non-requeueable deps ti=<TaskInstance: spark_iceberg_pipeline.process_client_data manual__2025-09-23T03:29:13.901631+00:00 [queued]>
[2025-09-23T03:29:16.781+0000] {taskinstance.py:2076} INFO - Dependencies all met for dep_context=requeueable deps ti=<TaskInstance: spark_iceberg_pipeline.process_client_data manual__2025-09-23T03:29:13.901631+00:00 [queued]>
[2025-09-23T03:29:16.781+0000] {taskinstance.py:2306} INFO - Starting attempt 1 of 2
[2025-09-23T03:29:16.793+0000] {taskinstance.py:2330} INFO - Executing <Task(SparkSubmitOperator): process_client_data> on 2025-09-23 03:29:13.901631+00:00
[2025-09-23T03:29:16.801+0000] {standard_task_runner.py:90} INFO - Running: ['***', 'tasks', 'run', 'spark_iceberg_pipeline', 'process_client_data', 'manual__2025-09-23T03:29:13.901631+00:00', '--job-id', '19', '--raw', '--subdir', 'DAGS_FOLDER/spark_iceberg_pipeline.py', '--cfg-path', '/tmp/tmp6up42y3f']
[2025-09-23T03:29:16.803+0000] {standard_task_runner.py:91} INFO - Job 19: Subtask process_client_data
[2025-09-23T03:29:16.804+0000] {logging_mixin.py:188} WARNING - /home/***/.local/lib/python3.12/site-packages/***/task/task_runner/standard_task_runner.py:62 DeprecationWarning: This process (pid=1176) is multi-threaded, use of fork() may lead to deadlocks in the child.
[2025-09-23T03:29:16.805+0000] {standard_task_runner.py:64} INFO - Started process 1177 to run task
[2025-09-23T03:29:16.843+0000] {task_command.py:426} INFO - Running <TaskInstance: spark_iceberg_pipeline.process_client_data manual__2025-09-23T03:29:13.901631+00:00 [running]> on host dbe0f3c9a3f2
[2025-09-23T03:29:16.922+0000] {taskinstance.py:2648} INFO - Exporting env vars: AIRFLOW_CTX_DAG_OWNER='***' AIRFLOW_CTX_DAG_ID='spark_iceberg_pipeline' AIRFLOW_CTX_TASK_ID='process_client_data' AIRFLOW_CTX_EXECUTION_DATE='2025-09-23T03:29:13.901631+00:00' AIRFLOW_CTX_TRY_NUMBER='1' AIRFLOW_CTX_DAG_RUN_ID='manual__2025-09-23T03:29:13.901631+00:00'
[2025-09-23T03:29:16.923+0000] {taskinstance.py:430} INFO - ::endgroup::
[2025-09-23T03:29:16.932+0000] {base.py:84} INFO - Using connection ID 'spark_default' for task execution.
[2025-09-23T03:29:16.935+0000] {spark_submit.py:473} INFO - Spark-Submit cmd: spark-submit --master spark-master:7077 --conf spark.jars.packages=org.apache.iceberg:iceberg-spark-runtime-3.5_2.12:1.5.0,org.projectnessie.nessie-integrations:nessie-spark-extensions-3.5_2.12:0.77.1,software.amazon.awssdk:bundle:2.24.8 --conf spark.sql.extensions=org.apache.iceberg.spark.extensions.IcebergSparkSessionExtensions,org.projectnessie.spark.extensions.NessieSparkSessionExtensions --conf spark.sql.catalog.nessie=org.apache.iceberg.spark.SparkCatalog --conf spark.sql.catalog.nessie.uri=http://nessie:19120/api/v1 --conf spark.sql.catalog.nessie.ref=main --conf spark.sql.catalog.nessie.authentication.type=NONE --conf spark.sql.catalog.nessie.catalog-impl=org.apache.iceberg.nessie.NessieCatalog --conf spark.sql.catalog.nessie.s3.endpoint=http://minio:9000 --conf spark.sql.catalog.nessie.warehouse=s3://gold/ --conf spark.sql.catalog.nessie.io-impl=org.apache.iceberg.aws.s3.S3FileIO --conf spark.hadoop.fs.s3a.endpoint=http://minio:9000 --conf spark.hadoop.fs.s3a.access.key=admin --conf spark.hadoop.fs.s3a.secret.key=****** --conf spark.hadoop.fs.s3a.path.style.access=true --name arrow-spark --verbose /opt/***/jobs/process_client_data.py
[2025-09-23T03:29:17.952+0000] {spark_submit.py:649} INFO - Using properties file: null
[2025-09-23T03:29:18.041+0000] {spark_submit.py:649} INFO - Parsed arguments:
[2025-09-23T03:29:18.041+0000] {spark_submit.py:649} INFO - master                  spark-master:7077
[2025-09-23T03:29:18.042+0000] {spark_submit.py:649} INFO - deployMode              null
[2025-09-23T03:29:18.042+0000] {spark_submit.py:649} INFO - executorMemory          null
[2025-09-23T03:29:18.042+0000] {spark_submit.py:649} INFO - executorCores           null
[2025-09-23T03:29:18.042+0000] {spark_submit.py:649} INFO - totalExecutorCores      null
[2025-09-23T03:29:18.042+0000] {spark_submit.py:649} INFO - propertiesFile          null
[2025-09-23T03:29:18.042+0000] {spark_submit.py:649} INFO - driverMemory            null
[2025-09-23T03:29:18.043+0000] {spark_submit.py:649} INFO - driverCores             null
[2025-09-23T03:29:18.043+0000] {spark_submit.py:649} INFO - driverExtraClassPath    null
[2025-09-23T03:29:18.043+0000] {spark_submit.py:649} INFO - driverExtraLibraryPath  null
[2025-09-23T03:29:18.043+0000] {spark_submit.py:649} INFO - driverExtraJavaOptions  null
[2025-09-23T03:29:18.043+0000] {spark_submit.py:649} INFO - supervise               false
[2025-09-23T03:29:18.043+0000] {spark_submit.py:649} INFO - queue                   null
[2025-09-23T03:29:18.043+0000] {spark_submit.py:649} INFO - numExecutors            null
[2025-09-23T03:29:18.043+0000] {spark_submit.py:649} INFO - files                   null
[2025-09-23T03:29:18.043+0000] {spark_submit.py:649} INFO - pyFiles                 null
[2025-09-23T03:29:18.043+0000] {spark_submit.py:649} INFO - archives                null
[2025-09-23T03:29:18.043+0000] {spark_submit.py:649} INFO - mainClass               null
[2025-09-23T03:29:18.043+0000] {spark_submit.py:649} INFO - primaryResource         file:/opt/***/jobs/process_client_data.py
[2025-09-23T03:29:18.043+0000] {spark_submit.py:649} INFO - name                    arrow-spark
[2025-09-23T03:29:18.043+0000] {spark_submit.py:649} INFO - childArgs               []
[2025-09-23T03:29:18.043+0000] {spark_submit.py:649} INFO - jars                    null
[2025-09-23T03:29:18.044+0000] {spark_submit.py:649} INFO - packages                org.apache.iceberg:iceberg-spark-runtime-3.5_2.12:1.5.0,org.projectnessie.nessie-integrations:nessie-spark-extensions-3.5_2.12:0.77.1,software.amazon.awssdk:bundle:2.24.8
[2025-09-23T03:29:18.044+0000] {spark_submit.py:649} INFO - packagesExclusions      null
[2025-09-23T03:29:18.044+0000] {spark_submit.py:649} INFO - repositories            null
[2025-09-23T03:29:18.044+0000] {spark_submit.py:649} INFO - verbose                 true
[2025-09-23T03:29:18.044+0000] {spark_submit.py:649} INFO - 
[2025-09-23T03:29:18.044+0000] {spark_submit.py:649} INFO - Spark properties used, including those specified through
[2025-09-23T03:29:18.044+0000] {spark_submit.py:649} INFO - --conf and those from the properties file null:
[2025-09-23T03:29:18.044+0000] {spark_submit.py:649} INFO - (spark.hadoop.fs.s3a.access.key,*********(redacted))
[2025-09-23T03:29:18.044+0000] {spark_submit.py:649} INFO - (spark.hadoop.fs.s3a.endpoint,http://minio:9000)
[2025-09-23T03:29:18.044+0000] {spark_submit.py:649} INFO - (spark.hadoop.fs.s3a.path.style.access,true)
[2025-09-23T03:29:18.044+0000] {spark_submit.py:649} INFO - (spark.hadoop.fs.s3a.secret.key,*********(redacted))
[2025-09-23T03:29:18.044+0000] {spark_submit.py:649} INFO - (spark.jars.packages,org.apache.iceberg:iceberg-spark-runtime-3.5_2.12:1.5.0,org.projectnessie.nessie-integrations:nessie-spark-extensions-3.5_2.12:0.77.1,software.amazon.awssdk:bundle:2.24.8)
[2025-09-23T03:29:18.044+0000] {spark_submit.py:649} INFO - (spark.sql.catalog.nessie,org.apache.iceberg.spark.SparkCatalog)
[2025-09-23T03:29:18.044+0000] {spark_submit.py:649} INFO - (spark.sql.catalog.nessie.authentication.type,NONE)
[2025-09-23T03:29:18.044+0000] {spark_submit.py:649} INFO - (spark.sql.catalog.nessie.catalog-impl,org.apache.iceberg.nessie.NessieCatalog)
[2025-09-23T03:29:18.045+0000] {spark_submit.py:649} INFO - (spark.sql.catalog.nessie.io-impl,org.apache.iceberg.aws.s3.S3FileIO)
[2025-09-23T03:29:18.045+0000] {spark_submit.py:649} INFO - (spark.sql.catalog.nessie.ref,main)
[2025-09-23T03:29:18.045+0000] {spark_submit.py:649} INFO - (spark.sql.catalog.nessie.s3.endpoint,http://minio:9000)
[2025-09-23T03:29:18.045+0000] {spark_submit.py:649} INFO - (spark.sql.catalog.nessie.uri,http://nessie:19120/api/v1)
[2025-09-23T03:29:18.045+0000] {spark_submit.py:649} INFO - (spark.sql.catalog.nessie.warehouse,s3://gold/)
[2025-09-23T03:29:18.045+0000] {spark_submit.py:649} INFO - (spark.sql.extensions,org.apache.iceberg.spark.extensions.IcebergSparkSessionExtensions,org.projectnessie.spark.extensions.NessieSparkSessionExtensions)
[2025-09-23T03:29:18.045+0000] {spark_submit.py:649} INFO - 
[2025-09-23T03:29:18.045+0000] {spark_submit.py:649} INFO - 
[2025-09-23T03:29:18.200+0000] {spark_submit.py:649} INFO - :: loading settings :: url = jar:file:/home/***/.local/lib/python3.12/site-packages/pyspark/jars/ivy-2.5.0.jar!/org/apache/ivy/core/settings/ivysettings.xml
[2025-09-23T03:29:18.383+0000] {spark_submit.py:649} INFO - Ivy Default Cache set to: /home/***/.ivy2/cache
[2025-09-23T03:29:18.383+0000] {spark_submit.py:649} INFO - The jars for the packages stored in: /home/***/.ivy2/jars
[2025-09-23T03:29:18.389+0000] {spark_submit.py:649} INFO - org.apache.iceberg#iceberg-spark-runtime-3.5_2.12 added as a dependency
[2025-09-23T03:29:18.389+0000] {spark_submit.py:649} INFO - org.projectnessie.nessie-integrations#nessie-spark-extensions-3.5_2.12 added as a dependency
[2025-09-23T03:29:18.389+0000] {spark_submit.py:649} INFO - software.amazon.awssdk#bundle added as a dependency
[2025-09-23T03:29:18.389+0000] {spark_submit.py:649} INFO - :: resolving dependencies :: org.apache.spark#spark-submit-parent-8724a26e-d14d-4670-8435-4fb9f249fa5d;1.0
[2025-09-23T03:29:18.390+0000] {spark_submit.py:649} INFO - confs: [default]
[2025-09-23T03:29:18.524+0000] {spark_submit.py:649} INFO - found org.apache.iceberg#iceberg-spark-runtime-3.5_2.12;1.5.0 in central
[2025-09-23T03:29:18.548+0000] {spark_submit.py:649} INFO - found org.projectnessie.nessie-integrations#nessie-spark-extensions-3.5_2.12;0.77.1 in central
[2025-09-23T03:29:18.586+0000] {spark_submit.py:649} INFO - found software.amazon.awssdk#bundle;2.24.8 in central
[2025-09-23T03:29:18.556+0000] {spark_submit.py:649} INFO - :: resolution report :: resolve 158ms :: artifacts dl 9ms
[2025-09-23T03:29:18.557+0000] {spark_submit.py:649} INFO - :: modules in use:
[2025-09-23T03:29:18.558+0000] {spark_submit.py:649} INFO - org.apache.iceberg#iceberg-spark-runtime-3.5_2.12;1.5.0 from central in [default]
[2025-09-23T03:29:18.558+0000] {spark_submit.py:649} INFO - org.projectnessie.nessie-integrations#nessie-spark-extensions-3.5_2.12;0.77.1 from central in [default]
[2025-09-23T03:29:18.559+0000] {spark_submit.py:649} INFO - software.amazon.awssdk#bundle;2.24.8 from central in [default]
[2025-09-23T03:29:18.559+0000] {spark_submit.py:649} INFO - ---------------------------------------------------------------------
[2025-09-23T03:29:18.559+0000] {spark_submit.py:649} INFO - |                  |            modules            ||   artifacts   |
[2025-09-23T03:29:18.559+0000] {spark_submit.py:649} INFO - |       conf       | number| search|dwnlded|evicted|| number|dwnlded|
[2025-09-23T03:29:18.559+0000] {spark_submit.py:649} INFO - ---------------------------------------------------------------------
[2025-09-23T03:29:18.559+0000] {spark_submit.py:649} INFO - |      default     |   3   |   0   |   0   |   0   ||   3   |   0   |
[2025-09-23T03:29:18.560+0000] {spark_submit.py:649} INFO - ---------------------------------------------------------------------
[2025-09-23T03:29:18.563+0000] {spark_submit.py:649} INFO - :: retrieving :: org.apache.spark#spark-submit-parent-8724a26e-d14d-4670-8435-4fb9f249fa5d
[2025-09-23T03:29:18.563+0000] {spark_submit.py:649} INFO - confs: [default]
[2025-09-23T03:29:18.574+0000] {spark_submit.py:649} INFO - 0 artifacts copied, 3 already retrieved (0kB/11ms)
[2025-09-23T03:29:18.780+0000] {spark_submit.py:649} INFO - 25/09/23 03:29:18 WARN NativeCodeLoader: Unable to load native-hadoop library for your platform... using builtin-java classes where applicable
[2025-09-23T03:29:18.946+0000] {spark_submit.py:649} INFO - Main class:
[2025-09-23T03:29:18.947+0000] {spark_submit.py:649} INFO - org.apache.spark.deploy.PythonRunner
[2025-09-23T03:29:18.947+0000] {spark_submit.py:649} INFO - Arguments:
[2025-09-23T03:29:18.947+0000] {spark_submit.py:649} INFO - file:/opt/***/jobs/process_client_data.py
[2025-09-23T03:29:18.947+0000] {spark_submit.py:649} INFO - file:///home/***/.ivy2/jars/org.apache.iceberg_iceberg-spark-runtime-3.5_2.12-1.5.0.jar,file:///home/***/.ivy2/jars/org.projectnessie.nessie-integrations_nessie-spark-extensions-3.5_2.12-0.77.1.jar,file:///home/***/.ivy2/jars/software.amazon.awssdk_bundle-2.24.8.jar
[2025-09-23T03:29:18.950+0000] {spark_submit.py:649} INFO - Spark config:
[2025-09-23T03:29:18.950+0000] {spark_submit.py:649} INFO - (spark.app.name,arrow-spark)
[2025-09-23T03:29:18.950+0000] {spark_submit.py:649} INFO - (spark.app.submitTime,1758598158929)
[2025-09-23T03:29:18.951+0000] {spark_submit.py:649} INFO - (spark.files,file:///home/***/.ivy2/jars/org.apache.iceberg_iceberg-spark-runtime-3.5_2.12-1.5.0.jar,file:///home/***/.ivy2/jars/org.projectnessie.nessie-integrations_nessie-spark-extensions-3.5_2.12-0.77.1.jar,file:///home/***/.ivy2/jars/software.amazon.awssdk_bundle-2.24.8.jar)
[2025-09-23T03:29:18.951+0000] {spark_submit.py:649} INFO - (spark.hadoop.fs.s3a.access.key,*********(redacted))
[2025-09-23T03:29:18.951+0000] {spark_submit.py:649} INFO - (spark.hadoop.fs.s3a.endpoint,http://minio:9000)
[2025-09-23T03:29:18.952+0000] {spark_submit.py:649} INFO - (spark.hadoop.fs.s3a.path.style.access,true)
[2025-09-23T03:29:18.952+0000] {spark_submit.py:649} INFO - (spark.hadoop.fs.s3a.secret.key,*********(redacted))
[2025-09-23T03:29:18.952+0000] {spark_submit.py:649} INFO - (spark.jars,file:///home/***/.ivy2/jars/org.apache.iceberg_iceberg-spark-runtime-3.5_2.12-1.5.0.jar,file:///home/***/.ivy2/jars/org.projectnessie.nessie-integrations_nessie-spark-extensions-3.5_2.12-0.77.1.jar,file:///home/***/.ivy2/jars/software.amazon.awssdk_bundle-2.24.8.jar)
[2025-09-23T03:29:18.952+0000] {spark_submit.py:649} INFO - (spark.jars.packages,org.apache.iceberg:iceberg-spark-runtime-3.5_2.12:1.5.0,org.projectnessie.nessie-integrations:nessie-spark-extensions-3.5_2.12:0.77.1,software.amazon.awssdk:bundle:2.24.8)
[2025-09-23T03:29:18.952+0000] {spark_submit.py:649} INFO - (spark.master,spark-master:7077)
[2025-09-23T03:29:18.952+0000] {spark_submit.py:649} INFO - (spark.repl.local.jars,file:///home/***/.ivy2/jars/org.apache.iceberg_iceberg-spark-runtime-3.5_2.12-1.5.0.jar,file:///home/***/.ivy2/jars/org.projectnessie.nessie-integrations_nessie-spark-extensions-3.5_2.12-0.77.1.jar,file:///home/***/.ivy2/jars/software.amazon.awssdk_bundle-2.24.8.jar)
[2025-09-23T03:29:18.953+0000] {spark_submit.py:649} INFO - (spark.sql.catalog.nessie,org.apache.iceberg.spark.SparkCatalog)
[2025-09-23T03:29:18.953+0000] {spark_submit.py:649} INFO - (spark.sql.catalog.nessie.authentication.type,NONE)
[2025-09-23T03:29:18.953+0000] {spark_submit.py:649} INFO - (spark.sql.catalog.nessie.catalog-impl,org.apache.iceberg.nessie.NessieCatalog)
[2025-09-23T03:29:18.953+0000] {spark_submit.py:649} INFO - (spark.sql.catalog.nessie.io-impl,org.apache.iceberg.aws.s3.S3FileIO)
[2025-09-23T03:29:18.953+0000] {spark_submit.py:649} INFO - (spark.sql.catalog.nessie.ref,main)
[2025-09-23T03:29:18.953+0000] {spark_submit.py:649} INFO - (spark.sql.catalog.nessie.s3.endpoint,http://minio:9000)
[2025-09-23T03:29:18.953+0000] {spark_submit.py:649} INFO - (spark.sql.catalog.nessie.uri,http://nessie:19120/api/v1)
[2025-09-23T03:29:18.953+0000] {spark_submit.py:649} INFO - (spark.sql.catalog.nessie.warehouse,s3://gold/)
[2025-09-23T03:29:18.953+0000] {spark_submit.py:649} INFO - (spark.sql.extensions,org.apache.iceberg.spark.extensions.IcebergSparkSessionExtensions,org.projectnessie.spark.extensions.NessieSparkSessionExtensions)
[2025-09-23T03:29:18.953+0000] {spark_submit.py:649} INFO - (spark.submit.deployMode,client)
[2025-09-23T03:29:18.953+0000] {spark_submit.py:649} INFO - (spark.submit.pyFiles,/home/***/.ivy2/jars/org.apache.iceberg_iceberg-spark-runtime-3.5_2.12-1.5.0.jar,/home/***/.ivy2/jars/org.projectnessie.nessie-integrations_nessie-spark-extensions-3.5_2.12-0.77.1.jar,/home/***/.ivy2/jars/software.amazon.awssdk_bundle-2.24.8.jar)
[2025-09-23T03:29:18.953+0000] {spark_submit.py:649} INFO - Classpath elements:
[2025-09-23T03:29:18.953+0000] {spark_submit.py:649} INFO - file:///home/***/.ivy2/jars/org.apache.iceberg_iceberg-spark-runtime-3.5_2.12-1.5.0.jar
[2025-09-23T03:29:18.954+0000] {spark_submit.py:649} INFO - file:///home/***/.ivy2/jars/org.projectnessie.nessie-integrations_nessie-spark-extensions-3.5_2.12-0.77.1.jar
[2025-09-23T03:29:18.954+0000] {spark_submit.py:649} INFO - file:///home/***/.ivy2/jars/software.amazon.awssdk_bundle-2.24.8.jar
[2025-09-23T03:29:18.954+0000] {spark_submit.py:649} INFO - 
[2025-09-23T03:29:18.954+0000] {spark_submit.py:649} INFO - 
[2025-09-23T03:29:19.397+0000] {spark_submit.py:649} INFO - python3: can't open file '/opt/***/jobs/process_client_data.py': [Errno 2] No such file or directory
[2025-09-23T03:29:19.435+0000] {spark_submit.py:649} INFO - 25/09/23 03:29:19 INFO ShutdownHookManager: Shutdown hook called
[2025-09-23T03:29:19.435+0000] {spark_submit.py:649} INFO - 25/09/23 03:29:19 INFO ShutdownHookManager: Deleting directory /tmp/spark-ee2848f5-c43a-4cf3-b0e5-f535e5941c12
[2025-09-23T03:29:19.477+0000] {taskinstance.py:441} INFO - ::group::Post task execution logs
[2025-09-23T03:29:19.486+0000] {taskinstance.py:2905} ERROR - Task failed with exception
Traceback (most recent call last):
  File "/home/airflow/.local/lib/python3.12/site-packages/airflow/models/taskinstance.py", line 465, in _execute_task
    result = _execute_callable(context=context, **execute_callable_kwargs)
             ^^^^^^^^^^^^^^^^^^^^^^^^^^^^^^^^^^^^^^^^^^^^^^^^^^^^^^^^^^^^^
  File "/home/airflow/.local/lib/python3.12/site-packages/airflow/models/taskinstance.py", line 432, in _execute_callable
    return execute_callable(context=context, **execute_callable_kwargs)
           ^^^^^^^^^^^^^^^^^^^^^^^^^^^^^^^^^^^^^^^^^^^^^^^^^^^^^^^^^^^^
  File "/home/airflow/.local/lib/python3.12/site-packages/airflow/models/baseoperator.py", line 401, in wrapper
    return func(self, *args, **kwargs)
           ^^^^^^^^^^^^^^^^^^^^^^^^^^^
  File "/home/airflow/.local/lib/python3.12/site-packages/airflow/providers/apache/spark/operators/spark_submit.py", line 176, in execute
    self._hook.submit(self.application)
  File "/home/airflow/.local/lib/python3.12/site-packages/airflow/providers/apache/spark/hooks/spark_submit.py", line 575, in submit
    raise AirflowException(
airflow.exceptions.AirflowException: Cannot execute: spark-submit --master spark-master:7077 --conf spark.jars.packages=org.apache.iceberg:iceberg-spark-runtime-3.5_2.12:1.5.0,org.projectnessie.nessie-integrations:nessie-spark-extensions-3.5_2.12:0.77.1,software.amazon.awssdk:bundle:2.24.8 --conf spark.sql.extensions=org.apache.iceberg.spark.extensions.IcebergSparkSessionExtensions,org.projectnessie.spark.extensions.NessieSparkSessionExtensions --conf spark.sql.catalog.nessie=org.apache.iceberg.spark.SparkCatalog --conf spark.sql.catalog.nessie.uri=http://nessie:19120/api/v1 --conf spark.sql.catalog.nessie.ref=main --conf spark.sql.catalog.nessie.authentication.type=NONE --conf spark.sql.catalog.nessie.catalog-impl=org.apache.iceberg.nessie.NessieCatalog --conf spark.sql.catalog.nessie.s3.endpoint=http://minio:9000 --conf spark.sql.catalog.nessie.warehouse=s3://gold/ --conf spark.sql.catalog.nessie.io-impl=org.apache.iceberg.aws.s3.S3FileIO --conf spark.hadoop.fs.s3a.endpoint=http://minio:9000 --conf spark.hadoop.fs.s3a.access.key=admin --conf spark.hadoop.fs.s3a.secret.key=****** --conf spark.hadoop.fs.s3a.path.style.access=true --name arrow-spark --verbose /opt/***/jobs/process_client_data.py. Error code is: 2.
[2025-09-23T03:29:19.489+0000] {taskinstance.py:1206} INFO - Marking task as UP_FOR_RETRY. dag_id=spark_iceberg_pipeline, task_id=process_client_data, run_id=manual__2025-09-23T03:29:13.901631+00:00, execution_date=20250923T032913, start_date=20250923T032916, end_date=20250923T032919
[2025-09-23T03:29:19.498+0000] {standard_task_runner.py:110} ERROR - Failed to execute job 19 for task process_client_data (Cannot execute: spark-submit --master spark-master:7077 --conf spark.jars.packages=org.apache.iceberg:iceberg-spark-runtime-3.5_2.12:1.5.0,org.projectnessie.nessie-integrations:nessie-spark-extensions-3.5_2.12:0.77.1,software.amazon.awssdk:bundle:2.24.8 --conf spark.sql.extensions=org.apache.iceberg.spark.extensions.IcebergSparkSessionExtensions,org.projectnessie.spark.extensions.NessieSparkSessionExtensions --conf spark.sql.catalog.nessie=org.apache.iceberg.spark.SparkCatalog --conf spark.sql.catalog.nessie.uri=http://nessie:19120/api/v1 --conf spark.sql.catalog.nessie.ref=main --conf spark.sql.catalog.nessie.authentication.type=NONE --conf spark.sql.catalog.nessie.catalog-impl=org.apache.iceberg.nessie.NessieCatalog --conf spark.sql.catalog.nessie.s3.endpoint=http://minio:9000 --conf spark.sql.catalog.nessie.warehouse=s3://gold/ --conf spark.sql.catalog.nessie.io-impl=org.apache.iceberg.aws.s3.S3FileIO --conf spark.hadoop.fs.s3a.endpoint=http://minio:9000 --conf spark.hadoop.fs.s3a.access.key=admin --conf spark.hadoop.fs.s3a.secret.key=****** --conf spark.hadoop.fs.s3a.path.style.access=true --name arrow-spark --verbose /opt/***/jobs/process_client_data.py. Error code is: 2.; 1177)
[2025-09-23T03:29:19.513+0000] {local_task_job_runner.py:243} INFO - Task exited with return code 1
[2025-09-23T03:29:19.522+0000] {local_task_job_runner.py:222} INFO - ::endgroup::
