[2025-09-23T04:05:29.664+0000] {local_task_job_runner.py:120} INFO - ::group::Pre task execution logs
[2025-09-23T04:05:29.693+0000] {taskinstance.py:2076} INFO - Dependencies all met for dep_context=non-requeueable deps ti=<TaskInstance: spark_iceberg_pipeline.process_taxi_data manual__2025-09-23T04:05:24.486994+00:00 [queued]>
[2025-09-23T04:05:29.700+0000] {taskinstance.py:2076} INFO - Dependencies all met for dep_context=requeueable deps ti=<TaskInstance: spark_iceberg_pipeline.process_taxi_data manual__2025-09-23T04:05:24.486994+00:00 [queued]>
[2025-09-23T04:05:29.701+0000] {taskinstance.py:2306} INFO - Starting attempt 1 of 2
[2025-09-23T04:05:29.712+0000] {taskinstance.py:2330} INFO - Executing <Task(SparkSubmitOperator): process_taxi_data> on 2025-09-23 04:05:24.486994+00:00
[2025-09-23T04:05:29.720+0000] {standard_task_runner.py:90} INFO - Running: ['***', 'tasks', 'run', 'spark_iceberg_pipeline', 'process_taxi_data', 'manual__2025-09-23T04:05:24.486994+00:00', '--job-id', '4', '--raw', '--subdir', 'DAGS_FOLDER/spark_iceberg_pipeline.py', '--cfg-path', '/tmp/tmp2bgu41qc']
[2025-09-23T04:05:29.722+0000] {standard_task_runner.py:91} INFO - Job 4: Subtask process_taxi_data
[2025-09-23T04:05:29.722+0000] {logging_mixin.py:188} WARNING - /home/***/.local/lib/python3.12/site-packages/***/task/task_runner/standard_task_runner.py:62 DeprecationWarning: This process (pid=196) is multi-threaded, use of fork() may lead to deadlocks in the child.
[2025-09-23T04:05:29.723+0000] {standard_task_runner.py:64} INFO - Started process 198 to run task
[2025-09-23T04:05:29.762+0000] {task_command.py:426} INFO - Running <TaskInstance: spark_iceberg_pipeline.process_taxi_data manual__2025-09-23T04:05:24.486994+00:00 [running]> on host 316c10d04c3e
[2025-09-23T04:05:29.836+0000] {taskinstance.py:2648} INFO - Exporting env vars: AIRFLOW_CTX_DAG_OWNER='***' AIRFLOW_CTX_DAG_ID='spark_iceberg_pipeline' AIRFLOW_CTX_TASK_ID='process_taxi_data' AIRFLOW_CTX_EXECUTION_DATE='2025-09-23T04:05:24.486994+00:00' AIRFLOW_CTX_TRY_NUMBER='1' AIRFLOW_CTX_DAG_RUN_ID='manual__2025-09-23T04:05:24.486994+00:00'
[2025-09-23T04:05:29.837+0000] {taskinstance.py:430} INFO - ::endgroup::
[2025-09-23T04:05:29.874+0000] {base.py:84} INFO - Using connection ID 'spark_default' for task execution.
[2025-09-23T04:05:29.876+0000] {spark_submit.py:473} INFO - Spark-Submit cmd: spark-submit --master spark-master:7077 --conf spark.jars.packages=org.apache.iceberg:iceberg-spark-runtime-3.5_2.12:1.5.0,org.projectnessie.nessie-integrations:nessie-spark-extensions-3.5_2.12:0.77.1,software.amazon.awssdk:bundle:2.24.8 --conf spark.sql.extensions=org.apache.iceberg.spark.extensions.IcebergSparkSessionExtensions,org.projectnessie.spark.extensions.NessieSparkSessionExtensions --conf spark.sql.catalog.nessie=org.apache.iceberg.spark.SparkCatalog --conf spark.sql.catalog.nessie.uri=http://nessie:19120/api/v1 --conf spark.sql.catalog.nessie.ref=main --conf spark.sql.catalog.nessie.authentication.type=NONE --conf spark.sql.catalog.nessie.catalog-impl=org.apache.iceberg.nessie.NessieCatalog --conf spark.sql.catalog.nessie.s3.endpoint=http://minio:9000 --conf spark.sql.catalog.nessie.warehouse=s3://gold/ --conf spark.sql.catalog.nessie.io-impl=org.apache.iceberg.aws.s3.S3FileIO --conf spark.hadoop.fs.s3a.endpoint=http://minio:9000 --conf spark.hadoop.fs.s3a.access.key=admin --conf spark.hadoop.fs.s3a.secret.key=****** --conf spark.hadoop.fs.s3a.path.style.access=true --name arrow-spark --verbose /opt/***/jobs/process_taxi_data.py
[2025-09-23T04:05:31.833+0000] {spark_submit.py:649} INFO - Using properties file: null
[2025-09-23T04:05:31.965+0000] {spark_submit.py:649} INFO - Parsed arguments:
[2025-09-23T04:05:31.966+0000] {spark_submit.py:649} INFO - master                  spark-master:7077
[2025-09-23T04:05:31.966+0000] {spark_submit.py:649} INFO - deployMode              null
[2025-09-23T04:05:31.966+0000] {spark_submit.py:649} INFO - executorMemory          null
[2025-09-23T04:05:31.966+0000] {spark_submit.py:649} INFO - executorCores           null
[2025-09-23T04:05:31.966+0000] {spark_submit.py:649} INFO - totalExecutorCores      null
[2025-09-23T04:05:31.966+0000] {spark_submit.py:649} INFO - propertiesFile          null
[2025-09-23T04:05:31.966+0000] {spark_submit.py:649} INFO - driverMemory            null
[2025-09-23T04:05:31.966+0000] {spark_submit.py:649} INFO - driverCores             null
[2025-09-23T04:05:31.967+0000] {spark_submit.py:649} INFO - driverExtraClassPath    null
[2025-09-23T04:05:31.967+0000] {spark_submit.py:649} INFO - driverExtraLibraryPath  null
[2025-09-23T04:05:31.967+0000] {spark_submit.py:649} INFO - driverExtraJavaOptions  null
[2025-09-23T04:05:31.967+0000] {spark_submit.py:649} INFO - supervise               false
[2025-09-23T04:05:31.967+0000] {spark_submit.py:649} INFO - queue                   null
[2025-09-23T04:05:31.967+0000] {spark_submit.py:649} INFO - numExecutors            null
[2025-09-23T04:05:31.967+0000] {spark_submit.py:649} INFO - files                   null
[2025-09-23T04:05:31.967+0000] {spark_submit.py:649} INFO - pyFiles                 null
[2025-09-23T04:05:31.967+0000] {spark_submit.py:649} INFO - archives                null
[2025-09-23T04:05:31.967+0000] {spark_submit.py:649} INFO - mainClass               null
[2025-09-23T04:05:31.967+0000] {spark_submit.py:649} INFO - primaryResource         file:/opt/***/jobs/process_taxi_data.py
[2025-09-23T04:05:31.968+0000] {spark_submit.py:649} INFO - name                    arrow-spark
[2025-09-23T04:05:31.968+0000] {spark_submit.py:649} INFO - childArgs               []
[2025-09-23T04:05:31.968+0000] {spark_submit.py:649} INFO - jars                    null
[2025-09-23T04:05:31.968+0000] {spark_submit.py:649} INFO - packages                org.apache.iceberg:iceberg-spark-runtime-3.5_2.12:1.5.0,org.projectnessie.nessie-integrations:nessie-spark-extensions-3.5_2.12:0.77.1,software.amazon.awssdk:bundle:2.24.8
[2025-09-23T04:05:31.968+0000] {spark_submit.py:649} INFO - packagesExclusions      null
[2025-09-23T04:05:31.968+0000] {spark_submit.py:649} INFO - repositories            null
[2025-09-23T04:05:31.968+0000] {spark_submit.py:649} INFO - verbose                 true
[2025-09-23T04:05:31.968+0000] {spark_submit.py:649} INFO - 
[2025-09-23T04:05:31.969+0000] {spark_submit.py:649} INFO - Spark properties used, including those specified through
[2025-09-23T04:05:31.969+0000] {spark_submit.py:649} INFO - --conf and those from the properties file null:
[2025-09-23T04:05:31.969+0000] {spark_submit.py:649} INFO - (spark.hadoop.fs.s3a.access.key,*********(redacted))
[2025-09-23T04:05:31.969+0000] {spark_submit.py:649} INFO - (spark.hadoop.fs.s3a.endpoint,http://minio:9000)
[2025-09-23T04:05:31.969+0000] {spark_submit.py:649} INFO - (spark.hadoop.fs.s3a.path.style.access,true)
[2025-09-23T04:05:31.969+0000] {spark_submit.py:649} INFO - (spark.hadoop.fs.s3a.secret.key,*********(redacted))
[2025-09-23T04:05:31.969+0000] {spark_submit.py:649} INFO - (spark.jars.packages,org.apache.iceberg:iceberg-spark-runtime-3.5_2.12:1.5.0,org.projectnessie.nessie-integrations:nessie-spark-extensions-3.5_2.12:0.77.1,software.amazon.awssdk:bundle:2.24.8)
[2025-09-23T04:05:31.969+0000] {spark_submit.py:649} INFO - (spark.sql.catalog.nessie,org.apache.iceberg.spark.SparkCatalog)
[2025-09-23T04:05:31.969+0000] {spark_submit.py:649} INFO - (spark.sql.catalog.nessie.authentication.type,NONE)
[2025-09-23T04:05:31.969+0000] {spark_submit.py:649} INFO - (spark.sql.catalog.nessie.catalog-impl,org.apache.iceberg.nessie.NessieCatalog)
[2025-09-23T04:05:31.969+0000] {spark_submit.py:649} INFO - (spark.sql.catalog.nessie.io-impl,org.apache.iceberg.aws.s3.S3FileIO)
[2025-09-23T04:05:31.969+0000] {spark_submit.py:649} INFO - (spark.sql.catalog.nessie.ref,main)
[2025-09-23T04:05:31.970+0000] {spark_submit.py:649} INFO - (spark.sql.catalog.nessie.s3.endpoint,http://minio:9000)
[2025-09-23T04:05:31.970+0000] {spark_submit.py:649} INFO - (spark.sql.catalog.nessie.uri,http://nessie:19120/api/v1)
[2025-09-23T04:05:31.970+0000] {spark_submit.py:649} INFO - (spark.sql.catalog.nessie.warehouse,s3://gold/)
[2025-09-23T04:05:31.970+0000] {spark_submit.py:649} INFO - (spark.sql.extensions,org.apache.iceberg.spark.extensions.IcebergSparkSessionExtensions,org.projectnessie.spark.extensions.NessieSparkSessionExtensions)
[2025-09-23T04:05:31.970+0000] {spark_submit.py:649} INFO - 
[2025-09-23T04:05:31.970+0000] {spark_submit.py:649} INFO - 
[2025-09-23T04:05:32.126+0000] {spark_submit.py:649} INFO - :: loading settings :: url = jar:file:/home/***/.local/lib/python3.12/site-packages/pyspark/jars/ivy-2.5.0.jar!/org/apache/ivy/core/settings/ivysettings.xml
[2025-09-23T04:05:32.264+0000] {spark_submit.py:649} INFO - Ivy Default Cache set to: /home/***/.ivy2/cache
[2025-09-23T04:05:32.264+0000] {spark_submit.py:649} INFO - The jars for the packages stored in: /home/***/.ivy2/jars
[2025-09-23T04:05:32.268+0000] {spark_submit.py:649} INFO - org.apache.iceberg#iceberg-spark-runtime-3.5_2.12 added as a dependency
[2025-09-23T04:05:32.269+0000] {spark_submit.py:649} INFO - org.projectnessie.nessie-integrations#nessie-spark-extensions-3.5_2.12 added as a dependency
[2025-09-23T04:05:32.269+0000] {spark_submit.py:649} INFO - software.amazon.awssdk#bundle added as a dependency
[2025-09-23T04:05:32.269+0000] {spark_submit.py:649} INFO - :: resolving dependencies :: org.apache.spark#spark-submit-parent-bd5c1ee7-0e1c-43b7-9371-5d5951a845a7;1.0
[2025-09-23T04:05:32.270+0000] {spark_submit.py:649} INFO - confs: [default]
[2025-09-23T04:05:33.201+0000] {spark_submit.py:649} INFO - found org.apache.iceberg#iceberg-spark-runtime-3.5_2.12;1.5.0 in central
[2025-09-23T04:05:33.640+0000] {spark_submit.py:649} INFO - [Fatal Error] ivy-0.77.1.xml.original:44:9: XML document structures must start and end within the same entity.
[2025-09-23T04:05:34.801+0000] {spark_submit.py:649} INFO - [Fatal Error] ivy-2.24.8.xml.original:103:65: An invalid XML character (Unicode: 0x0) was found in the element content of the document.
[2025-09-23T04:05:35.363+0000] {spark_submit.py:649} INFO - downloading https://repo1.maven.org/maven2/org/apache/iceberg/iceberg-spark-runtime-3.5_2.12/1.5.0/iceberg-spark-runtime-3.5_2.12-1.5.0.jar ...
[2025-09-23T04:05:39.031+0000] {spark_submit.py:649} INFO - :: resolution report :: resolve 2992ms :: artifacts dl 3770ms
[2025-09-23T04:05:39.032+0000] {spark_submit.py:649} INFO - :: modules in use:
[2025-09-23T04:05:39.032+0000] {spark_submit.py:649} INFO - org.apache.iceberg#iceberg-spark-runtime-3.5_2.12;1.5.0 from central in [default]
[2025-09-23T04:05:39.032+0000] {spark_submit.py:649} INFO - ---------------------------------------------------------------------
[2025-09-23T04:05:39.032+0000] {spark_submit.py:649} INFO - |                  |            modules            ||   artifacts   |
[2025-09-23T04:05:39.032+0000] {spark_submit.py:649} INFO - |       conf       | number| search|dwnlded|evicted|| number|dwnlded|
[2025-09-23T04:05:39.032+0000] {spark_submit.py:649} INFO - ---------------------------------------------------------------------
[2025-09-23T04:05:39.032+0000] {spark_submit.py:649} INFO - |      default     |   3   |   1   |   1   |   0   ||   1   |   0   |
[2025-09-23T04:05:39.032+0000] {spark_submit.py:649} INFO - ---------------------------------------------------------------------
[2025-09-23T04:05:39.034+0000] {spark_submit.py:649} INFO - 
[2025-09-23T04:05:39.034+0000] {spark_submit.py:649} INFO - :: problems summary ::
[2025-09-23T04:05:39.034+0000] {spark_submit.py:649} INFO - :::: WARNINGS
[2025-09-23T04:05:39.034+0000] {spark_submit.py:649} INFO - [FAILED     ] org.apache.iceberg#iceberg-spark-runtime-3.5_2.12;1.5.0!iceberg-spark-runtime-3.5_2.12.jar: Downloaded file size (0) doesn't match expected Content Length (41601849) for https://repo1.maven.org/maven2/org/apache/iceberg/iceberg-spark-runtime-3.5_2.12/1.5.0/iceberg-spark-runtime-3.5_2.12-1.5.0.jar. Please retry. (3768ms)
[2025-09-23T04:05:39.034+0000] {spark_submit.py:649} INFO - 
[2025-09-23T04:05:39.034+0000] {spark_submit.py:649} INFO - [FAILED     ] org.apache.iceberg#iceberg-spark-runtime-3.5_2.12;1.5.0!iceberg-spark-runtime-3.5_2.12.jar: Downloaded file size (0) doesn't match expected Content Length (41601849) for https://repo1.maven.org/maven2/org/apache/iceberg/iceberg-spark-runtime-3.5_2.12/1.5.0/iceberg-spark-runtime-3.5_2.12-1.5.0.jar. Please retry. (3768ms)
[2025-09-23T04:05:39.034+0000] {spark_submit.py:649} INFO - 
[2025-09-23T04:05:39.034+0000] {spark_submit.py:649} INFO - ==== central: tried
[2025-09-23T04:05:39.035+0000] {spark_submit.py:649} INFO - 
[2025-09-23T04:05:39.035+0000] {spark_submit.py:649} INFO - https://repo1.maven.org/maven2/org/apache/iceberg/iceberg-spark-runtime-3.5_2.12/1.5.0/iceberg-spark-runtime-3.5_2.12-1.5.0.jar
[2025-09-23T04:05:39.035+0000] {spark_submit.py:649} INFO - 
[2025-09-23T04:05:39.035+0000] {spark_submit.py:649} INFO - ::::::::::::::::::::::::::::::::::::::::::::::
[2025-09-23T04:05:39.035+0000] {spark_submit.py:649} INFO - 
[2025-09-23T04:05:39.035+0000] {spark_submit.py:649} INFO - ::          UNRESOLVED DEPENDENCIES         ::
[2025-09-23T04:05:39.035+0000] {spark_submit.py:649} INFO - 
[2025-09-23T04:05:39.035+0000] {spark_submit.py:649} INFO - ::::::::::::::::::::::::::::::::::::::::::::::
[2025-09-23T04:05:39.035+0000] {spark_submit.py:649} INFO - 
[2025-09-23T04:05:39.035+0000] {spark_submit.py:649} INFO - :: org.projectnessie.nessie-integrations#nessie-spark-extensions-3.5_2.12;0.77.1: java.text.ParseException: XML document structures must start and end within the same entity.
[2025-09-23T04:05:39.035+0000] {spark_submit.py:649} INFO - 
[2025-09-23T04:05:39.035+0000] {spark_submit.py:649} INFO - :: software.amazon.awssdk#bundle;2.24.8: java.text.ParseException: An invalid XML character (Unicode: 0x0) was found in the element content of the document.
[2025-09-23T04:05:39.035+0000] {spark_submit.py:649} INFO - 
[2025-09-23T04:05:39.035+0000] {spark_submit.py:649} INFO - ::::::::::::::::::::::::::::::::::::::::::::::
[2025-09-23T04:05:39.035+0000] {spark_submit.py:649} INFO - 
[2025-09-23T04:05:39.035+0000] {spark_submit.py:649} INFO - 
[2025-09-23T04:05:39.035+0000] {spark_submit.py:649} INFO - ::::::::::::::::::::::::::::::::::::::::::::::
[2025-09-23T04:05:39.036+0000] {spark_submit.py:649} INFO - 
[2025-09-23T04:05:39.036+0000] {spark_submit.py:649} INFO - ::              FAILED DOWNLOADS            ::
[2025-09-23T04:05:39.036+0000] {spark_submit.py:649} INFO - 
[2025-09-23T04:05:39.036+0000] {spark_submit.py:649} INFO - :: ^ see resolution messages for details  ^ ::
[2025-09-23T04:05:39.036+0000] {spark_submit.py:649} INFO - 
[2025-09-23T04:05:39.036+0000] {spark_submit.py:649} INFO - ::::::::::::::::::::::::::::::::::::::::::::::
[2025-09-23T04:05:39.036+0000] {spark_submit.py:649} INFO - 
[2025-09-23T04:05:39.036+0000] {spark_submit.py:649} INFO - :: org.apache.iceberg#iceberg-spark-runtime-3.5_2.12;1.5.0!iceberg-spark-runtime-3.5_2.12.jar
[2025-09-23T04:05:39.036+0000] {spark_submit.py:649} INFO - 
[2025-09-23T04:05:39.036+0000] {spark_submit.py:649} INFO - ::::::::::::::::::::::::::::::::::::::::::::::
[2025-09-23T04:05:39.036+0000] {spark_submit.py:649} INFO - 
[2025-09-23T04:05:39.036+0000] {spark_submit.py:649} INFO - 
[2025-09-23T04:05:39.036+0000] {spark_submit.py:649} INFO - :::: ERRORS
[2025-09-23T04:05:39.036+0000] {spark_submit.py:649} INFO - XML document structures must start and end within the same entity.
[2025-09-23T04:05:39.036+0000] {spark_submit.py:649} INFO - 
[2025-09-23T04:05:39.036+0000] {spark_submit.py:649} INFO - An invalid XML character (Unicode: 0x0) was found in the element content of the document.
[2025-09-23T04:05:39.036+0000] {spark_submit.py:649} INFO - 
[2025-09-23T04:05:39.037+0000] {spark_submit.py:649} INFO - 
[2025-09-23T04:05:39.037+0000] {spark_submit.py:649} INFO - :: USE VERBOSE OR DEBUG MESSAGE LEVEL FOR MORE DETAILS
[2025-09-23T04:05:39.037+0000] {spark_submit.py:649} INFO - Exception in thread "main" java.lang.RuntimeException: [unresolved dependency: org.projectnessie.nessie-integrations#nessie-spark-extensions-3.5_2.12;0.77.1: java.text.ParseException: XML document structures must start and end within the same entity., unresolved dependency: software.amazon.awssdk#bundle;2.24.8: java.text.ParseException: An invalid XML character (Unicode: 0x0) was found in the element content of the document., download failed: org.apache.iceberg#iceberg-spark-runtime-3.5_2.12;1.5.0!iceberg-spark-runtime-3.5_2.12.jar]
[2025-09-23T04:05:39.037+0000] {spark_submit.py:649} INFO - at org.apache.spark.deploy.SparkSubmitUtils$.resolveMavenCoordinates(SparkSubmit.scala:1456)
[2025-09-23T04:05:39.037+0000] {spark_submit.py:649} INFO - at org.apache.spark.util.DependencyUtils$.resolveMavenDependencies(DependencyUtils.scala:185)
[2025-09-23T04:05:39.037+0000] {spark_submit.py:649} INFO - at org.apache.spark.deploy.SparkSubmit.prepareSubmitEnvironment(SparkSubmit.scala:308)
[2025-09-23T04:05:39.037+0000] {spark_submit.py:649} INFO - at org.apache.spark.deploy.SparkSubmit.org$apache$spark$deploy$SparkSubmit$$runMain(SparkSubmit.scala:901)
[2025-09-23T04:05:39.037+0000] {spark_submit.py:649} INFO - at org.apache.spark.deploy.SparkSubmit.doRunMain$1(SparkSubmit.scala:180)
[2025-09-23T04:05:39.037+0000] {spark_submit.py:649} INFO - at org.apache.spark.deploy.SparkSubmit.submit(SparkSubmit.scala:203)
[2025-09-23T04:05:39.037+0000] {spark_submit.py:649} INFO - at org.apache.spark.deploy.SparkSubmit.doSubmit(SparkSubmit.scala:90)
[2025-09-23T04:05:39.037+0000] {spark_submit.py:649} INFO - at org.apache.spark.deploy.SparkSubmit$$anon$2.doSubmit(SparkSubmit.scala:1046)
[2025-09-23T04:05:39.037+0000] {spark_submit.py:649} INFO - at org.apache.spark.deploy.SparkSubmit$.main(SparkSubmit.scala:1055)
[2025-09-23T04:05:39.037+0000] {spark_submit.py:649} INFO - at org.apache.spark.deploy.SparkSubmit.main(SparkSubmit.scala)
[2025-09-23T04:05:39.049+0000] {taskinstance.py:441} INFO - ::group::Post task execution logs
[2025-09-23T04:05:39.057+0000] {taskinstance.py:2905} ERROR - Task failed with exception
Traceback (most recent call last):
  File "/home/airflow/.local/lib/python3.12/site-packages/airflow/models/taskinstance.py", line 465, in _execute_task
    result = _execute_callable(context=context, **execute_callable_kwargs)
             ^^^^^^^^^^^^^^^^^^^^^^^^^^^^^^^^^^^^^^^^^^^^^^^^^^^^^^^^^^^^^
  File "/home/airflow/.local/lib/python3.12/site-packages/airflow/models/taskinstance.py", line 432, in _execute_callable
    return execute_callable(context=context, **execute_callable_kwargs)
           ^^^^^^^^^^^^^^^^^^^^^^^^^^^^^^^^^^^^^^^^^^^^^^^^^^^^^^^^^^^^
  File "/home/airflow/.local/lib/python3.12/site-packages/airflow/models/baseoperator.py", line 401, in wrapper
    return func(self, *args, **kwargs)
           ^^^^^^^^^^^^^^^^^^^^^^^^^^^
  File "/home/airflow/.local/lib/python3.12/site-packages/airflow/providers/apache/spark/operators/spark_submit.py", line 176, in execute
    self._hook.submit(self.application)
  File "/home/airflow/.local/lib/python3.12/site-packages/airflow/providers/apache/spark/hooks/spark_submit.py", line 575, in submit
    raise AirflowException(
airflow.exceptions.AirflowException: Cannot execute: spark-submit --master spark-master:7077 --conf spark.jars.packages=org.apache.iceberg:iceberg-spark-runtime-3.5_2.12:1.5.0,org.projectnessie.nessie-integrations:nessie-spark-extensions-3.5_2.12:0.77.1,software.amazon.awssdk:bundle:2.24.8 --conf spark.sql.extensions=org.apache.iceberg.spark.extensions.IcebergSparkSessionExtensions,org.projectnessie.spark.extensions.NessieSparkSessionExtensions --conf spark.sql.catalog.nessie=org.apache.iceberg.spark.SparkCatalog --conf spark.sql.catalog.nessie.uri=http://nessie:19120/api/v1 --conf spark.sql.catalog.nessie.ref=main --conf spark.sql.catalog.nessie.authentication.type=NONE --conf spark.sql.catalog.nessie.catalog-impl=org.apache.iceberg.nessie.NessieCatalog --conf spark.sql.catalog.nessie.s3.endpoint=http://minio:9000 --conf spark.sql.catalog.nessie.warehouse=s3://gold/ --conf spark.sql.catalog.nessie.io-impl=org.apache.iceberg.aws.s3.S3FileIO --conf spark.hadoop.fs.s3a.endpoint=http://minio:9000 --conf spark.hadoop.fs.s3a.access.key=admin --conf spark.hadoop.fs.s3a.secret.key=****** --conf spark.hadoop.fs.s3a.path.style.access=true --name arrow-spark --verbose /opt/***/jobs/process_taxi_data.py. Error code is: 1.
[2025-09-23T04:05:39.060+0000] {taskinstance.py:1206} INFO - Marking task as UP_FOR_RETRY. dag_id=spark_iceberg_pipeline, task_id=process_taxi_data, run_id=manual__2025-09-23T04:05:24.486994+00:00, execution_date=20250923T040524, start_date=20250923T040529, end_date=20250923T040539
[2025-09-23T04:05:39.069+0000] {standard_task_runner.py:110} ERROR - Failed to execute job 4 for task process_taxi_data (Cannot execute: spark-submit --master spark-master:7077 --conf spark.jars.packages=org.apache.iceberg:iceberg-spark-runtime-3.5_2.12:1.5.0,org.projectnessie.nessie-integrations:nessie-spark-extensions-3.5_2.12:0.77.1,software.amazon.awssdk:bundle:2.24.8 --conf spark.sql.extensions=org.apache.iceberg.spark.extensions.IcebergSparkSessionExtensions,org.projectnessie.spark.extensions.NessieSparkSessionExtensions --conf spark.sql.catalog.nessie=org.apache.iceberg.spark.SparkCatalog --conf spark.sql.catalog.nessie.uri=http://nessie:19120/api/v1 --conf spark.sql.catalog.nessie.ref=main --conf spark.sql.catalog.nessie.authentication.type=NONE --conf spark.sql.catalog.nessie.catalog-impl=org.apache.iceberg.nessie.NessieCatalog --conf spark.sql.catalog.nessie.s3.endpoint=http://minio:9000 --conf spark.sql.catalog.nessie.warehouse=s3://gold/ --conf spark.sql.catalog.nessie.io-impl=org.apache.iceberg.aws.s3.S3FileIO --conf spark.hadoop.fs.s3a.endpoint=http://minio:9000 --conf spark.hadoop.fs.s3a.access.key=admin --conf spark.hadoop.fs.s3a.secret.key=****** --conf spark.hadoop.fs.s3a.path.style.access=true --name arrow-spark --verbose /opt/***/jobs/process_taxi_data.py. Error code is: 1.; 198)
[2025-09-23T04:05:39.091+0000] {local_task_job_runner.py:243} INFO - Task exited with return code 1
[2025-09-23T04:05:39.113+0000] {taskinstance.py:3503} INFO - 0 downstream tasks scheduled from follow-on schedule check
[2025-09-23T04:05:39.115+0000] {local_task_job_runner.py:222} INFO - ::endgroup::
