[2025-09-23T04:05:26.455+0000] {local_task_job_runner.py:120} INFO - ::group::Pre task execution logs
[2025-09-23T04:05:26.526+0000] {taskinstance.py:2076} INFO - Dependencies all met for dep_context=non-requeueable deps ti=<TaskInstance: spark_iceberg_pipeline.check_connections manual__2025-09-23T04:05:24.486994+00:00 [queued]>
[2025-09-23T04:05:26.539+0000] {taskinstance.py:2076} INFO - Dependencies all met for dep_context=requeueable deps ti=<TaskInstance: spark_iceberg_pipeline.check_connections manual__2025-09-23T04:05:24.486994+00:00 [queued]>
[2025-09-23T04:05:26.540+0000] {taskinstance.py:2306} INFO - Starting attempt 1 of 2
[2025-09-23T04:05:26.553+0000] {taskinstance.py:2330} INFO - Executing <Task(PythonOperator): check_connections> on 2025-09-23 04:05:24.486994+00:00
[2025-09-23T04:05:26.561+0000] {standard_task_runner.py:90} INFO - Running: ['***', 'tasks', 'run', 'spark_iceberg_pipeline', 'check_connections', 'manual__2025-09-23T04:05:24.486994+00:00', '--job-id', '2', '--raw', '--subdir', 'DAGS_FOLDER/spark_iceberg_pipeline.py', '--cfg-path', '/tmp/tmp51ppuz0l']
[2025-09-23T04:05:26.563+0000] {logging_mixin.py:188} WARNING - /home/***/.local/lib/python3.12/site-packages/***/task/task_runner/standard_task_runner.py:62 DeprecationWarning: This process (pid=192) is multi-threaded, use of fork() may lead to deadlocks in the child.
[2025-09-23T04:05:26.564+0000] {standard_task_runner.py:91} INFO - Job 2: Subtask check_connections
[2025-09-23T04:05:26.564+0000] {standard_task_runner.py:64} INFO - Started process 194 to run task
[2025-09-23T04:05:26.617+0000] {task_command.py:426} INFO - Running <TaskInstance: spark_iceberg_pipeline.check_connections manual__2025-09-23T04:05:24.486994+00:00 [running]> on host 316c10d04c3e
[2025-09-23T04:05:26.723+0000] {taskinstance.py:2648} INFO - Exporting env vars: AIRFLOW_CTX_DAG_OWNER='***' AIRFLOW_CTX_DAG_ID='spark_iceberg_pipeline' AIRFLOW_CTX_TASK_ID='check_connections' AIRFLOW_CTX_EXECUTION_DATE='2025-09-23T04:05:24.486994+00:00' AIRFLOW_CTX_TRY_NUMBER='1' AIRFLOW_CTX_DAG_RUN_ID='manual__2025-09-23T04:05:24.486994+00:00'
[2025-09-23T04:05:26.724+0000] {taskinstance.py:430} INFO - ::endgroup::
[2025-09-23T04:05:28.223+0000] {logging_mixin.py:188} INFO - Nessie check
[2025-09-23T04:05:28.900+0000] {logging_mixin.py:188} INFO - Minio Disponible
[2025-09-23T04:05:28.901+0000] {python.py:237} INFO - Done. Returned value was: True
[2025-09-23T04:05:28.902+0000] {taskinstance.py:441} INFO - ::group::Post task execution logs
[2025-09-23T04:05:28.954+0000] {taskinstance.py:1206} INFO - Marking task as SUCCESS. dag_id=spark_iceberg_pipeline, task_id=check_connections, run_id=manual__2025-09-23T04:05:24.486994+00:00, execution_date=20250923T040524, start_date=20250923T040526, end_date=20250923T040528
[2025-09-23T04:05:29.008+0000] {local_task_job_runner.py:243} INFO - Task exited with return code 0
[2025-09-23T04:05:29.037+0000] {taskinstance.py:3503} INFO - 1 downstream tasks scheduled from follow-on schedule check
[2025-09-23T04:05:29.039+0000] {local_task_job_runner.py:222} INFO - ::endgroup::
