[2025-09-23T00:41:47.556+0000] {local_task_job_runner.py:120} INFO - ::group::Pre task execution logs
[2025-09-23T00:41:47.592+0000] {taskinstance.py:2076} INFO - Dependencies all met for dep_context=non-requeueable deps ti=<TaskInstance: spark_iceberg_pipeline.process_client_data manual__2025-09-23T00:41:45.897240+00:00 [queued]>
[2025-09-23T00:41:47.603+0000] {taskinstance.py:2076} INFO - Dependencies all met for dep_context=requeueable deps ti=<TaskInstance: spark_iceberg_pipeline.process_client_data manual__2025-09-23T00:41:45.897240+00:00 [queued]>
[2025-09-23T00:41:47.604+0000] {taskinstance.py:2306} INFO - Starting attempt 1 of 2
[2025-09-23T00:41:47.617+0000] {taskinstance.py:2330} INFO - Executing <Task(SparkSubmitOperator): process_client_data> on 2025-09-23 00:41:45.897240+00:00
[2025-09-23T00:41:47.625+0000] {standard_task_runner.py:90} INFO - Running: ['***', 'tasks', 'run', 'spark_iceberg_pipeline', 'process_client_data', 'manual__2025-09-23T00:41:45.897240+00:00', '--job-id', '7', '--raw', '--subdir', 'DAGS_FOLDER/spark_iceberg_pipeline.py', '--cfg-path', '/tmp/tmpvhkc9hx7']
[2025-09-23T00:41:47.628+0000] {standard_task_runner.py:91} INFO - Job 7: Subtask process_client_data
[2025-09-23T00:41:47.629+0000] {logging_mixin.py:188} WARNING - /home/***/.local/lib/python3.12/site-packages/***/task/task_runner/standard_task_runner.py:62 DeprecationWarning: This process (pid=294) is multi-threaded, use of fork() may lead to deadlocks in the child.
[2025-09-23T00:41:47.631+0000] {standard_task_runner.py:64} INFO - Started process 296 to run task
[2025-09-23T00:41:47.682+0000] {task_command.py:426} INFO - Running <TaskInstance: spark_iceberg_pipeline.process_client_data manual__2025-09-23T00:41:45.897240+00:00 [running]> on host 3b4bdc1cae36
[2025-09-23T00:41:47.794+0000] {taskinstance.py:2648} INFO - Exporting env vars: AIRFLOW_CTX_DAG_OWNER='***' AIRFLOW_CTX_DAG_ID='spark_iceberg_pipeline' AIRFLOW_CTX_TASK_ID='process_client_data' AIRFLOW_CTX_EXECUTION_DATE='2025-09-23T00:41:45.897240+00:00' AIRFLOW_CTX_TRY_NUMBER='1' AIRFLOW_CTX_DAG_RUN_ID='manual__2025-09-23T00:41:45.897240+00:00'
[2025-09-23T00:41:47.795+0000] {taskinstance.py:430} INFO - ::endgroup::
[2025-09-23T00:41:47.816+0000] {spark_submit.py:304} INFO - Could not load connection string spark_default, defaulting to yarn
[2025-09-23T00:41:47.818+0000] {spark_submit.py:473} INFO - Spark-Submit cmd: spark-submit --master yarn --conf spark.jars.packages=org.apache.iceberg:iceberg-spark-runtime-3.5_2.12:1.5.0,org.projectnessie.nessie-integrations:nessie-spark-extensions-3.5_2.12:0.77.1,software.amazon.awssdk:bundle:2.24.8 --conf spark.sql.extensions=org.apache.iceberg.spark.extensions.IcebergSparkSessionExtensions,org.projectnessie.spark.extensions.NessieSparkSessionExtensions --conf spark.sql.catalog.nessie=org.apache.iceberg.spark.SparkCatalog --conf spark.sql.catalog.nessie.uri=http://nessie:19120/api/v1 --conf spark.sql.catalog.nessie.ref=main --conf spark.sql.catalog.nessie.authentication.type=NONE --conf spark.sql.catalog.nessie.catalog-impl=org.apache.iceberg.nessie.NessieCatalog --conf spark.sql.catalog.nessie.s3.endpoint=http://minio:9000 --conf spark.sql.catalog.nessie.warehouse=s3://gold/ --conf spark.sql.catalog.nessie.io-impl=org.apache.iceberg.aws.s3.S3FileIO --conf spark.hadoop.fs.s3a.endpoint=http://minio:9000 --conf spark.hadoop.fs.s3a.access.key=admin --conf spark.hadoop.fs.s3a.secret.key=****** --conf spark.hadoop.fs.s3a.path.style.access=true --name arrow-spark --verbose /opt/***/jobs/process_client_data.py
[2025-09-23T00:41:49.673+0000] {spark_submit.py:649} INFO - Using properties file: null
[2025-09-23T00:41:49.838+0000] {spark_submit.py:649} INFO - Exception in thread "main" org.apache.spark.SparkException: When running with master 'yarn' either HADOOP_CONF_DIR or YARN_CONF_DIR must be set in the environment.
[2025-09-23T00:41:49.839+0000] {spark_submit.py:649} INFO - at org.apache.spark.deploy.SparkSubmitArguments.error(SparkSubmitArguments.scala:634)
[2025-09-23T00:41:49.840+0000] {spark_submit.py:649} INFO - at org.apache.spark.deploy.SparkSubmitArguments.validateSubmitArguments(SparkSubmitArguments.scala:274)
[2025-09-23T00:41:49.840+0000] {spark_submit.py:649} INFO - at org.apache.spark.deploy.SparkSubmitArguments.validateArguments(SparkSubmitArguments.scala:234)
[2025-09-23T00:41:49.841+0000] {spark_submit.py:649} INFO - at org.apache.spark.deploy.SparkSubmitArguments.<init>(SparkSubmitArguments.scala:119)
[2025-09-23T00:41:49.841+0000] {spark_submit.py:649} INFO - at org.apache.spark.deploy.SparkSubmit$$anon$2$$anon$3.<init>(SparkSubmit.scala:1029)
[2025-09-23T00:41:49.841+0000] {spark_submit.py:649} INFO - at org.apache.spark.deploy.SparkSubmit$$anon$2.parseArguments(SparkSubmit.scala:1029)
[2025-09-23T00:41:49.841+0000] {spark_submit.py:649} INFO - at org.apache.spark.deploy.SparkSubmit.doSubmit(SparkSubmit.scala:85)
[2025-09-23T00:41:49.842+0000] {spark_submit.py:649} INFO - at org.apache.spark.deploy.SparkSubmit$$anon$2.doSubmit(SparkSubmit.scala:1046)
[2025-09-23T00:41:49.842+0000] {spark_submit.py:649} INFO - at org.apache.spark.deploy.SparkSubmit$.main(SparkSubmit.scala:1055)
[2025-09-23T00:41:49.842+0000] {spark_submit.py:649} INFO - at org.apache.spark.deploy.SparkSubmit.main(SparkSubmit.scala)
[2025-09-23T00:41:49.864+0000] {taskinstance.py:441} INFO - ::group::Post task execution logs
[2025-09-23T00:41:49.874+0000] {taskinstance.py:2905} ERROR - Task failed with exception
Traceback (most recent call last):
  File "/home/airflow/.local/lib/python3.12/site-packages/airflow/models/taskinstance.py", line 465, in _execute_task
    result = _execute_callable(context=context, **execute_callable_kwargs)
             ^^^^^^^^^^^^^^^^^^^^^^^^^^^^^^^^^^^^^^^^^^^^^^^^^^^^^^^^^^^^^
  File "/home/airflow/.local/lib/python3.12/site-packages/airflow/models/taskinstance.py", line 432, in _execute_callable
    return execute_callable(context=context, **execute_callable_kwargs)
           ^^^^^^^^^^^^^^^^^^^^^^^^^^^^^^^^^^^^^^^^^^^^^^^^^^^^^^^^^^^^
  File "/home/airflow/.local/lib/python3.12/site-packages/airflow/models/baseoperator.py", line 401, in wrapper
    return func(self, *args, **kwargs)
           ^^^^^^^^^^^^^^^^^^^^^^^^^^^
  File "/home/airflow/.local/lib/python3.12/site-packages/airflow/providers/apache/spark/operators/spark_submit.py", line 176, in execute
    self._hook.submit(self.application)
  File "/home/airflow/.local/lib/python3.12/site-packages/airflow/providers/apache/spark/hooks/spark_submit.py", line 575, in submit
    raise AirflowException(
airflow.exceptions.AirflowException: Cannot execute: spark-submit --master yarn --conf spark.jars.packages=org.apache.iceberg:iceberg-spark-runtime-3.5_2.12:1.5.0,org.projectnessie.nessie-integrations:nessie-spark-extensions-3.5_2.12:0.77.1,software.amazon.awssdk:bundle:2.24.8 --conf spark.sql.extensions=org.apache.iceberg.spark.extensions.IcebergSparkSessionExtensions,org.projectnessie.spark.extensions.NessieSparkSessionExtensions --conf spark.sql.catalog.nessie=org.apache.iceberg.spark.SparkCatalog --conf spark.sql.catalog.nessie.uri=http://nessie:19120/api/v1 --conf spark.sql.catalog.nessie.ref=main --conf spark.sql.catalog.nessie.authentication.type=NONE --conf spark.sql.catalog.nessie.catalog-impl=org.apache.iceberg.nessie.NessieCatalog --conf spark.sql.catalog.nessie.s3.endpoint=http://minio:9000 --conf spark.sql.catalog.nessie.warehouse=s3://gold/ --conf spark.sql.catalog.nessie.io-impl=org.apache.iceberg.aws.s3.S3FileIO --conf spark.hadoop.fs.s3a.endpoint=http://minio:9000 --conf spark.hadoop.fs.s3a.access.key=admin --conf spark.hadoop.fs.s3a.secret.key=****** --conf spark.hadoop.fs.s3a.path.style.access=true --name arrow-spark --verbose /opt/***/jobs/process_client_data.py. Error code is: 1.
[2025-09-23T00:41:49.881+0000] {taskinstance.py:1206} INFO - Marking task as UP_FOR_RETRY. dag_id=spark_iceberg_pipeline, task_id=process_client_data, run_id=manual__2025-09-23T00:41:45.897240+00:00, execution_date=20250923T004145, start_date=20250923T004147, end_date=20250923T004149
[2025-09-23T00:41:49.895+0000] {standard_task_runner.py:110} ERROR - Failed to execute job 7 for task process_client_data (Cannot execute: spark-submit --master yarn --conf spark.jars.packages=org.apache.iceberg:iceberg-spark-runtime-3.5_2.12:1.5.0,org.projectnessie.nessie-integrations:nessie-spark-extensions-3.5_2.12:0.77.1,software.amazon.awssdk:bundle:2.24.8 --conf spark.sql.extensions=org.apache.iceberg.spark.extensions.IcebergSparkSessionExtensions,org.projectnessie.spark.extensions.NessieSparkSessionExtensions --conf spark.sql.catalog.nessie=org.apache.iceberg.spark.SparkCatalog --conf spark.sql.catalog.nessie.uri=http://nessie:19120/api/v1 --conf spark.sql.catalog.nessie.ref=main --conf spark.sql.catalog.nessie.authentication.type=NONE --conf spark.sql.catalog.nessie.catalog-impl=org.apache.iceberg.nessie.NessieCatalog --conf spark.sql.catalog.nessie.s3.endpoint=http://minio:9000 --conf spark.sql.catalog.nessie.warehouse=s3://gold/ --conf spark.sql.catalog.nessie.io-impl=org.apache.iceberg.aws.s3.S3FileIO --conf spark.hadoop.fs.s3a.endpoint=http://minio:9000 --conf spark.hadoop.fs.s3a.access.key=admin --conf spark.hadoop.fs.s3a.secret.key=****** --conf spark.hadoop.fs.s3a.path.style.access=true --name arrow-spark --verbose /opt/***/jobs/process_client_data.py. Error code is: 1.; 296)
[2025-09-23T00:41:49.902+0000] {local_task_job_runner.py:243} INFO - Task exited with return code 1
[2025-09-23T00:41:49.933+0000] {taskinstance.py:3503} INFO - 0 downstream tasks scheduled from follow-on schedule check
[2025-09-23T00:41:49.935+0000] {local_task_job_runner.py:222} INFO - ::endgroup::
