[2025-09-23T00:02:44.735+0000] {local_task_job_runner.py:120} INFO - ::group::Pre task execution logs
[2025-09-23T00:02:44.850+0000] {taskinstance.py:2076} INFO - Dependencies all met for dep_context=non-requeueable deps ti=<TaskInstance: spark_iceberg_pipeline.check_connections scheduled__2025-09-22T00:00:00+00:00 [queued]>
[2025-09-23T00:02:44.867+0000] {taskinstance.py:2076} INFO - Dependencies all met for dep_context=requeueable deps ti=<TaskInstance: spark_iceberg_pipeline.check_connections scheduled__2025-09-22T00:00:00+00:00 [queued]>
[2025-09-23T00:02:44.867+0000] {taskinstance.py:2306} INFO - Starting attempt 1 of 2
[2025-09-23T00:02:44.883+0000] {taskinstance.py:2330} INFO - Executing <Task(PythonOperator): check_connections> on 2025-09-22 00:00:00+00:00
[2025-09-23T00:02:44.900+0000] {standard_task_runner.py:90} INFO - Running: ['***', 'tasks', 'run', 'spark_iceberg_pipeline', 'check_connections', 'scheduled__2025-09-22T00:00:00+00:00', '--job-id', '2', '--raw', '--subdir', 'DAGS_FOLDER/spark_iceberg_pipeline.py', '--cfg-path', '/tmp/tmpwx_df7ke']
[2025-09-23T00:02:44.902+0000] {standard_task_runner.py:91} INFO - Job 2: Subtask check_connections
[2025-09-23T00:02:44.903+0000] {logging_mixin.py:188} WARNING - /home/***/.local/lib/python3.12/site-packages/***/task/task_runner/standard_task_runner.py:62 DeprecationWarning: This process (pid=181) is multi-threaded, use of fork() may lead to deadlocks in the child.
[2025-09-23T00:02:44.904+0000] {standard_task_runner.py:64} INFO - Started process 182 to run task
[2025-09-23T00:02:45.006+0000] {task_command.py:426} INFO - Running <TaskInstance: spark_iceberg_pipeline.check_connections scheduled__2025-09-22T00:00:00+00:00 [running]> on host bff560919a81
[2025-09-23T00:02:45.136+0000] {taskinstance.py:2648} INFO - Exporting env vars: AIRFLOW_CTX_DAG_OWNER='***' AIRFLOW_CTX_DAG_ID='spark_iceberg_pipeline' AIRFLOW_CTX_TASK_ID='check_connections' AIRFLOW_CTX_EXECUTION_DATE='2025-09-22T00:00:00+00:00' AIRFLOW_CTX_TRY_NUMBER='1' AIRFLOW_CTX_DAG_RUN_ID='scheduled__2025-09-22T00:00:00+00:00'
[2025-09-23T00:02:45.137+0000] {taskinstance.py:430} INFO - ::endgroup::
[2025-09-23T00:02:46.064+0000] {logging_mixin.py:188} INFO - Nessie check
[2025-09-23T00:02:47.013+0000] {logging_mixin.py:188} INFO - Minio Disponible
[2025-09-23T00:02:47.013+0000] {python.py:237} INFO - Done. Returned value was: True
[2025-09-23T00:02:47.014+0000] {taskinstance.py:441} INFO - ::group::Post task execution logs
[2025-09-23T00:02:47.042+0000] {taskinstance.py:1206} INFO - Marking task as SUCCESS. dag_id=spark_iceberg_pipeline, task_id=check_connections, run_id=scheduled__2025-09-22T00:00:00+00:00, execution_date=20250922T000000, start_date=20250923T000244, end_date=20250923T000247
[2025-09-23T00:02:47.089+0000] {local_task_job_runner.py:243} INFO - Task exited with return code 0
[2025-09-23T00:02:47.130+0000] {taskinstance.py:3503} INFO - 2 downstream tasks scheduled from follow-on schedule check
[2025-09-23T00:02:47.133+0000] {local_task_job_runner.py:222} INFO - ::endgroup::
[2025-09-23T00:41:36.947+0000] {local_task_job_runner.py:120} INFO - ::group::Pre task execution logs
[2025-09-23T00:41:37.122+0000] {taskinstance.py:2076} INFO - Dependencies all met for dep_context=non-requeueable deps ti=<TaskInstance: spark_iceberg_pipeline.check_connections scheduled__2025-09-22T00:00:00+00:00 [queued]>
[2025-09-23T00:41:37.146+0000] {taskinstance.py:2076} INFO - Dependencies all met for dep_context=requeueable deps ti=<TaskInstance: spark_iceberg_pipeline.check_connections scheduled__2025-09-22T00:00:00+00:00 [queued]>
[2025-09-23T00:41:37.146+0000] {taskinstance.py:2306} INFO - Starting attempt 1 of 2
[2025-09-23T00:41:37.168+0000] {taskinstance.py:2330} INFO - Executing <Task(PythonOperator): check_connections> on 2025-09-22 00:00:00+00:00
[2025-09-23T00:41:37.183+0000] {standard_task_runner.py:90} INFO - Running: ['***', 'tasks', 'run', 'spark_iceberg_pipeline', 'check_connections', 'scheduled__2025-09-22T00:00:00+00:00', '--job-id', '2', '--raw', '--subdir', 'DAGS_FOLDER/spark_iceberg_pipeline.py', '--cfg-path', '/tmp/tmpa9f0ill9']
[2025-09-23T00:41:37.187+0000] {standard_task_runner.py:91} INFO - Job 2: Subtask check_connections
[2025-09-23T00:41:37.187+0000] {logging_mixin.py:188} WARNING - /home/***/.local/lib/python3.12/site-packages/***/task/task_runner/standard_task_runner.py:62 DeprecationWarning: This process (pid=187) is multi-threaded, use of fork() may lead to deadlocks in the child.
[2025-09-23T00:41:37.188+0000] {standard_task_runner.py:64} INFO - Started process 188 to run task
[2025-09-23T00:41:37.253+0000] {task_command.py:426} INFO - Running <TaskInstance: spark_iceberg_pipeline.check_connections scheduled__2025-09-22T00:00:00+00:00 [running]> on host 3b4bdc1cae36
[2025-09-23T00:41:37.398+0000] {taskinstance.py:2648} INFO - Exporting env vars: AIRFLOW_CTX_DAG_OWNER='***' AIRFLOW_CTX_DAG_ID='spark_iceberg_pipeline' AIRFLOW_CTX_TASK_ID='check_connections' AIRFLOW_CTX_EXECUTION_DATE='2025-09-22T00:00:00+00:00' AIRFLOW_CTX_TRY_NUMBER='1' AIRFLOW_CTX_DAG_RUN_ID='scheduled__2025-09-22T00:00:00+00:00'
[2025-09-23T00:41:37.400+0000] {taskinstance.py:430} INFO - ::endgroup::
[2025-09-23T00:41:38.472+0000] {logging_mixin.py:188} INFO - Nessie check
[2025-09-23T00:41:39.576+0000] {logging_mixin.py:188} INFO - Minio Disponible
[2025-09-23T00:41:39.578+0000] {python.py:237} INFO - Done. Returned value was: True
[2025-09-23T00:41:39.579+0000] {taskinstance.py:441} INFO - ::group::Post task execution logs
[2025-09-23T00:41:39.630+0000] {taskinstance.py:1206} INFO - Marking task as SUCCESS. dag_id=spark_iceberg_pipeline, task_id=check_connections, run_id=scheduled__2025-09-22T00:00:00+00:00, execution_date=20250922T000000, start_date=20250923T004137, end_date=20250923T004139
[2025-09-23T00:41:39.656+0000] {local_task_job_runner.py:243} INFO - Task exited with return code 0
[2025-09-23T00:41:39.698+0000] {taskinstance.py:3503} INFO - 2 downstream tasks scheduled from follow-on schedule check
[2025-09-23T00:41:39.700+0000] {local_task_job_runner.py:222} INFO - ::endgroup::
[2025-09-23T00:52:31.258+0000] {local_task_job_runner.py:120} INFO - ::group::Pre task execution logs
[2025-09-23T00:52:31.440+0000] {taskinstance.py:2076} INFO - Dependencies all met for dep_context=non-requeueable deps ti=<TaskInstance: spark_iceberg_pipeline.check_connections scheduled__2025-09-22T00:00:00+00:00 [queued]>
[2025-09-23T00:52:31.460+0000] {taskinstance.py:2076} INFO - Dependencies all met for dep_context=requeueable deps ti=<TaskInstance: spark_iceberg_pipeline.check_connections scheduled__2025-09-22T00:00:00+00:00 [queued]>
[2025-09-23T00:52:31.460+0000] {taskinstance.py:2306} INFO - Starting attempt 1 of 2
[2025-09-23T00:52:31.490+0000] {taskinstance.py:2330} INFO - Executing <Task(PythonOperator): check_connections> on 2025-09-22 00:00:00+00:00
[2025-09-23T00:52:31.519+0000] {standard_task_runner.py:90} INFO - Running: ['***', 'tasks', 'run', 'spark_iceberg_pipeline', 'check_connections', 'scheduled__2025-09-22T00:00:00+00:00', '--job-id', '2', '--raw', '--subdir', 'DAGS_FOLDER/spark_iceberg_pipeline.py', '--cfg-path', '/tmp/tmpinpbry6g']
[2025-09-23T00:52:31.523+0000] {standard_task_runner.py:91} INFO - Job 2: Subtask check_connections
[2025-09-23T00:52:31.542+0000] {logging_mixin.py:188} WARNING - /home/***/.local/lib/python3.12/site-packages/***/task/task_runner/standard_task_runner.py:62 DeprecationWarning: This process (pid=207) is multi-threaded, use of fork() may lead to deadlocks in the child.
[2025-09-23T00:52:31.543+0000] {standard_task_runner.py:64} INFO - Started process 208 to run task
[2025-09-23T00:52:31.745+0000] {task_command.py:426} INFO - Running <TaskInstance: spark_iceberg_pipeline.check_connections scheduled__2025-09-22T00:00:00+00:00 [running]> on host ab7717a897ae
[2025-09-23T00:52:32.106+0000] {taskinstance.py:2648} INFO - Exporting env vars: AIRFLOW_CTX_DAG_OWNER='***' AIRFLOW_CTX_DAG_ID='spark_iceberg_pipeline' AIRFLOW_CTX_TASK_ID='check_connections' AIRFLOW_CTX_EXECUTION_DATE='2025-09-22T00:00:00+00:00' AIRFLOW_CTX_TRY_NUMBER='1' AIRFLOW_CTX_DAG_RUN_ID='scheduled__2025-09-22T00:00:00+00:00'
[2025-09-23T00:52:32.109+0000] {taskinstance.py:430} INFO - ::endgroup::
[2025-09-23T00:52:35.578+0000] {logging_mixin.py:188} INFO - Nessie check
[2025-09-23T00:52:37.158+0000] {logging_mixin.py:188} INFO - Minio Disponible
[2025-09-23T00:52:37.159+0000] {python.py:237} INFO - Done. Returned value was: True
[2025-09-23T00:52:37.160+0000] {taskinstance.py:441} INFO - ::group::Post task execution logs
[2025-09-23T00:52:37.211+0000] {taskinstance.py:1206} INFO - Marking task as SUCCESS. dag_id=spark_iceberg_pipeline, task_id=check_connections, run_id=scheduled__2025-09-22T00:00:00+00:00, execution_date=20250922T000000, start_date=20250923T005231, end_date=20250923T005237
[2025-09-23T00:52:37.240+0000] {local_task_job_runner.py:243} INFO - Task exited with return code 0
[2025-09-23T00:52:37.283+0000] {taskinstance.py:3503} INFO - 2 downstream tasks scheduled from follow-on schedule check
[2025-09-23T00:52:37.286+0000] {local_task_job_runner.py:222} INFO - ::endgroup::
[2025-09-23T01:05:19.591+0000] {local_task_job_runner.py:120} INFO - ::group::Pre task execution logs
[2025-09-23T01:05:19.861+0000] {taskinstance.py:2076} INFO - Dependencies all met for dep_context=non-requeueable deps ti=<TaskInstance: spark_iceberg_pipeline.check_connections scheduled__2025-09-22T00:00:00+00:00 [queued]>
[2025-09-23T01:05:19.880+0000] {taskinstance.py:2076} INFO - Dependencies all met for dep_context=requeueable deps ti=<TaskInstance: spark_iceberg_pipeline.check_connections scheduled__2025-09-22T00:00:00+00:00 [queued]>
[2025-09-23T01:05:19.881+0000] {taskinstance.py:2306} INFO - Starting attempt 1 of 2
[2025-09-23T01:05:19.910+0000] {taskinstance.py:2330} INFO - Executing <Task(PythonOperator): check_connections> on 2025-09-22 00:00:00+00:00
[2025-09-23T01:05:19.927+0000] {standard_task_runner.py:90} INFO - Running: ['***', 'tasks', 'run', 'spark_iceberg_pipeline', 'check_connections', 'scheduled__2025-09-22T00:00:00+00:00', '--job-id', '2', '--raw', '--subdir', 'DAGS_FOLDER/spark_iceberg_pipeline.py', '--cfg-path', '/tmp/tmpmvlkn4v2']
[2025-09-23T01:05:19.934+0000] {logging_mixin.py:188} WARNING - /home/***/.local/lib/python3.12/site-packages/***/task/task_runner/standard_task_runner.py:62 DeprecationWarning: This process (pid=202) is multi-threaded, use of fork() may lead to deadlocks in the child.
[2025-09-23T01:05:19.935+0000] {standard_task_runner.py:64} INFO - Started process 203 to run task
[2025-09-23T01:05:19.935+0000] {standard_task_runner.py:91} INFO - Job 2: Subtask check_connections
[2025-09-23T01:05:20.033+0000] {task_command.py:426} INFO - Running <TaskInstance: spark_iceberg_pipeline.check_connections scheduled__2025-09-22T00:00:00+00:00 [running]> on host 59cf00d72bdb
[2025-09-23T01:05:20.279+0000] {taskinstance.py:2648} INFO - Exporting env vars: AIRFLOW_CTX_DAG_OWNER='***' AIRFLOW_CTX_DAG_ID='spark_iceberg_pipeline' AIRFLOW_CTX_TASK_ID='check_connections' AIRFLOW_CTX_EXECUTION_DATE='2025-09-22T00:00:00+00:00' AIRFLOW_CTX_TRY_NUMBER='1' AIRFLOW_CTX_DAG_RUN_ID='scheduled__2025-09-22T00:00:00+00:00'
[2025-09-23T01:05:20.281+0000] {taskinstance.py:430} INFO - ::endgroup::
[2025-09-23T01:05:24.554+0000] {logging_mixin.py:188} INFO - Nessie check
[2025-09-23T01:05:25.863+0000] {logging_mixin.py:188} INFO - Minio Disponible
[2025-09-23T01:05:25.865+0000] {python.py:237} INFO - Done. Returned value was: True
[2025-09-23T01:05:25.865+0000] {taskinstance.py:441} INFO - ::group::Post task execution logs
[2025-09-23T01:05:25.919+0000] {taskinstance.py:1206} INFO - Marking task as SUCCESS. dag_id=spark_iceberg_pipeline, task_id=check_connections, run_id=scheduled__2025-09-22T00:00:00+00:00, execution_date=20250922T000000, start_date=20250923T010519, end_date=20250923T010525
[2025-09-23T01:05:25.985+0000] {local_task_job_runner.py:243} INFO - Task exited with return code 0
[2025-09-23T01:05:26.022+0000] {taskinstance.py:3503} INFO - 2 downstream tasks scheduled from follow-on schedule check
[2025-09-23T01:05:26.023+0000] {local_task_job_runner.py:222} INFO - ::endgroup::
