[2025-09-23T00:02:47.460+0000] {local_task_job_runner.py:120} INFO - ::group::Pre task execution logs
[2025-09-23T00:02:47.501+0000] {taskinstance.py:2076} INFO - Dependencies all met for dep_context=non-requeueable deps ti=<TaskInstance: spark_iceberg_pipeline.process_taxi_data scheduled__2025-09-22T00:00:00+00:00 [queued]>
[2025-09-23T00:02:47.510+0000] {taskinstance.py:2076} INFO - Dependencies all met for dep_context=requeueable deps ti=<TaskInstance: spark_iceberg_pipeline.process_taxi_data scheduled__2025-09-22T00:00:00+00:00 [queued]>
[2025-09-23T00:02:47.510+0000] {taskinstance.py:2306} INFO - Starting attempt 1 of 2
[2025-09-23T00:02:47.532+0000] {taskinstance.py:2330} INFO - Executing <Task(SparkSubmitOperator): process_taxi_data> on 2025-09-22 00:00:00+00:00
[2025-09-23T00:02:47.545+0000] {logging_mixin.py:188} WARNING - /home/***/.local/lib/python3.12/site-packages/***/task/task_runner/standard_task_runner.py:62 DeprecationWarning: This process (pid=183) is multi-threaded, use of fork() may lead to deadlocks in the child.
[2025-09-23T00:02:47.543+0000] {standard_task_runner.py:90} INFO - Running: ['***', 'tasks', 'run', 'spark_iceberg_pipeline', 'process_taxi_data', 'scheduled__2025-09-22T00:00:00+00:00', '--job-id', '3', '--raw', '--subdir', 'DAGS_FOLDER/spark_iceberg_pipeline.py', '--cfg-path', '/tmp/tmp8fwwo5fb']
[2025-09-23T00:02:47.546+0000] {standard_task_runner.py:64} INFO - Started process 186 to run task
[2025-09-23T00:02:47.546+0000] {standard_task_runner.py:91} INFO - Job 3: Subtask process_taxi_data
[2025-09-23T00:02:47.600+0000] {task_command.py:426} INFO - Running <TaskInstance: spark_iceberg_pipeline.process_taxi_data scheduled__2025-09-22T00:00:00+00:00 [running]> on host bff560919a81
[2025-09-23T00:02:47.688+0000] {taskinstance.py:2648} INFO - Exporting env vars: AIRFLOW_CTX_DAG_OWNER='***' AIRFLOW_CTX_DAG_ID='spark_iceberg_pipeline' AIRFLOW_CTX_TASK_ID='process_taxi_data' AIRFLOW_CTX_EXECUTION_DATE='2025-09-22T00:00:00+00:00' AIRFLOW_CTX_TRY_NUMBER='1' AIRFLOW_CTX_DAG_RUN_ID='scheduled__2025-09-22T00:00:00+00:00'
[2025-09-23T00:02:47.689+0000] {taskinstance.py:430} INFO - ::endgroup::
[2025-09-23T00:02:47.714+0000] {spark_submit.py:304} INFO - Could not load connection string spark_default, defaulting to yarn
[2025-09-23T00:02:47.716+0000] {spark_submit.py:473} INFO - Spark-Submit cmd: spark-submit --master yarn --conf spark.jars.packages=org.apache.iceberg:iceberg-spark-runtime-3.5_2.12:1.5.0,org.projectnessie.nessie-integrations:nessie-spark-extensions-3.5_2.12:0.77.1,software.amazon.awssdk:bundle:2.24.8 --conf spark.sql.extensions=org.apache.iceberg.spark.extensions.IcebergSparkSessionExtensions,org.projectnessie.spark.extensions.NessieSparkSessionExtensions --conf spark.sql.catalog.nessie=org.apache.iceberg.spark.SparkCatalog --conf spark.sql.catalog.nessie.uri=http://nessie:19120/api/v1 --conf spark.sql.catalog.nessie.ref=main --conf spark.sql.catalog.nessie.authentication.type=NONE --conf spark.sql.catalog.nessie.catalog-impl=org.apache.iceberg.nessie.NessieCatalog --conf spark.sql.catalog.nessie.s3.endpoint=http://minio:9000 --conf spark.sql.catalog.nessie.warehouse=s3://gold/ --conf spark.sql.catalog.nessie.io-impl=org.apache.iceberg.aws.s3.S3FileIO --conf spark.hadoop.fs.s3a.endpoint=http://minio:9000 --conf spark.hadoop.fs.s3a.access.key=admin --conf spark.hadoop.fs.s3a.secret.key=****** --conf spark.hadoop.fs.s3a.path.style.access=true --name arrow-spark --verbose /opt/***/jobs/process_taxi_data.py
[2025-09-23T00:02:47.814+0000] {spark_submit.py:649} INFO - /home/***/.local/lib/python3.12/site-packages/pyspark/bin/load-spark-env.sh: line 68: ps: command not found
[2025-09-23T00:02:47.816+0000] {spark_submit.py:649} INFO - JAVA_HOME is not set
[2025-09-23T00:02:47.817+0000] {taskinstance.py:441} INFO - ::group::Post task execution logs
[2025-09-23T00:02:47.827+0000] {taskinstance.py:2905} ERROR - Task failed with exception
Traceback (most recent call last):
  File "/home/airflow/.local/lib/python3.12/site-packages/airflow/models/taskinstance.py", line 465, in _execute_task
    result = _execute_callable(context=context, **execute_callable_kwargs)
             ^^^^^^^^^^^^^^^^^^^^^^^^^^^^^^^^^^^^^^^^^^^^^^^^^^^^^^^^^^^^^
  File "/home/airflow/.local/lib/python3.12/site-packages/airflow/models/taskinstance.py", line 432, in _execute_callable
    return execute_callable(context=context, **execute_callable_kwargs)
           ^^^^^^^^^^^^^^^^^^^^^^^^^^^^^^^^^^^^^^^^^^^^^^^^^^^^^^^^^^^^
  File "/home/airflow/.local/lib/python3.12/site-packages/airflow/models/baseoperator.py", line 401, in wrapper
    return func(self, *args, **kwargs)
           ^^^^^^^^^^^^^^^^^^^^^^^^^^^
  File "/home/airflow/.local/lib/python3.12/site-packages/airflow/providers/apache/spark/operators/spark_submit.py", line 176, in execute
    self._hook.submit(self.application)
  File "/home/airflow/.local/lib/python3.12/site-packages/airflow/providers/apache/spark/hooks/spark_submit.py", line 575, in submit
    raise AirflowException(
airflow.exceptions.AirflowException: Cannot execute: spark-submit --master yarn --conf spark.jars.packages=org.apache.iceberg:iceberg-spark-runtime-3.5_2.12:1.5.0,org.projectnessie.nessie-integrations:nessie-spark-extensions-3.5_2.12:0.77.1,software.amazon.awssdk:bundle:2.24.8 --conf spark.sql.extensions=org.apache.iceberg.spark.extensions.IcebergSparkSessionExtensions,org.projectnessie.spark.extensions.NessieSparkSessionExtensions --conf spark.sql.catalog.nessie=org.apache.iceberg.spark.SparkCatalog --conf spark.sql.catalog.nessie.uri=http://nessie:19120/api/v1 --conf spark.sql.catalog.nessie.ref=main --conf spark.sql.catalog.nessie.authentication.type=NONE --conf spark.sql.catalog.nessie.catalog-impl=org.apache.iceberg.nessie.NessieCatalog --conf spark.sql.catalog.nessie.s3.endpoint=http://minio:9000 --conf spark.sql.catalog.nessie.warehouse=s3://gold/ --conf spark.sql.catalog.nessie.io-impl=org.apache.iceberg.aws.s3.S3FileIO --conf spark.hadoop.fs.s3a.endpoint=http://minio:9000 --conf spark.hadoop.fs.s3a.access.key=admin --conf spark.hadoop.fs.s3a.secret.key=****** --conf spark.hadoop.fs.s3a.path.style.access=true --name arrow-spark --verbose /opt/***/jobs/process_taxi_data.py. Error code is: 1.
[2025-09-23T00:02:47.835+0000] {taskinstance.py:1206} INFO - Marking task as UP_FOR_RETRY. dag_id=spark_iceberg_pipeline, task_id=process_taxi_data, run_id=scheduled__2025-09-22T00:00:00+00:00, execution_date=20250922T000000, start_date=20250923T000247, end_date=20250923T000247
[2025-09-23T00:02:47.848+0000] {standard_task_runner.py:110} ERROR - Failed to execute job 3 for task process_taxi_data (Cannot execute: spark-submit --master yarn --conf spark.jars.packages=org.apache.iceberg:iceberg-spark-runtime-3.5_2.12:1.5.0,org.projectnessie.nessie-integrations:nessie-spark-extensions-3.5_2.12:0.77.1,software.amazon.awssdk:bundle:2.24.8 --conf spark.sql.extensions=org.apache.iceberg.spark.extensions.IcebergSparkSessionExtensions,org.projectnessie.spark.extensions.NessieSparkSessionExtensions --conf spark.sql.catalog.nessie=org.apache.iceberg.spark.SparkCatalog --conf spark.sql.catalog.nessie.uri=http://nessie:19120/api/v1 --conf spark.sql.catalog.nessie.ref=main --conf spark.sql.catalog.nessie.authentication.type=NONE --conf spark.sql.catalog.nessie.catalog-impl=org.apache.iceberg.nessie.NessieCatalog --conf spark.sql.catalog.nessie.s3.endpoint=http://minio:9000 --conf spark.sql.catalog.nessie.warehouse=s3://gold/ --conf spark.sql.catalog.nessie.io-impl=org.apache.iceberg.aws.s3.S3FileIO --conf spark.hadoop.fs.s3a.endpoint=http://minio:9000 --conf spark.hadoop.fs.s3a.access.key=admin --conf spark.hadoop.fs.s3a.secret.key=****** --conf spark.hadoop.fs.s3a.path.style.access=true --name arrow-spark --verbose /opt/***/jobs/process_taxi_data.py. Error code is: 1.; 186)
[2025-09-23T00:02:47.880+0000] {local_task_job_runner.py:243} INFO - Task exited with return code 1
[2025-09-23T00:02:47.892+0000] {local_task_job_runner.py:222} INFO - ::endgroup::
[2025-09-23T00:41:40.654+0000] {local_task_job_runner.py:120} INFO - ::group::Pre task execution logs
[2025-09-23T00:41:40.704+0000] {taskinstance.py:2076} INFO - Dependencies all met for dep_context=non-requeueable deps ti=<TaskInstance: spark_iceberg_pipeline.process_taxi_data scheduled__2025-09-22T00:00:00+00:00 [queued]>
[2025-09-23T00:41:40.717+0000] {taskinstance.py:2076} INFO - Dependencies all met for dep_context=requeueable deps ti=<TaskInstance: spark_iceberg_pipeline.process_taxi_data scheduled__2025-09-22T00:00:00+00:00 [queued]>
[2025-09-23T00:41:40.718+0000] {taskinstance.py:2306} INFO - Starting attempt 1 of 2
[2025-09-23T00:41:40.744+0000] {taskinstance.py:2330} INFO - Executing <Task(SparkSubmitOperator): process_taxi_data> on 2025-09-22 00:00:00+00:00
[2025-09-23T00:41:40.754+0000] {standard_task_runner.py:90} INFO - Running: ['***', 'tasks', 'run', 'spark_iceberg_pipeline', 'process_taxi_data', 'scheduled__2025-09-22T00:00:00+00:00', '--job-id', '4', '--raw', '--subdir', 'DAGS_FOLDER/spark_iceberg_pipeline.py', '--cfg-path', '/tmp/tmpcn8e53ml']
[2025-09-23T00:41:40.758+0000] {standard_task_runner.py:91} INFO - Job 4: Subtask process_taxi_data
[2025-09-23T00:41:40.759+0000] {logging_mixin.py:188} WARNING - /home/***/.local/lib/python3.12/site-packages/***/task/task_runner/standard_task_runner.py:62 DeprecationWarning: This process (pid=190) is multi-threaded, use of fork() may lead to deadlocks in the child.
[2025-09-23T00:41:40.760+0000] {standard_task_runner.py:64} INFO - Started process 192 to run task
[2025-09-23T00:41:40.832+0000] {task_command.py:426} INFO - Running <TaskInstance: spark_iceberg_pipeline.process_taxi_data scheduled__2025-09-22T00:00:00+00:00 [running]> on host 3b4bdc1cae36
[2025-09-23T00:41:40.964+0000] {taskinstance.py:2648} INFO - Exporting env vars: AIRFLOW_CTX_DAG_OWNER='***' AIRFLOW_CTX_DAG_ID='spark_iceberg_pipeline' AIRFLOW_CTX_TASK_ID='process_taxi_data' AIRFLOW_CTX_EXECUTION_DATE='2025-09-22T00:00:00+00:00' AIRFLOW_CTX_TRY_NUMBER='1' AIRFLOW_CTX_DAG_RUN_ID='scheduled__2025-09-22T00:00:00+00:00'
[2025-09-23T00:41:40.965+0000] {taskinstance.py:430} INFO - ::endgroup::
[2025-09-23T00:41:40.996+0000] {spark_submit.py:304} INFO - Could not load connection string spark_default, defaulting to yarn
[2025-09-23T00:41:41.000+0000] {spark_submit.py:473} INFO - Spark-Submit cmd: spark-submit --master yarn --conf spark.jars.packages=org.apache.iceberg:iceberg-spark-runtime-3.5_2.12:1.5.0,org.projectnessie.nessie-integrations:nessie-spark-extensions-3.5_2.12:0.77.1,software.amazon.awssdk:bundle:2.24.8 --conf spark.sql.extensions=org.apache.iceberg.spark.extensions.IcebergSparkSessionExtensions,org.projectnessie.spark.extensions.NessieSparkSessionExtensions --conf spark.sql.catalog.nessie=org.apache.iceberg.spark.SparkCatalog --conf spark.sql.catalog.nessie.uri=http://nessie:19120/api/v1 --conf spark.sql.catalog.nessie.ref=main --conf spark.sql.catalog.nessie.authentication.type=NONE --conf spark.sql.catalog.nessie.catalog-impl=org.apache.iceberg.nessie.NessieCatalog --conf spark.sql.catalog.nessie.s3.endpoint=http://minio:9000 --conf spark.sql.catalog.nessie.warehouse=s3://gold/ --conf spark.sql.catalog.nessie.io-impl=org.apache.iceberg.aws.s3.S3FileIO --conf spark.hadoop.fs.s3a.endpoint=http://minio:9000 --conf spark.hadoop.fs.s3a.access.key=admin --conf spark.hadoop.fs.s3a.secret.key=****** --conf spark.hadoop.fs.s3a.path.style.access=true --name arrow-spark --verbose /opt/***/jobs/process_taxi_data.py
[2025-09-23T00:41:44.240+0000] {spark_submit.py:649} INFO - Using properties file: null
[2025-09-23T00:41:44.456+0000] {spark_submit.py:649} INFO - Exception in thread "main" org.apache.spark.SparkException: When running with master 'yarn' either HADOOP_CONF_DIR or YARN_CONF_DIR must be set in the environment.
[2025-09-23T00:41:44.457+0000] {spark_submit.py:649} INFO - at org.apache.spark.deploy.SparkSubmitArguments.error(SparkSubmitArguments.scala:634)
[2025-09-23T00:41:44.457+0000] {spark_submit.py:649} INFO - at org.apache.spark.deploy.SparkSubmitArguments.validateSubmitArguments(SparkSubmitArguments.scala:274)
[2025-09-23T00:41:44.457+0000] {spark_submit.py:649} INFO - at org.apache.spark.deploy.SparkSubmitArguments.validateArguments(SparkSubmitArguments.scala:234)
[2025-09-23T00:41:44.457+0000] {spark_submit.py:649} INFO - at org.apache.spark.deploy.SparkSubmitArguments.<init>(SparkSubmitArguments.scala:119)
[2025-09-23T00:41:44.458+0000] {spark_submit.py:649} INFO - at org.apache.spark.deploy.SparkSubmit$$anon$2$$anon$3.<init>(SparkSubmit.scala:1029)
[2025-09-23T00:41:44.458+0000] {spark_submit.py:649} INFO - at org.apache.spark.deploy.SparkSubmit$$anon$2.parseArguments(SparkSubmit.scala:1029)
[2025-09-23T00:41:44.458+0000] {spark_submit.py:649} INFO - at org.apache.spark.deploy.SparkSubmit.doSubmit(SparkSubmit.scala:85)
[2025-09-23T00:41:44.458+0000] {spark_submit.py:649} INFO - at org.apache.spark.deploy.SparkSubmit$$anon$2.doSubmit(SparkSubmit.scala:1046)
[2025-09-23T00:41:44.458+0000] {spark_submit.py:649} INFO - at org.apache.spark.deploy.SparkSubmit$.main(SparkSubmit.scala:1055)
[2025-09-23T00:41:44.458+0000] {spark_submit.py:649} INFO - at org.apache.spark.deploy.SparkSubmit.main(SparkSubmit.scala)
[2025-09-23T00:41:44.480+0000] {taskinstance.py:441} INFO - ::group::Post task execution logs
[2025-09-23T00:41:44.495+0000] {taskinstance.py:2905} ERROR - Task failed with exception
Traceback (most recent call last):
  File "/home/airflow/.local/lib/python3.12/site-packages/airflow/models/taskinstance.py", line 465, in _execute_task
    result = _execute_callable(context=context, **execute_callable_kwargs)
             ^^^^^^^^^^^^^^^^^^^^^^^^^^^^^^^^^^^^^^^^^^^^^^^^^^^^^^^^^^^^^
  File "/home/airflow/.local/lib/python3.12/site-packages/airflow/models/taskinstance.py", line 432, in _execute_callable
    return execute_callable(context=context, **execute_callable_kwargs)
           ^^^^^^^^^^^^^^^^^^^^^^^^^^^^^^^^^^^^^^^^^^^^^^^^^^^^^^^^^^^^
  File "/home/airflow/.local/lib/python3.12/site-packages/airflow/models/baseoperator.py", line 401, in wrapper
    return func(self, *args, **kwargs)
           ^^^^^^^^^^^^^^^^^^^^^^^^^^^
  File "/home/airflow/.local/lib/python3.12/site-packages/airflow/providers/apache/spark/operators/spark_submit.py", line 176, in execute
    self._hook.submit(self.application)
  File "/home/airflow/.local/lib/python3.12/site-packages/airflow/providers/apache/spark/hooks/spark_submit.py", line 575, in submit
    raise AirflowException(
airflow.exceptions.AirflowException: Cannot execute: spark-submit --master yarn --conf spark.jars.packages=org.apache.iceberg:iceberg-spark-runtime-3.5_2.12:1.5.0,org.projectnessie.nessie-integrations:nessie-spark-extensions-3.5_2.12:0.77.1,software.amazon.awssdk:bundle:2.24.8 --conf spark.sql.extensions=org.apache.iceberg.spark.extensions.IcebergSparkSessionExtensions,org.projectnessie.spark.extensions.NessieSparkSessionExtensions --conf spark.sql.catalog.nessie=org.apache.iceberg.spark.SparkCatalog --conf spark.sql.catalog.nessie.uri=http://nessie:19120/api/v1 --conf spark.sql.catalog.nessie.ref=main --conf spark.sql.catalog.nessie.authentication.type=NONE --conf spark.sql.catalog.nessie.catalog-impl=org.apache.iceberg.nessie.NessieCatalog --conf spark.sql.catalog.nessie.s3.endpoint=http://minio:9000 --conf spark.sql.catalog.nessie.warehouse=s3://gold/ --conf spark.sql.catalog.nessie.io-impl=org.apache.iceberg.aws.s3.S3FileIO --conf spark.hadoop.fs.s3a.endpoint=http://minio:9000 --conf spark.hadoop.fs.s3a.access.key=admin --conf spark.hadoop.fs.s3a.secret.key=****** --conf spark.hadoop.fs.s3a.path.style.access=true --name arrow-spark --verbose /opt/***/jobs/process_taxi_data.py. Error code is: 1.
[2025-09-23T00:41:44.500+0000] {taskinstance.py:1206} INFO - Marking task as UP_FOR_RETRY. dag_id=spark_iceberg_pipeline, task_id=process_taxi_data, run_id=scheduled__2025-09-22T00:00:00+00:00, execution_date=20250922T000000, start_date=20250923T004140, end_date=20250923T004144
[2025-09-23T00:41:44.521+0000] {standard_task_runner.py:110} ERROR - Failed to execute job 4 for task process_taxi_data (Cannot execute: spark-submit --master yarn --conf spark.jars.packages=org.apache.iceberg:iceberg-spark-runtime-3.5_2.12:1.5.0,org.projectnessie.nessie-integrations:nessie-spark-extensions-3.5_2.12:0.77.1,software.amazon.awssdk:bundle:2.24.8 --conf spark.sql.extensions=org.apache.iceberg.spark.extensions.IcebergSparkSessionExtensions,org.projectnessie.spark.extensions.NessieSparkSessionExtensions --conf spark.sql.catalog.nessie=org.apache.iceberg.spark.SparkCatalog --conf spark.sql.catalog.nessie.uri=http://nessie:19120/api/v1 --conf spark.sql.catalog.nessie.ref=main --conf spark.sql.catalog.nessie.authentication.type=NONE --conf spark.sql.catalog.nessie.catalog-impl=org.apache.iceberg.nessie.NessieCatalog --conf spark.sql.catalog.nessie.s3.endpoint=http://minio:9000 --conf spark.sql.catalog.nessie.warehouse=s3://gold/ --conf spark.sql.catalog.nessie.io-impl=org.apache.iceberg.aws.s3.S3FileIO --conf spark.hadoop.fs.s3a.endpoint=http://minio:9000 --conf spark.hadoop.fs.s3a.access.key=admin --conf spark.hadoop.fs.s3a.secret.key=****** --conf spark.hadoop.fs.s3a.path.style.access=true --name arrow-spark --verbose /opt/***/jobs/process_taxi_data.py. Error code is: 1.; 192)
[2025-09-23T00:41:44.557+0000] {local_task_job_runner.py:243} INFO - Task exited with return code 1
[2025-09-23T00:41:44.571+0000] {local_task_job_runner.py:222} INFO - ::endgroup::
[2025-09-23T00:52:38.000+0000] {local_task_job_runner.py:120} INFO - ::group::Pre task execution logs
[2025-09-23T00:52:38.049+0000] {taskinstance.py:2076} INFO - Dependencies all met for dep_context=non-requeueable deps ti=<TaskInstance: spark_iceberg_pipeline.process_taxi_data scheduled__2025-09-22T00:00:00+00:00 [queued]>
[2025-09-23T00:52:38.059+0000] {taskinstance.py:2076} INFO - Dependencies all met for dep_context=requeueable deps ti=<TaskInstance: spark_iceberg_pipeline.process_taxi_data scheduled__2025-09-22T00:00:00+00:00 [queued]>
[2025-09-23T00:52:38.060+0000] {taskinstance.py:2306} INFO - Starting attempt 1 of 2
[2025-09-23T00:52:38.077+0000] {taskinstance.py:2330} INFO - Executing <Task(SparkSubmitOperator): process_taxi_data> on 2025-09-22 00:00:00+00:00
[2025-09-23T00:52:38.089+0000] {standard_task_runner.py:90} INFO - Running: ['***', 'tasks', 'run', 'spark_iceberg_pipeline', 'process_taxi_data', 'scheduled__2025-09-22T00:00:00+00:00', '--job-id', '3', '--raw', '--subdir', 'DAGS_FOLDER/spark_iceberg_pipeline.py', '--cfg-path', '/tmp/tmp_vcj9jum']
[2025-09-23T00:52:38.092+0000] {logging_mixin.py:188} WARNING - /home/***/.local/lib/python3.12/site-packages/***/task/task_runner/standard_task_runner.py:62 DeprecationWarning: This process (pid=209) is multi-threaded, use of fork() may lead to deadlocks in the child.
[2025-09-23T00:52:38.094+0000] {standard_task_runner.py:91} INFO - Job 3: Subtask process_taxi_data
[2025-09-23T00:52:38.094+0000] {standard_task_runner.py:64} INFO - Started process 211 to run task
[2025-09-23T00:52:38.325+0000] {task_command.py:426} INFO - Running <TaskInstance: spark_iceberg_pipeline.process_taxi_data scheduled__2025-09-22T00:00:00+00:00 [running]> on host ab7717a897ae
[2025-09-23T00:52:38.604+0000] {taskinstance.py:2648} INFO - Exporting env vars: AIRFLOW_CTX_DAG_OWNER='***' AIRFLOW_CTX_DAG_ID='spark_iceberg_pipeline' AIRFLOW_CTX_TASK_ID='process_taxi_data' AIRFLOW_CTX_EXECUTION_DATE='2025-09-22T00:00:00+00:00' AIRFLOW_CTX_TRY_NUMBER='1' AIRFLOW_CTX_DAG_RUN_ID='scheduled__2025-09-22T00:00:00+00:00'
[2025-09-23T00:52:38.607+0000] {taskinstance.py:430} INFO - ::endgroup::
[2025-09-23T00:52:38.658+0000] {base.py:84} INFO - Using connection ID 'spark_default' for task execution.
[2025-09-23T00:52:38.662+0000] {spark_submit.py:473} INFO - Spark-Submit cmd: spark-submit --master spark-master:7077 --conf spark.jars.packages=org.apache.iceberg:iceberg-spark-runtime-3.5_2.12:1.5.0,org.projectnessie.nessie-integrations:nessie-spark-extensions-3.5_2.12:0.77.1,software.amazon.awssdk:bundle:2.24.8 --conf spark.sql.extensions=org.apache.iceberg.spark.extensions.IcebergSparkSessionExtensions,org.projectnessie.spark.extensions.NessieSparkSessionExtensions --conf spark.sql.catalog.nessie=org.apache.iceberg.spark.SparkCatalog --conf spark.sql.catalog.nessie.uri=http://nessie:19120/api/v1 --conf spark.sql.catalog.nessie.ref=main --conf spark.sql.catalog.nessie.authentication.type=NONE --conf spark.sql.catalog.nessie.catalog-impl=org.apache.iceberg.nessie.NessieCatalog --conf spark.sql.catalog.nessie.s3.endpoint=http://minio:9000 --conf spark.sql.catalog.nessie.warehouse=s3://gold/ --conf spark.sql.catalog.nessie.io-impl=org.apache.iceberg.aws.s3.S3FileIO --conf spark.hadoop.fs.s3a.endpoint=http://minio:9000 --conf spark.hadoop.fs.s3a.access.key=admin --conf spark.hadoop.fs.s3a.secret.key=****** --conf spark.hadoop.fs.s3a.path.style.access=true --name arrow-spark --verbose /opt/***/jobs/process_taxi_data.py
[2025-09-23T00:52:43.179+0000] {spark_submit.py:649} INFO - Using properties file: null
[2025-09-23T00:52:43.353+0000] {spark_submit.py:649} INFO - Parsed arguments:
[2025-09-23T00:52:43.354+0000] {spark_submit.py:649} INFO - master                  spark-master:7077
[2025-09-23T00:52:43.354+0000] {spark_submit.py:649} INFO - deployMode              null
[2025-09-23T00:52:43.354+0000] {spark_submit.py:649} INFO - executorMemory          null
[2025-09-23T00:52:43.354+0000] {spark_submit.py:649} INFO - executorCores           null
[2025-09-23T00:52:43.355+0000] {spark_submit.py:649} INFO - totalExecutorCores      null
[2025-09-23T00:52:43.355+0000] {spark_submit.py:649} INFO - propertiesFile          null
[2025-09-23T00:52:43.355+0000] {spark_submit.py:649} INFO - driverMemory            null
[2025-09-23T00:52:43.355+0000] {spark_submit.py:649} INFO - driverCores             null
[2025-09-23T00:52:43.356+0000] {spark_submit.py:649} INFO - driverExtraClassPath    null
[2025-09-23T00:52:43.356+0000] {spark_submit.py:649} INFO - driverExtraLibraryPath  null
[2025-09-23T00:52:43.356+0000] {spark_submit.py:649} INFO - driverExtraJavaOptions  null
[2025-09-23T00:52:43.356+0000] {spark_submit.py:649} INFO - supervise               false
[2025-09-23T00:52:43.356+0000] {spark_submit.py:649} INFO - queue                   null
[2025-09-23T00:52:43.356+0000] {spark_submit.py:649} INFO - numExecutors            null
[2025-09-23T00:52:43.356+0000] {spark_submit.py:649} INFO - files                   null
[2025-09-23T00:52:43.357+0000] {spark_submit.py:649} INFO - pyFiles                 null
[2025-09-23T00:52:43.357+0000] {spark_submit.py:649} INFO - archives                null
[2025-09-23T00:52:43.357+0000] {spark_submit.py:649} INFO - mainClass               null
[2025-09-23T00:52:43.357+0000] {spark_submit.py:649} INFO - primaryResource         file:/opt/***/jobs/process_taxi_data.py
[2025-09-23T00:52:43.357+0000] {spark_submit.py:649} INFO - name                    arrow-spark
[2025-09-23T00:52:43.357+0000] {spark_submit.py:649} INFO - childArgs               []
[2025-09-23T00:52:43.357+0000] {spark_submit.py:649} INFO - jars                    null
[2025-09-23T00:52:43.357+0000] {spark_submit.py:649} INFO - packages                org.apache.iceberg:iceberg-spark-runtime-3.5_2.12:1.5.0,org.projectnessie.nessie-integrations:nessie-spark-extensions-3.5_2.12:0.77.1,software.amazon.awssdk:bundle:2.24.8
[2025-09-23T00:52:43.357+0000] {spark_submit.py:649} INFO - packagesExclusions      null
[2025-09-23T00:52:43.357+0000] {spark_submit.py:649} INFO - repositories            null
[2025-09-23T00:52:43.357+0000] {spark_submit.py:649} INFO - verbose                 true
[2025-09-23T00:52:43.357+0000] {spark_submit.py:649} INFO - 
[2025-09-23T00:52:43.358+0000] {spark_submit.py:649} INFO - Spark properties used, including those specified through
[2025-09-23T00:52:43.358+0000] {spark_submit.py:649} INFO - --conf and those from the properties file null:
[2025-09-23T00:52:43.358+0000] {spark_submit.py:649} INFO - (spark.hadoop.fs.s3a.access.key,*********(redacted))
[2025-09-23T00:52:43.358+0000] {spark_submit.py:649} INFO - (spark.hadoop.fs.s3a.endpoint,http://minio:9000)
[2025-09-23T00:52:43.358+0000] {spark_submit.py:649} INFO - (spark.hadoop.fs.s3a.path.style.access,true)
[2025-09-23T00:52:43.358+0000] {spark_submit.py:649} INFO - (spark.hadoop.fs.s3a.secret.key,*********(redacted))
[2025-09-23T00:52:43.358+0000] {spark_submit.py:649} INFO - (spark.jars.packages,org.apache.iceberg:iceberg-spark-runtime-3.5_2.12:1.5.0,org.projectnessie.nessie-integrations:nessie-spark-extensions-3.5_2.12:0.77.1,software.amazon.awssdk:bundle:2.24.8)
[2025-09-23T00:52:43.358+0000] {spark_submit.py:649} INFO - (spark.sql.catalog.nessie,org.apache.iceberg.spark.SparkCatalog)
[2025-09-23T00:52:43.358+0000] {spark_submit.py:649} INFO - (spark.sql.catalog.nessie.authentication.type,NONE)
[2025-09-23T00:52:43.358+0000] {spark_submit.py:649} INFO - (spark.sql.catalog.nessie.catalog-impl,org.apache.iceberg.nessie.NessieCatalog)
[2025-09-23T00:52:43.358+0000] {spark_submit.py:649} INFO - (spark.sql.catalog.nessie.io-impl,org.apache.iceberg.aws.s3.S3FileIO)
[2025-09-23T00:52:43.358+0000] {spark_submit.py:649} INFO - (spark.sql.catalog.nessie.ref,main)
[2025-09-23T00:52:43.358+0000] {spark_submit.py:649} INFO - (spark.sql.catalog.nessie.s3.endpoint,http://minio:9000)
[2025-09-23T00:52:43.359+0000] {spark_submit.py:649} INFO - (spark.sql.catalog.nessie.uri,http://nessie:19120/api/v1)
[2025-09-23T00:52:43.359+0000] {spark_submit.py:649} INFO - (spark.sql.catalog.nessie.warehouse,s3://gold/)
[2025-09-23T00:52:43.359+0000] {spark_submit.py:649} INFO - (spark.sql.extensions,org.apache.iceberg.spark.extensions.IcebergSparkSessionExtensions,org.projectnessie.spark.extensions.NessieSparkSessionExtensions)
[2025-09-23T00:52:43.359+0000] {spark_submit.py:649} INFO - 
[2025-09-23T00:52:43.359+0000] {spark_submit.py:649} INFO - 
[2025-09-23T00:52:43.657+0000] {spark_submit.py:649} INFO - :: loading settings :: url = jar:file:/home/***/.local/lib/python3.12/site-packages/pyspark/jars/ivy-2.5.0.jar!/org/apache/ivy/core/settings/ivysettings.xml
[2025-09-23T00:52:43.993+0000] {spark_submit.py:649} INFO - Ivy Default Cache set to: /home/***/.ivy2/cache
[2025-09-23T00:52:43.994+0000] {spark_submit.py:649} INFO - The jars for the packages stored in: /home/***/.ivy2/jars
[2025-09-23T00:52:44.003+0000] {spark_submit.py:649} INFO - org.apache.iceberg#iceberg-spark-runtime-3.5_2.12 added as a dependency
[2025-09-23T00:52:44.003+0000] {spark_submit.py:649} INFO - org.projectnessie.nessie-integrations#nessie-spark-extensions-3.5_2.12 added as a dependency
[2025-09-23T00:52:44.003+0000] {spark_submit.py:649} INFO - software.amazon.awssdk#bundle added as a dependency
[2025-09-23T00:52:44.004+0000] {spark_submit.py:649} INFO - :: resolving dependencies :: org.apache.spark#spark-submit-parent-a101c060-7309-4cb1-8f78-7e7c1cf62d2b;1.0
[2025-09-23T00:52:44.005+0000] {spark_submit.py:649} INFO - confs: [default]
[2025-09-23T00:52:46.072+0000] {spark_submit.py:649} INFO - found org.apache.iceberg#iceberg-spark-runtime-3.5_2.12;1.5.0 in central
[2025-09-23T00:52:48.081+0000] {spark_submit.py:649} INFO - found org.projectnessie.nessie-integrations#nessie-spark-extensions-3.5_2.12;0.77.1 in central
[2025-09-23T00:52:49.176+0000] {spark_submit.py:649} INFO - downloading https://repo1.maven.org/maven2/org/apache/iceberg/iceberg-spark-runtime-3.5_2.12/1.5.0/iceberg-spark-runtime-3.5_2.12-1.5.0.jar ...
[2025-09-23T00:53:05.011+0000] {spark_submit.py:649} INFO - downloading https://repo1.maven.org/maven2/org/projectnessie/nessie-integrations/nessie-spark-extensions-3.5_2.12/0.77.1/nessie-spark-extensions-3.5_2.12-0.77.1.jar ...
[2025-09-23T00:53:05.862+0000] {spark_submit.py:649} INFO - [SUCCESSFUL ] org.projectnessie.nessie-integrations#nessie-spark-extensions-3.5_2.12;0.77.1!nessie-spark-extensions-3.5_2.12.jar (1257ms)
[2025-09-23T00:53:05.862+0000] {spark_submit.py:649} INFO - :: resolution report :: resolve 4962ms :: artifacts dl 16896ms
[2025-09-23T00:53:05.862+0000] {spark_submit.py:649} INFO - :: modules in use:
[2025-09-23T00:53:05.862+0000] {spark_submit.py:649} INFO - org.apache.iceberg#iceberg-spark-runtime-3.5_2.12;1.5.0 from central in [default]
[2025-09-23T00:53:05.863+0000] {spark_submit.py:649} INFO - org.projectnessie.nessie-integrations#nessie-spark-extensions-3.5_2.12;0.77.1 from central in [default]
[2025-09-23T00:53:05.863+0000] {spark_submit.py:649} INFO - ---------------------------------------------------------------------
[2025-09-23T00:53:05.863+0000] {spark_submit.py:649} INFO - |                  |            modules            ||   artifacts   |
[2025-09-23T00:53:05.863+0000] {spark_submit.py:649} INFO - |       conf       | number| search|dwnlded|evicted|| number|dwnlded|
[2025-09-23T00:53:05.863+0000] {spark_submit.py:649} INFO - ---------------------------------------------------------------------
[2025-09-23T00:53:05.863+0000] {spark_submit.py:649} INFO - |      default     |   3   |   2   |   2   |   0   ||   2   |   1   |
[2025-09-23T00:53:05.863+0000] {spark_submit.py:649} INFO - ---------------------------------------------------------------------
[2025-09-23T00:53:05.864+0000] {spark_submit.py:649} INFO - 
[2025-09-23T00:53:05.865+0000] {spark_submit.py:649} INFO - :: problems summary ::
[2025-09-23T00:53:05.865+0000] {spark_submit.py:649} INFO - :::: WARNINGS
[2025-09-23T00:53:05.865+0000] {spark_submit.py:649} INFO - problem while downloading module descriptor: https://repo1.maven.org/maven2/software/amazon/awssdk/bundle/2.24.8/bundle-2.24.8.pom: Downloaded file size (0) doesn't match expected Content Length (5951) for https://repo1.maven.org/maven2/software/amazon/awssdk/bundle/2.24.8/bundle-2.24.8.pom. Please retry. (222ms)
[2025-09-23T00:53:05.865+0000] {spark_submit.py:649} INFO - 
[2025-09-23T00:53:05.865+0000] {spark_submit.py:649} INFO - module not found: software.amazon.awssdk#bundle;2.24.8
[2025-09-23T00:53:05.865+0000] {spark_submit.py:649} INFO - 
[2025-09-23T00:53:05.865+0000] {spark_submit.py:649} INFO - ==== local-m2-cache: tried
[2025-09-23T00:53:05.865+0000] {spark_submit.py:649} INFO - 
[2025-09-23T00:53:05.865+0000] {spark_submit.py:649} INFO - file:/home/***/.m2/repository/software/amazon/awssdk/bundle/2.24.8/bundle-2.24.8.pom
[2025-09-23T00:53:05.865+0000] {spark_submit.py:649} INFO - 
[2025-09-23T00:53:05.865+0000] {spark_submit.py:649} INFO - -- artifact software.amazon.awssdk#bundle;2.24.8!bundle.jar:
[2025-09-23T00:53:05.865+0000] {spark_submit.py:649} INFO - 
[2025-09-23T00:53:05.866+0000] {spark_submit.py:649} INFO - file:/home/***/.m2/repository/software/amazon/awssdk/bundle/2.24.8/bundle-2.24.8.jar
[2025-09-23T00:53:05.866+0000] {spark_submit.py:649} INFO - 
[2025-09-23T00:53:05.866+0000] {spark_submit.py:649} INFO - ==== local-ivy-cache: tried
[2025-09-23T00:53:05.866+0000] {spark_submit.py:649} INFO - 
[2025-09-23T00:53:05.866+0000] {spark_submit.py:649} INFO - /home/***/.ivy2/local/software.amazon.awssdk/bundle/2.24.8/ivys/ivy.xml
[2025-09-23T00:53:05.866+0000] {spark_submit.py:649} INFO - 
[2025-09-23T00:53:05.866+0000] {spark_submit.py:649} INFO - -- artifact software.amazon.awssdk#bundle;2.24.8!bundle.jar:
[2025-09-23T00:53:05.866+0000] {spark_submit.py:649} INFO - 
[2025-09-23T00:53:05.867+0000] {spark_submit.py:649} INFO - /home/***/.ivy2/local/software.amazon.awssdk/bundle/2.24.8/jars/bundle.jar
[2025-09-23T00:53:05.867+0000] {spark_submit.py:649} INFO - 
[2025-09-23T00:53:05.867+0000] {spark_submit.py:649} INFO - ==== central: tried
[2025-09-23T00:53:05.867+0000] {spark_submit.py:649} INFO - 
[2025-09-23T00:53:05.867+0000] {spark_submit.py:649} INFO - https://repo1.maven.org/maven2/software/amazon/awssdk/bundle/2.24.8/bundle-2.24.8.pom
[2025-09-23T00:53:05.867+0000] {spark_submit.py:649} INFO - 
[2025-09-23T00:53:05.867+0000] {spark_submit.py:649} INFO - ==== spark-packages: tried
[2025-09-23T00:53:05.867+0000] {spark_submit.py:649} INFO - 
[2025-09-23T00:53:05.867+0000] {spark_submit.py:649} INFO - https://repos.spark-packages.org/software/amazon/awssdk/bundle/2.24.8/bundle-2.24.8.pom
[2025-09-23T00:53:05.868+0000] {spark_submit.py:649} INFO - 
[2025-09-23T00:53:05.868+0000] {spark_submit.py:649} INFO - -- artifact software.amazon.awssdk#bundle;2.24.8!bundle.jar:
[2025-09-23T00:53:05.868+0000] {spark_submit.py:649} INFO - 
[2025-09-23T00:53:05.868+0000] {spark_submit.py:649} INFO - https://repos.spark-packages.org/software/amazon/awssdk/bundle/2.24.8/bundle-2.24.8.jar
[2025-09-23T00:53:05.868+0000] {spark_submit.py:649} INFO - 
[2025-09-23T00:53:05.868+0000] {spark_submit.py:649} INFO - [FAILED     ] org.apache.iceberg#iceberg-spark-runtime-3.5_2.12;1.5.0!iceberg-spark-runtime-3.5_2.12.jar: Downloaded file size (0) doesn't match expected Content Length (41601849) for https://repo1.maven.org/maven2/org/apache/iceberg/iceberg-spark-runtime-3.5_2.12/1.5.0/iceberg-spark-runtime-3.5_2.12-1.5.0.jar. Please retry. (15632ms)
[2025-09-23T00:53:05.868+0000] {spark_submit.py:649} INFO - 
[2025-09-23T00:53:05.868+0000] {spark_submit.py:649} INFO - [FAILED     ] org.apache.iceberg#iceberg-spark-runtime-3.5_2.12;1.5.0!iceberg-spark-runtime-3.5_2.12.jar: Downloaded file size (0) doesn't match expected Content Length (41601849) for https://repo1.maven.org/maven2/org/apache/iceberg/iceberg-spark-runtime-3.5_2.12/1.5.0/iceberg-spark-runtime-3.5_2.12-1.5.0.jar. Please retry. (15632ms)
[2025-09-23T00:53:05.868+0000] {spark_submit.py:649} INFO - 
[2025-09-23T00:53:05.868+0000] {spark_submit.py:649} INFO - ==== central: tried
[2025-09-23T00:53:05.868+0000] {spark_submit.py:649} INFO - 
[2025-09-23T00:53:05.868+0000] {spark_submit.py:649} INFO - https://repo1.maven.org/maven2/org/apache/iceberg/iceberg-spark-runtime-3.5_2.12/1.5.0/iceberg-spark-runtime-3.5_2.12-1.5.0.jar
[2025-09-23T00:53:05.868+0000] {spark_submit.py:649} INFO - 
[2025-09-23T00:53:05.869+0000] {spark_submit.py:649} INFO - ::::::::::::::::::::::::::::::::::::::::::::::
[2025-09-23T00:53:05.869+0000] {spark_submit.py:649} INFO - 
[2025-09-23T00:53:05.869+0000] {spark_submit.py:649} INFO - ::          UNRESOLVED DEPENDENCIES         ::
[2025-09-23T00:53:05.869+0000] {spark_submit.py:649} INFO - 
[2025-09-23T00:53:05.869+0000] {spark_submit.py:649} INFO - ::::::::::::::::::::::::::::::::::::::::::::::
[2025-09-23T00:53:05.869+0000] {spark_submit.py:649} INFO - 
[2025-09-23T00:53:05.869+0000] {spark_submit.py:649} INFO - :: software.amazon.awssdk#bundle;2.24.8: not found
[2025-09-23T00:53:05.869+0000] {spark_submit.py:649} INFO - 
[2025-09-23T00:53:05.869+0000] {spark_submit.py:649} INFO - ::::::::::::::::::::::::::::::::::::::::::::::
[2025-09-23T00:53:05.869+0000] {spark_submit.py:649} INFO - 
[2025-09-23T00:53:05.870+0000] {spark_submit.py:649} INFO - 
[2025-09-23T00:53:05.870+0000] {spark_submit.py:649} INFO - ::::::::::::::::::::::::::::::::::::::::::::::
[2025-09-23T00:53:05.870+0000] {spark_submit.py:649} INFO - 
[2025-09-23T00:53:05.870+0000] {spark_submit.py:649} INFO - ::              FAILED DOWNLOADS            ::
[2025-09-23T00:53:05.870+0000] {spark_submit.py:649} INFO - 
[2025-09-23T00:53:05.870+0000] {spark_submit.py:649} INFO - :: ^ see resolution messages for details  ^ ::
[2025-09-23T00:53:05.870+0000] {spark_submit.py:649} INFO - 
[2025-09-23T00:53:05.870+0000] {spark_submit.py:649} INFO - ::::::::::::::::::::::::::::::::::::::::::::::
[2025-09-23T00:53:05.870+0000] {spark_submit.py:649} INFO - 
[2025-09-23T00:53:05.870+0000] {spark_submit.py:649} INFO - :: org.apache.iceberg#iceberg-spark-runtime-3.5_2.12;1.5.0!iceberg-spark-runtime-3.5_2.12.jar
[2025-09-23T00:53:05.870+0000] {spark_submit.py:649} INFO - 
[2025-09-23T00:53:05.870+0000] {spark_submit.py:649} INFO - ::::::::::::::::::::::::::::::::::::::::::::::
[2025-09-23T00:53:05.870+0000] {spark_submit.py:649} INFO - 
[2025-09-23T00:53:05.871+0000] {spark_submit.py:649} INFO - 
[2025-09-23T00:53:05.871+0000] {spark_submit.py:649} INFO - 
[2025-09-23T00:53:05.871+0000] {spark_submit.py:649} INFO - :: USE VERBOSE OR DEBUG MESSAGE LEVEL FOR MORE DETAILS
[2025-09-23T00:53:05.871+0000] {spark_submit.py:649} INFO - Exception in thread "main" java.lang.RuntimeException: [unresolved dependency: software.amazon.awssdk#bundle;2.24.8: not found, download failed: org.apache.iceberg#iceberg-spark-runtime-3.5_2.12;1.5.0!iceberg-spark-runtime-3.5_2.12.jar]
[2025-09-23T00:53:05.871+0000] {spark_submit.py:649} INFO - at org.apache.spark.deploy.SparkSubmitUtils$.resolveMavenCoordinates(SparkSubmit.scala:1456)
[2025-09-23T00:53:05.871+0000] {spark_submit.py:649} INFO - at org.apache.spark.util.DependencyUtils$.resolveMavenDependencies(DependencyUtils.scala:185)
[2025-09-23T00:53:05.871+0000] {spark_submit.py:649} INFO - at org.apache.spark.deploy.SparkSubmit.prepareSubmitEnvironment(SparkSubmit.scala:308)
[2025-09-23T00:53:05.871+0000] {spark_submit.py:649} INFO - at org.apache.spark.deploy.SparkSubmit.org$apache$spark$deploy$SparkSubmit$$runMain(SparkSubmit.scala:901)
[2025-09-23T00:53:05.871+0000] {spark_submit.py:649} INFO - at org.apache.spark.deploy.SparkSubmit.doRunMain$1(SparkSubmit.scala:180)
[2025-09-23T00:53:05.871+0000] {spark_submit.py:649} INFO - at org.apache.spark.deploy.SparkSubmit.submit(SparkSubmit.scala:203)
[2025-09-23T00:53:05.871+0000] {spark_submit.py:649} INFO - at org.apache.spark.deploy.SparkSubmit.doSubmit(SparkSubmit.scala:90)
[2025-09-23T00:53:05.871+0000] {spark_submit.py:649} INFO - at org.apache.spark.deploy.SparkSubmit$$anon$2.doSubmit(SparkSubmit.scala:1046)
[2025-09-23T00:53:05.871+0000] {spark_submit.py:649} INFO - at org.apache.spark.deploy.SparkSubmit$.main(SparkSubmit.scala:1055)
[2025-09-23T00:53:05.871+0000] {spark_submit.py:649} INFO - at org.apache.spark.deploy.SparkSubmit.main(SparkSubmit.scala)
[2025-09-23T00:53:05.895+0000] {taskinstance.py:441} INFO - ::group::Post task execution logs
[2025-09-23T00:53:05.906+0000] {taskinstance.py:2905} ERROR - Task failed with exception
Traceback (most recent call last):
  File "/home/airflow/.local/lib/python3.12/site-packages/airflow/models/taskinstance.py", line 465, in _execute_task
    result = _execute_callable(context=context, **execute_callable_kwargs)
             ^^^^^^^^^^^^^^^^^^^^^^^^^^^^^^^^^^^^^^^^^^^^^^^^^^^^^^^^^^^^^
  File "/home/airflow/.local/lib/python3.12/site-packages/airflow/models/taskinstance.py", line 432, in _execute_callable
    return execute_callable(context=context, **execute_callable_kwargs)
           ^^^^^^^^^^^^^^^^^^^^^^^^^^^^^^^^^^^^^^^^^^^^^^^^^^^^^^^^^^^^
  File "/home/airflow/.local/lib/python3.12/site-packages/airflow/models/baseoperator.py", line 401, in wrapper
    return func(self, *args, **kwargs)
           ^^^^^^^^^^^^^^^^^^^^^^^^^^^
  File "/home/airflow/.local/lib/python3.12/site-packages/airflow/providers/apache/spark/operators/spark_submit.py", line 176, in execute
    self._hook.submit(self.application)
  File "/home/airflow/.local/lib/python3.12/site-packages/airflow/providers/apache/spark/hooks/spark_submit.py", line 575, in submit
    raise AirflowException(
airflow.exceptions.AirflowException: Cannot execute: spark-submit --master spark-master:7077 --conf spark.jars.packages=org.apache.iceberg:iceberg-spark-runtime-3.5_2.12:1.5.0,org.projectnessie.nessie-integrations:nessie-spark-extensions-3.5_2.12:0.77.1,software.amazon.awssdk:bundle:2.24.8 --conf spark.sql.extensions=org.apache.iceberg.spark.extensions.IcebergSparkSessionExtensions,org.projectnessie.spark.extensions.NessieSparkSessionExtensions --conf spark.sql.catalog.nessie=org.apache.iceberg.spark.SparkCatalog --conf spark.sql.catalog.nessie.uri=http://nessie:19120/api/v1 --conf spark.sql.catalog.nessie.ref=main --conf spark.sql.catalog.nessie.authentication.type=NONE --conf spark.sql.catalog.nessie.catalog-impl=org.apache.iceberg.nessie.NessieCatalog --conf spark.sql.catalog.nessie.s3.endpoint=http://minio:9000 --conf spark.sql.catalog.nessie.warehouse=s3://gold/ --conf spark.sql.catalog.nessie.io-impl=org.apache.iceberg.aws.s3.S3FileIO --conf spark.hadoop.fs.s3a.endpoint=http://minio:9000 --conf spark.hadoop.fs.s3a.access.key=admin --conf spark.hadoop.fs.s3a.secret.key=****** --conf spark.hadoop.fs.s3a.path.style.access=true --name arrow-spark --verbose /opt/***/jobs/process_taxi_data.py. Error code is: 1.
[2025-09-23T00:53:05.911+0000] {taskinstance.py:1206} INFO - Marking task as UP_FOR_RETRY. dag_id=spark_iceberg_pipeline, task_id=process_taxi_data, run_id=scheduled__2025-09-22T00:00:00+00:00, execution_date=20250922T000000, start_date=20250923T005238, end_date=20250923T005305
[2025-09-23T00:53:05.925+0000] {standard_task_runner.py:110} ERROR - Failed to execute job 3 for task process_taxi_data (Cannot execute: spark-submit --master spark-master:7077 --conf spark.jars.packages=org.apache.iceberg:iceberg-spark-runtime-3.5_2.12:1.5.0,org.projectnessie.nessie-integrations:nessie-spark-extensions-3.5_2.12:0.77.1,software.amazon.awssdk:bundle:2.24.8 --conf spark.sql.extensions=org.apache.iceberg.spark.extensions.IcebergSparkSessionExtensions,org.projectnessie.spark.extensions.NessieSparkSessionExtensions --conf spark.sql.catalog.nessie=org.apache.iceberg.spark.SparkCatalog --conf spark.sql.catalog.nessie.uri=http://nessie:19120/api/v1 --conf spark.sql.catalog.nessie.ref=main --conf spark.sql.catalog.nessie.authentication.type=NONE --conf spark.sql.catalog.nessie.catalog-impl=org.apache.iceberg.nessie.NessieCatalog --conf spark.sql.catalog.nessie.s3.endpoint=http://minio:9000 --conf spark.sql.catalog.nessie.warehouse=s3://gold/ --conf spark.sql.catalog.nessie.io-impl=org.apache.iceberg.aws.s3.S3FileIO --conf spark.hadoop.fs.s3a.endpoint=http://minio:9000 --conf spark.hadoop.fs.s3a.access.key=admin --conf spark.hadoop.fs.s3a.secret.key=****** --conf spark.hadoop.fs.s3a.path.style.access=true --name arrow-spark --verbose /opt/***/jobs/process_taxi_data.py. Error code is: 1.; 211)
[2025-09-23T00:53:05.936+0000] {local_task_job_runner.py:243} INFO - Task exited with return code 1
[2025-09-23T00:53:05.965+0000] {taskinstance.py:3503} INFO - 0 downstream tasks scheduled from follow-on schedule check
[2025-09-23T00:53:05.966+0000] {local_task_job_runner.py:222} INFO - ::endgroup::
[2025-09-23T01:05:27.373+0000] {local_task_job_runner.py:120} INFO - ::group::Pre task execution logs
[2025-09-23T01:05:27.418+0000] {taskinstance.py:2076} INFO - Dependencies all met for dep_context=non-requeueable deps ti=<TaskInstance: spark_iceberg_pipeline.process_taxi_data scheduled__2025-09-22T00:00:00+00:00 [queued]>
[2025-09-23T01:05:27.429+0000] {taskinstance.py:2076} INFO - Dependencies all met for dep_context=requeueable deps ti=<TaskInstance: spark_iceberg_pipeline.process_taxi_data scheduled__2025-09-22T00:00:00+00:00 [queued]>
[2025-09-23T01:05:27.430+0000] {taskinstance.py:2306} INFO - Starting attempt 1 of 2
[2025-09-23T01:05:27.449+0000] {taskinstance.py:2330} INFO - Executing <Task(SparkSubmitOperator): process_taxi_data> on 2025-09-22 00:00:00+00:00
[2025-09-23T01:05:27.459+0000] {standard_task_runner.py:90} INFO - Running: ['***', 'tasks', 'run', 'spark_iceberg_pipeline', 'process_taxi_data', 'scheduled__2025-09-22T00:00:00+00:00', '--job-id', '4', '--raw', '--subdir', 'DAGS_FOLDER/spark_iceberg_pipeline.py', '--cfg-path', '/tmp/tmp0coksjj7']
[2025-09-23T01:05:27.463+0000] {standard_task_runner.py:91} INFO - Job 4: Subtask process_taxi_data
[2025-09-23T01:05:27.463+0000] {logging_mixin.py:188} WARNING - /home/***/.local/lib/python3.12/site-packages/***/task/task_runner/standard_task_runner.py:62 DeprecationWarning: This process (pid=210) is multi-threaded, use of fork() may lead to deadlocks in the child.
[2025-09-23T01:05:27.463+0000] {standard_task_runner.py:64} INFO - Started process 212 to run task
[2025-09-23T01:05:27.632+0000] {task_command.py:426} INFO - Running <TaskInstance: spark_iceberg_pipeline.process_taxi_data scheduled__2025-09-22T00:00:00+00:00 [running]> on host 59cf00d72bdb
[2025-09-23T01:05:27.784+0000] {taskinstance.py:2648} INFO - Exporting env vars: AIRFLOW_CTX_DAG_OWNER='***' AIRFLOW_CTX_DAG_ID='spark_iceberg_pipeline' AIRFLOW_CTX_TASK_ID='process_taxi_data' AIRFLOW_CTX_EXECUTION_DATE='2025-09-22T00:00:00+00:00' AIRFLOW_CTX_TRY_NUMBER='1' AIRFLOW_CTX_DAG_RUN_ID='scheduled__2025-09-22T00:00:00+00:00'
[2025-09-23T01:05:27.785+0000] {taskinstance.py:430} INFO - ::endgroup::
[2025-09-23T01:05:27.807+0000] {base.py:84} INFO - Using connection ID 'spark_default' for task execution.
[2025-09-23T01:05:27.810+0000] {spark_submit.py:473} INFO - Spark-Submit cmd: spark-submit --master spark-master:7077 --conf spark.jars.packages=org.apache.iceberg:iceberg-spark-runtime-3.5_2.12:1.5.0,org.projectnessie.nessie-integrations:nessie-spark-extensions-3.5_2.12:0.77.1,software.amazon.awssdk:bundle:2.24.8 --conf spark.sql.extensions=org.apache.iceberg.spark.extensions.IcebergSparkSessionExtensions,org.projectnessie.spark.extensions.NessieSparkSessionExtensions --conf spark.sql.catalog.nessie=org.apache.iceberg.spark.SparkCatalog --conf spark.sql.catalog.nessie.uri=http://nessie:19120/api/v1 --conf spark.sql.catalog.nessie.ref=main --conf spark.sql.catalog.nessie.authentication.type=NONE --conf spark.sql.catalog.nessie.catalog-impl=org.apache.iceberg.nessie.NessieCatalog --conf spark.sql.catalog.nessie.s3.endpoint=http://minio:9000 --conf spark.sql.catalog.nessie.warehouse=s3://gold/ --conf spark.sql.catalog.nessie.io-impl=org.apache.iceberg.aws.s3.S3FileIO --conf spark.hadoop.fs.s3a.endpoint=http://minio:9000 --conf spark.hadoop.fs.s3a.access.key=admin --conf spark.hadoop.fs.s3a.secret.key=****** --conf spark.hadoop.fs.s3a.path.style.access=true --name arrow-spark --verbose /opt/***/jobs/process_taxi_data.py
[2025-09-23T01:05:30.845+0000] {spark_submit.py:649} INFO - Using properties file: null
[2025-09-23T01:05:31.002+0000] {spark_submit.py:649} INFO - Parsed arguments:
[2025-09-23T01:05:31.003+0000] {spark_submit.py:649} INFO - master                  spark-master:7077
[2025-09-23T01:05:31.003+0000] {spark_submit.py:649} INFO - deployMode              null
[2025-09-23T01:05:31.004+0000] {spark_submit.py:649} INFO - executorMemory          null
[2025-09-23T01:05:31.004+0000] {spark_submit.py:649} INFO - executorCores           null
[2025-09-23T01:05:31.004+0000] {spark_submit.py:649} INFO - totalExecutorCores      null
[2025-09-23T01:05:31.005+0000] {spark_submit.py:649} INFO - propertiesFile          null
[2025-09-23T01:05:31.005+0000] {spark_submit.py:649} INFO - driverMemory            null
[2025-09-23T01:05:31.005+0000] {spark_submit.py:649} INFO - driverCores             null
[2025-09-23T01:05:31.005+0000] {spark_submit.py:649} INFO - driverExtraClassPath    null
[2025-09-23T01:05:31.005+0000] {spark_submit.py:649} INFO - driverExtraLibraryPath  null
[2025-09-23T01:05:31.005+0000] {spark_submit.py:649} INFO - driverExtraJavaOptions  null
[2025-09-23T01:05:31.005+0000] {spark_submit.py:649} INFO - supervise               false
[2025-09-23T01:05:31.006+0000] {spark_submit.py:649} INFO - queue                   null
[2025-09-23T01:05:31.006+0000] {spark_submit.py:649} INFO - numExecutors            null
[2025-09-23T01:05:31.006+0000] {spark_submit.py:649} INFO - files                   null
[2025-09-23T01:05:31.006+0000] {spark_submit.py:649} INFO - pyFiles                 null
[2025-09-23T01:05:31.006+0000] {spark_submit.py:649} INFO - archives                null
[2025-09-23T01:05:31.006+0000] {spark_submit.py:649} INFO - mainClass               null
[2025-09-23T01:05:31.007+0000] {spark_submit.py:649} INFO - primaryResource         file:/opt/***/jobs/process_taxi_data.py
[2025-09-23T01:05:31.007+0000] {spark_submit.py:649} INFO - name                    arrow-spark
[2025-09-23T01:05:31.007+0000] {spark_submit.py:649} INFO - childArgs               []
[2025-09-23T01:05:31.007+0000] {spark_submit.py:649} INFO - jars                    null
[2025-09-23T01:05:31.007+0000] {spark_submit.py:649} INFO - packages                org.apache.iceberg:iceberg-spark-runtime-3.5_2.12:1.5.0,org.projectnessie.nessie-integrations:nessie-spark-extensions-3.5_2.12:0.77.1,software.amazon.awssdk:bundle:2.24.8
[2025-09-23T01:05:31.007+0000] {spark_submit.py:649} INFO - packagesExclusions      null
[2025-09-23T01:05:31.007+0000] {spark_submit.py:649} INFO - repositories            null
[2025-09-23T01:05:31.007+0000] {spark_submit.py:649} INFO - verbose                 true
[2025-09-23T01:05:31.008+0000] {spark_submit.py:649} INFO - 
[2025-09-23T01:05:31.008+0000] {spark_submit.py:649} INFO - Spark properties used, including those specified through
[2025-09-23T01:05:31.008+0000] {spark_submit.py:649} INFO - --conf and those from the properties file null:
[2025-09-23T01:05:31.008+0000] {spark_submit.py:649} INFO - (spark.hadoop.fs.s3a.access.key,*********(redacted))
[2025-09-23T01:05:31.008+0000] {spark_submit.py:649} INFO - (spark.hadoop.fs.s3a.endpoint,http://minio:9000)
[2025-09-23T01:05:31.008+0000] {spark_submit.py:649} INFO - (spark.hadoop.fs.s3a.path.style.access,true)
[2025-09-23T01:05:31.008+0000] {spark_submit.py:649} INFO - (spark.hadoop.fs.s3a.secret.key,*********(redacted))
[2025-09-23T01:05:31.008+0000] {spark_submit.py:649} INFO - (spark.jars.packages,org.apache.iceberg:iceberg-spark-runtime-3.5_2.12:1.5.0,org.projectnessie.nessie-integrations:nessie-spark-extensions-3.5_2.12:0.77.1,software.amazon.awssdk:bundle:2.24.8)
[2025-09-23T01:05:31.009+0000] {spark_submit.py:649} INFO - (spark.sql.catalog.nessie,org.apache.iceberg.spark.SparkCatalog)
[2025-09-23T01:05:31.009+0000] {spark_submit.py:649} INFO - (spark.sql.catalog.nessie.authentication.type,NONE)
[2025-09-23T01:05:31.009+0000] {spark_submit.py:649} INFO - (spark.sql.catalog.nessie.catalog-impl,org.apache.iceberg.nessie.NessieCatalog)
[2025-09-23T01:05:31.009+0000] {spark_submit.py:649} INFO - (spark.sql.catalog.nessie.io-impl,org.apache.iceberg.aws.s3.S3FileIO)
[2025-09-23T01:05:31.009+0000] {spark_submit.py:649} INFO - (spark.sql.catalog.nessie.ref,main)
[2025-09-23T01:05:31.009+0000] {spark_submit.py:649} INFO - (spark.sql.catalog.nessie.s3.endpoint,http://minio:9000)
[2025-09-23T01:05:31.009+0000] {spark_submit.py:649} INFO - (spark.sql.catalog.nessie.uri,http://nessie:19120/api/v1)
[2025-09-23T01:05:31.009+0000] {spark_submit.py:649} INFO - (spark.sql.catalog.nessie.warehouse,s3://gold/)
[2025-09-23T01:05:31.010+0000] {spark_submit.py:649} INFO - (spark.sql.extensions,org.apache.iceberg.spark.extensions.IcebergSparkSessionExtensions,org.projectnessie.spark.extensions.NessieSparkSessionExtensions)
[2025-09-23T01:05:31.010+0000] {spark_submit.py:649} INFO - 
[2025-09-23T01:05:31.010+0000] {spark_submit.py:649} INFO - 
[2025-09-23T01:05:31.259+0000] {spark_submit.py:649} INFO - :: loading settings :: url = jar:file:/home/***/.local/lib/python3.12/site-packages/pyspark/jars/ivy-2.5.0.jar!/org/apache/ivy/core/settings/ivysettings.xml
[2025-09-23T01:05:31.465+0000] {spark_submit.py:649} INFO - Ivy Default Cache set to: /home/***/.ivy2/cache
[2025-09-23T01:05:31.465+0000] {spark_submit.py:649} INFO - The jars for the packages stored in: /home/***/.ivy2/jars
[2025-09-23T01:05:31.471+0000] {spark_submit.py:649} INFO - org.apache.iceberg#iceberg-spark-runtime-3.5_2.12 added as a dependency
[2025-09-23T01:05:31.471+0000] {spark_submit.py:649} INFO - org.projectnessie.nessie-integrations#nessie-spark-extensions-3.5_2.12 added as a dependency
[2025-09-23T01:05:31.472+0000] {spark_submit.py:649} INFO - software.amazon.awssdk#bundle added as a dependency
[2025-09-23T01:05:31.472+0000] {spark_submit.py:649} INFO - :: resolving dependencies :: org.apache.spark#spark-submit-parent-2ee2c121-4a3f-4640-8274-187f8a7f3503;1.0
[2025-09-23T01:05:31.473+0000] {spark_submit.py:649} INFO - confs: [default]
[2025-09-23T01:05:33.457+0000] {spark_submit.py:649} INFO - found org.apache.iceberg#iceberg-spark-runtime-3.5_2.12;1.5.0 in central
[2025-09-23T01:05:35.305+0000] {spark_submit.py:649} INFO - found org.projectnessie.nessie-integrations#nessie-spark-extensions-3.5_2.12;0.77.1 in central
[2025-09-23T01:05:39.600+0000] {spark_submit.py:649} INFO - found software.amazon.awssdk#bundle;2.24.8 in central
[2025-09-23T01:05:39.891+0000] {spark_submit.py:649} INFO - downloading https://repo1.maven.org/maven2/org/apache/iceberg/iceberg-spark-runtime-3.5_2.12/1.5.0/iceberg-spark-runtime-3.5_2.12-1.5.0.jar ...
[2025-09-23T01:07:11.741+0000] {spark_submit.py:649} INFO - downloading https://repo1.maven.org/maven2/software/amazon/awssdk/bundle/2.24.8/bundle-2.24.8.jar ...
[2025-09-23T01:07:49.278+0000] {spark_submit.py:649} INFO - [SUCCESSFUL ] software.amazon.awssdk#bundle;2.24.8!bundle.jar (37739ms)
[2025-09-23T01:07:49.282+0000] {spark_submit.py:649} INFO - :: resolution report :: resolve 8147ms :: artifacts dl 129659ms
[2025-09-23T01:07:49.282+0000] {spark_submit.py:649} INFO - :: modules in use:
[2025-09-23T01:07:49.283+0000] {spark_submit.py:649} INFO - org.apache.iceberg#iceberg-spark-runtime-3.5_2.12;1.5.0 from central in [default]
[2025-09-23T01:07:49.283+0000] {spark_submit.py:649} INFO - org.projectnessie.nessie-integrations#nessie-spark-extensions-3.5_2.12;0.77.1 from central in [default]
[2025-09-23T01:07:49.283+0000] {spark_submit.py:649} INFO - software.amazon.awssdk#bundle;2.24.8 from central in [default]
[2025-09-23T01:07:49.283+0000] {spark_submit.py:649} INFO - ---------------------------------------------------------------------
[2025-09-23T01:07:49.283+0000] {spark_submit.py:649} INFO - |                  |            modules            ||   artifacts   |
[2025-09-23T01:07:49.284+0000] {spark_submit.py:649} INFO - |       conf       | number| search|dwnlded|evicted|| number|dwnlded|
[2025-09-23T01:07:49.285+0000] {spark_submit.py:649} INFO - ---------------------------------------------------------------------
[2025-09-23T01:07:49.285+0000] {spark_submit.py:649} INFO - |      default     |   3   |   3   |   3   |   0   ||   3   |   1   |
[2025-09-23T01:07:49.285+0000] {spark_submit.py:649} INFO - ---------------------------------------------------------------------
[2025-09-23T01:07:49.285+0000] {spark_submit.py:649} INFO - 
[2025-09-23T01:07:49.285+0000] {spark_submit.py:649} INFO - :: problems summary ::
[2025-09-23T01:07:49.285+0000] {spark_submit.py:649} INFO - :::: WARNINGS
[2025-09-23T01:07:49.285+0000] {spark_submit.py:649} INFO - [FAILED     ] org.apache.iceberg#iceberg-spark-runtime-3.5_2.12;1.5.0!iceberg-spark-runtime-3.5_2.12.jar: Downloaded file size (0) doesn't match expected Content Length (41601849) for https://repo1.maven.org/maven2/org/apache/iceberg/iceberg-spark-runtime-3.5_2.12/1.5.0/iceberg-spark-runtime-3.5_2.12-1.5.0.jar. Please retry. (91909ms)
[2025-09-23T01:07:49.285+0000] {spark_submit.py:649} INFO - 
[2025-09-23T01:07:49.286+0000] {spark_submit.py:649} INFO - [FAILED     ] org.apache.iceberg#iceberg-spark-runtime-3.5_2.12;1.5.0!iceberg-spark-runtime-3.5_2.12.jar: Downloaded file size (0) doesn't match expected Content Length (41601849) for https://repo1.maven.org/maven2/org/apache/iceberg/iceberg-spark-runtime-3.5_2.12/1.5.0/iceberg-spark-runtime-3.5_2.12-1.5.0.jar. Please retry. (91909ms)
[2025-09-23T01:07:49.286+0000] {spark_submit.py:649} INFO - 
[2025-09-23T01:07:49.286+0000] {spark_submit.py:649} INFO - ==== central: tried
[2025-09-23T01:07:49.286+0000] {spark_submit.py:649} INFO - 
[2025-09-23T01:07:49.286+0000] {spark_submit.py:649} INFO - https://repo1.maven.org/maven2/org/apache/iceberg/iceberg-spark-runtime-3.5_2.12/1.5.0/iceberg-spark-runtime-3.5_2.12-1.5.0.jar
[2025-09-23T01:07:49.286+0000] {spark_submit.py:649} INFO - 
[2025-09-23T01:07:49.286+0000] {spark_submit.py:649} INFO - ::::::::::::::::::::::::::::::::::::::::::::::
[2025-09-23T01:07:49.286+0000] {spark_submit.py:649} INFO - 
[2025-09-23T01:07:49.286+0000] {spark_submit.py:649} INFO - ::              FAILED DOWNLOADS            ::
[2025-09-23T01:07:49.286+0000] {spark_submit.py:649} INFO - 
[2025-09-23T01:07:49.286+0000] {spark_submit.py:649} INFO - :: ^ see resolution messages for details  ^ ::
[2025-09-23T01:07:49.286+0000] {spark_submit.py:649} INFO - 
[2025-09-23T01:07:49.286+0000] {spark_submit.py:649} INFO - ::::::::::::::::::::::::::::::::::::::::::::::
[2025-09-23T01:07:49.286+0000] {spark_submit.py:649} INFO - 
[2025-09-23T01:07:49.286+0000] {spark_submit.py:649} INFO - :: org.apache.iceberg#iceberg-spark-runtime-3.5_2.12;1.5.0!iceberg-spark-runtime-3.5_2.12.jar
[2025-09-23T01:07:49.286+0000] {spark_submit.py:649} INFO - 
[2025-09-23T01:07:49.287+0000] {spark_submit.py:649} INFO - ::::::::::::::::::::::::::::::::::::::::::::::
[2025-09-23T01:07:49.287+0000] {spark_submit.py:649} INFO - 
[2025-09-23T01:07:49.287+0000] {spark_submit.py:649} INFO - 
[2025-09-23T01:07:49.287+0000] {spark_submit.py:649} INFO - 
[2025-09-23T01:07:49.287+0000] {spark_submit.py:649} INFO - :: USE VERBOSE OR DEBUG MESSAGE LEVEL FOR MORE DETAILS
[2025-09-23T01:07:49.287+0000] {spark_submit.py:649} INFO - Exception in thread "main" java.lang.RuntimeException: [download failed: org.apache.iceberg#iceberg-spark-runtime-3.5_2.12;1.5.0!iceberg-spark-runtime-3.5_2.12.jar]
[2025-09-23T01:07:49.287+0000] {spark_submit.py:649} INFO - at org.apache.spark.deploy.SparkSubmitUtils$.resolveMavenCoordinates(SparkSubmit.scala:1456)
[2025-09-23T01:07:49.287+0000] {spark_submit.py:649} INFO - at org.apache.spark.util.DependencyUtils$.resolveMavenDependencies(DependencyUtils.scala:185)
[2025-09-23T01:07:49.287+0000] {spark_submit.py:649} INFO - at org.apache.spark.deploy.SparkSubmit.prepareSubmitEnvironment(SparkSubmit.scala:308)
[2025-09-23T01:07:49.287+0000] {spark_submit.py:649} INFO - at org.apache.spark.deploy.SparkSubmit.org$apache$spark$deploy$SparkSubmit$$runMain(SparkSubmit.scala:901)
[2025-09-23T01:07:49.287+0000] {spark_submit.py:649} INFO - at org.apache.spark.deploy.SparkSubmit.doRunMain$1(SparkSubmit.scala:180)
[2025-09-23T01:07:49.288+0000] {spark_submit.py:649} INFO - at org.apache.spark.deploy.SparkSubmit.submit(SparkSubmit.scala:203)
[2025-09-23T01:07:49.288+0000] {spark_submit.py:649} INFO - at org.apache.spark.deploy.SparkSubmit.doSubmit(SparkSubmit.scala:90)
[2025-09-23T01:07:49.288+0000] {spark_submit.py:649} INFO - at org.apache.spark.deploy.SparkSubmit$$anon$2.doSubmit(SparkSubmit.scala:1046)
[2025-09-23T01:07:49.288+0000] {spark_submit.py:649} INFO - at org.apache.spark.deploy.SparkSubmit$.main(SparkSubmit.scala:1055)
[2025-09-23T01:07:49.288+0000] {spark_submit.py:649} INFO - at org.apache.spark.deploy.SparkSubmit.main(SparkSubmit.scala)
[2025-09-23T01:07:49.329+0000] {taskinstance.py:441} INFO - ::group::Post task execution logs
[2025-09-23T01:07:49.339+0000] {taskinstance.py:2905} ERROR - Task failed with exception
Traceback (most recent call last):
  File "/home/airflow/.local/lib/python3.12/site-packages/airflow/models/taskinstance.py", line 465, in _execute_task
    result = _execute_callable(context=context, **execute_callable_kwargs)
             ^^^^^^^^^^^^^^^^^^^^^^^^^^^^^^^^^^^^^^^^^^^^^^^^^^^^^^^^^^^^^
  File "/home/airflow/.local/lib/python3.12/site-packages/airflow/models/taskinstance.py", line 432, in _execute_callable
    return execute_callable(context=context, **execute_callable_kwargs)
           ^^^^^^^^^^^^^^^^^^^^^^^^^^^^^^^^^^^^^^^^^^^^^^^^^^^^^^^^^^^^
  File "/home/airflow/.local/lib/python3.12/site-packages/airflow/models/baseoperator.py", line 401, in wrapper
    return func(self, *args, **kwargs)
           ^^^^^^^^^^^^^^^^^^^^^^^^^^^
  File "/home/airflow/.local/lib/python3.12/site-packages/airflow/providers/apache/spark/operators/spark_submit.py", line 176, in execute
    self._hook.submit(self.application)
  File "/home/airflow/.local/lib/python3.12/site-packages/airflow/providers/apache/spark/hooks/spark_submit.py", line 575, in submit
    raise AirflowException(
airflow.exceptions.AirflowException: Cannot execute: spark-submit --master spark-master:7077 --conf spark.jars.packages=org.apache.iceberg:iceberg-spark-runtime-3.5_2.12:1.5.0,org.projectnessie.nessie-integrations:nessie-spark-extensions-3.5_2.12:0.77.1,software.amazon.awssdk:bundle:2.24.8 --conf spark.sql.extensions=org.apache.iceberg.spark.extensions.IcebergSparkSessionExtensions,org.projectnessie.spark.extensions.NessieSparkSessionExtensions --conf spark.sql.catalog.nessie=org.apache.iceberg.spark.SparkCatalog --conf spark.sql.catalog.nessie.uri=http://nessie:19120/api/v1 --conf spark.sql.catalog.nessie.ref=main --conf spark.sql.catalog.nessie.authentication.type=NONE --conf spark.sql.catalog.nessie.catalog-impl=org.apache.iceberg.nessie.NessieCatalog --conf spark.sql.catalog.nessie.s3.endpoint=http://minio:9000 --conf spark.sql.catalog.nessie.warehouse=s3://gold/ --conf spark.sql.catalog.nessie.io-impl=org.apache.iceberg.aws.s3.S3FileIO --conf spark.hadoop.fs.s3a.endpoint=http://minio:9000 --conf spark.hadoop.fs.s3a.access.key=admin --conf spark.hadoop.fs.s3a.secret.key=****** --conf spark.hadoop.fs.s3a.path.style.access=true --name arrow-spark --verbose /opt/***/jobs/process_taxi_data.py. Error code is: 1.
[2025-09-23T01:07:49.350+0000] {taskinstance.py:1206} INFO - Marking task as UP_FOR_RETRY. dag_id=spark_iceberg_pipeline, task_id=process_taxi_data, run_id=scheduled__2025-09-22T00:00:00+00:00, execution_date=20250922T000000, start_date=20250923T010527, end_date=20250923T010749
[2025-09-23T01:07:49.364+0000] {standard_task_runner.py:110} ERROR - Failed to execute job 4 for task process_taxi_data (Cannot execute: spark-submit --master spark-master:7077 --conf spark.jars.packages=org.apache.iceberg:iceberg-spark-runtime-3.5_2.12:1.5.0,org.projectnessie.nessie-integrations:nessie-spark-extensions-3.5_2.12:0.77.1,software.amazon.awssdk:bundle:2.24.8 --conf spark.sql.extensions=org.apache.iceberg.spark.extensions.IcebergSparkSessionExtensions,org.projectnessie.spark.extensions.NessieSparkSessionExtensions --conf spark.sql.catalog.nessie=org.apache.iceberg.spark.SparkCatalog --conf spark.sql.catalog.nessie.uri=http://nessie:19120/api/v1 --conf spark.sql.catalog.nessie.ref=main --conf spark.sql.catalog.nessie.authentication.type=NONE --conf spark.sql.catalog.nessie.catalog-impl=org.apache.iceberg.nessie.NessieCatalog --conf spark.sql.catalog.nessie.s3.endpoint=http://minio:9000 --conf spark.sql.catalog.nessie.warehouse=s3://gold/ --conf spark.sql.catalog.nessie.io-impl=org.apache.iceberg.aws.s3.S3FileIO --conf spark.hadoop.fs.s3a.endpoint=http://minio:9000 --conf spark.hadoop.fs.s3a.access.key=admin --conf spark.hadoop.fs.s3a.secret.key=****** --conf spark.hadoop.fs.s3a.path.style.access=true --name arrow-spark --verbose /opt/***/jobs/process_taxi_data.py. Error code is: 1.; 212)
[2025-09-23T01:07:49.383+0000] {local_task_job_runner.py:243} INFO - Task exited with return code 1
[2025-09-23T01:07:49.412+0000] {taskinstance.py:3503} INFO - 0 downstream tasks scheduled from follow-on schedule check
[2025-09-23T01:07:49.414+0000] {local_task_job_runner.py:222} INFO - ::endgroup::
