[2025-09-23T00:07:48.530+0000] {local_task_job_runner.py:120} INFO - ::group::Pre task execution logs
[2025-09-23T00:07:48.571+0000] {taskinstance.py:2076} INFO - Dependencies all met for dep_context=non-requeueable deps ti=<TaskInstance: spark_iceberg_pipeline.process_taxi_data scheduled__2025-09-22T00:00:00+00:00 [queued]>
[2025-09-23T00:07:48.578+0000] {taskinstance.py:2076} INFO - Dependencies all met for dep_context=requeueable deps ti=<TaskInstance: spark_iceberg_pipeline.process_taxi_data scheduled__2025-09-22T00:00:00+00:00 [queued]>
[2025-09-23T00:07:48.579+0000] {taskinstance.py:2306} INFO - Starting attempt 2 of 2
[2025-09-23T00:07:48.593+0000] {taskinstance.py:2330} INFO - Executing <Task(SparkSubmitOperator): process_taxi_data> on 2025-09-22 00:00:00+00:00
[2025-09-23T00:07:48.601+0000] {standard_task_runner.py:90} INFO - Running: ['***', 'tasks', 'run', 'spark_iceberg_pipeline', 'process_taxi_data', 'scheduled__2025-09-22T00:00:00+00:00', '--job-id', '9', '--raw', '--subdir', 'DAGS_FOLDER/spark_iceberg_pipeline.py', '--cfg-path', '/tmp/tmp4s9ik2xd']
[2025-09-23T00:07:48.603+0000] {standard_task_runner.py:91} INFO - Job 9: Subtask process_taxi_data
[2025-09-23T00:07:48.606+0000] {logging_mixin.py:188} WARNING - /home/***/.local/lib/python3.12/site-packages/***/task/task_runner/standard_task_runner.py:62 DeprecationWarning: This process (pid=271) is multi-threaded, use of fork() may lead to deadlocks in the child.
[2025-09-23T00:07:48.606+0000] {standard_task_runner.py:64} INFO - Started process 273 to run task
[2025-09-23T00:07:48.676+0000] {task_command.py:426} INFO - Running <TaskInstance: spark_iceberg_pipeline.process_taxi_data scheduled__2025-09-22T00:00:00+00:00 [running]> on host bff560919a81
[2025-09-23T00:07:48.840+0000] {taskinstance.py:2648} INFO - Exporting env vars: AIRFLOW_CTX_DAG_OWNER='***' AIRFLOW_CTX_DAG_ID='spark_iceberg_pipeline' AIRFLOW_CTX_TASK_ID='process_taxi_data' AIRFLOW_CTX_EXECUTION_DATE='2025-09-22T00:00:00+00:00' AIRFLOW_CTX_TRY_NUMBER='2' AIRFLOW_CTX_DAG_RUN_ID='scheduled__2025-09-22T00:00:00+00:00'
[2025-09-23T00:07:48.841+0000] {taskinstance.py:430} INFO - ::endgroup::
[2025-09-23T00:07:48.913+0000] {spark_submit.py:304} INFO - Could not load connection string spark_default, defaulting to yarn
[2025-09-23T00:07:48.917+0000] {spark_submit.py:473} INFO - Spark-Submit cmd: spark-submit --master yarn --conf spark.jars.packages=org.apache.iceberg:iceberg-spark-runtime-3.5_2.12:1.5.0,org.projectnessie.nessie-integrations:nessie-spark-extensions-3.5_2.12:0.77.1,software.amazon.awssdk:bundle:2.24.8 --conf spark.sql.extensions=org.apache.iceberg.spark.extensions.IcebergSparkSessionExtensions,org.projectnessie.spark.extensions.NessieSparkSessionExtensions --conf spark.sql.catalog.nessie=org.apache.iceberg.spark.SparkCatalog --conf spark.sql.catalog.nessie.uri=http://nessie:19120/api/v1 --conf spark.sql.catalog.nessie.ref=main --conf spark.sql.catalog.nessie.authentication.type=NONE --conf spark.sql.catalog.nessie.catalog-impl=org.apache.iceberg.nessie.NessieCatalog --conf spark.sql.catalog.nessie.s3.endpoint=http://minio:9000 --conf spark.sql.catalog.nessie.warehouse=s3://gold/ --conf spark.sql.catalog.nessie.io-impl=org.apache.iceberg.aws.s3.S3FileIO --conf spark.hadoop.fs.s3a.endpoint=http://minio:9000 --conf spark.hadoop.fs.s3a.access.key=admin --conf spark.hadoop.fs.s3a.secret.key=****** --conf spark.hadoop.fs.s3a.path.style.access=true --name arrow-spark --verbose /opt/***/jobs/process_taxi_data.py
[2025-09-23T00:07:49.067+0000] {spark_submit.py:649} INFO - /home/***/.local/lib/python3.12/site-packages/pyspark/bin/load-spark-env.sh: line 68: ps: command not found
[2025-09-23T00:07:49.068+0000] {spark_submit.py:649} INFO - JAVA_HOME is not set
[2025-09-23T00:07:49.071+0000] {taskinstance.py:441} INFO - ::group::Post task execution logs
[2025-09-23T00:07:49.081+0000] {taskinstance.py:2905} ERROR - Task failed with exception
Traceback (most recent call last):
  File "/home/airflow/.local/lib/python3.12/site-packages/airflow/models/taskinstance.py", line 465, in _execute_task
    result = _execute_callable(context=context, **execute_callable_kwargs)
             ^^^^^^^^^^^^^^^^^^^^^^^^^^^^^^^^^^^^^^^^^^^^^^^^^^^^^^^^^^^^^
  File "/home/airflow/.local/lib/python3.12/site-packages/airflow/models/taskinstance.py", line 432, in _execute_callable
    return execute_callable(context=context, **execute_callable_kwargs)
           ^^^^^^^^^^^^^^^^^^^^^^^^^^^^^^^^^^^^^^^^^^^^^^^^^^^^^^^^^^^^
  File "/home/airflow/.local/lib/python3.12/site-packages/airflow/models/baseoperator.py", line 401, in wrapper
    return func(self, *args, **kwargs)
           ^^^^^^^^^^^^^^^^^^^^^^^^^^^
  File "/home/airflow/.local/lib/python3.12/site-packages/airflow/providers/apache/spark/operators/spark_submit.py", line 176, in execute
    self._hook.submit(self.application)
  File "/home/airflow/.local/lib/python3.12/site-packages/airflow/providers/apache/spark/hooks/spark_submit.py", line 575, in submit
    raise AirflowException(
airflow.exceptions.AirflowException: Cannot execute: spark-submit --master yarn --conf spark.jars.packages=org.apache.iceberg:iceberg-spark-runtime-3.5_2.12:1.5.0,org.projectnessie.nessie-integrations:nessie-spark-extensions-3.5_2.12:0.77.1,software.amazon.awssdk:bundle:2.24.8 --conf spark.sql.extensions=org.apache.iceberg.spark.extensions.IcebergSparkSessionExtensions,org.projectnessie.spark.extensions.NessieSparkSessionExtensions --conf spark.sql.catalog.nessie=org.apache.iceberg.spark.SparkCatalog --conf spark.sql.catalog.nessie.uri=http://nessie:19120/api/v1 --conf spark.sql.catalog.nessie.ref=main --conf spark.sql.catalog.nessie.authentication.type=NONE --conf spark.sql.catalog.nessie.catalog-impl=org.apache.iceberg.nessie.NessieCatalog --conf spark.sql.catalog.nessie.s3.endpoint=http://minio:9000 --conf spark.sql.catalog.nessie.warehouse=s3://gold/ --conf spark.sql.catalog.nessie.io-impl=org.apache.iceberg.aws.s3.S3FileIO --conf spark.hadoop.fs.s3a.endpoint=http://minio:9000 --conf spark.hadoop.fs.s3a.access.key=admin --conf spark.hadoop.fs.s3a.secret.key=****** --conf spark.hadoop.fs.s3a.path.style.access=true --name arrow-spark --verbose /opt/***/jobs/process_taxi_data.py. Error code is: 1.
[2025-09-23T00:07:49.085+0000] {taskinstance.py:1206} INFO - Marking task as FAILED. dag_id=spark_iceberg_pipeline, task_id=process_taxi_data, run_id=scheduled__2025-09-22T00:00:00+00:00, execution_date=20250922T000000, start_date=20250923T000748, end_date=20250923T000749
[2025-09-23T00:07:49.094+0000] {standard_task_runner.py:110} ERROR - Failed to execute job 9 for task process_taxi_data (Cannot execute: spark-submit --master yarn --conf spark.jars.packages=org.apache.iceberg:iceberg-spark-runtime-3.5_2.12:1.5.0,org.projectnessie.nessie-integrations:nessie-spark-extensions-3.5_2.12:0.77.1,software.amazon.awssdk:bundle:2.24.8 --conf spark.sql.extensions=org.apache.iceberg.spark.extensions.IcebergSparkSessionExtensions,org.projectnessie.spark.extensions.NessieSparkSessionExtensions --conf spark.sql.catalog.nessie=org.apache.iceberg.spark.SparkCatalog --conf spark.sql.catalog.nessie.uri=http://nessie:19120/api/v1 --conf spark.sql.catalog.nessie.ref=main --conf spark.sql.catalog.nessie.authentication.type=NONE --conf spark.sql.catalog.nessie.catalog-impl=org.apache.iceberg.nessie.NessieCatalog --conf spark.sql.catalog.nessie.s3.endpoint=http://minio:9000 --conf spark.sql.catalog.nessie.warehouse=s3://gold/ --conf spark.sql.catalog.nessie.io-impl=org.apache.iceberg.aws.s3.S3FileIO --conf spark.hadoop.fs.s3a.endpoint=http://minio:9000 --conf spark.hadoop.fs.s3a.access.key=admin --conf spark.hadoop.fs.s3a.secret.key=****** --conf spark.hadoop.fs.s3a.path.style.access=true --name arrow-spark --verbose /opt/***/jobs/process_taxi_data.py. Error code is: 1.; 273)
[2025-09-23T00:07:49.104+0000] {local_task_job_runner.py:243} INFO - Task exited with return code 1
[2025-09-23T00:07:49.120+0000] {taskinstance.py:3503} INFO - 0 downstream tasks scheduled from follow-on schedule check
[2025-09-23T00:07:49.122+0000] {local_task_job_runner.py:222} INFO - ::endgroup::
[2025-09-23T00:46:45.537+0000] {local_task_job_runner.py:120} INFO - ::group::Pre task execution logs
[2025-09-23T00:46:45.578+0000] {taskinstance.py:2076} INFO - Dependencies all met for dep_context=non-requeueable deps ti=<TaskInstance: spark_iceberg_pipeline.process_taxi_data scheduled__2025-09-22T00:00:00+00:00 [queued]>
[2025-09-23T00:46:45.586+0000] {taskinstance.py:2076} INFO - Dependencies all met for dep_context=requeueable deps ti=<TaskInstance: spark_iceberg_pipeline.process_taxi_data scheduled__2025-09-22T00:00:00+00:00 [queued]>
[2025-09-23T00:46:45.588+0000] {taskinstance.py:2306} INFO - Starting attempt 2 of 2
[2025-09-23T00:46:45.603+0000] {taskinstance.py:2330} INFO - Executing <Task(SparkSubmitOperator): process_taxi_data> on 2025-09-22 00:00:00+00:00
[2025-09-23T00:46:45.613+0000] {standard_task_runner.py:90} INFO - Running: ['***', 'tasks', 'run', 'spark_iceberg_pipeline', 'process_taxi_data', 'scheduled__2025-09-22T00:00:00+00:00', '--job-id', '8', '--raw', '--subdir', 'DAGS_FOLDER/spark_iceberg_pipeline.py', '--cfg-path', '/tmp/tmpib550awq']
[2025-09-23T00:46:45.617+0000] {standard_task_runner.py:91} INFO - Job 8: Subtask process_taxi_data
[2025-09-23T00:46:45.620+0000] {logging_mixin.py:188} WARNING - /home/***/.local/lib/python3.12/site-packages/***/task/task_runner/standard_task_runner.py:62 DeprecationWarning: This process (pid=446) is multi-threaded, use of fork() may lead to deadlocks in the child.
[2025-09-23T00:46:45.621+0000] {standard_task_runner.py:64} INFO - Started process 447 to run task
[2025-09-23T00:46:45.680+0000] {task_command.py:426} INFO - Running <TaskInstance: spark_iceberg_pipeline.process_taxi_data scheduled__2025-09-22T00:00:00+00:00 [running]> on host 3b4bdc1cae36
[2025-09-23T00:46:45.789+0000] {taskinstance.py:2648} INFO - Exporting env vars: AIRFLOW_CTX_DAG_OWNER='***' AIRFLOW_CTX_DAG_ID='spark_iceberg_pipeline' AIRFLOW_CTX_TASK_ID='process_taxi_data' AIRFLOW_CTX_EXECUTION_DATE='2025-09-22T00:00:00+00:00' AIRFLOW_CTX_TRY_NUMBER='2' AIRFLOW_CTX_DAG_RUN_ID='scheduled__2025-09-22T00:00:00+00:00'
[2025-09-23T00:46:45.791+0000] {taskinstance.py:430} INFO - ::endgroup::
[2025-09-23T00:46:45.814+0000] {spark_submit.py:304} INFO - Could not load connection string spark_default, defaulting to yarn
[2025-09-23T00:46:45.817+0000] {spark_submit.py:473} INFO - Spark-Submit cmd: spark-submit --master yarn --conf spark.jars.packages=org.apache.iceberg:iceberg-spark-runtime-3.5_2.12:1.5.0,org.projectnessie.nessie-integrations:nessie-spark-extensions-3.5_2.12:0.77.1,software.amazon.awssdk:bundle:2.24.8 --conf spark.sql.extensions=org.apache.iceberg.spark.extensions.IcebergSparkSessionExtensions,org.projectnessie.spark.extensions.NessieSparkSessionExtensions --conf spark.sql.catalog.nessie=org.apache.iceberg.spark.SparkCatalog --conf spark.sql.catalog.nessie.uri=http://nessie:19120/api/v1 --conf spark.sql.catalog.nessie.ref=main --conf spark.sql.catalog.nessie.authentication.type=NONE --conf spark.sql.catalog.nessie.catalog-impl=org.apache.iceberg.nessie.NessieCatalog --conf spark.sql.catalog.nessie.s3.endpoint=http://minio:9000 --conf spark.sql.catalog.nessie.warehouse=s3://gold/ --conf spark.sql.catalog.nessie.io-impl=org.apache.iceberg.aws.s3.S3FileIO --conf spark.hadoop.fs.s3a.endpoint=http://minio:9000 --conf spark.hadoop.fs.s3a.access.key=admin --conf spark.hadoop.fs.s3a.secret.key=****** --conf spark.hadoop.fs.s3a.path.style.access=true --name arrow-spark --verbose /opt/***/jobs/process_taxi_data.py
[2025-09-23T00:46:48.151+0000] {spark_submit.py:649} INFO - Using properties file: null
[2025-09-23T00:46:48.321+0000] {spark_submit.py:649} INFO - Exception in thread "main" org.apache.spark.SparkException: When running with master 'yarn' either HADOOP_CONF_DIR or YARN_CONF_DIR must be set in the environment.
[2025-09-23T00:46:48.321+0000] {spark_submit.py:649} INFO - at org.apache.spark.deploy.SparkSubmitArguments.error(SparkSubmitArguments.scala:634)
[2025-09-23T00:46:48.321+0000] {spark_submit.py:649} INFO - at org.apache.spark.deploy.SparkSubmitArguments.validateSubmitArguments(SparkSubmitArguments.scala:274)
[2025-09-23T00:46:48.321+0000] {spark_submit.py:649} INFO - at org.apache.spark.deploy.SparkSubmitArguments.validateArguments(SparkSubmitArguments.scala:234)
[2025-09-23T00:46:48.322+0000] {spark_submit.py:649} INFO - at org.apache.spark.deploy.SparkSubmitArguments.<init>(SparkSubmitArguments.scala:119)
[2025-09-23T00:46:48.322+0000] {spark_submit.py:649} INFO - at org.apache.spark.deploy.SparkSubmit$$anon$2$$anon$3.<init>(SparkSubmit.scala:1029)
[2025-09-23T00:46:48.322+0000] {spark_submit.py:649} INFO - at org.apache.spark.deploy.SparkSubmit$$anon$2.parseArguments(SparkSubmit.scala:1029)
[2025-09-23T00:46:48.322+0000] {spark_submit.py:649} INFO - at org.apache.spark.deploy.SparkSubmit.doSubmit(SparkSubmit.scala:85)
[2025-09-23T00:46:48.322+0000] {spark_submit.py:649} INFO - at org.apache.spark.deploy.SparkSubmit$$anon$2.doSubmit(SparkSubmit.scala:1046)
[2025-09-23T00:46:48.322+0000] {spark_submit.py:649} INFO - at org.apache.spark.deploy.SparkSubmit$.main(SparkSubmit.scala:1055)
[2025-09-23T00:46:48.322+0000] {spark_submit.py:649} INFO - at org.apache.spark.deploy.SparkSubmit.main(SparkSubmit.scala)
[2025-09-23T00:46:48.345+0000] {taskinstance.py:441} INFO - ::group::Post task execution logs
[2025-09-23T00:46:48.359+0000] {taskinstance.py:2905} ERROR - Task failed with exception
Traceback (most recent call last):
  File "/home/airflow/.local/lib/python3.12/site-packages/airflow/models/taskinstance.py", line 465, in _execute_task
    result = _execute_callable(context=context, **execute_callable_kwargs)
             ^^^^^^^^^^^^^^^^^^^^^^^^^^^^^^^^^^^^^^^^^^^^^^^^^^^^^^^^^^^^^
  File "/home/airflow/.local/lib/python3.12/site-packages/airflow/models/taskinstance.py", line 432, in _execute_callable
    return execute_callable(context=context, **execute_callable_kwargs)
           ^^^^^^^^^^^^^^^^^^^^^^^^^^^^^^^^^^^^^^^^^^^^^^^^^^^^^^^^^^^^
  File "/home/airflow/.local/lib/python3.12/site-packages/airflow/models/baseoperator.py", line 401, in wrapper
    return func(self, *args, **kwargs)
           ^^^^^^^^^^^^^^^^^^^^^^^^^^^
  File "/home/airflow/.local/lib/python3.12/site-packages/airflow/providers/apache/spark/operators/spark_submit.py", line 176, in execute
    self._hook.submit(self.application)
  File "/home/airflow/.local/lib/python3.12/site-packages/airflow/providers/apache/spark/hooks/spark_submit.py", line 575, in submit
    raise AirflowException(
airflow.exceptions.AirflowException: Cannot execute: spark-submit --master yarn --conf spark.jars.packages=org.apache.iceberg:iceberg-spark-runtime-3.5_2.12:1.5.0,org.projectnessie.nessie-integrations:nessie-spark-extensions-3.5_2.12:0.77.1,software.amazon.awssdk:bundle:2.24.8 --conf spark.sql.extensions=org.apache.iceberg.spark.extensions.IcebergSparkSessionExtensions,org.projectnessie.spark.extensions.NessieSparkSessionExtensions --conf spark.sql.catalog.nessie=org.apache.iceberg.spark.SparkCatalog --conf spark.sql.catalog.nessie.uri=http://nessie:19120/api/v1 --conf spark.sql.catalog.nessie.ref=main --conf spark.sql.catalog.nessie.authentication.type=NONE --conf spark.sql.catalog.nessie.catalog-impl=org.apache.iceberg.nessie.NessieCatalog --conf spark.sql.catalog.nessie.s3.endpoint=http://minio:9000 --conf spark.sql.catalog.nessie.warehouse=s3://gold/ --conf spark.sql.catalog.nessie.io-impl=org.apache.iceberg.aws.s3.S3FileIO --conf spark.hadoop.fs.s3a.endpoint=http://minio:9000 --conf spark.hadoop.fs.s3a.access.key=admin --conf spark.hadoop.fs.s3a.secret.key=****** --conf spark.hadoop.fs.s3a.path.style.access=true --name arrow-spark --verbose /opt/***/jobs/process_taxi_data.py. Error code is: 1.
[2025-09-23T00:46:48.365+0000] {taskinstance.py:1206} INFO - Marking task as FAILED. dag_id=spark_iceberg_pipeline, task_id=process_taxi_data, run_id=scheduled__2025-09-22T00:00:00+00:00, execution_date=20250922T000000, start_date=20250923T004645, end_date=20250923T004648
[2025-09-23T00:46:48.377+0000] {standard_task_runner.py:110} ERROR - Failed to execute job 8 for task process_taxi_data (Cannot execute: spark-submit --master yarn --conf spark.jars.packages=org.apache.iceberg:iceberg-spark-runtime-3.5_2.12:1.5.0,org.projectnessie.nessie-integrations:nessie-spark-extensions-3.5_2.12:0.77.1,software.amazon.awssdk:bundle:2.24.8 --conf spark.sql.extensions=org.apache.iceberg.spark.extensions.IcebergSparkSessionExtensions,org.projectnessie.spark.extensions.NessieSparkSessionExtensions --conf spark.sql.catalog.nessie=org.apache.iceberg.spark.SparkCatalog --conf spark.sql.catalog.nessie.uri=http://nessie:19120/api/v1 --conf spark.sql.catalog.nessie.ref=main --conf spark.sql.catalog.nessie.authentication.type=NONE --conf spark.sql.catalog.nessie.catalog-impl=org.apache.iceberg.nessie.NessieCatalog --conf spark.sql.catalog.nessie.s3.endpoint=http://minio:9000 --conf spark.sql.catalog.nessie.warehouse=s3://gold/ --conf spark.sql.catalog.nessie.io-impl=org.apache.iceberg.aws.s3.S3FileIO --conf spark.hadoop.fs.s3a.endpoint=http://minio:9000 --conf spark.hadoop.fs.s3a.access.key=admin --conf spark.hadoop.fs.s3a.secret.key=****** --conf spark.hadoop.fs.s3a.path.style.access=true --name arrow-spark --verbose /opt/***/jobs/process_taxi_data.py. Error code is: 1.; 447)
[2025-09-23T00:46:48.416+0000] {local_task_job_runner.py:243} INFO - Task exited with return code 1
[2025-09-23T00:46:48.441+0000] {taskinstance.py:3503} INFO - 0 downstream tasks scheduled from follow-on schedule check
[2025-09-23T00:46:48.448+0000] {local_task_job_runner.py:222} INFO - ::endgroup::
[2025-09-23T00:58:06.764+0000] {local_task_job_runner.py:120} INFO - ::group::Pre task execution logs
[2025-09-23T00:58:06.831+0000] {taskinstance.py:2076} INFO - Dependencies all met for dep_context=non-requeueable deps ti=<TaskInstance: spark_iceberg_pipeline.process_taxi_data scheduled__2025-09-22T00:00:00+00:00 [queued]>
[2025-09-23T00:58:06.841+0000] {taskinstance.py:2076} INFO - Dependencies all met for dep_context=requeueable deps ti=<TaskInstance: spark_iceberg_pipeline.process_taxi_data scheduled__2025-09-22T00:00:00+00:00 [queued]>
[2025-09-23T00:58:06.841+0000] {taskinstance.py:2306} INFO - Starting attempt 2 of 2
[2025-09-23T00:58:06.858+0000] {taskinstance.py:2330} INFO - Executing <Task(SparkSubmitOperator): process_taxi_data> on 2025-09-22 00:00:00+00:00
[2025-09-23T00:58:06.899+0000] {logging_mixin.py:188} WARNING - /home/***/.local/lib/python3.12/site-packages/***/task/task_runner/standard_task_runner.py:62 DeprecationWarning: This process (pid=402) is multi-threaded, use of fork() may lead to deadlocks in the child.
[2025-09-23T00:58:06.891+0000] {standard_task_runner.py:90} INFO - Running: ['***', 'tasks', 'run', 'spark_iceberg_pipeline', 'process_taxi_data', 'scheduled__2025-09-22T00:00:00+00:00', '--job-id', '6', '--raw', '--subdir', 'DAGS_FOLDER/spark_iceberg_pipeline.py', '--cfg-path', '/tmp/tmp6n04mu50']
[2025-09-23T00:58:06.902+0000] {standard_task_runner.py:91} INFO - Job 6: Subtask process_taxi_data
[2025-09-23T00:58:06.902+0000] {standard_task_runner.py:64} INFO - Started process 442 to run task
[2025-09-23T00:58:07.118+0000] {task_command.py:426} INFO - Running <TaskInstance: spark_iceberg_pipeline.process_taxi_data scheduled__2025-09-22T00:00:00+00:00 [running]> on host ab7717a897ae
[2025-09-23T00:58:07.422+0000] {taskinstance.py:2648} INFO - Exporting env vars: AIRFLOW_CTX_DAG_OWNER='***' AIRFLOW_CTX_DAG_ID='spark_iceberg_pipeline' AIRFLOW_CTX_TASK_ID='process_taxi_data' AIRFLOW_CTX_EXECUTION_DATE='2025-09-22T00:00:00+00:00' AIRFLOW_CTX_TRY_NUMBER='2' AIRFLOW_CTX_DAG_RUN_ID='scheduled__2025-09-22T00:00:00+00:00'
[2025-09-23T00:58:07.423+0000] {taskinstance.py:430} INFO - ::endgroup::
[2025-09-23T00:58:07.465+0000] {base.py:84} INFO - Using connection ID 'spark_default' for task execution.
[2025-09-23T00:58:07.469+0000] {spark_submit.py:473} INFO - Spark-Submit cmd: spark-submit --master spark-master:7077 --conf spark.jars.packages=org.apache.iceberg:iceberg-spark-runtime-3.5_2.12:1.5.0,org.projectnessie.nessie-integrations:nessie-spark-extensions-3.5_2.12:0.77.1,software.amazon.awssdk:bundle:2.24.8 --conf spark.sql.extensions=org.apache.iceberg.spark.extensions.IcebergSparkSessionExtensions,org.projectnessie.spark.extensions.NessieSparkSessionExtensions --conf spark.sql.catalog.nessie=org.apache.iceberg.spark.SparkCatalog --conf spark.sql.catalog.nessie.uri=http://nessie:19120/api/v1 --conf spark.sql.catalog.nessie.ref=main --conf spark.sql.catalog.nessie.authentication.type=NONE --conf spark.sql.catalog.nessie.catalog-impl=org.apache.iceberg.nessie.NessieCatalog --conf spark.sql.catalog.nessie.s3.endpoint=http://minio:9000 --conf spark.sql.catalog.nessie.warehouse=s3://gold/ --conf spark.sql.catalog.nessie.io-impl=org.apache.iceberg.aws.s3.S3FileIO --conf spark.hadoop.fs.s3a.endpoint=http://minio:9000 --conf spark.hadoop.fs.s3a.access.key=admin --conf spark.hadoop.fs.s3a.secret.key=****** --conf spark.hadoop.fs.s3a.path.style.access=true --name arrow-spark --verbose /opt/***/jobs/process_taxi_data.py
[2025-09-23T00:58:09.666+0000] {spark_submit.py:649} INFO - Using properties file: null
[2025-09-23T00:58:09.769+0000] {spark_submit.py:649} INFO - Parsed arguments:
[2025-09-23T00:58:09.770+0000] {spark_submit.py:649} INFO - master                  spark-master:7077
[2025-09-23T00:58:09.770+0000] {spark_submit.py:649} INFO - deployMode              null
[2025-09-23T00:58:09.770+0000] {spark_submit.py:649} INFO - executorMemory          null
[2025-09-23T00:58:09.771+0000] {spark_submit.py:649} INFO - executorCores           null
[2025-09-23T00:58:09.771+0000] {spark_submit.py:649} INFO - totalExecutorCores      null
[2025-09-23T00:58:09.771+0000] {spark_submit.py:649} INFO - propertiesFile          null
[2025-09-23T00:58:09.771+0000] {spark_submit.py:649} INFO - driverMemory            null
[2025-09-23T00:58:09.771+0000] {spark_submit.py:649} INFO - driverCores             null
[2025-09-23T00:58:09.772+0000] {spark_submit.py:649} INFO - driverExtraClassPath    null
[2025-09-23T00:58:09.772+0000] {spark_submit.py:649} INFO - driverExtraLibraryPath  null
[2025-09-23T00:58:09.772+0000] {spark_submit.py:649} INFO - driverExtraJavaOptions  null
[2025-09-23T00:58:09.772+0000] {spark_submit.py:649} INFO - supervise               false
[2025-09-23T00:58:09.772+0000] {spark_submit.py:649} INFO - queue                   null
[2025-09-23T00:58:09.772+0000] {spark_submit.py:649} INFO - numExecutors            null
[2025-09-23T00:58:09.772+0000] {spark_submit.py:649} INFO - files                   null
[2025-09-23T00:58:09.772+0000] {spark_submit.py:649} INFO - pyFiles                 null
[2025-09-23T00:58:09.772+0000] {spark_submit.py:649} INFO - archives                null
[2025-09-23T00:58:09.772+0000] {spark_submit.py:649} INFO - mainClass               null
[2025-09-23T00:58:09.772+0000] {spark_submit.py:649} INFO - primaryResource         file:/opt/***/jobs/process_taxi_data.py
[2025-09-23T00:58:09.773+0000] {spark_submit.py:649} INFO - name                    arrow-spark
[2025-09-23T00:58:09.773+0000] {spark_submit.py:649} INFO - childArgs               []
[2025-09-23T00:58:09.773+0000] {spark_submit.py:649} INFO - jars                    null
[2025-09-23T00:58:09.773+0000] {spark_submit.py:649} INFO - packages                org.apache.iceberg:iceberg-spark-runtime-3.5_2.12:1.5.0,org.projectnessie.nessie-integrations:nessie-spark-extensions-3.5_2.12:0.77.1,software.amazon.awssdk:bundle:2.24.8
[2025-09-23T00:58:09.773+0000] {spark_submit.py:649} INFO - packagesExclusions      null
[2025-09-23T00:58:09.773+0000] {spark_submit.py:649} INFO - repositories            null
[2025-09-23T00:58:09.773+0000] {spark_submit.py:649} INFO - verbose                 true
[2025-09-23T00:58:09.773+0000] {spark_submit.py:649} INFO - 
[2025-09-23T00:58:09.773+0000] {spark_submit.py:649} INFO - Spark properties used, including those specified through
[2025-09-23T00:58:09.773+0000] {spark_submit.py:649} INFO - --conf and those from the properties file null:
[2025-09-23T00:58:09.773+0000] {spark_submit.py:649} INFO - (spark.hadoop.fs.s3a.access.key,*********(redacted))
[2025-09-23T00:58:09.773+0000] {spark_submit.py:649} INFO - (spark.hadoop.fs.s3a.endpoint,http://minio:9000)
[2025-09-23T00:58:09.773+0000] {spark_submit.py:649} INFO - (spark.hadoop.fs.s3a.path.style.access,true)
[2025-09-23T00:58:09.773+0000] {spark_submit.py:649} INFO - (spark.hadoop.fs.s3a.secret.key,*********(redacted))
[2025-09-23T00:58:09.774+0000] {spark_submit.py:649} INFO - (spark.jars.packages,org.apache.iceberg:iceberg-spark-runtime-3.5_2.12:1.5.0,org.projectnessie.nessie-integrations:nessie-spark-extensions-3.5_2.12:0.77.1,software.amazon.awssdk:bundle:2.24.8)
[2025-09-23T00:58:09.774+0000] {spark_submit.py:649} INFO - (spark.sql.catalog.nessie,org.apache.iceberg.spark.SparkCatalog)
[2025-09-23T00:58:09.774+0000] {spark_submit.py:649} INFO - (spark.sql.catalog.nessie.authentication.type,NONE)
[2025-09-23T00:58:09.774+0000] {spark_submit.py:649} INFO - (spark.sql.catalog.nessie.catalog-impl,org.apache.iceberg.nessie.NessieCatalog)
[2025-09-23T00:58:09.774+0000] {spark_submit.py:649} INFO - (spark.sql.catalog.nessie.io-impl,org.apache.iceberg.aws.s3.S3FileIO)
[2025-09-23T00:58:09.774+0000] {spark_submit.py:649} INFO - (spark.sql.catalog.nessie.ref,main)
[2025-09-23T00:58:09.774+0000] {spark_submit.py:649} INFO - (spark.sql.catalog.nessie.s3.endpoint,http://minio:9000)
[2025-09-23T00:58:09.774+0000] {spark_submit.py:649} INFO - (spark.sql.catalog.nessie.uri,http://nessie:19120/api/v1)
[2025-09-23T00:58:09.774+0000] {spark_submit.py:649} INFO - (spark.sql.catalog.nessie.warehouse,s3://gold/)
[2025-09-23T00:58:09.774+0000] {spark_submit.py:649} INFO - (spark.sql.extensions,org.apache.iceberg.spark.extensions.IcebergSparkSessionExtensions,org.projectnessie.spark.extensions.NessieSparkSessionExtensions)
[2025-09-23T00:58:09.774+0000] {spark_submit.py:649} INFO - 
[2025-09-23T00:58:09.774+0000] {spark_submit.py:649} INFO - 
[2025-09-23T00:58:09.981+0000] {spark_submit.py:649} INFO - :: loading settings :: url = jar:file:/home/***/.local/lib/python3.12/site-packages/pyspark/jars/ivy-2.5.0.jar!/org/apache/ivy/core/settings/ivysettings.xml
[2025-09-23T00:58:10.106+0000] {spark_submit.py:649} INFO - Ivy Default Cache set to: /home/***/.ivy2/cache
[2025-09-23T00:58:10.107+0000] {spark_submit.py:649} INFO - The jars for the packages stored in: /home/***/.ivy2/jars
[2025-09-23T00:58:10.111+0000] {spark_submit.py:649} INFO - org.apache.iceberg#iceberg-spark-runtime-3.5_2.12 added as a dependency
[2025-09-23T00:58:10.111+0000] {spark_submit.py:649} INFO - org.projectnessie.nessie-integrations#nessie-spark-extensions-3.5_2.12 added as a dependency
[2025-09-23T00:58:10.111+0000] {spark_submit.py:649} INFO - software.amazon.awssdk#bundle added as a dependency
[2025-09-23T00:58:10.112+0000] {spark_submit.py:649} INFO - :: resolving dependencies :: org.apache.spark#spark-submit-parent-e2a5fc9c-8aa5-4767-94d6-cb063439e9dc;1.0
[2025-09-23T00:58:10.112+0000] {spark_submit.py:649} INFO - confs: [default]
[2025-09-23T00:58:10.323+0000] {spark_submit.py:649} INFO - found org.apache.iceberg#iceberg-spark-runtime-3.5_2.12;1.5.0 in central
[2025-09-23T00:58:10.338+0000] {spark_submit.py:649} INFO - found org.projectnessie.nessie-integrations#nessie-spark-extensions-3.5_2.12;0.77.1 in central
[2025-09-23T00:58:13.342+0000] {spark_submit.py:649} INFO - found software.amazon.awssdk#bundle;2.24.8 in central
[2025-09-23T00:58:13.611+0000] {spark_submit.py:649} INFO - downloading https://repo1.maven.org/maven2/software/amazon/awssdk/bundle/2.24.8/bundle-2.24.8.jar ...
[2025-09-23T01:00:23.440+0000] {local_task_job_runner.py:124} ERROR - Received SIGTERM. Terminating subprocesses
[2025-09-23T01:00:23.445+0000] {process_utils.py:132} INFO - Sending 15 to group 442. PIDs of all processes in the group: [444, 442]
[2025-09-23T01:00:23.445+0000] {process_utils.py:87} INFO - Sending the signal 15 to group 442
[2025-09-23T01:00:23.446+0000] {taskinstance.py:2611} ERROR - Received SIGTERM. Terminating subprocesses.
[2025-09-23T01:00:23.447+0000] {spark_submit.py:775} INFO - Sending kill signal to spark-submit
[2025-09-23T01:00:23.448+0000] {taskinstance.py:441} INFO - ::group::Post task execution logs
[2025-09-23T01:00:23.514+0000] {taskinstance.py:2905} ERROR - Task failed with exception
Traceback (most recent call last):
  File "/home/airflow/.local/lib/python3.12/site-packages/airflow/models/taskinstance.py", line 465, in _execute_task
    result = _execute_callable(context=context, **execute_callable_kwargs)
             ^^^^^^^^^^^^^^^^^^^^^^^^^^^^^^^^^^^^^^^^^^^^^^^^^^^^^^^^^^^^^
  File "/home/airflow/.local/lib/python3.12/site-packages/airflow/models/taskinstance.py", line 432, in _execute_callable
    return execute_callable(context=context, **execute_callable_kwargs)
           ^^^^^^^^^^^^^^^^^^^^^^^^^^^^^^^^^^^^^^^^^^^^^^^^^^^^^^^^^^^^
  File "/home/airflow/.local/lib/python3.12/site-packages/airflow/models/baseoperator.py", line 401, in wrapper
    return func(self, *args, **kwargs)
           ^^^^^^^^^^^^^^^^^^^^^^^^^^^
  File "/home/airflow/.local/lib/python3.12/site-packages/airflow/providers/apache/spark/operators/spark_submit.py", line 176, in execute
    self._hook.submit(self.application)
  File "/home/airflow/.local/lib/python3.12/site-packages/airflow/providers/apache/spark/hooks/spark_submit.py", line 563, in submit
    self._process_spark_submit_log(iter(self._submit_sp.stdout))  # type: ignore
    ^^^^^^^^^^^^^^^^^^^^^^^^^^^^^^^^^^^^^^^^^^^^^^^^^^^^^^^^^^^^
  File "/home/airflow/.local/lib/python3.12/site-packages/airflow/providers/apache/spark/hooks/spark_submit.py", line 612, in _process_spark_submit_log
    for line in itr:
  File "/home/airflow/.local/lib/python3.12/site-packages/airflow/models/taskinstance.py", line 2613, in signal_handler
    raise AirflowTaskTerminated("Task received SIGTERM signal")
airflow.exceptions.AirflowTaskTerminated: Task received SIGTERM signal
[2025-09-23T01:00:23.528+0000] {taskinstance.py:1206} INFO - Marking task as FAILED. dag_id=spark_iceberg_pipeline, task_id=process_taxi_data, run_id=scheduled__2025-09-22T00:00:00+00:00, execution_date=20250922T000000, start_date=20250923T005806, end_date=20250923T010023
[2025-09-23T01:00:23.598+0000] {process_utils.py:80} INFO - Process psutil.Process(pid=444, status='terminated', started='00:58:06') (444) terminated with exit code None
[2025-09-23T01:00:23.599+0000] {process_utils.py:80} INFO - Process psutil.Process(pid=442, status='terminated', exitcode=2, started='00:58:05') (442) terminated with exit code 2
[2025-09-23T01:00:23.600+0000] {local_task_job_runner.py:243} INFO - Task exited with return code 143
[2025-09-23T01:00:27.444+0000] {local_task_job_runner.py:124} ERROR - Received SIGTERM. Terminating subprocesses
[2025-09-23T01:00:27.445+0000] {local_task_job_runner.py:243} INFO - Task exited with return code 143
[2025-09-23T01:12:50.183+0000] {local_task_job_runner.py:120} INFO - ::group::Pre task execution logs
[2025-09-23T01:12:50.239+0000] {taskinstance.py:2076} INFO - Dependencies all met for dep_context=non-requeueable deps ti=<TaskInstance: spark_iceberg_pipeline.process_taxi_data scheduled__2025-09-22T00:00:00+00:00 [queued]>
[2025-09-23T01:12:50.247+0000] {taskinstance.py:2076} INFO - Dependencies all met for dep_context=requeueable deps ti=<TaskInstance: spark_iceberg_pipeline.process_taxi_data scheduled__2025-09-22T00:00:00+00:00 [queued]>
[2025-09-23T01:12:50.247+0000] {taskinstance.py:2306} INFO - Starting attempt 2 of 2
[2025-09-23T01:12:50.259+0000] {taskinstance.py:2330} INFO - Executing <Task(SparkSubmitOperator): process_taxi_data> on 2025-09-22 00:00:00+00:00
[2025-09-23T01:12:50.267+0000] {standard_task_runner.py:90} INFO - Running: ['***', 'tasks', 'run', 'spark_iceberg_pipeline', 'process_taxi_data', 'scheduled__2025-09-22T00:00:00+00:00', '--job-id', '6', '--raw', '--subdir', 'DAGS_FOLDER/spark_iceberg_pipeline.py', '--cfg-path', '/tmp/tmpm87_mby4']
[2025-09-23T01:12:50.270+0000] {standard_task_runner.py:91} INFO - Job 6: Subtask process_taxi_data
[2025-09-23T01:12:50.269+0000] {logging_mixin.py:188} WARNING - /home/***/.local/lib/python3.12/site-packages/***/task/task_runner/standard_task_runner.py:62 DeprecationWarning: This process (pid=479) is multi-threaded, use of fork() may lead to deadlocks in the child.
[2025-09-23T01:12:50.270+0000] {standard_task_runner.py:64} INFO - Started process 480 to run task
[2025-09-23T01:12:50.323+0000] {task_command.py:426} INFO - Running <TaskInstance: spark_iceberg_pipeline.process_taxi_data scheduled__2025-09-22T00:00:00+00:00 [running]> on host 59cf00d72bdb
[2025-09-23T01:12:50.410+0000] {taskinstance.py:2648} INFO - Exporting env vars: AIRFLOW_CTX_DAG_OWNER='***' AIRFLOW_CTX_DAG_ID='spark_iceberg_pipeline' AIRFLOW_CTX_TASK_ID='process_taxi_data' AIRFLOW_CTX_EXECUTION_DATE='2025-09-22T00:00:00+00:00' AIRFLOW_CTX_TRY_NUMBER='2' AIRFLOW_CTX_DAG_RUN_ID='scheduled__2025-09-22T00:00:00+00:00'
[2025-09-23T01:12:50.411+0000] {taskinstance.py:430} INFO - ::endgroup::
[2025-09-23T01:12:50.429+0000] {base.py:84} INFO - Using connection ID 'spark_default' for task execution.
[2025-09-23T01:12:50.431+0000] {spark_submit.py:473} INFO - Spark-Submit cmd: spark-submit --master spark-master:7077 --conf spark.jars.packages=org.apache.iceberg:iceberg-spark-runtime-3.5_2.12:1.5.0,org.projectnessie.nessie-integrations:nessie-spark-extensions-3.5_2.12:0.77.1,software.amazon.awssdk:bundle:2.24.8 --conf spark.sql.extensions=org.apache.iceberg.spark.extensions.IcebergSparkSessionExtensions,org.projectnessie.spark.extensions.NessieSparkSessionExtensions --conf spark.sql.catalog.nessie=org.apache.iceberg.spark.SparkCatalog --conf spark.sql.catalog.nessie.uri=http://nessie:19120/api/v1 --conf spark.sql.catalog.nessie.ref=main --conf spark.sql.catalog.nessie.authentication.type=NONE --conf spark.sql.catalog.nessie.catalog-impl=org.apache.iceberg.nessie.NessieCatalog --conf spark.sql.catalog.nessie.s3.endpoint=http://minio:9000 --conf spark.sql.catalog.nessie.warehouse=s3://gold/ --conf spark.sql.catalog.nessie.io-impl=org.apache.iceberg.aws.s3.S3FileIO --conf spark.hadoop.fs.s3a.endpoint=http://minio:9000 --conf spark.hadoop.fs.s3a.access.key=admin --conf spark.hadoop.fs.s3a.secret.key=****** --conf spark.hadoop.fs.s3a.path.style.access=true --name arrow-spark --verbose /opt/***/jobs/process_taxi_data.py
[2025-09-23T01:12:52.327+0000] {spark_submit.py:649} INFO - Using properties file: null
[2025-09-23T01:12:52.459+0000] {spark_submit.py:649} INFO - Parsed arguments:
[2025-09-23T01:12:52.460+0000] {spark_submit.py:649} INFO - master                  spark-master:7077
[2025-09-23T01:12:52.460+0000] {spark_submit.py:649} INFO - deployMode              null
[2025-09-23T01:12:52.460+0000] {spark_submit.py:649} INFO - executorMemory          null
[2025-09-23T01:12:52.460+0000] {spark_submit.py:649} INFO - executorCores           null
[2025-09-23T01:12:52.460+0000] {spark_submit.py:649} INFO - totalExecutorCores      null
[2025-09-23T01:12:52.460+0000] {spark_submit.py:649} INFO - propertiesFile          null
[2025-09-23T01:12:52.460+0000] {spark_submit.py:649} INFO - driverMemory            null
[2025-09-23T01:12:52.460+0000] {spark_submit.py:649} INFO - driverCores             null
[2025-09-23T01:12:52.460+0000] {spark_submit.py:649} INFO - driverExtraClassPath    null
[2025-09-23T01:12:52.460+0000] {spark_submit.py:649} INFO - driverExtraLibraryPath  null
[2025-09-23T01:12:52.460+0000] {spark_submit.py:649} INFO - driverExtraJavaOptions  null
[2025-09-23T01:12:52.460+0000] {spark_submit.py:649} INFO - supervise               false
[2025-09-23T01:12:52.460+0000] {spark_submit.py:649} INFO - queue                   null
[2025-09-23T01:12:52.460+0000] {spark_submit.py:649} INFO - numExecutors            null
[2025-09-23T01:12:52.461+0000] {spark_submit.py:649} INFO - files                   null
[2025-09-23T01:12:52.461+0000] {spark_submit.py:649} INFO - pyFiles                 null
[2025-09-23T01:12:52.461+0000] {spark_submit.py:649} INFO - archives                null
[2025-09-23T01:12:52.461+0000] {spark_submit.py:649} INFO - mainClass               null
[2025-09-23T01:12:52.461+0000] {spark_submit.py:649} INFO - primaryResource         file:/opt/***/jobs/process_taxi_data.py
[2025-09-23T01:12:52.461+0000] {spark_submit.py:649} INFO - name                    arrow-spark
[2025-09-23T01:12:52.461+0000] {spark_submit.py:649} INFO - childArgs               []
[2025-09-23T01:12:52.461+0000] {spark_submit.py:649} INFO - jars                    null
[2025-09-23T01:12:52.461+0000] {spark_submit.py:649} INFO - packages                org.apache.iceberg:iceberg-spark-runtime-3.5_2.12:1.5.0,org.projectnessie.nessie-integrations:nessie-spark-extensions-3.5_2.12:0.77.1,software.amazon.awssdk:bundle:2.24.8
[2025-09-23T01:12:52.461+0000] {spark_submit.py:649} INFO - packagesExclusions      null
[2025-09-23T01:12:52.461+0000] {spark_submit.py:649} INFO - repositories            null
[2025-09-23T01:12:52.461+0000] {spark_submit.py:649} INFO - verbose                 true
[2025-09-23T01:12:52.462+0000] {spark_submit.py:649} INFO - 
[2025-09-23T01:12:52.462+0000] {spark_submit.py:649} INFO - Spark properties used, including those specified through
[2025-09-23T01:12:52.462+0000] {spark_submit.py:649} INFO - --conf and those from the properties file null:
[2025-09-23T01:12:52.462+0000] {spark_submit.py:649} INFO - (spark.hadoop.fs.s3a.access.key,*********(redacted))
[2025-09-23T01:12:52.462+0000] {spark_submit.py:649} INFO - (spark.hadoop.fs.s3a.endpoint,http://minio:9000)
[2025-09-23T01:12:52.462+0000] {spark_submit.py:649} INFO - (spark.hadoop.fs.s3a.path.style.access,true)
[2025-09-23T01:12:52.462+0000] {spark_submit.py:649} INFO - (spark.hadoop.fs.s3a.secret.key,*********(redacted))
[2025-09-23T01:12:52.462+0000] {spark_submit.py:649} INFO - (spark.jars.packages,org.apache.iceberg:iceberg-spark-runtime-3.5_2.12:1.5.0,org.projectnessie.nessie-integrations:nessie-spark-extensions-3.5_2.12:0.77.1,software.amazon.awssdk:bundle:2.24.8)
[2025-09-23T01:12:52.462+0000] {spark_submit.py:649} INFO - (spark.sql.catalog.nessie,org.apache.iceberg.spark.SparkCatalog)
[2025-09-23T01:12:52.462+0000] {spark_submit.py:649} INFO - (spark.sql.catalog.nessie.authentication.type,NONE)
[2025-09-23T01:12:52.462+0000] {spark_submit.py:649} INFO - (spark.sql.catalog.nessie.catalog-impl,org.apache.iceberg.nessie.NessieCatalog)
[2025-09-23T01:12:52.462+0000] {spark_submit.py:649} INFO - (spark.sql.catalog.nessie.io-impl,org.apache.iceberg.aws.s3.S3FileIO)
[2025-09-23T01:12:52.462+0000] {spark_submit.py:649} INFO - (spark.sql.catalog.nessie.ref,main)
[2025-09-23T01:12:52.463+0000] {spark_submit.py:649} INFO - (spark.sql.catalog.nessie.s3.endpoint,http://minio:9000)
[2025-09-23T01:12:52.463+0000] {spark_submit.py:649} INFO - (spark.sql.catalog.nessie.uri,http://nessie:19120/api/v1)
[2025-09-23T01:12:52.463+0000] {spark_submit.py:649} INFO - (spark.sql.catalog.nessie.warehouse,s3://gold/)
[2025-09-23T01:12:52.463+0000] {spark_submit.py:649} INFO - (spark.sql.extensions,org.apache.iceberg.spark.extensions.IcebergSparkSessionExtensions,org.projectnessie.spark.extensions.NessieSparkSessionExtensions)
[2025-09-23T01:12:52.463+0000] {spark_submit.py:649} INFO - 
[2025-09-23T01:12:52.463+0000] {spark_submit.py:649} INFO - 
[2025-09-23T01:12:52.689+0000] {spark_submit.py:649} INFO - :: loading settings :: url = jar:file:/home/***/.local/lib/python3.12/site-packages/pyspark/jars/ivy-2.5.0.jar!/org/apache/ivy/core/settings/ivysettings.xml
[2025-09-23T01:12:52.827+0000] {spark_submit.py:649} INFO - Ivy Default Cache set to: /home/***/.ivy2/cache
[2025-09-23T01:12:52.828+0000] {spark_submit.py:649} INFO - The jars for the packages stored in: /home/***/.ivy2/jars
[2025-09-23T01:12:52.832+0000] {spark_submit.py:649} INFO - org.apache.iceberg#iceberg-spark-runtime-3.5_2.12 added as a dependency
[2025-09-23T01:12:52.832+0000] {spark_submit.py:649} INFO - org.projectnessie.nessie-integrations#nessie-spark-extensions-3.5_2.12 added as a dependency
[2025-09-23T01:12:52.832+0000] {spark_submit.py:649} INFO - software.amazon.awssdk#bundle added as a dependency
[2025-09-23T01:12:52.834+0000] {spark_submit.py:649} INFO - :: resolving dependencies :: org.apache.spark#spark-submit-parent-175007fa-eb92-4e84-8a1d-db22c6f1bfb4;1.0
[2025-09-23T01:12:52.834+0000] {spark_submit.py:649} INFO - confs: [default]
[2025-09-23T01:12:53.070+0000] {spark_submit.py:649} INFO - found org.apache.iceberg#iceberg-spark-runtime-3.5_2.12;1.5.0 in central
[2025-09-23T01:12:53.094+0000] {spark_submit.py:649} INFO - found org.projectnessie.nessie-integrations#nessie-spark-extensions-3.5_2.12;0.77.1 in central
[2025-09-23T01:12:53.129+0000] {spark_submit.py:649} INFO - found software.amazon.awssdk#bundle;2.24.8 in central
[2025-09-23T01:12:53.147+0000] {spark_submit.py:649} INFO - :: resolution report :: resolve 306ms :: artifacts dl 7ms
[2025-09-23T01:12:53.148+0000] {spark_submit.py:649} INFO - :: modules in use:
[2025-09-23T01:12:53.148+0000] {spark_submit.py:649} INFO - org.apache.iceberg#iceberg-spark-runtime-3.5_2.12;1.5.0 from central in [default]
[2025-09-23T01:12:53.148+0000] {spark_submit.py:649} INFO - org.projectnessie.nessie-integrations#nessie-spark-extensions-3.5_2.12;0.77.1 from central in [default]
[2025-09-23T01:12:53.149+0000] {spark_submit.py:649} INFO - software.amazon.awssdk#bundle;2.24.8 from central in [default]
[2025-09-23T01:12:53.149+0000] {spark_submit.py:649} INFO - ---------------------------------------------------------------------
[2025-09-23T01:12:53.149+0000] {spark_submit.py:649} INFO - |                  |            modules            ||   artifacts   |
[2025-09-23T01:12:53.149+0000] {spark_submit.py:649} INFO - |       conf       | number| search|dwnlded|evicted|| number|dwnlded|
[2025-09-23T01:12:53.149+0000] {spark_submit.py:649} INFO - ---------------------------------------------------------------------
[2025-09-23T01:12:53.150+0000] {spark_submit.py:649} INFO - |      default     |   3   |   0   |   0   |   0   ||   3   |   0   |
[2025-09-23T01:12:53.150+0000] {spark_submit.py:649} INFO - ---------------------------------------------------------------------
[2025-09-23T01:12:53.153+0000] {spark_submit.py:649} INFO - :: retrieving :: org.apache.spark#spark-submit-parent-175007fa-eb92-4e84-8a1d-db22c6f1bfb4
[2025-09-23T01:12:53.154+0000] {spark_submit.py:649} INFO - confs: [default]
[2025-09-23T01:12:53.159+0000] {spark_submit.py:649} INFO - 0 artifacts copied, 3 already retrieved (0kB/6ms)
[2025-09-23T01:12:53.394+0000] {spark_submit.py:649} INFO - 25/09/23 01:12:53 WARN NativeCodeLoader: Unable to load native-hadoop library for your platform... using builtin-java classes where applicable
[2025-09-23T01:12:53.583+0000] {spark_submit.py:649} INFO - Main class:
[2025-09-23T01:12:53.583+0000] {spark_submit.py:649} INFO - org.apache.spark.deploy.PythonRunner
[2025-09-23T01:12:53.584+0000] {spark_submit.py:649} INFO - Arguments:
[2025-09-23T01:12:53.584+0000] {spark_submit.py:649} INFO - file:/opt/***/jobs/process_taxi_data.py
[2025-09-23T01:12:53.584+0000] {spark_submit.py:649} INFO - file:///home/***/.ivy2/jars/org.apache.iceberg_iceberg-spark-runtime-3.5_2.12-1.5.0.jar,file:///home/***/.ivy2/jars/org.projectnessie.nessie-integrations_nessie-spark-extensions-3.5_2.12-0.77.1.jar,file:///home/***/.ivy2/jars/software.amazon.awssdk_bundle-2.24.8.jar
[2025-09-23T01:12:53.586+0000] {spark_submit.py:649} INFO - Spark config:
[2025-09-23T01:12:53.586+0000] {spark_submit.py:649} INFO - (spark.app.name,arrow-spark)
[2025-09-23T01:12:53.586+0000] {spark_submit.py:649} INFO - (spark.app.submitTime,1758589973570)
[2025-09-23T01:12:53.587+0000] {spark_submit.py:649} INFO - (spark.files,file:///home/***/.ivy2/jars/org.apache.iceberg_iceberg-spark-runtime-3.5_2.12-1.5.0.jar,file:///home/***/.ivy2/jars/org.projectnessie.nessie-integrations_nessie-spark-extensions-3.5_2.12-0.77.1.jar,file:///home/***/.ivy2/jars/software.amazon.awssdk_bundle-2.24.8.jar)
[2025-09-23T01:12:53.587+0000] {spark_submit.py:649} INFO - (spark.hadoop.fs.s3a.access.key,*********(redacted))
[2025-09-23T01:12:53.587+0000] {spark_submit.py:649} INFO - (spark.hadoop.fs.s3a.endpoint,http://minio:9000)
[2025-09-23T01:12:53.587+0000] {spark_submit.py:649} INFO - (spark.hadoop.fs.s3a.path.style.access,true)
[2025-09-23T01:12:53.587+0000] {spark_submit.py:649} INFO - (spark.hadoop.fs.s3a.secret.key,*********(redacted))
[2025-09-23T01:12:53.587+0000] {spark_submit.py:649} INFO - (spark.jars,file:///home/***/.ivy2/jars/org.apache.iceberg_iceberg-spark-runtime-3.5_2.12-1.5.0.jar,file:///home/***/.ivy2/jars/org.projectnessie.nessie-integrations_nessie-spark-extensions-3.5_2.12-0.77.1.jar,file:///home/***/.ivy2/jars/software.amazon.awssdk_bundle-2.24.8.jar)
[2025-09-23T01:12:53.587+0000] {spark_submit.py:649} INFO - (spark.jars.packages,org.apache.iceberg:iceberg-spark-runtime-3.5_2.12:1.5.0,org.projectnessie.nessie-integrations:nessie-spark-extensions-3.5_2.12:0.77.1,software.amazon.awssdk:bundle:2.24.8)
[2025-09-23T01:12:53.587+0000] {spark_submit.py:649} INFO - (spark.master,spark-master:7077)
[2025-09-23T01:12:53.587+0000] {spark_submit.py:649} INFO - (spark.repl.local.jars,file:///home/***/.ivy2/jars/org.apache.iceberg_iceberg-spark-runtime-3.5_2.12-1.5.0.jar,file:///home/***/.ivy2/jars/org.projectnessie.nessie-integrations_nessie-spark-extensions-3.5_2.12-0.77.1.jar,file:///home/***/.ivy2/jars/software.amazon.awssdk_bundle-2.24.8.jar)
[2025-09-23T01:12:53.588+0000] {spark_submit.py:649} INFO - (spark.sql.catalog.nessie,org.apache.iceberg.spark.SparkCatalog)
[2025-09-23T01:12:53.588+0000] {spark_submit.py:649} INFO - (spark.sql.catalog.nessie.authentication.type,NONE)
[2025-09-23T01:12:53.588+0000] {spark_submit.py:649} INFO - (spark.sql.catalog.nessie.catalog-impl,org.apache.iceberg.nessie.NessieCatalog)
[2025-09-23T01:12:53.588+0000] {spark_submit.py:649} INFO - (spark.sql.catalog.nessie.io-impl,org.apache.iceberg.aws.s3.S3FileIO)
[2025-09-23T01:12:53.588+0000] {spark_submit.py:649} INFO - (spark.sql.catalog.nessie.ref,main)
[2025-09-23T01:12:53.588+0000] {spark_submit.py:649} INFO - (spark.sql.catalog.nessie.s3.endpoint,http://minio:9000)
[2025-09-23T01:12:53.588+0000] {spark_submit.py:649} INFO - (spark.sql.catalog.nessie.uri,http://nessie:19120/api/v1)
[2025-09-23T01:12:53.588+0000] {spark_submit.py:649} INFO - (spark.sql.catalog.nessie.warehouse,s3://gold/)
[2025-09-23T01:12:53.588+0000] {spark_submit.py:649} INFO - (spark.sql.extensions,org.apache.iceberg.spark.extensions.IcebergSparkSessionExtensions,org.projectnessie.spark.extensions.NessieSparkSessionExtensions)
[2025-09-23T01:12:53.588+0000] {spark_submit.py:649} INFO - (spark.submit.deployMode,client)
[2025-09-23T01:12:53.588+0000] {spark_submit.py:649} INFO - (spark.submit.pyFiles,/home/***/.ivy2/jars/org.apache.iceberg_iceberg-spark-runtime-3.5_2.12-1.5.0.jar,/home/***/.ivy2/jars/org.projectnessie.nessie-integrations_nessie-spark-extensions-3.5_2.12-0.77.1.jar,/home/***/.ivy2/jars/software.amazon.awssdk_bundle-2.24.8.jar)
[2025-09-23T01:12:53.589+0000] {spark_submit.py:649} INFO - Classpath elements:
[2025-09-23T01:12:53.589+0000] {spark_submit.py:649} INFO - file:///home/***/.ivy2/jars/org.apache.iceberg_iceberg-spark-runtime-3.5_2.12-1.5.0.jar
[2025-09-23T01:12:53.589+0000] {spark_submit.py:649} INFO - file:///home/***/.ivy2/jars/org.projectnessie.nessie-integrations_nessie-spark-extensions-3.5_2.12-0.77.1.jar
[2025-09-23T01:12:53.589+0000] {spark_submit.py:649} INFO - file:///home/***/.ivy2/jars/software.amazon.awssdk_bundle-2.24.8.jar
[2025-09-23T01:12:53.589+0000] {spark_submit.py:649} INFO - 
[2025-09-23T01:12:53.589+0000] {spark_submit.py:649} INFO - 
[2025-09-23T01:12:53.888+0000] {spark_submit.py:649} INFO - python3: can't open file '/opt/***/jobs/process_taxi_data.py': [Errno 2] No such file or directory
[2025-09-23T01:12:53.901+0000] {spark_submit.py:649} INFO - 25/09/23 01:12:53 INFO ShutdownHookManager: Shutdown hook called
[2025-09-23T01:12:53.902+0000] {spark_submit.py:649} INFO - 25/09/23 01:12:53 INFO ShutdownHookManager: Deleting directory /tmp/spark-2f7cd259-cb48-406f-b4bd-bf3835a04280
[2025-09-23T01:12:53.949+0000] {taskinstance.py:441} INFO - ::group::Post task execution logs
[2025-09-23T01:12:53.961+0000] {taskinstance.py:2905} ERROR - Task failed with exception
Traceback (most recent call last):
  File "/home/airflow/.local/lib/python3.12/site-packages/airflow/models/taskinstance.py", line 465, in _execute_task
    result = _execute_callable(context=context, **execute_callable_kwargs)
             ^^^^^^^^^^^^^^^^^^^^^^^^^^^^^^^^^^^^^^^^^^^^^^^^^^^^^^^^^^^^^
  File "/home/airflow/.local/lib/python3.12/site-packages/airflow/models/taskinstance.py", line 432, in _execute_callable
    return execute_callable(context=context, **execute_callable_kwargs)
           ^^^^^^^^^^^^^^^^^^^^^^^^^^^^^^^^^^^^^^^^^^^^^^^^^^^^^^^^^^^^
  File "/home/airflow/.local/lib/python3.12/site-packages/airflow/models/baseoperator.py", line 401, in wrapper
    return func(self, *args, **kwargs)
           ^^^^^^^^^^^^^^^^^^^^^^^^^^^
  File "/home/airflow/.local/lib/python3.12/site-packages/airflow/providers/apache/spark/operators/spark_submit.py", line 176, in execute
    self._hook.submit(self.application)
  File "/home/airflow/.local/lib/python3.12/site-packages/airflow/providers/apache/spark/hooks/spark_submit.py", line 575, in submit
    raise AirflowException(
airflow.exceptions.AirflowException: Cannot execute: spark-submit --master spark-master:7077 --conf spark.jars.packages=org.apache.iceberg:iceberg-spark-runtime-3.5_2.12:1.5.0,org.projectnessie.nessie-integrations:nessie-spark-extensions-3.5_2.12:0.77.1,software.amazon.awssdk:bundle:2.24.8 --conf spark.sql.extensions=org.apache.iceberg.spark.extensions.IcebergSparkSessionExtensions,org.projectnessie.spark.extensions.NessieSparkSessionExtensions --conf spark.sql.catalog.nessie=org.apache.iceberg.spark.SparkCatalog --conf spark.sql.catalog.nessie.uri=http://nessie:19120/api/v1 --conf spark.sql.catalog.nessie.ref=main --conf spark.sql.catalog.nessie.authentication.type=NONE --conf spark.sql.catalog.nessie.catalog-impl=org.apache.iceberg.nessie.NessieCatalog --conf spark.sql.catalog.nessie.s3.endpoint=http://minio:9000 --conf spark.sql.catalog.nessie.warehouse=s3://gold/ --conf spark.sql.catalog.nessie.io-impl=org.apache.iceberg.aws.s3.S3FileIO --conf spark.hadoop.fs.s3a.endpoint=http://minio:9000 --conf spark.hadoop.fs.s3a.access.key=admin --conf spark.hadoop.fs.s3a.secret.key=****** --conf spark.hadoop.fs.s3a.path.style.access=true --name arrow-spark --verbose /opt/***/jobs/process_taxi_data.py. Error code is: 2.
[2025-09-23T01:12:53.965+0000] {taskinstance.py:1206} INFO - Marking task as FAILED. dag_id=spark_iceberg_pipeline, task_id=process_taxi_data, run_id=scheduled__2025-09-22T00:00:00+00:00, execution_date=20250922T000000, start_date=20250923T011250, end_date=20250923T011253
[2025-09-23T01:12:53.975+0000] {standard_task_runner.py:110} ERROR - Failed to execute job 6 for task process_taxi_data (Cannot execute: spark-submit --master spark-master:7077 --conf spark.jars.packages=org.apache.iceberg:iceberg-spark-runtime-3.5_2.12:1.5.0,org.projectnessie.nessie-integrations:nessie-spark-extensions-3.5_2.12:0.77.1,software.amazon.awssdk:bundle:2.24.8 --conf spark.sql.extensions=org.apache.iceberg.spark.extensions.IcebergSparkSessionExtensions,org.projectnessie.spark.extensions.NessieSparkSessionExtensions --conf spark.sql.catalog.nessie=org.apache.iceberg.spark.SparkCatalog --conf spark.sql.catalog.nessie.uri=http://nessie:19120/api/v1 --conf spark.sql.catalog.nessie.ref=main --conf spark.sql.catalog.nessie.authentication.type=NONE --conf spark.sql.catalog.nessie.catalog-impl=org.apache.iceberg.nessie.NessieCatalog --conf spark.sql.catalog.nessie.s3.endpoint=http://minio:9000 --conf spark.sql.catalog.nessie.warehouse=s3://gold/ --conf spark.sql.catalog.nessie.io-impl=org.apache.iceberg.aws.s3.S3FileIO --conf spark.hadoop.fs.s3a.endpoint=http://minio:9000 --conf spark.hadoop.fs.s3a.access.key=admin --conf spark.hadoop.fs.s3a.secret.key=****** --conf spark.hadoop.fs.s3a.path.style.access=true --name arrow-spark --verbose /opt/***/jobs/process_taxi_data.py. Error code is: 2.; 480)
[2025-09-23T01:12:53.988+0000] {local_task_job_runner.py:243} INFO - Task exited with return code 1
[2025-09-23T01:12:54.008+0000] {taskinstance.py:3503} INFO - 0 downstream tasks scheduled from follow-on schedule check
[2025-09-23T01:12:54.011+0000] {local_task_job_runner.py:222} INFO - ::endgroup::
