[2025-09-23T04:54:23.964+0000] {local_task_job_runner.py:120} INFO - ::group::Pre task execution logs
[2025-09-23T04:54:24.171+0000] {taskinstance.py:2076} INFO - Dependencies all met for dep_context=non-requeueable deps ti=<TaskInstance: spark_iceberg_pipeline.process_taxi_data manual__2025-09-23T04:48:36.301539+00:00 [queued]>
[2025-09-23T04:54:24.182+0000] {taskinstance.py:2076} INFO - Dependencies all met for dep_context=requeueable deps ti=<TaskInstance: spark_iceberg_pipeline.process_taxi_data manual__2025-09-23T04:48:36.301539+00:00 [queued]>
[2025-09-23T04:54:24.183+0000] {taskinstance.py:2306} INFO - Starting attempt 2 of 2
[2025-09-23T04:54:24.208+0000] {taskinstance.py:2330} INFO - Executing <Task(SparkSubmitOperator): process_taxi_data> on 2025-09-23 04:48:36.301539+00:00
[2025-09-23T04:54:24.227+0000] {logging_mixin.py:188} WARNING - /home/***/.local/lib/python3.12/site-packages/***/task/task_runner/standard_task_runner.py:62 DeprecationWarning: This process (pid=477) is multi-threaded, use of fork() may lead to deadlocks in the child.
[2025-09-23T04:54:24.222+0000] {standard_task_runner.py:90} INFO - Running: ['***', 'tasks', 'run', 'spark_iceberg_pipeline', 'process_taxi_data', 'manual__2025-09-23T04:48:36.301539+00:00', '--job-id', '6', '--raw', '--subdir', 'DAGS_FOLDER/spark_iceberg_pipeline.py', '--cfg-path', '/tmp/tmpenv_opjs']
[2025-09-23T04:54:24.228+0000] {standard_task_runner.py:91} INFO - Job 6: Subtask process_taxi_data
[2025-09-23T04:54:24.228+0000] {standard_task_runner.py:64} INFO - Started process 478 to run task
[2025-09-23T04:54:24.313+0000] {task_command.py:426} INFO - Running <TaskInstance: spark_iceberg_pipeline.process_taxi_data manual__2025-09-23T04:48:36.301539+00:00 [running]> on host 2f23f43e66d3
[2025-09-23T04:54:24.446+0000] {taskinstance.py:2648} INFO - Exporting env vars: AIRFLOW_CTX_DAG_OWNER='***' AIRFLOW_CTX_DAG_ID='spark_iceberg_pipeline' AIRFLOW_CTX_TASK_ID='process_taxi_data' AIRFLOW_CTX_EXECUTION_DATE='2025-09-23T04:48:36.301539+00:00' AIRFLOW_CTX_TRY_NUMBER='2' AIRFLOW_CTX_DAG_RUN_ID='manual__2025-09-23T04:48:36.301539+00:00'
[2025-09-23T04:54:24.447+0000] {taskinstance.py:430} INFO - ::endgroup::
[2025-09-23T04:54:24.490+0000] {base.py:84} INFO - Using connection ID 'spark_default' for task execution.
[2025-09-23T04:54:24.494+0000] {spark_submit.py:473} INFO - Spark-Submit cmd: spark-submit --master spark-master:7077 --conf spark.master=spark://spark-master:7077 --conf spark.jars.packages=org.apache.iceberg:iceberg-spark-runtime-3.5_2.12:1.5.0,org.projectnessie.nessie-integrations:nessie-spark-extensions-3.5_2.12:0.90.1,org.apache.hadoop:hadoop-aws:3.3.4,com.amazonaws:aws-java-sdk-bundle:1.12.262 --conf spark.sql.extensions=org.apache.iceberg.spark.extensions.IcebergSparkSessionExtensions,org.projectnessie.spark.extensions.NessieSparkSessionExtensions --conf spark.sql.catalog.nessie=org.apache.iceberg.spark.SparkCatalog --conf spark.sql.catalog.nessie.uri=http://nessie:19120/api/v1 --conf spark.sql.catalog.nessie.ref=main --conf spark.sql.catalog.nessie.authentication.type=NONE --conf spark.sql.catalog.nessie.catalog-impl=org.apache.iceberg.nessie.NessieCatalog --conf spark.sql.catalog.nessie.s3.endpoint=http://minio:9000 --conf spark.sql.catalog.nessie.warehouse=s3://gold/ --conf spark.sql.catalog.nessie.io-impl=org.apache.iceberg.aws.s3.S3FileIO --conf spark.hadoop.fs.s3a.endpoint=http://minio:9000 --conf spark.hadoop.fs.s3a.access.key=admin --conf spark.hadoop.fs.s3a.secret.key=****** --conf spark.hadoop.fs.s3a.path.style.access=true --name arrow-spark --verbose /opt/***/jobs/process_taxi_data.py
[2025-09-23T04:54:27.585+0000] {spark_submit.py:649} INFO - Using properties file: null
[2025-09-23T04:54:27.773+0000] {spark_submit.py:649} INFO - Parsed arguments:
[2025-09-23T04:54:27.773+0000] {spark_submit.py:649} INFO - master                  spark-master:7077
[2025-09-23T04:54:27.773+0000] {spark_submit.py:649} INFO - deployMode              null
[2025-09-23T04:54:27.773+0000] {spark_submit.py:649} INFO - executorMemory          null
[2025-09-23T04:54:27.773+0000] {spark_submit.py:649} INFO - executorCores           null
[2025-09-23T04:54:27.774+0000] {spark_submit.py:649} INFO - totalExecutorCores      null
[2025-09-23T04:54:27.774+0000] {spark_submit.py:649} INFO - propertiesFile          null
[2025-09-23T04:54:27.774+0000] {spark_submit.py:649} INFO - driverMemory            null
[2025-09-23T04:54:27.774+0000] {spark_submit.py:649} INFO - driverCores             null
[2025-09-23T04:54:27.774+0000] {spark_submit.py:649} INFO - driverExtraClassPath    null
[2025-09-23T04:54:27.774+0000] {spark_submit.py:649} INFO - driverExtraLibraryPath  null
[2025-09-23T04:54:27.774+0000] {spark_submit.py:649} INFO - driverExtraJavaOptions  null
[2025-09-23T04:54:27.774+0000] {spark_submit.py:649} INFO - supervise               false
[2025-09-23T04:54:27.774+0000] {spark_submit.py:649} INFO - queue                   null
[2025-09-23T04:54:27.775+0000] {spark_submit.py:649} INFO - numExecutors            null
[2025-09-23T04:54:27.775+0000] {spark_submit.py:649} INFO - files                   null
[2025-09-23T04:54:27.775+0000] {spark_submit.py:649} INFO - pyFiles                 null
[2025-09-23T04:54:27.775+0000] {spark_submit.py:649} INFO - archives                null
[2025-09-23T04:54:27.775+0000] {spark_submit.py:649} INFO - mainClass               null
[2025-09-23T04:54:27.775+0000] {spark_submit.py:649} INFO - primaryResource         file:/opt/***/jobs/process_taxi_data.py
[2025-09-23T04:54:27.775+0000] {spark_submit.py:649} INFO - name                    arrow-spark
[2025-09-23T04:54:27.775+0000] {spark_submit.py:649} INFO - childArgs               []
[2025-09-23T04:54:27.775+0000] {spark_submit.py:649} INFO - jars                    null
[2025-09-23T04:54:27.775+0000] {spark_submit.py:649} INFO - packages                org.apache.iceberg:iceberg-spark-runtime-3.5_2.12:1.5.0,org.projectnessie.nessie-integrations:nessie-spark-extensions-3.5_2.12:0.90.1,org.apache.hadoop:hadoop-aws:3.3.4,com.amazonaws:aws-java-sdk-bundle:1.12.262
[2025-09-23T04:54:27.775+0000] {spark_submit.py:649} INFO - packagesExclusions      null
[2025-09-23T04:54:27.775+0000] {spark_submit.py:649} INFO - repositories            null
[2025-09-23T04:54:27.775+0000] {spark_submit.py:649} INFO - verbose                 true
[2025-09-23T04:54:27.776+0000] {spark_submit.py:649} INFO - 
[2025-09-23T04:54:27.776+0000] {spark_submit.py:649} INFO - Spark properties used, including those specified through
[2025-09-23T04:54:27.776+0000] {spark_submit.py:649} INFO - --conf and those from the properties file null:
[2025-09-23T04:54:27.776+0000] {spark_submit.py:649} INFO - (spark.hadoop.fs.s3a.access.key,*********(redacted))
[2025-09-23T04:54:27.776+0000] {spark_submit.py:649} INFO - (spark.hadoop.fs.s3a.endpoint,http://minio:9000)
[2025-09-23T04:54:27.776+0000] {spark_submit.py:649} INFO - (spark.hadoop.fs.s3a.path.style.access,true)
[2025-09-23T04:54:27.776+0000] {spark_submit.py:649} INFO - (spark.hadoop.fs.s3a.secret.key,*********(redacted))
[2025-09-23T04:54:27.776+0000] {spark_submit.py:649} INFO - (spark.jars.packages,org.apache.iceberg:iceberg-spark-runtime-3.5_2.12:1.5.0,org.projectnessie.nessie-integrations:nessie-spark-extensions-3.5_2.12:0.90.1,org.apache.hadoop:hadoop-aws:3.3.4,com.amazonaws:aws-java-sdk-bundle:1.12.262)
[2025-09-23T04:54:27.776+0000] {spark_submit.py:649} INFO - (spark.master,spark://spark-master:7077)
[2025-09-23T04:54:27.776+0000] {spark_submit.py:649} INFO - (spark.sql.catalog.nessie,org.apache.iceberg.spark.SparkCatalog)
[2025-09-23T04:54:27.776+0000] {spark_submit.py:649} INFO - (spark.sql.catalog.nessie.authentication.type,NONE)
[2025-09-23T04:54:27.776+0000] {spark_submit.py:649} INFO - (spark.sql.catalog.nessie.catalog-impl,org.apache.iceberg.nessie.NessieCatalog)
[2025-09-23T04:54:27.776+0000] {spark_submit.py:649} INFO - (spark.sql.catalog.nessie.io-impl,org.apache.iceberg.aws.s3.S3FileIO)
[2025-09-23T04:54:27.777+0000] {spark_submit.py:649} INFO - (spark.sql.catalog.nessie.ref,main)
[2025-09-23T04:54:27.777+0000] {spark_submit.py:649} INFO - (spark.sql.catalog.nessie.s3.endpoint,http://minio:9000)
[2025-09-23T04:54:27.777+0000] {spark_submit.py:649} INFO - (spark.sql.catalog.nessie.uri,http://nessie:19120/api/v1)
[2025-09-23T04:54:27.777+0000] {spark_submit.py:649} INFO - (spark.sql.catalog.nessie.warehouse,s3://gold/)
[2025-09-23T04:54:27.777+0000] {spark_submit.py:649} INFO - (spark.sql.extensions,org.apache.iceberg.spark.extensions.IcebergSparkSessionExtensions,org.projectnessie.spark.extensions.NessieSparkSessionExtensions)
[2025-09-23T04:54:27.777+0000] {spark_submit.py:649} INFO - 
[2025-09-23T04:54:27.778+0000] {spark_submit.py:649} INFO - 
[2025-09-23T04:54:27.982+0000] {spark_submit.py:649} INFO - :: loading settings :: url = jar:file:/home/***/.local/lib/python3.12/site-packages/pyspark/jars/ivy-2.5.0.jar!/org/apache/ivy/core/settings/ivysettings.xml
[2025-09-23T04:54:28.181+0000] {spark_submit.py:649} INFO - Ivy Default Cache set to: /home/***/.ivy2/cache
[2025-09-23T04:54:28.181+0000] {spark_submit.py:649} INFO - The jars for the packages stored in: /home/***/.ivy2/jars
[2025-09-23T04:54:28.191+0000] {spark_submit.py:649} INFO - org.apache.iceberg#iceberg-spark-runtime-3.5_2.12 added as a dependency
[2025-09-23T04:54:28.191+0000] {spark_submit.py:649} INFO - org.projectnessie.nessie-integrations#nessie-spark-extensions-3.5_2.12 added as a dependency
[2025-09-23T04:54:28.192+0000] {spark_submit.py:649} INFO - org.apache.hadoop#hadoop-aws added as a dependency
[2025-09-23T04:54:28.192+0000] {spark_submit.py:649} INFO - com.amazonaws#aws-java-sdk-bundle added as a dependency
[2025-09-23T04:54:28.193+0000] {spark_submit.py:649} INFO - :: resolving dependencies :: org.apache.spark#spark-submit-parent-ca6c20fc-c3e0-4887-b6d2-7888db0899b1;1.0
[2025-09-23T04:54:28.193+0000] {spark_submit.py:649} INFO - confs: [default]
[2025-09-23T04:54:28.411+0000] {spark_submit.py:649} INFO - found org.apache.iceberg#iceberg-spark-runtime-3.5_2.12;1.5.0 in central
[2025-09-23T04:54:28.436+0000] {spark_submit.py:649} INFO - found org.projectnessie.nessie-integrations#nessie-spark-extensions-3.5_2.12;0.90.1 in central
[2025-09-23T04:54:28.516+0000] {spark_submit.py:649} INFO - found org.apache.hadoop#hadoop-aws;3.3.4 in central
[2025-09-23T04:54:28.574+0000] {spark_submit.py:649} INFO - found com.amazonaws#aws-java-sdk-bundle;1.12.262 in central
[2025-09-23T04:54:28.612+0000] {spark_submit.py:649} INFO - found org.wildfly.openssl#wildfly-openssl;1.0.7.Final in central
[2025-09-23T04:54:28.654+0000] {spark_submit.py:649} INFO - :: resolution report :: resolve 438ms :: artifacts dl 24ms
[2025-09-23T04:54:28.655+0000] {spark_submit.py:649} INFO - :: modules in use:
[2025-09-23T04:54:28.655+0000] {spark_submit.py:649} INFO - com.amazonaws#aws-java-sdk-bundle;1.12.262 from central in [default]
[2025-09-23T04:54:28.656+0000] {spark_submit.py:649} INFO - org.apache.hadoop#hadoop-aws;3.3.4 from central in [default]
[2025-09-23T04:54:28.656+0000] {spark_submit.py:649} INFO - org.apache.iceberg#iceberg-spark-runtime-3.5_2.12;1.5.0 from central in [default]
[2025-09-23T04:54:28.656+0000] {spark_submit.py:649} INFO - org.projectnessie.nessie-integrations#nessie-spark-extensions-3.5_2.12;0.90.1 from central in [default]
[2025-09-23T04:54:28.656+0000] {spark_submit.py:649} INFO - org.wildfly.openssl#wildfly-openssl;1.0.7.Final from central in [default]
[2025-09-23T04:54:28.656+0000] {spark_submit.py:649} INFO - ---------------------------------------------------------------------
[2025-09-23T04:54:28.656+0000] {spark_submit.py:649} INFO - |                  |            modules            ||   artifacts   |
[2025-09-23T04:54:28.656+0000] {spark_submit.py:649} INFO - |       conf       | number| search|dwnlded|evicted|| number|dwnlded|
[2025-09-23T04:54:28.657+0000] {spark_submit.py:649} INFO - ---------------------------------------------------------------------
[2025-09-23T04:54:28.657+0000] {spark_submit.py:649} INFO - |      default     |   5   |   0   |   0   |   0   ||   5   |   0   |
[2025-09-23T04:54:28.657+0000] {spark_submit.py:649} INFO - ---------------------------------------------------------------------
[2025-09-23T04:54:28.679+0000] {spark_submit.py:649} INFO - :: retrieving :: org.apache.spark#spark-submit-parent-ca6c20fc-c3e0-4887-b6d2-7888db0899b1
[2025-09-23T04:54:28.679+0000] {spark_submit.py:649} INFO - confs: [default]
[2025-09-23T04:54:31.991+0000] {spark_submit.py:649} INFO - 3 artifacts copied, 2 already retrieved (315108kB/3312ms)
[2025-09-23T04:54:32.238+0000] {spark_submit.py:649} INFO - 25/09/23 04:54:32 WARN NativeCodeLoader: Unable to load native-hadoop library for your platform... using builtin-java classes where applicable
[2025-09-23T04:54:32.535+0000] {spark_submit.py:649} INFO - Main class:
[2025-09-23T04:54:32.535+0000] {spark_submit.py:649} INFO - org.apache.spark.deploy.PythonRunner
[2025-09-23T04:54:32.536+0000] {spark_submit.py:649} INFO - Arguments:
[2025-09-23T04:54:32.536+0000] {spark_submit.py:649} INFO - file:/opt/***/jobs/process_taxi_data.py
[2025-09-23T04:54:32.536+0000] {spark_submit.py:649} INFO - file:///home/***/.ivy2/jars/org.apache.iceberg_iceberg-spark-runtime-3.5_2.12-1.5.0.jar,file:///home/***/.ivy2/jars/org.projectnessie.nessie-integrations_nessie-spark-extensions-3.5_2.12-0.90.1.jar,file:///home/***/.ivy2/jars/org.apache.hadoop_hadoop-aws-3.3.4.jar,file:///home/***/.ivy2/jars/com.amazonaws_aws-java-sdk-bundle-1.12.262.jar,file:///home/***/.ivy2/jars/org.wildfly.openssl_wildfly-openssl-1.0.7.Final.jar
[2025-09-23T04:54:32.559+0000] {spark_submit.py:649} INFO - Spark config:
[2025-09-23T04:54:32.559+0000] {spark_submit.py:649} INFO - (spark.app.name,arrow-spark)
[2025-09-23T04:54:32.560+0000] {spark_submit.py:649} INFO - (spark.app.submitTime,1758603272517)
[2025-09-23T04:54:32.560+0000] {spark_submit.py:649} INFO - (spark.files,file:///home/***/.ivy2/jars/org.apache.iceberg_iceberg-spark-runtime-3.5_2.12-1.5.0.jar,file:///home/***/.ivy2/jars/org.projectnessie.nessie-integrations_nessie-spark-extensions-3.5_2.12-0.90.1.jar,file:///home/***/.ivy2/jars/org.apache.hadoop_hadoop-aws-3.3.4.jar,file:///home/***/.ivy2/jars/com.amazonaws_aws-java-sdk-bundle-1.12.262.jar,file:///home/***/.ivy2/jars/org.wildfly.openssl_wildfly-openssl-1.0.7.Final.jar)
[2025-09-23T04:54:32.560+0000] {spark_submit.py:649} INFO - (spark.hadoop.fs.s3a.access.key,*********(redacted))
[2025-09-23T04:54:32.560+0000] {spark_submit.py:649} INFO - (spark.hadoop.fs.s3a.endpoint,http://minio:9000)
[2025-09-23T04:54:32.560+0000] {spark_submit.py:649} INFO - (spark.hadoop.fs.s3a.path.style.access,true)
[2025-09-23T04:54:32.560+0000] {spark_submit.py:649} INFO - (spark.hadoop.fs.s3a.secret.key,*********(redacted))
[2025-09-23T04:54:32.560+0000] {spark_submit.py:649} INFO - (spark.jars,file:///home/***/.ivy2/jars/org.apache.iceberg_iceberg-spark-runtime-3.5_2.12-1.5.0.jar,file:///home/***/.ivy2/jars/org.projectnessie.nessie-integrations_nessie-spark-extensions-3.5_2.12-0.90.1.jar,file:///home/***/.ivy2/jars/org.apache.hadoop_hadoop-aws-3.3.4.jar,file:///home/***/.ivy2/jars/com.amazonaws_aws-java-sdk-bundle-1.12.262.jar,file:///home/***/.ivy2/jars/org.wildfly.openssl_wildfly-openssl-1.0.7.Final.jar)
[2025-09-23T04:54:32.560+0000] {spark_submit.py:649} INFO - (spark.jars.packages,org.apache.iceberg:iceberg-spark-runtime-3.5_2.12:1.5.0,org.projectnessie.nessie-integrations:nessie-spark-extensions-3.5_2.12:0.90.1,org.apache.hadoop:hadoop-aws:3.3.4,com.amazonaws:aws-java-sdk-bundle:1.12.262)
[2025-09-23T04:54:32.561+0000] {spark_submit.py:649} INFO - (spark.master,spark-master:7077)
[2025-09-23T04:54:32.561+0000] {spark_submit.py:649} INFO - (spark.repl.local.jars,file:///home/***/.ivy2/jars/org.apache.iceberg_iceberg-spark-runtime-3.5_2.12-1.5.0.jar,file:///home/***/.ivy2/jars/org.projectnessie.nessie-integrations_nessie-spark-extensions-3.5_2.12-0.90.1.jar,file:///home/***/.ivy2/jars/org.apache.hadoop_hadoop-aws-3.3.4.jar,file:///home/***/.ivy2/jars/com.amazonaws_aws-java-sdk-bundle-1.12.262.jar,file:///home/***/.ivy2/jars/org.wildfly.openssl_wildfly-openssl-1.0.7.Final.jar)
[2025-09-23T04:54:32.561+0000] {spark_submit.py:649} INFO - (spark.sql.catalog.nessie,org.apache.iceberg.spark.SparkCatalog)
[2025-09-23T04:54:32.561+0000] {spark_submit.py:649} INFO - (spark.sql.catalog.nessie.authentication.type,NONE)
[2025-09-23T04:54:32.561+0000] {spark_submit.py:649} INFO - (spark.sql.catalog.nessie.catalog-impl,org.apache.iceberg.nessie.NessieCatalog)
[2025-09-23T04:54:32.561+0000] {spark_submit.py:649} INFO - (spark.sql.catalog.nessie.io-impl,org.apache.iceberg.aws.s3.S3FileIO)
[2025-09-23T04:54:32.561+0000] {spark_submit.py:649} INFO - (spark.sql.catalog.nessie.ref,main)
[2025-09-23T04:54:32.561+0000] {spark_submit.py:649} INFO - (spark.sql.catalog.nessie.s3.endpoint,http://minio:9000)
[2025-09-23T04:54:32.561+0000] {spark_submit.py:649} INFO - (spark.sql.catalog.nessie.uri,http://nessie:19120/api/v1)
[2025-09-23T04:54:32.561+0000] {spark_submit.py:649} INFO - (spark.sql.catalog.nessie.warehouse,s3://gold/)
[2025-09-23T04:54:32.561+0000] {spark_submit.py:649} INFO - (spark.sql.extensions,org.apache.iceberg.spark.extensions.IcebergSparkSessionExtensions,org.projectnessie.spark.extensions.NessieSparkSessionExtensions)
[2025-09-23T04:54:32.561+0000] {spark_submit.py:649} INFO - (spark.submit.deployMode,client)
[2025-09-23T04:54:32.562+0000] {spark_submit.py:649} INFO - (spark.submit.pyFiles,/home/***/.ivy2/jars/org.apache.iceberg_iceberg-spark-runtime-3.5_2.12-1.5.0.jar,/home/***/.ivy2/jars/org.projectnessie.nessie-integrations_nessie-spark-extensions-3.5_2.12-0.90.1.jar,/home/***/.ivy2/jars/org.apache.hadoop_hadoop-aws-3.3.4.jar,/home/***/.ivy2/jars/com.amazonaws_aws-java-sdk-bundle-1.12.262.jar,/home/***/.ivy2/jars/org.wildfly.openssl_wildfly-openssl-1.0.7.Final.jar)
[2025-09-23T04:54:32.562+0000] {spark_submit.py:649} INFO - Classpath elements:
[2025-09-23T04:54:32.562+0000] {spark_submit.py:649} INFO - file:///home/***/.ivy2/jars/org.apache.iceberg_iceberg-spark-runtime-3.5_2.12-1.5.0.jar
[2025-09-23T04:54:32.562+0000] {spark_submit.py:649} INFO - file:///home/***/.ivy2/jars/org.projectnessie.nessie-integrations_nessie-spark-extensions-3.5_2.12-0.90.1.jar
[2025-09-23T04:54:32.562+0000] {spark_submit.py:649} INFO - file:///home/***/.ivy2/jars/org.apache.hadoop_hadoop-aws-3.3.4.jar
[2025-09-23T04:54:32.562+0000] {spark_submit.py:649} INFO - file:///home/***/.ivy2/jars/com.amazonaws_aws-java-sdk-bundle-1.12.262.jar
[2025-09-23T04:54:32.562+0000] {spark_submit.py:649} INFO - file:///home/***/.ivy2/jars/org.wildfly.openssl_wildfly-openssl-1.0.7.Final.jar
[2025-09-23T04:54:32.562+0000] {spark_submit.py:649} INFO - 
[2025-09-23T04:54:32.562+0000] {spark_submit.py:649} INFO - 
[2025-09-23T04:54:34.139+0000] {spark_submit.py:649} INFO - 25/09/23 04:54:34 INFO SparkContext: Running Spark version 3.3.1
[2025-09-23T04:54:34.161+0000] {spark_submit.py:649} INFO - 25/09/23 04:54:34 INFO ResourceUtils: ==============================================================
[2025-09-23T04:54:34.161+0000] {spark_submit.py:649} INFO - 25/09/23 04:54:34 INFO ResourceUtils: No custom resources configured for spark.driver.
[2025-09-23T04:54:34.162+0000] {spark_submit.py:649} INFO - 25/09/23 04:54:34 INFO ResourceUtils: ==============================================================
[2025-09-23T04:54:34.162+0000] {spark_submit.py:649} INFO - 25/09/23 04:54:34 INFO SparkContext: Submitted application: ProcessTaxiData
[2025-09-23T04:54:34.187+0000] {spark_submit.py:649} INFO - 25/09/23 04:54:34 INFO ResourceProfile: Default ResourceProfile created, executor resources: Map(cores -> name: cores, amount: 1, script: , vendor: , memory -> name: memory, amount: 1024, script: , vendor: , offHeap -> name: offHeap, amount: 0, script: , vendor: ), task resources: Map(cpus -> name: cpus, amount: 1.0)
[2025-09-23T04:54:34.198+0000] {spark_submit.py:649} INFO - 25/09/23 04:54:34 INFO ResourceProfile: Limiting resource is cpu
[2025-09-23T04:54:34.199+0000] {spark_submit.py:649} INFO - 25/09/23 04:54:34 INFO ResourceProfileManager: Added ResourceProfile id: 0
[2025-09-23T04:54:34.284+0000] {spark_submit.py:649} INFO - 25/09/23 04:54:34 INFO SecurityManager: Changing view acls to: ***
[2025-09-23T04:54:34.285+0000] {spark_submit.py:649} INFO - 25/09/23 04:54:34 INFO SecurityManager: Changing modify acls to: ***
[2025-09-23T04:54:34.285+0000] {spark_submit.py:649} INFO - 25/09/23 04:54:34 INFO SecurityManager: Changing view acls groups to:
[2025-09-23T04:54:34.286+0000] {spark_submit.py:649} INFO - 25/09/23 04:54:34 INFO SecurityManager: Changing modify acls groups to:
[2025-09-23T04:54:34.286+0000] {spark_submit.py:649} INFO - 25/09/23 04:54:34 INFO SecurityManager: SecurityManager: authentication disabled; ui acls disabled; users  with view permissions: Set(***); groups with view permissions: Set(); users  with modify permissions: Set(***); groups with modify permissions: Set()
[2025-09-23T04:54:34.643+0000] {spark_submit.py:649} INFO - 25/09/23 04:54:34 INFO Utils: Successfully started service 'sparkDriver' on port 38311.
[2025-09-23T04:54:34.697+0000] {spark_submit.py:649} INFO - 25/09/23 04:54:34 INFO SparkEnv: Registering MapOutputTracker
[2025-09-23T04:54:34.757+0000] {spark_submit.py:649} INFO - 25/09/23 04:54:34 INFO SparkEnv: Registering BlockManagerMaster
[2025-09-23T04:54:34.786+0000] {spark_submit.py:649} INFO - 25/09/23 04:54:34 INFO BlockManagerMasterEndpoint: Using org.apache.spark.storage.DefaultTopologyMapper for getting topology information
[2025-09-23T04:54:34.786+0000] {spark_submit.py:649} INFO - 25/09/23 04:54:34 INFO BlockManagerMasterEndpoint: BlockManagerMasterEndpoint up
[2025-09-23T04:54:34.792+0000] {spark_submit.py:649} INFO - 25/09/23 04:54:34 INFO SparkEnv: Registering BlockManagerMasterHeartbeat
[2025-09-23T04:54:34.818+0000] {spark_submit.py:649} INFO - 25/09/23 04:54:34 INFO DiskBlockManager: Created local directory at /tmp/blockmgr-273f343c-f00d-4f9d-b8f0-78c1b78d411b
[2025-09-23T04:54:34.841+0000] {spark_submit.py:649} INFO - 25/09/23 04:54:34 INFO MemoryStore: MemoryStore started with capacity 434.4 MiB
[2025-09-23T04:54:34.862+0000] {spark_submit.py:649} INFO - 25/09/23 04:54:34 INFO SparkEnv: Registering OutputCommitCoordinator
[2025-09-23T04:54:35.173+0000] {spark_submit.py:649} INFO - 25/09/23 04:54:35 WARN Utils: Service 'SparkUI' could not bind on port 4040. Attempting port 4041.
[2025-09-23T04:54:35.188+0000] {spark_submit.py:649} INFO - 25/09/23 04:54:35 INFO Utils: Successfully started service 'SparkUI' on port 4041.
[2025-09-23T04:54:35.242+0000] {spark_submit.py:649} INFO - 25/09/23 04:54:35 INFO SparkContext: Added JAR file:///home/***/.ivy2/jars/org.apache.iceberg_iceberg-spark-runtime-3.5_2.12-1.5.0.jar at spark://2f23f43e66d3:38311/jars/org.apache.iceberg_iceberg-spark-runtime-3.5_2.12-1.5.0.jar with timestamp 1758603274132
[2025-09-23T04:54:35.242+0000] {spark_submit.py:649} INFO - 25/09/23 04:54:35 INFO SparkContext: Added JAR file:///home/***/.ivy2/jars/org.projectnessie.nessie-integrations_nessie-spark-extensions-3.5_2.12-0.90.1.jar at spark://2f23f43e66d3:38311/jars/org.projectnessie.nessie-integrations_nessie-spark-extensions-3.5_2.12-0.90.1.jar with timestamp 1758603274132
[2025-09-23T04:54:35.242+0000] {spark_submit.py:649} INFO - 25/09/23 04:54:35 INFO SparkContext: Added JAR file:///home/***/.ivy2/jars/org.apache.hadoop_hadoop-aws-3.3.4.jar at spark://2f23f43e66d3:38311/jars/org.apache.hadoop_hadoop-aws-3.3.4.jar with timestamp 1758603274132
[2025-09-23T04:54:35.242+0000] {spark_submit.py:649} INFO - 25/09/23 04:54:35 INFO SparkContext: Added JAR file:///home/***/.ivy2/jars/com.amazonaws_aws-java-sdk-bundle-1.12.262.jar at spark://2f23f43e66d3:38311/jars/com.amazonaws_aws-java-sdk-bundle-1.12.262.jar with timestamp 1758603274132
[2025-09-23T04:54:35.242+0000] {spark_submit.py:649} INFO - 25/09/23 04:54:35 INFO SparkContext: Added JAR file:///home/***/.ivy2/jars/org.wildfly.openssl_wildfly-openssl-1.0.7.Final.jar at spark://2f23f43e66d3:38311/jars/org.wildfly.openssl_wildfly-openssl-1.0.7.Final.jar with timestamp 1758603274132
[2025-09-23T04:54:35.246+0000] {spark_submit.py:649} INFO - 25/09/23 04:54:35 INFO SparkContext: Added file file:///home/***/.ivy2/jars/org.apache.iceberg_iceberg-spark-runtime-3.5_2.12-1.5.0.jar at spark://2f23f43e66d3:38311/files/org.apache.iceberg_iceberg-spark-runtime-3.5_2.12-1.5.0.jar with timestamp 1758603274132
[2025-09-23T04:54:35.248+0000] {spark_submit.py:649} INFO - 25/09/23 04:54:35 INFO Utils: Copying /home/***/.ivy2/jars/org.apache.iceberg_iceberg-spark-runtime-3.5_2.12-1.5.0.jar to /tmp/spark-202ddf0b-d1c9-4fc7-9b99-d55b45d9e0f8/userFiles-0c3faffc-e62c-4777-b44a-3af98c502bd1/org.apache.iceberg_iceberg-spark-runtime-3.5_2.12-1.5.0.jar
[2025-09-23T04:54:35.579+0000] {spark_submit.py:649} INFO - 25/09/23 04:54:35 INFO SparkContext: Added file file:///home/***/.ivy2/jars/org.projectnessie.nessie-integrations_nessie-spark-extensions-3.5_2.12-0.90.1.jar at spark://2f23f43e66d3:38311/files/org.projectnessie.nessie-integrations_nessie-spark-extensions-3.5_2.12-0.90.1.jar with timestamp 1758603274132
[2025-09-23T04:54:35.581+0000] {spark_submit.py:649} INFO - 25/09/23 04:54:35 INFO Utils: Copying /home/***/.ivy2/jars/org.projectnessie.nessie-integrations_nessie-spark-extensions-3.5_2.12-0.90.1.jar to /tmp/spark-202ddf0b-d1c9-4fc7-9b99-d55b45d9e0f8/userFiles-0c3faffc-e62c-4777-b44a-3af98c502bd1/org.projectnessie.nessie-integrations_nessie-spark-extensions-3.5_2.12-0.90.1.jar
[2025-09-23T04:54:35.625+0000] {spark_submit.py:649} INFO - 25/09/23 04:54:35 INFO SparkContext: Added file file:///home/***/.ivy2/jars/org.apache.hadoop_hadoop-aws-3.3.4.jar at spark://2f23f43e66d3:38311/files/org.apache.hadoop_hadoop-aws-3.3.4.jar with timestamp 1758603274132
[2025-09-23T04:54:35.625+0000] {spark_submit.py:649} INFO - 25/09/23 04:54:35 INFO Utils: Copying /home/***/.ivy2/jars/org.apache.hadoop_hadoop-aws-3.3.4.jar to /tmp/spark-202ddf0b-d1c9-4fc7-9b99-d55b45d9e0f8/userFiles-0c3faffc-e62c-4777-b44a-3af98c502bd1/org.apache.hadoop_hadoop-aws-3.3.4.jar
[2025-09-23T04:54:35.670+0000] {spark_submit.py:649} INFO - 25/09/23 04:54:35 INFO SparkContext: Added file file:///home/***/.ivy2/jars/com.amazonaws_aws-java-sdk-bundle-1.12.262.jar at spark://2f23f43e66d3:38311/files/com.amazonaws_aws-java-sdk-bundle-1.12.262.jar with timestamp 1758603274132
[2025-09-23T04:54:35.671+0000] {spark_submit.py:649} INFO - 25/09/23 04:54:35 INFO Utils: Copying /home/***/.ivy2/jars/com.amazonaws_aws-java-sdk-bundle-1.12.262.jar to /tmp/spark-202ddf0b-d1c9-4fc7-9b99-d55b45d9e0f8/userFiles-0c3faffc-e62c-4777-b44a-3af98c502bd1/com.amazonaws_aws-java-sdk-bundle-1.12.262.jar
[2025-09-23T04:54:37.901+0000] {spark_submit.py:649} INFO - 25/09/23 04:54:37 INFO SparkContext: Added file file:///home/***/.ivy2/jars/org.wildfly.openssl_wildfly-openssl-1.0.7.Final.jar at spark://2f23f43e66d3:38311/files/org.wildfly.openssl_wildfly-openssl-1.0.7.Final.jar with timestamp 1758603274132
[2025-09-23T04:54:37.908+0000] {spark_submit.py:649} INFO - 25/09/23 04:54:37 INFO Utils: Copying /home/***/.ivy2/jars/org.wildfly.openssl_wildfly-openssl-1.0.7.Final.jar to /tmp/spark-202ddf0b-d1c9-4fc7-9b99-d55b45d9e0f8/userFiles-0c3faffc-e62c-4777-b44a-3af98c502bd1/org.wildfly.openssl_wildfly-openssl-1.0.7.Final.jar
[2025-09-23T04:54:37.979+0000] {spark_submit.py:649} INFO - 25/09/23 04:54:37 ERROR SparkContext: Error initializing SparkContext.
[2025-09-23T04:54:37.981+0000] {spark_submit.py:649} INFO - org.apache.spark.SparkException: Could not parse Master URL: 'spark-master:7077'
[2025-09-23T04:54:37.981+0000] {spark_submit.py:649} INFO - at org.apache.spark.SparkContext$.org$apache$spark$SparkContext$$createTaskScheduler(SparkContext.scala:2982)
[2025-09-23T04:54:37.981+0000] {spark_submit.py:649} INFO - at org.apache.spark.SparkContext.<init>(SparkContext.scala:563)
[2025-09-23T04:54:37.981+0000] {spark_submit.py:649} INFO - at org.apache.spark.api.java.JavaSparkContext.<init>(JavaSparkContext.scala:58)
[2025-09-23T04:54:37.981+0000] {spark_submit.py:649} INFO - at java.base/jdk.internal.reflect.NativeConstructorAccessorImpl.newInstance0(Native Method)
[2025-09-23T04:54:37.981+0000] {spark_submit.py:649} INFO - at java.base/jdk.internal.reflect.NativeConstructorAccessorImpl.newInstance(NativeConstructorAccessorImpl.java:77)
[2025-09-23T04:54:37.981+0000] {spark_submit.py:649} INFO - at java.base/jdk.internal.reflect.DelegatingConstructorAccessorImpl.newInstance(DelegatingConstructorAccessorImpl.java:45)
[2025-09-23T04:54:37.981+0000] {spark_submit.py:649} INFO - at java.base/java.lang.reflect.Constructor.newInstanceWithCaller(Constructor.java:500)
[2025-09-23T04:54:37.982+0000] {spark_submit.py:649} INFO - at java.base/java.lang.reflect.Constructor.newInstance(Constructor.java:481)
[2025-09-23T04:54:37.982+0000] {spark_submit.py:649} INFO - at py4j.reflection.MethodInvoker.invoke(MethodInvoker.java:247)
[2025-09-23T04:54:37.982+0000] {spark_submit.py:649} INFO - at py4j.reflection.ReflectionEngine.invoke(ReflectionEngine.java:357)
[2025-09-23T04:54:37.982+0000] {spark_submit.py:649} INFO - at py4j.Gateway.invoke(Gateway.java:238)
[2025-09-23T04:54:37.982+0000] {spark_submit.py:649} INFO - at py4j.commands.ConstructorCommand.invokeConstructor(ConstructorCommand.java:80)
[2025-09-23T04:54:37.982+0000] {spark_submit.py:649} INFO - at py4j.commands.ConstructorCommand.execute(ConstructorCommand.java:69)
[2025-09-23T04:54:37.982+0000] {spark_submit.py:649} INFO - at py4j.ClientServerConnection.waitForCommands(ClientServerConnection.java:182)
[2025-09-23T04:54:37.982+0000] {spark_submit.py:649} INFO - at py4j.ClientServerConnection.run(ClientServerConnection.java:106)
[2025-09-23T04:54:37.982+0000] {spark_submit.py:649} INFO - at java.base/java.lang.Thread.run(Thread.java:840)
[2025-09-23T04:54:38.007+0000] {spark_submit.py:649} INFO - 25/09/23 04:54:38 INFO SparkUI: Stopped Spark web UI at http://2f23f43e66d3:4041
[2025-09-23T04:54:38.041+0000] {spark_submit.py:649} INFO - 25/09/23 04:54:38 INFO MapOutputTrackerMasterEndpoint: MapOutputTrackerMasterEndpoint stopped!
[2025-09-23T04:54:38.062+0000] {spark_submit.py:649} INFO - 25/09/23 04:54:38 INFO MemoryStore: MemoryStore cleared
[2025-09-23T04:54:38.062+0000] {spark_submit.py:649} INFO - 25/09/23 04:54:38 INFO BlockManager: BlockManager stopped
[2025-09-23T04:54:38.075+0000] {spark_submit.py:649} INFO - 25/09/23 04:54:38 INFO BlockManagerMaster: BlockManagerMaster stopped
[2025-09-23T04:54:38.075+0000] {spark_submit.py:649} INFO - 25/09/23 04:54:38 WARN MetricsSystem: Stopping a MetricsSystem that is not running
[2025-09-23T04:54:38.080+0000] {spark_submit.py:649} INFO - 25/09/23 04:54:38 INFO OutputCommitCoordinator$OutputCommitCoordinatorEndpoint: OutputCommitCoordinator stopped!
[2025-09-23T04:54:38.104+0000] {spark_submit.py:649} INFO - 25/09/23 04:54:38 INFO SparkContext: Successfully stopped SparkContext
[2025-09-23T04:54:38.108+0000] {spark_submit.py:649} INFO - Traceback (most recent call last):
[2025-09-23T04:54:38.109+0000] {spark_submit.py:649} INFO - File "/opt/***/jobs/process_taxi_data.py", line 35, in <module>
[2025-09-23T04:54:38.110+0000] {spark_submit.py:649} INFO - main()
[2025-09-23T04:54:38.111+0000] {spark_submit.py:649} INFO - File "/opt/***/jobs/process_taxi_data.py", line 20, in main
[2025-09-23T04:54:38.111+0000] {spark_submit.py:649} INFO - .getOrCreate()
[2025-09-23T04:54:38.111+0000] {spark_submit.py:649} INFO - ^^^^^^^^^^^^^
[2025-09-23T04:54:38.111+0000] {spark_submit.py:649} INFO - File "/home/***/.local/lib/python3.12/site-packages/pyspark/python/lib/pyspark.zip/pyspark/sql/session.py", line 269, in getOrCreate
[2025-09-23T04:54:38.113+0000] {spark_submit.py:649} INFO - File "/home/***/.local/lib/python3.12/site-packages/pyspark/python/lib/pyspark.zip/pyspark/context.py", line 483, in getOrCreate
[2025-09-23T04:54:38.113+0000] {spark_submit.py:649} INFO - File "/home/***/.local/lib/python3.12/site-packages/pyspark/python/lib/pyspark.zip/pyspark/context.py", line 197, in __init__
[2025-09-23T04:54:38.114+0000] {spark_submit.py:649} INFO - File "/home/***/.local/lib/python3.12/site-packages/pyspark/python/lib/pyspark.zip/pyspark/context.py", line 282, in _do_init
[2025-09-23T04:54:38.114+0000] {spark_submit.py:649} INFO - File "/home/***/.local/lib/python3.12/site-packages/pyspark/python/lib/pyspark.zip/pyspark/context.py", line 402, in _initialize_context
[2025-09-23T04:54:38.114+0000] {spark_submit.py:649} INFO - File "/home/***/.local/lib/python3.12/site-packages/pyspark/python/lib/py4j-0.10.9.5-src.zip/py4j/java_gateway.py", line 1585, in __call__
[2025-09-23T04:54:38.114+0000] {spark_submit.py:649} INFO - File "/home/***/.local/lib/python3.12/site-packages/pyspark/python/lib/py4j-0.10.9.5-src.zip/py4j/protocol.py", line 326, in get_return_value
[2025-09-23T04:54:38.116+0000] {spark_submit.py:649} INFO - py4j.protocol.Py4JJavaError: An error occurred while calling None.org.apache.spark.api.java.JavaSparkContext.
[2025-09-23T04:54:38.117+0000] {spark_submit.py:649} INFO - : org.apache.spark.SparkException: Could not parse Master URL: 'spark-master:7077'
[2025-09-23T04:54:38.117+0000] {spark_submit.py:649} INFO - at org.apache.spark.SparkContext$.org$apache$spark$SparkContext$$createTaskScheduler(SparkContext.scala:2982)
[2025-09-23T04:54:38.117+0000] {spark_submit.py:649} INFO - at org.apache.spark.SparkContext.<init>(SparkContext.scala:563)
[2025-09-23T04:54:38.117+0000] {spark_submit.py:649} INFO - at org.apache.spark.api.java.JavaSparkContext.<init>(JavaSparkContext.scala:58)
[2025-09-23T04:54:38.117+0000] {spark_submit.py:649} INFO - at java.base/jdk.internal.reflect.NativeConstructorAccessorImpl.newInstance0(Native Method)
[2025-09-23T04:54:38.117+0000] {spark_submit.py:649} INFO - at java.base/jdk.internal.reflect.NativeConstructorAccessorImpl.newInstance(NativeConstructorAccessorImpl.java:77)
[2025-09-23T04:54:38.117+0000] {spark_submit.py:649} INFO - at java.base/jdk.internal.reflect.DelegatingConstructorAccessorImpl.newInstance(DelegatingConstructorAccessorImpl.java:45)
[2025-09-23T04:54:38.117+0000] {spark_submit.py:649} INFO - at java.base/java.lang.reflect.Constructor.newInstanceWithCaller(Constructor.java:500)
[2025-09-23T04:54:38.117+0000] {spark_submit.py:649} INFO - at java.base/java.lang.reflect.Constructor.newInstance(Constructor.java:481)
[2025-09-23T04:54:38.117+0000] {spark_submit.py:649} INFO - at py4j.reflection.MethodInvoker.invoke(MethodInvoker.java:247)
[2025-09-23T04:54:38.117+0000] {spark_submit.py:649} INFO - at py4j.reflection.ReflectionEngine.invoke(ReflectionEngine.java:357)
[2025-09-23T04:54:38.118+0000] {spark_submit.py:649} INFO - at py4j.Gateway.invoke(Gateway.java:238)
[2025-09-23T04:54:38.118+0000] {spark_submit.py:649} INFO - at py4j.commands.ConstructorCommand.invokeConstructor(ConstructorCommand.java:80)
[2025-09-23T04:54:38.118+0000] {spark_submit.py:649} INFO - at py4j.commands.ConstructorCommand.execute(ConstructorCommand.java:69)
[2025-09-23T04:54:38.118+0000] {spark_submit.py:649} INFO - at py4j.ClientServerConnection.waitForCommands(ClientServerConnection.java:182)
[2025-09-23T04:54:38.118+0000] {spark_submit.py:649} INFO - at py4j.ClientServerConnection.run(ClientServerConnection.java:106)
[2025-09-23T04:54:38.119+0000] {spark_submit.py:649} INFO - at java.base/java.lang.Thread.run(Thread.java:840)
[2025-09-23T04:54:38.119+0000] {spark_submit.py:649} INFO - 
[2025-09-23T04:54:38.204+0000] {spark_submit.py:649} INFO - 25/09/23 04:54:38 INFO ShutdownHookManager: Shutdown hook called
[2025-09-23T04:54:38.204+0000] {spark_submit.py:649} INFO - 25/09/23 04:54:38 INFO ShutdownHookManager: Deleting directory /tmp/spark-202ddf0b-d1c9-4fc7-9b99-d55b45d9e0f8
[2025-09-23T04:54:38.209+0000] {spark_submit.py:649} INFO - 25/09/23 04:54:38 INFO ShutdownHookManager: Deleting directory /tmp/spark-6e402979-8928-4005-b217-c77120c5c686
[2025-09-23T04:54:38.254+0000] {taskinstance.py:441} INFO - ::group::Post task execution logs
[2025-09-23T04:54:38.265+0000] {taskinstance.py:2905} ERROR - Task failed with exception
Traceback (most recent call last):
  File "/home/airflow/.local/lib/python3.12/site-packages/airflow/models/taskinstance.py", line 465, in _execute_task
    result = _execute_callable(context=context, **execute_callable_kwargs)
             ^^^^^^^^^^^^^^^^^^^^^^^^^^^^^^^^^^^^^^^^^^^^^^^^^^^^^^^^^^^^^
  File "/home/airflow/.local/lib/python3.12/site-packages/airflow/models/taskinstance.py", line 432, in _execute_callable
    return execute_callable(context=context, **execute_callable_kwargs)
           ^^^^^^^^^^^^^^^^^^^^^^^^^^^^^^^^^^^^^^^^^^^^^^^^^^^^^^^^^^^^
  File "/home/airflow/.local/lib/python3.12/site-packages/airflow/models/baseoperator.py", line 401, in wrapper
    return func(self, *args, **kwargs)
           ^^^^^^^^^^^^^^^^^^^^^^^^^^^
  File "/home/airflow/.local/lib/python3.12/site-packages/airflow/providers/apache/spark/operators/spark_submit.py", line 176, in execute
    self._hook.submit(self.application)
  File "/home/airflow/.local/lib/python3.12/site-packages/airflow/providers/apache/spark/hooks/spark_submit.py", line 575, in submit
    raise AirflowException(
airflow.exceptions.AirflowException: Cannot execute: spark-submit --master spark-master:7077 --conf spark.master=spark://spark-master:7077 --conf spark.jars.packages=org.apache.iceberg:iceberg-spark-runtime-3.5_2.12:1.5.0,org.projectnessie.nessie-integrations:nessie-spark-extensions-3.5_2.12:0.90.1,org.apache.hadoop:hadoop-aws:3.3.4,com.amazonaws:aws-java-sdk-bundle:1.12.262 --conf spark.sql.extensions=org.apache.iceberg.spark.extensions.IcebergSparkSessionExtensions,org.projectnessie.spark.extensions.NessieSparkSessionExtensions --conf spark.sql.catalog.nessie=org.apache.iceberg.spark.SparkCatalog --conf spark.sql.catalog.nessie.uri=http://nessie:19120/api/v1 --conf spark.sql.catalog.nessie.ref=main --conf spark.sql.catalog.nessie.authentication.type=NONE --conf spark.sql.catalog.nessie.catalog-impl=org.apache.iceberg.nessie.NessieCatalog --conf spark.sql.catalog.nessie.s3.endpoint=http://minio:9000 --conf spark.sql.catalog.nessie.warehouse=s3://gold/ --conf spark.sql.catalog.nessie.io-impl=org.apache.iceberg.aws.s3.S3FileIO --conf spark.hadoop.fs.s3a.endpoint=http://minio:9000 --conf spark.hadoop.fs.s3a.access.key=admin --conf spark.hadoop.fs.s3a.secret.key=****** --conf spark.hadoop.fs.s3a.path.style.access=true --name arrow-spark --verbose /opt/***/jobs/process_taxi_data.py. Error code is: 1.
[2025-09-23T04:54:38.276+0000] {taskinstance.py:1206} INFO - Marking task as FAILED. dag_id=spark_iceberg_pipeline, task_id=process_taxi_data, run_id=manual__2025-09-23T04:48:36.301539+00:00, execution_date=20250923T044836, start_date=20250923T045424, end_date=20250923T045438
[2025-09-23T04:54:38.293+0000] {standard_task_runner.py:110} ERROR - Failed to execute job 6 for task process_taxi_data (Cannot execute: spark-submit --master spark-master:7077 --conf spark.master=spark://spark-master:7077 --conf spark.jars.packages=org.apache.iceberg:iceberg-spark-runtime-3.5_2.12:1.5.0,org.projectnessie.nessie-integrations:nessie-spark-extensions-3.5_2.12:0.90.1,org.apache.hadoop:hadoop-aws:3.3.4,com.amazonaws:aws-java-sdk-bundle:1.12.262 --conf spark.sql.extensions=org.apache.iceberg.spark.extensions.IcebergSparkSessionExtensions,org.projectnessie.spark.extensions.NessieSparkSessionExtensions --conf spark.sql.catalog.nessie=org.apache.iceberg.spark.SparkCatalog --conf spark.sql.catalog.nessie.uri=http://nessie:19120/api/v1 --conf spark.sql.catalog.nessie.ref=main --conf spark.sql.catalog.nessie.authentication.type=NONE --conf spark.sql.catalog.nessie.catalog-impl=org.apache.iceberg.nessie.NessieCatalog --conf spark.sql.catalog.nessie.s3.endpoint=http://minio:9000 --conf spark.sql.catalog.nessie.warehouse=s3://gold/ --conf spark.sql.catalog.nessie.io-impl=org.apache.iceberg.aws.s3.S3FileIO --conf spark.hadoop.fs.s3a.endpoint=http://minio:9000 --conf spark.hadoop.fs.s3a.access.key=admin --conf spark.hadoop.fs.s3a.secret.key=****** --conf spark.hadoop.fs.s3a.path.style.access=true --name arrow-spark --verbose /opt/***/jobs/process_taxi_data.py. Error code is: 1.; 478)
[2025-09-23T04:54:38.310+0000] {local_task_job_runner.py:243} INFO - Task exited with return code 1
[2025-09-23T04:54:38.330+0000] {taskinstance.py:3503} INFO - 0 downstream tasks scheduled from follow-on schedule check
[2025-09-23T04:54:38.334+0000] {local_task_job_runner.py:222} INFO - ::endgroup::
