[2025-09-23T03:59:10.700+0000] {local_task_job_runner.py:120} INFO - ::group::Pre task execution logs
[2025-09-23T03:59:10.741+0000] {taskinstance.py:2076} INFO - Dependencies all met for dep_context=non-requeueable deps ti=<TaskInstance: spark_iceberg_pipeline.process_taxi_data manual__2025-09-23T03:59:05.316445+00:00 [queued]>
[2025-09-23T03:59:10.750+0000] {taskinstance.py:2076} INFO - Dependencies all met for dep_context=requeueable deps ti=<TaskInstance: spark_iceberg_pipeline.process_taxi_data manual__2025-09-23T03:59:05.316445+00:00 [queued]>
[2025-09-23T03:59:10.750+0000] {taskinstance.py:2306} INFO - Starting attempt 1 of 2
[2025-09-23T03:59:10.763+0000] {taskinstance.py:2330} INFO - Executing <Task(SparkSubmitOperator): process_taxi_data> on 2025-09-23 03:59:05.316445+00:00
[2025-09-23T03:59:10.771+0000] {standard_task_runner.py:90} INFO - Running: ['***', 'tasks', 'run', 'spark_iceberg_pipeline', 'process_taxi_data', 'manual__2025-09-23T03:59:05.316445+00:00', '--job-id', '4', '--raw', '--subdir', 'DAGS_FOLDER/spark_iceberg_pipeline.py', '--cfg-path', '/tmp/tmpg7kt1u8l']
[2025-09-23T03:59:10.773+0000] {standard_task_runner.py:91} INFO - Job 4: Subtask process_taxi_data
[2025-09-23T03:59:10.775+0000] {logging_mixin.py:188} WARNING - /home/***/.local/lib/python3.12/site-packages/***/task/task_runner/standard_task_runner.py:62 DeprecationWarning: This process (pid=217) is multi-threaded, use of fork() may lead to deadlocks in the child.
[2025-09-23T03:59:10.775+0000] {standard_task_runner.py:64} INFO - Started process 218 to run task
[2025-09-23T03:59:10.819+0000] {task_command.py:426} INFO - Running <TaskInstance: spark_iceberg_pipeline.process_taxi_data manual__2025-09-23T03:59:05.316445+00:00 [running]> on host 4e2ebb997a80
[2025-09-23T03:59:10.898+0000] {taskinstance.py:2648} INFO - Exporting env vars: AIRFLOW_CTX_DAG_OWNER='***' AIRFLOW_CTX_DAG_ID='spark_iceberg_pipeline' AIRFLOW_CTX_TASK_ID='process_taxi_data' AIRFLOW_CTX_EXECUTION_DATE='2025-09-23T03:59:05.316445+00:00' AIRFLOW_CTX_TRY_NUMBER='1' AIRFLOW_CTX_DAG_RUN_ID='manual__2025-09-23T03:59:05.316445+00:00'
[2025-09-23T03:59:10.898+0000] {taskinstance.py:430} INFO - ::endgroup::
[2025-09-23T03:59:10.908+0000] {base.py:84} INFO - Using connection ID 'spark_default' for task execution.
[2025-09-23T03:59:10.910+0000] {spark_submit.py:473} INFO - Spark-Submit cmd: spark-submit --master spark-master:7077 --conf spark.jars.packages=org.apache.iceberg:iceberg-spark-runtime-3.5_2.12:1.5.0,org.projectnessie.nessie-integrations:nessie-spark-extensions-3.5_2.12:0.77.1,software.amazon.awssdk:bundle:2.24.8 --conf spark.sql.extensions=org.apache.iceberg.spark.extensions.IcebergSparkSessionExtensions,org.projectnessie.spark.extensions.NessieSparkSessionExtensions --conf spark.sql.catalog.nessie=org.apache.iceberg.spark.SparkCatalog --conf spark.sql.catalog.nessie.uri=http://nessie:19120/api/v1 --conf spark.sql.catalog.nessie.ref=main --conf spark.sql.catalog.nessie.authentication.type=NONE --conf spark.sql.catalog.nessie.catalog-impl=org.apache.iceberg.nessie.NessieCatalog --conf spark.sql.catalog.nessie.s3.endpoint=http://minio:9000 --conf spark.sql.catalog.nessie.warehouse=s3://gold/ --conf spark.sql.catalog.nessie.io-impl=org.apache.iceberg.aws.s3.S3FileIO --conf spark.hadoop.fs.s3a.endpoint=http://minio:9000 --conf spark.hadoop.fs.s3a.access.key=admin --conf spark.hadoop.fs.s3a.secret.key=****** --conf spark.hadoop.fs.s3a.path.style.access=true --name arrow-spark --verbose /opt/***/jobs/process_taxi_data.py
[2025-09-23T03:59:12.678+0000] {spark_submit.py:649} INFO - Using properties file: null
[2025-09-23T03:59:12.793+0000] {spark_submit.py:649} INFO - Parsed arguments:
[2025-09-23T03:59:12.793+0000] {spark_submit.py:649} INFO - master                  spark-master:7077
[2025-09-23T03:59:12.793+0000] {spark_submit.py:649} INFO - deployMode              null
[2025-09-23T03:59:12.794+0000] {spark_submit.py:649} INFO - executorMemory          null
[2025-09-23T03:59:12.794+0000] {spark_submit.py:649} INFO - executorCores           null
[2025-09-23T03:59:12.794+0000] {spark_submit.py:649} INFO - totalExecutorCores      null
[2025-09-23T03:59:12.794+0000] {spark_submit.py:649} INFO - propertiesFile          null
[2025-09-23T03:59:12.794+0000] {spark_submit.py:649} INFO - driverMemory            null
[2025-09-23T03:59:12.794+0000] {spark_submit.py:649} INFO - driverCores             null
[2025-09-23T03:59:12.794+0000] {spark_submit.py:649} INFO - driverExtraClassPath    null
[2025-09-23T03:59:12.794+0000] {spark_submit.py:649} INFO - driverExtraLibraryPath  null
[2025-09-23T03:59:12.794+0000] {spark_submit.py:649} INFO - driverExtraJavaOptions  null
[2025-09-23T03:59:12.794+0000] {spark_submit.py:649} INFO - supervise               false
[2025-09-23T03:59:12.794+0000] {spark_submit.py:649} INFO - queue                   null
[2025-09-23T03:59:12.794+0000] {spark_submit.py:649} INFO - numExecutors            null
[2025-09-23T03:59:12.795+0000] {spark_submit.py:649} INFO - files                   null
[2025-09-23T03:59:12.795+0000] {spark_submit.py:649} INFO - pyFiles                 null
[2025-09-23T03:59:12.795+0000] {spark_submit.py:649} INFO - archives                null
[2025-09-23T03:59:12.795+0000] {spark_submit.py:649} INFO - mainClass               null
[2025-09-23T03:59:12.795+0000] {spark_submit.py:649} INFO - primaryResource         file:/opt/***/jobs/process_taxi_data.py
[2025-09-23T03:59:12.795+0000] {spark_submit.py:649} INFO - name                    arrow-spark
[2025-09-23T03:59:12.795+0000] {spark_submit.py:649} INFO - childArgs               []
[2025-09-23T03:59:12.795+0000] {spark_submit.py:649} INFO - jars                    null
[2025-09-23T03:59:12.795+0000] {spark_submit.py:649} INFO - packages                org.apache.iceberg:iceberg-spark-runtime-3.5_2.12:1.5.0,org.projectnessie.nessie-integrations:nessie-spark-extensions-3.5_2.12:0.77.1,software.amazon.awssdk:bundle:2.24.8
[2025-09-23T03:59:12.795+0000] {spark_submit.py:649} INFO - packagesExclusions      null
[2025-09-23T03:59:12.795+0000] {spark_submit.py:649} INFO - repositories            null
[2025-09-23T03:59:12.795+0000] {spark_submit.py:649} INFO - verbose                 true
[2025-09-23T03:59:12.795+0000] {spark_submit.py:649} INFO - 
[2025-09-23T03:59:12.795+0000] {spark_submit.py:649} INFO - Spark properties used, including those specified through
[2025-09-23T03:59:12.795+0000] {spark_submit.py:649} INFO - --conf and those from the properties file null:
[2025-09-23T03:59:12.795+0000] {spark_submit.py:649} INFO - (spark.hadoop.fs.s3a.access.key,*********(redacted))
[2025-09-23T03:59:12.795+0000] {spark_submit.py:649} INFO - (spark.hadoop.fs.s3a.endpoint,http://minio:9000)
[2025-09-23T03:59:12.796+0000] {spark_submit.py:649} INFO - (spark.hadoop.fs.s3a.path.style.access,true)
[2025-09-23T03:59:12.796+0000] {spark_submit.py:649} INFO - (spark.hadoop.fs.s3a.secret.key,*********(redacted))
[2025-09-23T03:59:12.796+0000] {spark_submit.py:649} INFO - (spark.jars.packages,org.apache.iceberg:iceberg-spark-runtime-3.5_2.12:1.5.0,org.projectnessie.nessie-integrations:nessie-spark-extensions-3.5_2.12:0.77.1,software.amazon.awssdk:bundle:2.24.8)
[2025-09-23T03:59:12.796+0000] {spark_submit.py:649} INFO - (spark.sql.catalog.nessie,org.apache.iceberg.spark.SparkCatalog)
[2025-09-23T03:59:12.796+0000] {spark_submit.py:649} INFO - (spark.sql.catalog.nessie.authentication.type,NONE)
[2025-09-23T03:59:12.796+0000] {spark_submit.py:649} INFO - (spark.sql.catalog.nessie.catalog-impl,org.apache.iceberg.nessie.NessieCatalog)
[2025-09-23T03:59:12.796+0000] {spark_submit.py:649} INFO - (spark.sql.catalog.nessie.io-impl,org.apache.iceberg.aws.s3.S3FileIO)
[2025-09-23T03:59:12.796+0000] {spark_submit.py:649} INFO - (spark.sql.catalog.nessie.ref,main)
[2025-09-23T03:59:12.796+0000] {spark_submit.py:649} INFO - (spark.sql.catalog.nessie.s3.endpoint,http://minio:9000)
[2025-09-23T03:59:12.796+0000] {spark_submit.py:649} INFO - (spark.sql.catalog.nessie.uri,http://nessie:19120/api/v1)
[2025-09-23T03:59:12.796+0000] {spark_submit.py:649} INFO - (spark.sql.catalog.nessie.warehouse,s3://gold/)
[2025-09-23T03:59:12.796+0000] {spark_submit.py:649} INFO - (spark.sql.extensions,org.apache.iceberg.spark.extensions.IcebergSparkSessionExtensions,org.projectnessie.spark.extensions.NessieSparkSessionExtensions)
[2025-09-23T03:59:12.797+0000] {spark_submit.py:649} INFO - 
[2025-09-23T03:59:12.797+0000] {spark_submit.py:649} INFO - 
[2025-09-23T03:59:12.949+0000] {spark_submit.py:649} INFO - :: loading settings :: url = jar:file:/home/***/.local/lib/python3.12/site-packages/pyspark/jars/ivy-2.5.0.jar!/org/apache/ivy/core/settings/ivysettings.xml
[2025-09-23T03:59:13.078+0000] {spark_submit.py:649} INFO - Ivy Default Cache set to: /home/***/.ivy2/cache
[2025-09-23T03:59:13.078+0000] {spark_submit.py:649} INFO - The jars for the packages stored in: /home/***/.ivy2/jars
[2025-09-23T03:59:13.082+0000] {spark_submit.py:649} INFO - org.apache.iceberg#iceberg-spark-runtime-3.5_2.12 added as a dependency
[2025-09-23T03:59:13.083+0000] {spark_submit.py:649} INFO - org.projectnessie.nessie-integrations#nessie-spark-extensions-3.5_2.12 added as a dependency
[2025-09-23T03:59:13.083+0000] {spark_submit.py:649} INFO - software.amazon.awssdk#bundle added as a dependency
[2025-09-23T03:59:13.084+0000] {spark_submit.py:649} INFO - :: resolving dependencies :: org.apache.spark#spark-submit-parent-db3a809a-0b86-4e30-9e7c-19a88daa771c;1.0
[2025-09-23T03:59:13.085+0000] {spark_submit.py:649} INFO - confs: [default]
[2025-09-23T03:59:15.116+0000] {spark_submit.py:649} INFO - found org.projectnessie.nessie-integrations#nessie-spark-extensions-3.5_2.12;0.77.1 in central
[2025-09-23T03:59:16.841+0000] {spark_submit.py:649} INFO - downloading https://repo1.maven.org/maven2/org/projectnessie/nessie-integrations/nessie-spark-extensions-3.5_2.12/0.77.1/nessie-spark-extensions-3.5_2.12-0.77.1.jar ...
[2025-09-23T03:59:17.386+0000] {spark_submit.py:649} INFO - [SUCCESSFUL ] org.projectnessie.nessie-integrations#nessie-spark-extensions-3.5_2.12;0.77.1!nessie-spark-extensions-3.5_2.12.jar (644ms)
[2025-09-23T03:59:17.386+0000] {spark_submit.py:649} INFO - :: resolution report :: resolve 3655ms :: artifacts dl 647ms
[2025-09-23T03:59:17.387+0000] {spark_submit.py:649} INFO - :: modules in use:
[2025-09-23T03:59:17.387+0000] {spark_submit.py:649} INFO - org.projectnessie.nessie-integrations#nessie-spark-extensions-3.5_2.12;0.77.1 from central in [default]
[2025-09-23T03:59:17.387+0000] {spark_submit.py:649} INFO - ---------------------------------------------------------------------
[2025-09-23T03:59:17.387+0000] {spark_submit.py:649} INFO - |                  |            modules            ||   artifacts   |
[2025-09-23T03:59:17.387+0000] {spark_submit.py:649} INFO - |       conf       | number| search|dwnlded|evicted|| number|dwnlded|
[2025-09-23T03:59:17.387+0000] {spark_submit.py:649} INFO - ---------------------------------------------------------------------
[2025-09-23T03:59:17.387+0000] {spark_submit.py:649} INFO - |      default     |   3   |   1   |   0   |   0   ||   1   |   1   |
[2025-09-23T03:59:17.387+0000] {spark_submit.py:649} INFO - ---------------------------------------------------------------------
[2025-09-23T03:59:17.393+0000] {spark_submit.py:649} INFO - 
[2025-09-23T03:59:17.393+0000] {spark_submit.py:649} INFO - :: problems summary ::
[2025-09-23T03:59:17.393+0000] {spark_submit.py:649} INFO - :::: WARNINGS
[2025-09-23T03:59:17.394+0000] {spark_submit.py:649} INFO - problem while downloading module descriptor: https://repo1.maven.org/maven2/org/apache/iceberg/iceberg-spark-runtime-3.5_2.12/1.5.0/iceberg-spark-runtime-3.5_2.12-1.5.0.pom: impossible to move part file to definitive one: /home/***/.ivy2/cache/org.apache.iceberg/iceberg-spark-runtime-3.5_2.12/ivy-1.5.0.xml.original.part -> /home/***/.ivy2/cache/org.apache.iceberg/iceberg-spark-runtime-3.5_2.12/ivy-1.5.0.xml.original (108ms)
[2025-09-23T03:59:17.394+0000] {spark_submit.py:649} INFO - 
[2025-09-23T03:59:17.394+0000] {spark_submit.py:649} INFO - module not found: org.apache.iceberg#iceberg-spark-runtime-3.5_2.12;1.5.0
[2025-09-23T03:59:17.394+0000] {spark_submit.py:649} INFO - 
[2025-09-23T03:59:17.394+0000] {spark_submit.py:649} INFO - ==== local-m2-cache: tried
[2025-09-23T03:59:17.394+0000] {spark_submit.py:649} INFO - 
[2025-09-23T03:59:17.394+0000] {spark_submit.py:649} INFO - file:/home/***/.m2/repository/org/apache/iceberg/iceberg-spark-runtime-3.5_2.12/1.5.0/iceberg-spark-runtime-3.5_2.12-1.5.0.pom
[2025-09-23T03:59:17.394+0000] {spark_submit.py:649} INFO - 
[2025-09-23T03:59:17.394+0000] {spark_submit.py:649} INFO - -- artifact org.apache.iceberg#iceberg-spark-runtime-3.5_2.12;1.5.0!iceberg-spark-runtime-3.5_2.12.jar:
[2025-09-23T03:59:17.394+0000] {spark_submit.py:649} INFO - 
[2025-09-23T03:59:17.394+0000] {spark_submit.py:649} INFO - file:/home/***/.m2/repository/org/apache/iceberg/iceberg-spark-runtime-3.5_2.12/1.5.0/iceberg-spark-runtime-3.5_2.12-1.5.0.jar
[2025-09-23T03:59:17.394+0000] {spark_submit.py:649} INFO - 
[2025-09-23T03:59:17.394+0000] {spark_submit.py:649} INFO - ==== local-ivy-cache: tried
[2025-09-23T03:59:17.394+0000] {spark_submit.py:649} INFO - 
[2025-09-23T03:59:17.394+0000] {spark_submit.py:649} INFO - /home/***/.ivy2/local/org.apache.iceberg/iceberg-spark-runtime-3.5_2.12/1.5.0/ivys/ivy.xml
[2025-09-23T03:59:17.395+0000] {spark_submit.py:649} INFO - 
[2025-09-23T03:59:17.395+0000] {spark_submit.py:649} INFO - -- artifact org.apache.iceberg#iceberg-spark-runtime-3.5_2.12;1.5.0!iceberg-spark-runtime-3.5_2.12.jar:
[2025-09-23T03:59:17.395+0000] {spark_submit.py:649} INFO - 
[2025-09-23T03:59:17.395+0000] {spark_submit.py:649} INFO - /home/***/.ivy2/local/org.apache.iceberg/iceberg-spark-runtime-3.5_2.12/1.5.0/jars/iceberg-spark-runtime-3.5_2.12.jar
[2025-09-23T03:59:17.395+0000] {spark_submit.py:649} INFO - 
[2025-09-23T03:59:17.395+0000] {spark_submit.py:649} INFO - ==== central: tried
[2025-09-23T03:59:17.395+0000] {spark_submit.py:649} INFO - 
[2025-09-23T03:59:17.395+0000] {spark_submit.py:649} INFO - https://repo1.maven.org/maven2/org/apache/iceberg/iceberg-spark-runtime-3.5_2.12/1.5.0/iceberg-spark-runtime-3.5_2.12-1.5.0.pom
[2025-09-23T03:59:17.395+0000] {spark_submit.py:649} INFO - 
[2025-09-23T03:59:17.395+0000] {spark_submit.py:649} INFO - ==== spark-packages: tried
[2025-09-23T03:59:17.395+0000] {spark_submit.py:649} INFO - 
[2025-09-23T03:59:17.395+0000] {spark_submit.py:649} INFO - https://repos.spark-packages.org/org/apache/iceberg/iceberg-spark-runtime-3.5_2.12/1.5.0/iceberg-spark-runtime-3.5_2.12-1.5.0.pom
[2025-09-23T03:59:17.395+0000] {spark_submit.py:649} INFO - 
[2025-09-23T03:59:17.395+0000] {spark_submit.py:649} INFO - -- artifact org.apache.iceberg#iceberg-spark-runtime-3.5_2.12;1.5.0!iceberg-spark-runtime-3.5_2.12.jar:
[2025-09-23T03:59:17.395+0000] {spark_submit.py:649} INFO - 
[2025-09-23T03:59:17.395+0000] {spark_submit.py:649} INFO - https://repos.spark-packages.org/org/apache/iceberg/iceberg-spark-runtime-3.5_2.12/1.5.0/iceberg-spark-runtime-3.5_2.12-1.5.0.jar
[2025-09-23T03:59:17.396+0000] {spark_submit.py:649} INFO - 
[2025-09-23T03:59:17.396+0000] {spark_submit.py:649} INFO - problem while downloading module descriptor: https://repo1.maven.org/maven2/software/amazon/awssdk/aws-sdk-java-pom/2.24.8/aws-sdk-java-pom-2.24.8.pom: Downloaded file size (0) doesn't match expected Content Length (79350) for https://repo1.maven.org/maven2/software/amazon/awssdk/aws-sdk-java-pom/2.24.8/aws-sdk-java-pom-2.24.8.pom. Please retry. (222ms)
[2025-09-23T03:59:17.396+0000] {spark_submit.py:649} INFO - 
[2025-09-23T03:59:17.396+0000] {spark_submit.py:649} INFO - io problem while parsing ivy file: https://repo1.maven.org/maven2/software/amazon/awssdk/bundle/2.24.8/bundle-2.24.8.pom (java.io.IOException: Impossible to load parent for file:/home/***/.ivy2/cache/software.amazon.awssdk/bundle/ivy-2.24.8.xml.original. Parent=software.amazon.awssdk#aws-sdk-java-pom;2.24.8)
[2025-09-23T03:59:17.396+0000] {spark_submit.py:649} INFO - 
[2025-09-23T03:59:17.396+0000] {spark_submit.py:649} INFO - module not found: software.amazon.awssdk#bundle;2.24.8
[2025-09-23T03:59:17.396+0000] {spark_submit.py:649} INFO - 
[2025-09-23T03:59:17.396+0000] {spark_submit.py:649} INFO - ==== local-m2-cache: tried
[2025-09-23T03:59:17.396+0000] {spark_submit.py:649} INFO - 
[2025-09-23T03:59:17.396+0000] {spark_submit.py:649} INFO - file:/home/***/.m2/repository/software/amazon/awssdk/aws-sdk-java-pom/2.24.8/aws-sdk-java-pom-2.24.8.pom
[2025-09-23T03:59:17.396+0000] {spark_submit.py:649} INFO - 
[2025-09-23T03:59:17.396+0000] {spark_submit.py:649} INFO - -- artifact software.amazon.awssdk#aws-sdk-java-pom;2.24.8!aws-sdk-java-pom.jar:
[2025-09-23T03:59:17.396+0000] {spark_submit.py:649} INFO - 
[2025-09-23T03:59:17.396+0000] {spark_submit.py:649} INFO - file:/home/***/.m2/repository/software/amazon/awssdk/aws-sdk-java-pom/2.24.8/aws-sdk-java-pom-2.24.8.jar
[2025-09-23T03:59:17.396+0000] {spark_submit.py:649} INFO - 
[2025-09-23T03:59:17.396+0000] {spark_submit.py:649} INFO - ==== local-ivy-cache: tried
[2025-09-23T03:59:17.396+0000] {spark_submit.py:649} INFO - 
[2025-09-23T03:59:17.397+0000] {spark_submit.py:649} INFO - /home/***/.ivy2/local/software.amazon.awssdk/aws-sdk-java-pom/2.24.8/ivys/ivy.xml
[2025-09-23T03:59:17.397+0000] {spark_submit.py:649} INFO - 
[2025-09-23T03:59:17.397+0000] {spark_submit.py:649} INFO - -- artifact software.amazon.awssdk#aws-sdk-java-pom;2.24.8!aws-sdk-java-pom.jar:
[2025-09-23T03:59:17.397+0000] {spark_submit.py:649} INFO - 
[2025-09-23T03:59:17.397+0000] {spark_submit.py:649} INFO - /home/***/.ivy2/local/software.amazon.awssdk/aws-sdk-java-pom/2.24.8/jars/aws-sdk-java-pom.jar
[2025-09-23T03:59:17.397+0000] {spark_submit.py:649} INFO - 
[2025-09-23T03:59:17.397+0000] {spark_submit.py:649} INFO - ==== central: tried
[2025-09-23T03:59:17.397+0000] {spark_submit.py:649} INFO - 
[2025-09-23T03:59:17.397+0000] {spark_submit.py:649} INFO - https://repo1.maven.org/maven2/software/amazon/awssdk/aws-sdk-java-pom/2.24.8/aws-sdk-java-pom-2.24.8.pom
[2025-09-23T03:59:17.397+0000] {spark_submit.py:649} INFO - 
[2025-09-23T03:59:17.397+0000] {spark_submit.py:649} INFO - ==== spark-packages: tried
[2025-09-23T03:59:17.397+0000] {spark_submit.py:649} INFO - 
[2025-09-23T03:59:17.397+0000] {spark_submit.py:649} INFO - https://repos.spark-packages.org/software/amazon/awssdk/bundle/2.24.8/bundle-2.24.8.pom
[2025-09-23T03:59:17.397+0000] {spark_submit.py:649} INFO - 
[2025-09-23T03:59:17.397+0000] {spark_submit.py:649} INFO - -- artifact software.amazon.awssdk#bundle;2.24.8!bundle.jar:
[2025-09-23T03:59:17.397+0000] {spark_submit.py:649} INFO - 
[2025-09-23T03:59:17.397+0000] {spark_submit.py:649} INFO - https://repos.spark-packages.org/software/amazon/awssdk/bundle/2.24.8/bundle-2.24.8.jar
[2025-09-23T03:59:17.398+0000] {spark_submit.py:649} INFO - 
[2025-09-23T03:59:17.398+0000] {spark_submit.py:649} INFO - ::::::::::::::::::::::::::::::::::::::::::::::
[2025-09-23T03:59:17.398+0000] {spark_submit.py:649} INFO - 
[2025-09-23T03:59:17.398+0000] {spark_submit.py:649} INFO - ::          UNRESOLVED DEPENDENCIES         ::
[2025-09-23T03:59:17.398+0000] {spark_submit.py:649} INFO - 
[2025-09-23T03:59:17.398+0000] {spark_submit.py:649} INFO - ::::::::::::::::::::::::::::::::::::::::::::::
[2025-09-23T03:59:17.398+0000] {spark_submit.py:649} INFO - 
[2025-09-23T03:59:17.398+0000] {spark_submit.py:649} INFO - :: org.apache.iceberg#iceberg-spark-runtime-3.5_2.12;1.5.0: not found
[2025-09-23T03:59:17.398+0000] {spark_submit.py:649} INFO - 
[2025-09-23T03:59:17.398+0000] {spark_submit.py:649} INFO - :: software.amazon.awssdk#bundle;2.24.8: not found
[2025-09-23T03:59:17.398+0000] {spark_submit.py:649} INFO - 
[2025-09-23T03:59:17.398+0000] {spark_submit.py:649} INFO - ::::::::::::::::::::::::::::::::::::::::::::::
[2025-09-23T03:59:17.398+0000] {spark_submit.py:649} INFO - 
[2025-09-23T03:59:17.398+0000] {spark_submit.py:649} INFO - 
[2025-09-23T03:59:17.398+0000] {spark_submit.py:649} INFO - 
[2025-09-23T03:59:17.398+0000] {spark_submit.py:649} INFO - :: USE VERBOSE OR DEBUG MESSAGE LEVEL FOR MORE DETAILS
[2025-09-23T03:59:17.398+0000] {spark_submit.py:649} INFO - Exception in thread "main" java.lang.RuntimeException: [unresolved dependency: org.apache.iceberg#iceberg-spark-runtime-3.5_2.12;1.5.0: not found, unresolved dependency: software.amazon.awssdk#bundle;2.24.8: not found]
[2025-09-23T03:59:17.398+0000] {spark_submit.py:649} INFO - at org.apache.spark.deploy.SparkSubmitUtils$.resolveMavenCoordinates(SparkSubmit.scala:1456)
[2025-09-23T03:59:17.398+0000] {spark_submit.py:649} INFO - at org.apache.spark.util.DependencyUtils$.resolveMavenDependencies(DependencyUtils.scala:185)
[2025-09-23T03:59:17.399+0000] {spark_submit.py:649} INFO - at org.apache.spark.deploy.SparkSubmit.prepareSubmitEnvironment(SparkSubmit.scala:308)
[2025-09-23T03:59:17.399+0000] {spark_submit.py:649} INFO - at org.apache.spark.deploy.SparkSubmit.org$apache$spark$deploy$SparkSubmit$$runMain(SparkSubmit.scala:901)
[2025-09-23T03:59:17.399+0000] {spark_submit.py:649} INFO - at org.apache.spark.deploy.SparkSubmit.doRunMain$1(SparkSubmit.scala:180)
[2025-09-23T03:59:17.399+0000] {spark_submit.py:649} INFO - at org.apache.spark.deploy.SparkSubmit.submit(SparkSubmit.scala:203)
[2025-09-23T03:59:17.399+0000] {spark_submit.py:649} INFO - at org.apache.spark.deploy.SparkSubmit.doSubmit(SparkSubmit.scala:90)
[2025-09-23T03:59:17.399+0000] {spark_submit.py:649} INFO - at org.apache.spark.deploy.SparkSubmit$$anon$2.doSubmit(SparkSubmit.scala:1046)
[2025-09-23T03:59:17.399+0000] {spark_submit.py:649} INFO - at org.apache.spark.deploy.SparkSubmit$.main(SparkSubmit.scala:1055)
[2025-09-23T03:59:17.399+0000] {spark_submit.py:649} INFO - at org.apache.spark.deploy.SparkSubmit.main(SparkSubmit.scala)
[2025-09-23T03:59:17.420+0000] {taskinstance.py:441} INFO - ::group::Post task execution logs
[2025-09-23T03:59:17.433+0000] {taskinstance.py:2905} ERROR - Task failed with exception
Traceback (most recent call last):
  File "/home/airflow/.local/lib/python3.12/site-packages/airflow/models/taskinstance.py", line 465, in _execute_task
    result = _execute_callable(context=context, **execute_callable_kwargs)
             ^^^^^^^^^^^^^^^^^^^^^^^^^^^^^^^^^^^^^^^^^^^^^^^^^^^^^^^^^^^^^
  File "/home/airflow/.local/lib/python3.12/site-packages/airflow/models/taskinstance.py", line 432, in _execute_callable
    return execute_callable(context=context, **execute_callable_kwargs)
           ^^^^^^^^^^^^^^^^^^^^^^^^^^^^^^^^^^^^^^^^^^^^^^^^^^^^^^^^^^^^
  File "/home/airflow/.local/lib/python3.12/site-packages/airflow/models/baseoperator.py", line 401, in wrapper
    return func(self, *args, **kwargs)
           ^^^^^^^^^^^^^^^^^^^^^^^^^^^
  File "/home/airflow/.local/lib/python3.12/site-packages/airflow/providers/apache/spark/operators/spark_submit.py", line 176, in execute
    self._hook.submit(self.application)
  File "/home/airflow/.local/lib/python3.12/site-packages/airflow/providers/apache/spark/hooks/spark_submit.py", line 575, in submit
    raise AirflowException(
airflow.exceptions.AirflowException: Cannot execute: spark-submit --master spark-master:7077 --conf spark.jars.packages=org.apache.iceberg:iceberg-spark-runtime-3.5_2.12:1.5.0,org.projectnessie.nessie-integrations:nessie-spark-extensions-3.5_2.12:0.77.1,software.amazon.awssdk:bundle:2.24.8 --conf spark.sql.extensions=org.apache.iceberg.spark.extensions.IcebergSparkSessionExtensions,org.projectnessie.spark.extensions.NessieSparkSessionExtensions --conf spark.sql.catalog.nessie=org.apache.iceberg.spark.SparkCatalog --conf spark.sql.catalog.nessie.uri=http://nessie:19120/api/v1 --conf spark.sql.catalog.nessie.ref=main --conf spark.sql.catalog.nessie.authentication.type=NONE --conf spark.sql.catalog.nessie.catalog-impl=org.apache.iceberg.nessie.NessieCatalog --conf spark.sql.catalog.nessie.s3.endpoint=http://minio:9000 --conf spark.sql.catalog.nessie.warehouse=s3://gold/ --conf spark.sql.catalog.nessie.io-impl=org.apache.iceberg.aws.s3.S3FileIO --conf spark.hadoop.fs.s3a.endpoint=http://minio:9000 --conf spark.hadoop.fs.s3a.access.key=admin --conf spark.hadoop.fs.s3a.secret.key=****** --conf spark.hadoop.fs.s3a.path.style.access=true --name arrow-spark --verbose /opt/***/jobs/process_taxi_data.py. Error code is: 1.
[2025-09-23T03:59:17.440+0000] {taskinstance.py:1206} INFO - Marking task as UP_FOR_RETRY. dag_id=spark_iceberg_pipeline, task_id=process_taxi_data, run_id=manual__2025-09-23T03:59:05.316445+00:00, execution_date=20250923T035905, start_date=20250923T035910, end_date=20250923T035917
[2025-09-23T03:59:17.455+0000] {standard_task_runner.py:110} ERROR - Failed to execute job 4 for task process_taxi_data (Cannot execute: spark-submit --master spark-master:7077 --conf spark.jars.packages=org.apache.iceberg:iceberg-spark-runtime-3.5_2.12:1.5.0,org.projectnessie.nessie-integrations:nessie-spark-extensions-3.5_2.12:0.77.1,software.amazon.awssdk:bundle:2.24.8 --conf spark.sql.extensions=org.apache.iceberg.spark.extensions.IcebergSparkSessionExtensions,org.projectnessie.spark.extensions.NessieSparkSessionExtensions --conf spark.sql.catalog.nessie=org.apache.iceberg.spark.SparkCatalog --conf spark.sql.catalog.nessie.uri=http://nessie:19120/api/v1 --conf spark.sql.catalog.nessie.ref=main --conf spark.sql.catalog.nessie.authentication.type=NONE --conf spark.sql.catalog.nessie.catalog-impl=org.apache.iceberg.nessie.NessieCatalog --conf spark.sql.catalog.nessie.s3.endpoint=http://minio:9000 --conf spark.sql.catalog.nessie.warehouse=s3://gold/ --conf spark.sql.catalog.nessie.io-impl=org.apache.iceberg.aws.s3.S3FileIO --conf spark.hadoop.fs.s3a.endpoint=http://minio:9000 --conf spark.hadoop.fs.s3a.access.key=admin --conf spark.hadoop.fs.s3a.secret.key=****** --conf spark.hadoop.fs.s3a.path.style.access=true --name arrow-spark --verbose /opt/***/jobs/process_taxi_data.py. Error code is: 1.; 218)
[2025-09-23T03:59:17.498+0000] {local_task_job_runner.py:243} INFO - Task exited with return code 1
[2025-09-23T03:59:17.529+0000] {taskinstance.py:3503} INFO - 0 downstream tasks scheduled from follow-on schedule check
[2025-09-23T03:59:17.532+0000] {local_task_job_runner.py:222} INFO - ::endgroup::
