[2025-09-22T04:55:23.398+0000] {manager.py:470} INFO - Processing files using up to 2 processes at a time 
[2025-09-22T04:55:23.398+0000] {manager.py:471} INFO - Process each file at most once every 30 seconds
[2025-09-22T04:55:23.399+0000] {manager.py:472} INFO - Checking for new files in /opt/airflow/dags every 300 seconds
[2025-09-22T04:55:23.399+0000] {manager.py:737} INFO - Searching for files in /opt/airflow/dags
[2025-09-22T04:55:23.401+0000] {manager.py:740} INFO - There are 1 files in /opt/airflow/dags
[2025-09-22T04:55:23.552+0000] {manager.py:878} INFO - 
================================================================================
DAG File Processing Stats

File Path                                      PID  Runtime      # DAGs    # Errors  Last Runtime    Last Run
-------------------------------------------  -----  ---------  --------  ----------  --------------  ----------
/opt/airflow/dags/spark_iceberg_pipeline.py    188  0.06s             0           0
================================================================================
[2025-09-22T04:55:53.658+0000] {manager.py:878} INFO - 
================================================================================
DAG File Processing Stats

File Path                                      PID  Runtime      # DAGs    # Errors  Last Runtime    Last Run
-------------------------------------------  -----  ---------  --------  ----------  --------------  -------------------
/opt/airflow/dags/spark_iceberg_pipeline.py    194  0.01s             0           1  0.09s           2025-09-22T04:55:23
================================================================================
[2025-09-22T04:56:23.769+0000] {manager.py:878} INFO - 
================================================================================
DAG File Processing Stats

File Path                                      PID  Runtime      # DAGs    # Errors  Last Runtime    Last Run
-------------------------------------------  -----  ---------  --------  ----------  --------------  -------------------
/opt/airflow/dags/spark_iceberg_pipeline.py    199  0.01s             0           1  0.11s           2025-09-22T04:55:53
================================================================================
[2025-09-22T04:56:53.890+0000] {manager.py:878} INFO - 
================================================================================
DAG File Processing Stats

File Path                                      PID  Runtime      # DAGs    # Errors  Last Runtime    Last Run
-------------------------------------------  -----  ---------  --------  ----------  --------------  -------------------
/opt/airflow/dags/spark_iceberg_pipeline.py    204  0.01s             0           1  0.07s           2025-09-22T04:56:23
================================================================================
[2025-09-22T04:57:23.987+0000] {manager.py:878} INFO - 
================================================================================
DAG File Processing Stats

File Path                                      PID  Runtime      # DAGs    # Errors  Last Runtime    Last Run
-------------------------------------------  -----  ---------  --------  ----------  --------------  -------------------
/opt/airflow/dags/spark_iceberg_pipeline.py    209  0.01s             0           1  0.05s           2025-09-22T04:56:53
================================================================================
[2025-09-22T04:57:54.086+0000] {manager.py:878} INFO - 
================================================================================
DAG File Processing Stats

File Path                                      PID  Runtime      # DAGs    # Errors  Last Runtime    Last Run
-------------------------------------------  -----  ---------  --------  ----------  --------------  -------------------
/opt/airflow/dags/spark_iceberg_pipeline.py    214  0.01s             0           1  0.06s           2025-09-22T04:57:24
================================================================================
[2025-09-22T04:58:24.174+0000] {manager.py:878} INFO - 
================================================================================
DAG File Processing Stats

File Path                                      PID  Runtime      # DAGs    # Errors  Last Runtime    Last Run
-------------------------------------------  -----  ---------  --------  ----------  --------------  -------------------
/opt/airflow/dags/spark_iceberg_pipeline.py    219  0.01s             0           1  0.04s           2025-09-22T04:57:54
================================================================================
[2025-09-22T04:58:54.267+0000] {manager.py:878} INFO - 
================================================================================
DAG File Processing Stats

File Path                                      PID  Runtime      # DAGs    # Errors  Last Runtime    Last Run
-------------------------------------------  -----  ---------  --------  ----------  --------------  -------------------
/opt/airflow/dags/spark_iceberg_pipeline.py    224  0.01s             0           1  0.07s           2025-09-22T04:58:24
================================================================================
[2025-09-22T04:59:06.073+0000] {manager.py:452} INFO - Exiting gracefully upon receiving signal 15
[2025-09-22T22:03:35.401+0000] {manager.py:488} INFO - Processing files using up to 2 processes at a time 
[2025-09-22T22:03:35.403+0000] {manager.py:489} INFO - Process each file at most once every 30 seconds
[2025-09-22T22:03:35.403+0000] {manager.py:490} INFO - Checking for new files in /opt/airflow/dags every 300 seconds
[2025-09-22T22:03:35.404+0000] {manager.py:760} INFO - Searching for files in /opt/airflow/dags
[2025-09-22T22:03:35.406+0000] {manager.py:763} INFO - There are 1 files in /opt/airflow/dags
[2025-09-22T22:03:35.651+0000] {manager.py:888} INFO - 
================================================================================
DAG File Processing Stats

File Path                                      PID  Runtime      # DAGs    # Errors  Last Runtime    Last Run
-------------------------------------------  -----  ---------  --------  ----------  --------------  ----------
/opt/airflow/dags/spark_iceberg_pipeline.py    174  0.09s             0           0
================================================================================
[2025-09-22T22:04:05.763+0000] {manager.py:888} INFO - 
================================================================================
DAG File Processing Stats

File Path                                      PID  Runtime      # DAGs    # Errors  Last Runtime    Last Run
-------------------------------------------  -----  ---------  --------  ----------  --------------  -------------------
/opt/airflow/dags/spark_iceberg_pipeline.py    180  0.01s             0           1  0.13s           2025-09-22T22:03:35
================================================================================
[2025-09-22T22:04:35.844+0000] {manager.py:888} INFO - 
================================================================================
DAG File Processing Stats

File Path                                    PID    Runtime      # DAGs    # Errors  Last Runtime    Last Run
-------------------------------------------  -----  ---------  --------  ----------  --------------  -------------------
/opt/airflow/dags/spark_iceberg_pipeline.py                           0           1  0.48s           2025-09-22T22:04:06
================================================================================
[2025-09-22T22:05:06.300+0000] {manager.py:888} INFO - 
================================================================================
DAG File Processing Stats

File Path                                    PID    Runtime      # DAGs    # Errors  Last Runtime    Last Run
-------------------------------------------  -----  ---------  --------  ----------  --------------  -------------------
/opt/airflow/dags/spark_iceberg_pipeline.py                           0           1  0.13s           2025-09-22T22:04:36
================================================================================
[2025-09-22T22:05:36.316+0000] {manager.py:888} INFO - 
================================================================================
DAG File Processing Stats

File Path                                    PID    Runtime      # DAGs    # Errors  Last Runtime    Last Run
-------------------------------------------  -----  ---------  --------  ----------  --------------  -------------------
/opt/airflow/dags/spark_iceberg_pipeline.py                           0           1  0.07s           2025-09-22T22:05:07
================================================================================
[2025-09-22T22:06:06.394+0000] {manager.py:888} INFO - 
================================================================================
DAG File Processing Stats

File Path                                    PID    Runtime      # DAGs    # Errors  Last Runtime    Last Run
-------------------------------------------  -----  ---------  --------  ----------  --------------  -------------------
/opt/airflow/dags/spark_iceberg_pipeline.py                           0           1  0.06s           2025-09-22T22:05:38
================================================================================
[2025-09-22T22:06:36.294+0000] {manager.py:888} INFO - 
================================================================================
DAG File Processing Stats

File Path                                    PID    Runtime      # DAGs    # Errors  Last Runtime    Last Run
-------------------------------------------  -----  ---------  --------  ----------  --------------  -------------------
/opt/airflow/dags/spark_iceberg_pipeline.py                           0           1  0.09s           2025-09-22T22:06:08
================================================================================
[2025-09-22T22:07:06.430+0000] {manager.py:888} INFO - 
================================================================================
DAG File Processing Stats

File Path                                    PID    Runtime      # DAGs    # Errors  Last Runtime    Last Run
-------------------------------------------  -----  ---------  --------  ----------  --------------  -------------------
/opt/airflow/dags/spark_iceberg_pipeline.py                           0           1  0.07s           2025-09-22T22:06:38
================================================================================
[2025-09-22T22:07:36.480+0000] {manager.py:888} INFO - 
================================================================================
DAG File Processing Stats

File Path                                    PID    Runtime      # DAGs    # Errors  Last Runtime    Last Run
-------------------------------------------  -----  ---------  --------  ----------  --------------  -------------------
/opt/airflow/dags/spark_iceberg_pipeline.py                           0           1  0.06s           2025-09-22T22:07:08
================================================================================
[2025-09-22T22:08:06.537+0000] {manager.py:888} INFO - 
================================================================================
DAG File Processing Stats

File Path                                    PID    Runtime      # DAGs    # Errors  Last Runtime    Last Run
-------------------------------------------  -----  ---------  --------  ----------  --------------  -------------------
/opt/airflow/dags/spark_iceberg_pipeline.py                           0           1  0.06s           2025-09-22T22:07:39
================================================================================
[2025-09-22T22:08:35.700+0000] {manager.py:760} INFO - Searching for files in /opt/airflow/dags
[2025-09-22T22:08:35.703+0000] {manager.py:763} INFO - There are 1 files in /opt/airflow/dags
[2025-09-22T22:08:36.593+0000] {manager.py:888} INFO - 
================================================================================
DAG File Processing Stats

File Path                                    PID    Runtime      # DAGs    # Errors  Last Runtime    Last Run
-------------------------------------------  -----  ---------  --------  ----------  --------------  -------------------
/opt/airflow/dags/spark_iceberg_pipeline.py                           0           1  0.09s           2025-09-22T22:08:10
================================================================================
[2025-09-22T22:09:06.689+0000] {manager.py:888} INFO - 
================================================================================
DAG File Processing Stats

File Path                                    PID    Runtime      # DAGs    # Errors  Last Runtime    Last Run
-------------------------------------------  -----  ---------  --------  ----------  --------------  -------------------
/opt/airflow/dags/spark_iceberg_pipeline.py                           0           1  0.07s           2025-09-22T22:08:40
================================================================================
[2025-09-22T22:09:36.756+0000] {manager.py:888} INFO - 
================================================================================
DAG File Processing Stats

File Path                                    PID    Runtime      # DAGs    # Errors  Last Runtime    Last Run
-------------------------------------------  -----  ---------  --------  ----------  --------------  -------------------
/opt/airflow/dags/spark_iceberg_pipeline.py                           0           1  0.06s           2025-09-22T22:09:11
================================================================================
[2025-09-22T22:10:07.430+0000] {manager.py:888} INFO - 
================================================================================
DAG File Processing Stats

File Path                                    PID    Runtime      # DAGs    # Errors  Last Runtime    Last Run
-------------------------------------------  -----  ---------  --------  ----------  --------------  -------------------
/opt/airflow/dags/spark_iceberg_pipeline.py                           0           1  0.05s           2025-09-22T22:09:42
================================================================================
[2025-09-22T22:10:37.460+0000] {manager.py:888} INFO - 
================================================================================
DAG File Processing Stats

File Path                                    PID    Runtime      # DAGs    # Errors  Last Runtime    Last Run
-------------------------------------------  -----  ---------  --------  ----------  --------------  -------------------
/opt/airflow/dags/spark_iceberg_pipeline.py                           0           1  0.05s           2025-09-22T22:10:13
================================================================================
[2025-09-22T22:11:07.505+0000] {manager.py:888} INFO - 
================================================================================
DAG File Processing Stats

File Path                                    PID    Runtime      # DAGs    # Errors  Last Runtime    Last Run
-------------------------------------------  -----  ---------  --------  ----------  --------------  -------------------
/opt/airflow/dags/spark_iceberg_pipeline.py                           0           1  0.04s           2025-09-22T22:10:44
================================================================================
[2025-09-22T22:11:37.543+0000] {manager.py:888} INFO - 
================================================================================
DAG File Processing Stats

File Path                                    PID    Runtime      # DAGs    # Errors  Last Runtime    Last Run
-------------------------------------------  -----  ---------  --------  ----------  --------------  -------------------
/opt/airflow/dags/spark_iceberg_pipeline.py                           0           1  0.05s           2025-09-22T22:11:15
================================================================================
[2025-09-22T22:12:07.593+0000] {manager.py:888} INFO - 
================================================================================
DAG File Processing Stats

File Path                                    PID    Runtime      # DAGs    # Errors  Last Runtime    Last Run
-------------------------------------------  -----  ---------  --------  ----------  --------------  -------------------
/opt/airflow/dags/spark_iceberg_pipeline.py                           0           1  0.05s           2025-09-22T22:11:46
================================================================================
[2025-09-22T22:12:37.640+0000] {manager.py:888} INFO - 
================================================================================
DAG File Processing Stats

File Path                                    PID    Runtime      # DAGs    # Errors  Last Runtime    Last Run
-------------------------------------------  -----  ---------  --------  ----------  --------------  -------------------
/opt/airflow/dags/spark_iceberg_pipeline.py                           0           1  0.06s           2025-09-22T22:12:16
================================================================================
[2025-09-22T22:13:07.679+0000] {manager.py:888} INFO - 
================================================================================
DAG File Processing Stats

File Path                                    PID    Runtime      # DAGs    # Errors  Last Runtime    Last Run
-------------------------------------------  -----  ---------  --------  ----------  --------------  -------------------
/opt/airflow/dags/spark_iceberg_pipeline.py                           0           1  0.05s           2025-09-22T22:12:47
================================================================================
[2025-09-22T22:13:35.711+0000] {manager.py:760} INFO - Searching for files in /opt/airflow/dags
[2025-09-22T22:13:35.712+0000] {manager.py:763} INFO - There are 1 files in /opt/airflow/dags
[2025-09-22T22:13:37.735+0000] {manager.py:888} INFO - 
================================================================================
DAG File Processing Stats

File Path                                    PID    Runtime      # DAGs    # Errors  Last Runtime    Last Run
-------------------------------------------  -----  ---------  --------  ----------  --------------  -------------------
/opt/airflow/dags/spark_iceberg_pipeline.py                           0           1  0.05s           2025-09-22T22:13:18
================================================================================
[2025-09-22T22:14:07.791+0000] {manager.py:888} INFO - 
================================================================================
DAG File Processing Stats

File Path                                    PID    Runtime      # DAGs    # Errors  Last Runtime    Last Run
-------------------------------------------  -----  ---------  --------  ----------  --------------  -------------------
/opt/airflow/dags/spark_iceberg_pipeline.py                           0           1  0.15s           2025-09-22T22:13:48
================================================================================
[2025-09-22T22:14:37.934+0000] {manager.py:888} INFO - 
================================================================================
DAG File Processing Stats

File Path                                    PID    Runtime      # DAGs    # Errors  Last Runtime    Last Run
-------------------------------------------  -----  ---------  --------  ----------  --------------  -------------------
/opt/airflow/dags/spark_iceberg_pipeline.py                           0           1  0.14s           2025-09-22T22:14:19
================================================================================
[2025-09-22T22:15:07.975+0000] {manager.py:888} INFO - 
================================================================================
DAG File Processing Stats

File Path                                    PID    Runtime      # DAGs    # Errors  Last Runtime    Last Run
-------------------------------------------  -----  ---------  --------  ----------  --------------  -------------------
/opt/airflow/dags/spark_iceberg_pipeline.py                           0           1  0.08s           2025-09-22T22:14:50
================================================================================
[2025-09-22T22:15:38.057+0000] {manager.py:888} INFO - 
================================================================================
DAG File Processing Stats

File Path                                    PID    Runtime      # DAGs    # Errors  Last Runtime    Last Run
-------------------------------------------  -----  ---------  --------  ----------  --------------  -------------------
/opt/airflow/dags/spark_iceberg_pipeline.py                           0           1  0.08s           2025-09-22T22:15:20
================================================================================
[2025-09-22T22:16:08.163+0000] {manager.py:888} INFO - 
================================================================================
DAG File Processing Stats

File Path                                    PID    Runtime      # DAGs    # Errors  Last Runtime    Last Run
-------------------------------------------  -----  ---------  --------  ----------  --------------  -------------------
/opt/airflow/dags/spark_iceberg_pipeline.py                           0           1  0.13s           2025-09-22T22:15:50
================================================================================
[2025-09-22T22:16:35.800+0000] {manager.py:470} INFO - Exiting gracefully upon receiving signal 15
[2025-09-22T22:17:27.567+0000] {manager.py:488} INFO - Processing files using up to 2 processes at a time 
[2025-09-22T22:17:27.571+0000] {manager.py:489} INFO - Process each file at most once every 30 seconds
[2025-09-22T22:17:27.571+0000] {manager.py:490} INFO - Checking for new files in /opt/airflow/dags every 300 seconds
[2025-09-22T22:17:27.572+0000] {manager.py:760} INFO - Searching for files in /opt/airflow/dags
[2025-09-22T22:17:27.576+0000] {manager.py:763} INFO - There are 1 files in /opt/airflow/dags
[2025-09-22T22:17:28.163+0000] {manager.py:888} INFO - 
================================================================================
DAG File Processing Stats

File Path                                      PID  Runtime      # DAGs    # Errors  Last Runtime    Last Run
-------------------------------------------  -----  ---------  --------  ----------  --------------  ----------
/opt/airflow/dags/spark_iceberg_pipeline.py    174  0.30s             0           0
================================================================================
[2025-09-22T22:17:58.201+0000] {manager.py:888} INFO - 
================================================================================
DAG File Processing Stats

File Path                                    PID    Runtime      # DAGs    # Errors  Last Runtime    Last Run
-------------------------------------------  -----  ---------  --------  ----------  --------------  -------------------
/opt/airflow/dags/spark_iceberg_pipeline.py                           0           1  0.41s           2025-09-22T22:17:28
================================================================================
[2025-09-22T22:18:28.309+0000] {manager.py:888} INFO - 
================================================================================
DAG File Processing Stats

File Path                                    PID    Runtime      # DAGs    # Errors  Last Runtime    Last Run
-------------------------------------------  -----  ---------  --------  ----------  --------------  -------------------
/opt/airflow/dags/spark_iceberg_pipeline.py                           0           1  0.13s           2025-09-22T22:17:58
================================================================================
[2025-09-22T22:18:58.340+0000] {manager.py:888} INFO - 
================================================================================
DAG File Processing Stats

File Path                                    PID    Runtime      # DAGs    # Errors  Last Runtime    Last Run
-------------------------------------------  -----  ---------  --------  ----------  --------------  -------------------
/opt/airflow/dags/spark_iceberg_pipeline.py                           0           1  0.05s           2025-09-22T22:18:29
================================================================================
[2025-09-22T22:19:28.392+0000] {manager.py:888} INFO - 
================================================================================
DAG File Processing Stats

File Path                                    PID    Runtime      # DAGs    # Errors  Last Runtime    Last Run
-------------------------------------------  -----  ---------  --------  ----------  --------------  -------------------
/opt/airflow/dags/spark_iceberg_pipeline.py                           0           1  0.10s           2025-09-22T22:19:00
================================================================================
[2025-09-22T22:19:58.500+0000] {manager.py:888} INFO - 
================================================================================
DAG File Processing Stats

File Path                                    PID    Runtime      # DAGs    # Errors  Last Runtime    Last Run
-------------------------------------------  -----  ---------  --------  ----------  --------------  -------------------
/opt/airflow/dags/spark_iceberg_pipeline.py                           0           1  0.08s           2025-09-22T22:19:30
================================================================================
[2025-09-22T22:20:28.574+0000] {manager.py:888} INFO - 
================================================================================
DAG File Processing Stats

File Path                                    PID    Runtime      # DAGs    # Errors  Last Runtime    Last Run
-------------------------------------------  -----  ---------  --------  ----------  --------------  -------------------
/opt/airflow/dags/spark_iceberg_pipeline.py                           0           1  0.06s           2025-09-22T22:20:00
================================================================================
[2025-09-22T22:20:58.635+0000] {manager.py:888} INFO - 
================================================================================
DAG File Processing Stats

File Path                                    PID    Runtime      # DAGs    # Errors  Last Runtime    Last Run
-------------------------------------------  -----  ---------  --------  ----------  --------------  -------------------
/opt/airflow/dags/spark_iceberg_pipeline.py                           0           1  0.07s           2025-09-22T22:20:31
================================================================================
[2025-09-22T22:21:28.685+0000] {manager.py:888} INFO - 
================================================================================
DAG File Processing Stats

File Path                                    PID    Runtime      # DAGs    # Errors  Last Runtime    Last Run
-------------------------------------------  -----  ---------  --------  ----------  --------------  -------------------
/opt/airflow/dags/spark_iceberg_pipeline.py                           0           1  0.06s           2025-09-22T22:21:01
================================================================================
[2025-09-22T22:21:58.756+0000] {manager.py:888} INFO - 
================================================================================
DAG File Processing Stats

File Path                                    PID    Runtime      # DAGs    # Errors  Last Runtime    Last Run
-------------------------------------------  -----  ---------  --------  ----------  --------------  -------------------
/opt/airflow/dags/spark_iceberg_pipeline.py                           0           1  0.06s           2025-09-22T22:21:31
================================================================================
[2025-09-22T22:22:27.806+0000] {manager.py:760} INFO - Searching for files in /opt/airflow/dags
[2025-09-22T22:22:27.807+0000] {manager.py:763} INFO - There are 1 files in /opt/airflow/dags
[2025-09-22T22:22:28.832+0000] {manager.py:888} INFO - 
================================================================================
DAG File Processing Stats

File Path                                    PID    Runtime      # DAGs    # Errors  Last Runtime    Last Run
-------------------------------------------  -----  ---------  --------  ----------  --------------  -------------------
/opt/airflow/dags/spark_iceberg_pipeline.py                           0           1  0.06s           2025-09-22T22:22:01
================================================================================
[2025-09-22T22:22:58.898+0000] {manager.py:888} INFO - 
================================================================================
DAG File Processing Stats

File Path                                    PID    Runtime      # DAGs    # Errors  Last Runtime    Last Run
-------------------------------------------  -----  ---------  --------  ----------  --------------  -------------------
/opt/airflow/dags/spark_iceberg_pipeline.py                           0           1  0.08s           2025-09-22T22:22:31
================================================================================
[2025-09-22T22:23:28.964+0000] {manager.py:888} INFO - 
================================================================================
DAG File Processing Stats

File Path                                    PID    Runtime      # DAGs    # Errors  Last Runtime    Last Run
-------------------------------------------  -----  ---------  --------  ----------  --------------  -------------------
/opt/airflow/dags/spark_iceberg_pipeline.py                           0           1  0.06s           2025-09-22T22:23:02
================================================================================
[2025-09-22T22:23:58.870+0000] {manager.py:888} INFO - 
================================================================================
DAG File Processing Stats

File Path                                    PID    Runtime      # DAGs    # Errors  Last Runtime    Last Run
-------------------------------------------  -----  ---------  --------  ----------  --------------  -------------------
/opt/airflow/dags/spark_iceberg_pipeline.py                           0           1  0.07s           2025-09-22T22:23:33
================================================================================
[2025-09-22T22:24:28.931+0000] {manager.py:888} INFO - 
================================================================================
DAG File Processing Stats

File Path                                    PID    Runtime      # DAGs    # Errors  Last Runtime    Last Run
-------------------------------------------  -----  ---------  --------  ----------  --------------  -------------------
/opt/airflow/dags/spark_iceberg_pipeline.py                           0           1  0.08s           2025-09-22T22:24:04
================================================================================
[2025-09-22T22:24:59.022+0000] {manager.py:888} INFO - 
================================================================================
DAG File Processing Stats

File Path                                    PID    Runtime      # DAGs    # Errors  Last Runtime    Last Run
-------------------------------------------  -----  ---------  --------  ----------  --------------  -------------------
/opt/airflow/dags/spark_iceberg_pipeline.py                           0           1  0.07s           2025-09-22T22:24:35
================================================================================
[2025-09-22T22:25:29.068+0000] {manager.py:888} INFO - 
================================================================================
DAG File Processing Stats

File Path                                    PID    Runtime      # DAGs    # Errors  Last Runtime    Last Run
-------------------------------------------  -----  ---------  --------  ----------  --------------  -------------------
/opt/airflow/dags/spark_iceberg_pipeline.py                           0           1  0.05s           2025-09-22T22:25:05
================================================================================
[2025-09-22T22:25:59.117+0000] {manager.py:888} INFO - 
================================================================================
DAG File Processing Stats

File Path                                    PID    Runtime      # DAGs    # Errors  Last Runtime    Last Run
-------------------------------------------  -----  ---------  --------  ----------  --------------  -------------------
/opt/airflow/dags/spark_iceberg_pipeline.py                           0           1  0.06s           2025-09-22T22:25:37
================================================================================
[2025-09-22T22:26:29.173+0000] {manager.py:888} INFO - 
================================================================================
DAG File Processing Stats

File Path                                    PID    Runtime      # DAGs    # Errors  Last Runtime    Last Run
-------------------------------------------  -----  ---------  --------  ----------  --------------  -------------------
/opt/airflow/dags/spark_iceberg_pipeline.py                           0           1  0.07s           2025-09-22T22:26:08
================================================================================
[2025-09-22T22:26:59.222+0000] {manager.py:888} INFO - 
================================================================================
DAG File Processing Stats

File Path                                    PID    Runtime      # DAGs    # Errors  Last Runtime    Last Run
-------------------------------------------  -----  ---------  --------  ----------  --------------  -------------------
/opt/airflow/dags/spark_iceberg_pipeline.py                           0           1  0.06s           2025-09-22T22:26:38
================================================================================
[2025-09-22T22:27:28.258+0000] {manager.py:760} INFO - Searching for files in /opt/airflow/dags
[2025-09-22T22:27:28.259+0000] {manager.py:763} INFO - There are 1 files in /opt/airflow/dags
[2025-09-22T22:27:29.276+0000] {manager.py:888} INFO - 
================================================================================
DAG File Processing Stats

File Path                                    PID    Runtime      # DAGs    # Errors  Last Runtime    Last Run
-------------------------------------------  -----  ---------  --------  ----------  --------------  -------------------
/opt/airflow/dags/spark_iceberg_pipeline.py                           0           1  0.05s           2025-09-22T22:27:09
================================================================================
[2025-09-22T22:27:59.311+0000] {manager.py:888} INFO - 
================================================================================
DAG File Processing Stats

File Path                                    PID    Runtime      # DAGs    # Errors  Last Runtime    Last Run
-------------------------------------------  -----  ---------  --------  ----------  --------------  -------------------
/opt/airflow/dags/spark_iceberg_pipeline.py                           0           1  0.06s           2025-09-22T22:27:39
================================================================================
[2025-09-22T22:28:29.352+0000] {manager.py:888} INFO - 
================================================================================
DAG File Processing Stats

File Path                                    PID    Runtime      # DAGs    # Errors  Last Runtime    Last Run
-------------------------------------------  -----  ---------  --------  ----------  --------------  -------------------
/opt/airflow/dags/spark_iceberg_pipeline.py                           0           1  0.07s           2025-09-22T22:28:10
================================================================================
[2025-09-22T22:28:59.391+0000] {manager.py:888} INFO - 
================================================================================
DAG File Processing Stats

File Path                                    PID    Runtime      # DAGs    # Errors  Last Runtime    Last Run
-------------------------------------------  -----  ---------  --------  ----------  --------------  -------------------
/opt/airflow/dags/spark_iceberg_pipeline.py                           0           1  0.08s           2025-09-22T22:28:41
================================================================================
[2025-09-22T22:29:29.468+0000] {manager.py:888} INFO - 
================================================================================
DAG File Processing Stats

File Path                                    PID    Runtime      # DAGs    # Errors  Last Runtime    Last Run
-------------------------------------------  -----  ---------  --------  ----------  --------------  -------------------
/opt/airflow/dags/spark_iceberg_pipeline.py                           0           1  0.07s           2025-09-22T22:29:12
================================================================================
[2025-09-22T22:29:59.530+0000] {manager.py:888} INFO - 
================================================================================
DAG File Processing Stats

File Path                                    PID    Runtime      # DAGs    # Errors  Last Runtime    Last Run
-------------------------------------------  -----  ---------  --------  ----------  --------------  -------------------
/opt/airflow/dags/spark_iceberg_pipeline.py                           0           1  0.07s           2025-09-22T22:29:42
================================================================================
[2025-09-22T22:30:29.612+0000] {manager.py:888} INFO - 
================================================================================
DAG File Processing Stats

File Path                                    PID    Runtime      # DAGs    # Errors  Last Runtime    Last Run
-------------------------------------------  -----  ---------  --------  ----------  --------------  -------------------
/opt/airflow/dags/spark_iceberg_pipeline.py                           0           1  0.14s           2025-09-22T22:30:13
================================================================================
[2025-09-22T22:30:59.737+0000] {manager.py:888} INFO - 
================================================================================
DAG File Processing Stats

File Path                                    PID    Runtime      # DAGs    # Errors  Last Runtime    Last Run
-------------------------------------------  -----  ---------  --------  ----------  --------------  -------------------
/opt/airflow/dags/spark_iceberg_pipeline.py                           0           1  0.07s           2025-09-22T22:30:43
================================================================================
[2025-09-22T22:31:29.789+0000] {manager.py:888} INFO - 
================================================================================
DAG File Processing Stats

File Path                                    PID    Runtime      # DAGs    # Errors  Last Runtime    Last Run
-------------------------------------------  -----  ---------  --------  ----------  --------------  -------------------
/opt/airflow/dags/spark_iceberg_pipeline.py                           0           1  0.07s           2025-09-22T22:31:13
================================================================================
[2025-09-22T22:31:59.737+0000] {manager.py:888} INFO - 
================================================================================
DAG File Processing Stats

File Path                                    PID    Runtime      # DAGs    # Errors  Last Runtime    Last Run
-------------------------------------------  -----  ---------  --------  ----------  --------------  -------------------
/opt/airflow/dags/spark_iceberg_pipeline.py                           0           1  0.07s           2025-09-22T22:31:43
================================================================================
[2025-09-22T22:32:28.935+0000] {manager.py:760} INFO - Searching for files in /opt/airflow/dags
[2025-09-22T22:32:28.937+0000] {manager.py:763} INFO - There are 1 files in /opt/airflow/dags
[2025-09-22T22:32:29.828+0000] {manager.py:888} INFO - 
================================================================================
DAG File Processing Stats

File Path                                    PID    Runtime      # DAGs    # Errors  Last Runtime    Last Run
-------------------------------------------  -----  ---------  --------  ----------  --------------  -------------------
/opt/airflow/dags/spark_iceberg_pipeline.py                           0           1  0.08s           2025-09-22T22:32:14
================================================================================
[2025-09-22T22:32:59.889+0000] {manager.py:888} INFO - 
================================================================================
DAG File Processing Stats

File Path                                    PID    Runtime      # DAGs    # Errors  Last Runtime    Last Run
-------------------------------------------  -----  ---------  --------  ----------  --------------  -------------------
/opt/airflow/dags/spark_iceberg_pipeline.py                           0           1  0.06s           2025-09-22T22:32:44
================================================================================
[2025-09-22T22:33:29.991+0000] {manager.py:888} INFO - 
================================================================================
DAG File Processing Stats

File Path                                    PID    Runtime      # DAGs    # Errors  Last Runtime    Last Run
-------------------------------------------  -----  ---------  --------  ----------  --------------  -------------------
/opt/airflow/dags/spark_iceberg_pipeline.py                           0           1  0.19s           2025-09-22T22:33:15
================================================================================
[2025-09-22T22:34:00.260+0000] {manager.py:888} INFO - 
================================================================================
DAG File Processing Stats

File Path                                    PID    Runtime      # DAGs    # Errors  Last Runtime    Last Run
-------------------------------------------  -----  ---------  --------  ----------  --------------  -------------------
/opt/airflow/dags/spark_iceberg_pipeline.py                           0           1  0.07s           2025-09-22T22:33:56
================================================================================
[2025-09-22T22:34:30.334+0000] {manager.py:888} INFO - 
================================================================================
DAG File Processing Stats

File Path                                    PID    Runtime      # DAGs    # Errors  Last Runtime    Last Run
-------------------------------------------  -----  ---------  --------  ----------  --------------  -------------------
/opt/airflow/dags/spark_iceberg_pipeline.py                           0           1  0.09s           2025-09-22T22:34:26
================================================================================
[2025-09-22T22:35:00.446+0000] {manager.py:888} INFO - 
================================================================================
DAG File Processing Stats

File Path                                      PID  Runtime      # DAGs    # Errors  Last Runtime    Last Run
-------------------------------------------  -----  ---------  --------  ----------  --------------  -------------------
/opt/airflow/dags/spark_iceberg_pipeline.py    998  0.01s             0           1  0.07s           2025-09-22T22:34:56
================================================================================
[2025-09-22T22:35:30.576+0000] {manager.py:888} INFO - 
================================================================================
DAG File Processing Stats

File Path                                    PID    Runtime      # DAGs    # Errors  Last Runtime    Last Run
-------------------------------------------  -----  ---------  --------  ----------  --------------  -------------------
/opt/airflow/dags/spark_iceberg_pipeline.py                           0           1  0.07s           2025-09-22T22:35:09
================================================================================
[2025-09-22T22:36:00.618+0000] {manager.py:888} INFO - 
================================================================================
DAG File Processing Stats

File Path                                    PID    Runtime      # DAGs    # Errors  Last Runtime    Last Run
-------------------------------------------  -----  ---------  --------  ----------  --------------  -------------------
/opt/airflow/dags/spark_iceberg_pipeline.py                           0           1  0.06s           2025-09-22T22:35:39
================================================================================
[2025-09-22T22:36:30.702+0000] {manager.py:888} INFO - 
================================================================================
DAG File Processing Stats

File Path                                    PID    Runtime      # DAGs    # Errors  Last Runtime    Last Run
-------------------------------------------  -----  ---------  --------  ----------  --------------  -------------------
/opt/airflow/dags/spark_iceberg_pipeline.py                           0           1  0.06s           2025-09-22T22:36:29
================================================================================
[2025-09-22T22:37:00.753+0000] {manager.py:888} INFO - 
================================================================================
DAG File Processing Stats

File Path                                    PID    Runtime      # DAGs    # Errors  Last Runtime    Last Run
-------------------------------------------  -----  ---------  --------  ----------  --------------  -------------------
/opt/airflow/dags/spark_iceberg_pipeline.py                           0           1  0.08s           2025-09-22T22:36:59
================================================================================
[2025-09-22T22:37:29.855+0000] {manager.py:760} INFO - Searching for files in /opt/airflow/dags
[2025-09-22T22:37:29.857+0000] {manager.py:763} INFO - There are 1 files in /opt/airflow/dags
[2025-09-22T22:37:30.900+0000] {manager.py:888} INFO - 
================================================================================
DAG File Processing Stats

File Path                                    PID    Runtime      # DAGs    # Errors  Last Runtime    Last Run
-------------------------------------------  -----  ---------  --------  ----------  --------------  -------------------
/opt/airflow/dags/spark_iceberg_pipeline.py                           0           1  0.06s           2025-09-22T22:37:29
================================================================================
[2025-09-22T22:38:01.028+0000] {manager.py:888} INFO - 
================================================================================
DAG File Processing Stats

File Path                                    PID    Runtime      # DAGs    # Errors  Last Runtime    Last Run
-------------------------------------------  -----  ---------  --------  ----------  --------------  -------------------
/opt/airflow/dags/spark_iceberg_pipeline.py                           0           1  0.08s           2025-09-22T22:37:56
================================================================================
[2025-09-22T22:38:31.233+0000] {manager.py:888} INFO - 
================================================================================
DAG File Processing Stats

File Path                                    PID    Runtime      # DAGs    # Errors  Last Runtime    Last Run
-------------------------------------------  -----  ---------  --------  ----------  --------------  -------------------
/opt/airflow/dags/spark_iceberg_pipeline.py                           0           1  0.07s           2025-09-22T22:38:22
================================================================================
[2025-09-22T22:39:01.341+0000] {manager.py:888} INFO - 
================================================================================
DAG File Processing Stats

File Path                                    PID    Runtime      # DAGs    # Errors  Last Runtime    Last Run
-------------------------------------------  -----  ---------  --------  ----------  --------------  -------------------
/opt/airflow/dags/spark_iceberg_pipeline.py                           0           1  0.06s           2025-09-22T22:38:59
================================================================================
[2025-09-22T22:39:31.446+0000] {manager.py:888} INFO - 
================================================================================
DAG File Processing Stats

File Path                                    PID    Runtime      # DAGs    # Errors  Last Runtime    Last Run
-------------------------------------------  -----  ---------  --------  ----------  --------------  -------------------
/opt/airflow/dags/spark_iceberg_pipeline.py                           0           1  0.06s           2025-09-22T22:39:27
================================================================================
[2025-09-22T22:40:01.556+0000] {manager.py:888} INFO - 
================================================================================
DAG File Processing Stats

File Path                                    PID    Runtime      # DAGs    # Errors  Last Runtime    Last Run
-------------------------------------------  -----  ---------  --------  ----------  --------------  -------------------
/opt/airflow/dags/spark_iceberg_pipeline.py                           0           1  0.08s           2025-09-22T22:39:53
================================================================================
[2025-09-22T22:40:31.675+0000] {manager.py:888} INFO - 
================================================================================
DAG File Processing Stats

File Path                                    PID    Runtime      # DAGs    # Errors  Last Runtime    Last Run
-------------------------------------------  -----  ---------  --------  ----------  --------------  -------------------
/opt/airflow/dags/spark_iceberg_pipeline.py                           0           1  0.06s           2025-09-22T22:40:29
================================================================================
[2025-09-22T22:41:01.746+0000] {manager.py:888} INFO - 
================================================================================
DAG File Processing Stats

File Path                                    PID    Runtime      # DAGs    # Errors  Last Runtime    Last Run
-------------------------------------------  -----  ---------  --------  ----------  --------------  -------------------
/opt/airflow/dags/spark_iceberg_pipeline.py                           0           1  0.12s           2025-09-22T22:41:00
================================================================================
[2025-09-22T22:41:31.838+0000] {manager.py:888} INFO - 
================================================================================
DAG File Processing Stats

File Path                                    PID    Runtime      # DAGs    # Errors  Last Runtime    Last Run
-------------------------------------------  -----  ---------  --------  ----------  --------------  -------------------
/opt/airflow/dags/spark_iceberg_pipeline.py                           0           1  0.08s           2025-09-22T22:41:20
================================================================================
[2025-09-22T22:42:01.894+0000] {manager.py:888} INFO - 
================================================================================
DAG File Processing Stats

File Path                                    PID    Runtime      # DAGs    # Errors  Last Runtime    Last Run
-------------------------------------------  -----  ---------  --------  ----------  --------------  -------------------
/opt/airflow/dags/spark_iceberg_pipeline.py                           0           1  0.07s           2025-09-22T22:41:51
================================================================================
[2025-09-22T22:42:29.960+0000] {manager.py:760} INFO - Searching for files in /opt/airflow/dags
[2025-09-22T22:42:29.961+0000] {manager.py:763} INFO - There are 1 files in /opt/airflow/dags
[2025-09-22T22:42:31.981+0000] {manager.py:888} INFO - 
================================================================================
DAG File Processing Stats

File Path                                    PID    Runtime      # DAGs    # Errors  Last Runtime    Last Run
-------------------------------------------  -----  ---------  --------  ----------  --------------  -------------------
/opt/airflow/dags/spark_iceberg_pipeline.py                           0           1  0.12s           2025-09-22T22:42:21
================================================================================
[2025-09-22T22:43:02.092+0000] {manager.py:888} INFO - 
================================================================================
DAG File Processing Stats

File Path                                    PID    Runtime      # DAGs    # Errors  Last Runtime    Last Run
-------------------------------------------  -----  ---------  --------  ----------  --------------  -------------------
/opt/airflow/dags/spark_iceberg_pipeline.py                           0           1  0.08s           2025-09-22T22:42:51
================================================================================
[2025-09-22T22:43:32.177+0000] {manager.py:888} INFO - 
================================================================================
DAG File Processing Stats

File Path                                    PID    Runtime      # DAGs    # Errors  Last Runtime    Last Run
-------------------------------------------  -----  ---------  --------  ----------  --------------  -------------------
/opt/airflow/dags/spark_iceberg_pipeline.py                           0           1  0.08s           2025-09-22T22:43:22
================================================================================
[2025-09-22T22:44:02.236+0000] {manager.py:888} INFO - 
================================================================================
DAG File Processing Stats

File Path                                    PID    Runtime      # DAGs    # Errors  Last Runtime    Last Run
-------------------------------------------  -----  ---------  --------  ----------  --------------  -------------------
/opt/airflow/dags/spark_iceberg_pipeline.py                           0           1  0.07s           2025-09-22T22:43:52
================================================================================
[2025-09-22T22:44:32.301+0000] {manager.py:888} INFO - 
================================================================================
DAG File Processing Stats

File Path                                    PID    Runtime      # DAGs    # Errors  Last Runtime    Last Run
-------------------------------------------  -----  ---------  --------  ----------  --------------  -------------------
/opt/airflow/dags/spark_iceberg_pipeline.py                           0           1  0.08s           2025-09-22T22:44:22
================================================================================
[2025-09-22T22:45:02.397+0000] {manager.py:888} INFO - 
================================================================================
DAG File Processing Stats

File Path                                    PID    Runtime      # DAGs    # Errors  Last Runtime    Last Run
-------------------------------------------  -----  ---------  --------  ----------  --------------  -------------------
/opt/airflow/dags/spark_iceberg_pipeline.py                           0           1  0.09s           2025-09-22T22:44:52
================================================================================
[2025-09-22T22:45:32.489+0000] {manager.py:888} INFO - 
================================================================================
DAG File Processing Stats

File Path                                    PID    Runtime      # DAGs    # Errors  Last Runtime    Last Run
-------------------------------------------  -----  ---------  --------  ----------  --------------  -------------------
/opt/airflow/dags/spark_iceberg_pipeline.py                           0           1  0.08s           2025-09-22T22:45:22
================================================================================
[2025-09-22T22:46:02.563+0000] {manager.py:888} INFO - 
================================================================================
DAG File Processing Stats

File Path                                    PID    Runtime      # DAGs    # Errors  Last Runtime    Last Run
-------------------------------------------  -----  ---------  --------  ----------  --------------  -------------------
/opt/airflow/dags/spark_iceberg_pipeline.py                           0           1  0.08s           2025-09-22T22:45:53
================================================================================
[2025-09-22T22:46:25.914+0000] {manager.py:470} INFO - Exiting gracefully upon receiving signal 15
[2025-09-22T22:48:35.151+0000] {manager.py:488} INFO - Processing files using up to 2 processes at a time 
[2025-09-22T22:48:35.154+0000] {manager.py:489} INFO - Process each file at most once every 30 seconds
[2025-09-22T22:48:35.154+0000] {manager.py:490} INFO - Checking for new files in /opt/airflow/dags every 300 seconds
[2025-09-22T22:48:35.155+0000] {manager.py:760} INFO - Searching for files in /opt/airflow/dags
[2025-09-22T22:48:35.159+0000] {manager.py:763} INFO - There are 1 files in /opt/airflow/dags
[2025-09-22T22:48:35.425+0000] {manager.py:888} INFO - 
================================================================================
DAG File Processing Stats

File Path                                    PID    Runtime      # DAGs    # Errors  Last Runtime    Last Run
-------------------------------------------  -----  ---------  --------  ----------  --------------  -------------------
/opt/airflow/dags/spark_iceberg_pipeline.py                           0           1  0.11s           2025-09-22T22:48:35
================================================================================
[2025-09-22T22:49:05.384+0000] {manager.py:888} INFO - 
================================================================================
DAG File Processing Stats

File Path                                    PID    Runtime      # DAGs    # Errors  Last Runtime    Last Run
-------------------------------------------  -----  ---------  --------  ----------  --------------  -------------------
/opt/airflow/dags/spark_iceberg_pipeline.py                           0           1  0.11s           2025-09-22T22:48:35
================================================================================
[2025-09-22T22:49:35.517+0000] {manager.py:888} INFO - 
================================================================================
DAG File Processing Stats

File Path                                    PID    Runtime      # DAGs    # Errors  Last Runtime    Last Run
-------------------------------------------  -----  ---------  --------  ----------  --------------  -------------------
/opt/airflow/dags/spark_iceberg_pipeline.py                           0           1  0.11s           2025-09-22T22:49:05
================================================================================
[2025-09-22T22:50:05.560+0000] {manager.py:888} INFO - 
================================================================================
DAG File Processing Stats

File Path                                    PID    Runtime      # DAGs    # Errors  Last Runtime    Last Run
-------------------------------------------  -----  ---------  --------  ----------  --------------  -------------------
/opt/airflow/dags/spark_iceberg_pipeline.py                           0           1  0.06s           2025-09-22T22:49:36
================================================================================
[2025-09-22T22:50:35.615+0000] {manager.py:888} INFO - 
================================================================================
DAG File Processing Stats

File Path                                    PID    Runtime      # DAGs    # Errors  Last Runtime    Last Run
-------------------------------------------  -----  ---------  --------  ----------  --------------  -------------------
/opt/airflow/dags/spark_iceberg_pipeline.py                           0           1  0.14s           2025-09-22T22:50:07
================================================================================
[2025-09-22T22:51:05.729+0000] {manager.py:888} INFO - 
================================================================================
DAG File Processing Stats

File Path                                    PID    Runtime      # DAGs    # Errors  Last Runtime    Last Run
-------------------------------------------  -----  ---------  --------  ----------  --------------  -------------------
/opt/airflow/dags/spark_iceberg_pipeline.py                           0           1  0.13s           2025-09-22T22:50:38
================================================================================
[2025-09-22T22:51:35.921+0000] {manager.py:888} INFO - 
================================================================================
DAG File Processing Stats

File Path                                    PID    Runtime      # DAGs    # Errors  Last Runtime    Last Run
-------------------------------------------  -----  ---------  --------  ----------  --------------  -------------------
/opt/airflow/dags/spark_iceberg_pipeline.py                           0           1  0.10s           2025-09-22T22:51:09
================================================================================
[2025-09-22T22:52:06.112+0000] {manager.py:888} INFO - 
================================================================================
DAG File Processing Stats

File Path                                    PID    Runtime      # DAGs    # Errors  Last Runtime    Last Run
-------------------------------------------  -----  ---------  --------  ----------  --------------  -------------------
/opt/airflow/dags/spark_iceberg_pipeline.py                           0           1  0.06s           2025-09-22T22:51:40
================================================================================
[2025-09-22T22:52:36.346+0000] {manager.py:888} INFO - 
================================================================================
DAG File Processing Stats

File Path                                    PID    Runtime      # DAGs    # Errors  Last Runtime    Last Run
-------------------------------------------  -----  ---------  --------  ----------  --------------  -------------------
/opt/airflow/dags/spark_iceberg_pipeline.py                           0           1  0.07s           2025-09-22T22:52:10
================================================================================
[2025-09-22T22:53:06.433+0000] {manager.py:888} INFO - 
================================================================================
DAG File Processing Stats

File Path                                    PID    Runtime      # DAGs    # Errors  Last Runtime    Last Run
-------------------------------------------  -----  ---------  --------  ----------  --------------  -------------------
/opt/airflow/dags/spark_iceberg_pipeline.py                           0           1  0.07s           2025-09-22T22:52:40
================================================================================
[2025-09-22T22:53:35.487+0000] {manager.py:760} INFO - Searching for files in /opt/airflow/dags
[2025-09-22T22:53:35.488+0000] {manager.py:763} INFO - There are 1 files in /opt/airflow/dags
[2025-09-22T22:53:36.513+0000] {manager.py:888} INFO - 
================================================================================
DAG File Processing Stats

File Path                                    PID    Runtime      # DAGs    # Errors  Last Runtime    Last Run
-------------------------------------------  -----  ---------  --------  ----------  --------------  -------------------
/opt/airflow/dags/spark_iceberg_pipeline.py                           0           1  0.10s           2025-09-22T22:53:10
================================================================================
[2025-09-22T22:54:06.655+0000] {manager.py:888} INFO - 
================================================================================
DAG File Processing Stats

File Path                                    PID    Runtime      # DAGs    # Errors  Last Runtime    Last Run
-------------------------------------------  -----  ---------  --------  ----------  --------------  -------------------
/opt/airflow/dags/spark_iceberg_pipeline.py                           0           1  0.09s           2025-09-22T22:53:40
================================================================================
[2025-09-22T22:54:36.721+0000] {manager.py:888} INFO - 
================================================================================
DAG File Processing Stats

File Path                                    PID    Runtime      # DAGs    # Errors  Last Runtime    Last Run
-------------------------------------------  -----  ---------  --------  ----------  --------------  -------------------
/opt/airflow/dags/spark_iceberg_pipeline.py                           0           1  0.10s           2025-09-22T22:54:10
================================================================================
[2025-09-22T22:55:07.243+0000] {manager.py:888} INFO - 
================================================================================
DAG File Processing Stats

File Path                                    PID    Runtime      # DAGs    # Errors  Last Runtime    Last Run
-------------------------------------------  -----  ---------  --------  ----------  --------------  -------------------
/opt/airflow/dags/spark_iceberg_pipeline.py                           0           1  0.08s           2025-09-22T22:54:41
================================================================================
[2025-09-22T22:55:37.320+0000] {manager.py:888} INFO - 
================================================================================
DAG File Processing Stats

File Path                                    PID    Runtime      # DAGs    # Errors  Last Runtime    Last Run
-------------------------------------------  -----  ---------  --------  ----------  --------------  -------------------
/opt/airflow/dags/spark_iceberg_pipeline.py                           0           1  0.09s           2025-09-22T22:55:11
================================================================================
[2025-09-22T22:56:07.412+0000] {manager.py:888} INFO - 
================================================================================
DAG File Processing Stats

File Path                                    PID    Runtime      # DAGs    # Errors  Last Runtime    Last Run
-------------------------------------------  -----  ---------  --------  ----------  --------------  -------------------
/opt/airflow/dags/spark_iceberg_pipeline.py                           0           1  0.10s           2025-09-22T22:55:41
================================================================================
[2025-09-22T22:56:08.792+0000] {manager.py:470} INFO - Exiting gracefully upon receiving signal 15
[2025-09-22T23:04:31.506+0000] {manager.py:488} INFO - Processing files using up to 2 processes at a time 
[2025-09-22T23:04:31.508+0000] {manager.py:489} INFO - Process each file at most once every 30 seconds
[2025-09-22T23:04:31.508+0000] {manager.py:490} INFO - Checking for new files in /opt/airflow/dags every 300 seconds
[2025-09-22T23:04:31.508+0000] {manager.py:760} INFO - Searching for files in /opt/airflow/dags
[2025-09-22T23:04:31.510+0000] {manager.py:763} INFO - There are 1 files in /opt/airflow/dags
[2025-09-22T23:04:32.230+0000] {manager.py:888} INFO - 
================================================================================
DAG File Processing Stats

File Path                                      PID  Runtime      # DAGs    # Errors  Last Runtime    Last Run
-------------------------------------------  -----  ---------  --------  ----------  --------------  ----------
/opt/airflow/dags/spark_iceberg_pipeline.py    174  0.10s             0           0
================================================================================
[2025-09-22T23:05:02.279+0000] {manager.py:888} INFO - 
================================================================================
DAG File Processing Stats

File Path                                      PID  Runtime      # DAGs    # Errors  Last Runtime    Last Run
-------------------------------------------  -----  ---------  --------  ----------  --------------  -------------------
/opt/airflow/dags/spark_iceberg_pipeline.py    180  0.01s             0           1  0.13s           2025-09-22T23:04:32
================================================================================
[2025-09-22T23:05:32.289+0000] {manager.py:888} INFO - 
================================================================================
DAG File Processing Stats

File Path                                    PID    Runtime      # DAGs    # Errors  Last Runtime    Last Run
-------------------------------------------  -----  ---------  --------  ----------  --------------  -------------------
/opt/airflow/dags/spark_iceberg_pipeline.py                           0           1  0.08s           2025-09-22T23:05:02
================================================================================
[2025-09-22T23:06:02.332+0000] {manager.py:888} INFO - 
================================================================================
DAG File Processing Stats

File Path                                    PID    Runtime      # DAGs    # Errors  Last Runtime    Last Run
-------------------------------------------  -----  ---------  --------  ----------  --------------  -------------------
/opt/airflow/dags/spark_iceberg_pipeline.py                           0           1  0.06s           2025-09-22T23:05:33
================================================================================
[2025-09-22T23:06:32.356+0000] {manager.py:888} INFO - 
================================================================================
DAG File Processing Stats

File Path                                    PID    Runtime      # DAGs    # Errors  Last Runtime    Last Run
-------------------------------------------  -----  ---------  --------  ----------  --------------  -------------------
/opt/airflow/dags/spark_iceberg_pipeline.py                           0           1  0.05s           2025-09-22T23:06:04
================================================================================
[2025-09-22T23:07:02.391+0000] {manager.py:888} INFO - 
================================================================================
DAG File Processing Stats

File Path                                    PID    Runtime      # DAGs    # Errors  Last Runtime    Last Run
-------------------------------------------  -----  ---------  --------  ----------  --------------  -------------------
/opt/airflow/dags/spark_iceberg_pipeline.py                           0           1  0.05s           2025-09-22T23:06:35
================================================================================
[2025-09-22T23:07:32.429+0000] {manager.py:888} INFO - 
================================================================================
DAG File Processing Stats

File Path                                    PID    Runtime      # DAGs    # Errors  Last Runtime    Last Run
-------------------------------------------  -----  ---------  --------  ----------  --------------  -------------------
/opt/airflow/dags/spark_iceberg_pipeline.py                           0           1  0.06s           2025-09-22T23:07:06
================================================================================
[2025-09-22T23:08:02.462+0000] {manager.py:888} INFO - 
================================================================================
DAG File Processing Stats

File Path                                    PID    Runtime      # DAGs    # Errors  Last Runtime    Last Run
-------------------------------------------  -----  ---------  --------  ----------  --------------  -------------------
/opt/airflow/dags/spark_iceberg_pipeline.py                           0           1  0.06s           2025-09-22T23:07:37
================================================================================
[2025-09-22T23:08:32.493+0000] {manager.py:888} INFO - 
================================================================================
DAG File Processing Stats

File Path                                    PID    Runtime      # DAGs    # Errors  Last Runtime    Last Run
-------------------------------------------  -----  ---------  --------  ----------  --------------  -------------------
/opt/airflow/dags/spark_iceberg_pipeline.py                           0           1  0.06s           2025-09-22T23:08:08
================================================================================
[2025-09-22T23:09:02.510+0000] {manager.py:888} INFO - 
================================================================================
DAG File Processing Stats

File Path                                    PID    Runtime      # DAGs    # Errors  Last Runtime    Last Run
-------------------------------------------  -----  ---------  --------  ----------  --------------  -------------------
/opt/airflow/dags/spark_iceberg_pipeline.py                           0           1  0.04s           2025-09-22T23:08:39
================================================================================
[2025-09-22T23:09:19.164+0000] {manager.py:470} INFO - Exiting gracefully upon receiving signal 15
[2025-09-22T23:09:41.955+0000] {manager.py:488} INFO - Processing files using up to 2 processes at a time 
[2025-09-22T23:09:41.956+0000] {manager.py:489} INFO - Process each file at most once every 30 seconds
[2025-09-22T23:09:41.956+0000] {manager.py:490} INFO - Checking for new files in /opt/airflow/dags every 300 seconds
[2025-09-22T23:09:41.956+0000] {manager.py:760} INFO - Searching for files in /opt/airflow/dags
[2025-09-22T23:09:41.958+0000] {manager.py:763} INFO - There are 1 files in /opt/airflow/dags
[2025-09-22T23:09:42.061+0000] {manager.py:888} INFO - 
================================================================================
DAG File Processing Stats

File Path                                      PID  Runtime      # DAGs    # Errors  Last Runtime    Last Run
-------------------------------------------  -----  ---------  --------  ----------  --------------  ----------
/opt/airflow/dags/spark_iceberg_pipeline.py    175  0.05s             0           0
================================================================================
[2025-09-22T23:10:12.147+0000] {manager.py:888} INFO - 
================================================================================
DAG File Processing Stats

File Path                                      PID  Runtime      # DAGs    # Errors  Last Runtime    Last Run
-------------------------------------------  -----  ---------  --------  ----------  --------------  -------------------
/opt/airflow/dags/spark_iceberg_pipeline.py    181  0.01s             0           1  0.06s           2025-09-22T23:09:42
================================================================================
[2025-09-22T23:10:42.174+0000] {manager.py:888} INFO - 
================================================================================
DAG File Processing Stats

File Path                                    PID    Runtime      # DAGs    # Errors  Last Runtime    Last Run
-------------------------------------------  -----  ---------  --------  ----------  --------------  -------------------
/opt/airflow/dags/spark_iceberg_pipeline.py                           0           1  0.07s           2025-09-22T23:10:12
================================================================================
[2025-09-22T23:11:12.213+0000] {manager.py:888} INFO - 
================================================================================
DAG File Processing Stats

File Path                                    PID    Runtime      # DAGs    # Errors  Last Runtime    Last Run
-------------------------------------------  -----  ---------  --------  ----------  --------------  -------------------
/opt/airflow/dags/spark_iceberg_pipeline.py                           0           1  0.04s           2025-09-22T23:10:43
================================================================================
[2025-09-22T23:11:42.272+0000] {manager.py:888} INFO - 
================================================================================
DAG File Processing Stats

File Path                                    PID    Runtime      # DAGs    # Errors  Last Runtime    Last Run
-------------------------------------------  -----  ---------  --------  ----------  --------------  -------------------
/opt/airflow/dags/spark_iceberg_pipeline.py                           0           1  0.04s           2025-09-22T23:11:13
================================================================================
[2025-09-22T23:12:12.291+0000] {manager.py:888} INFO - 
================================================================================
DAG File Processing Stats

File Path                                    PID    Runtime      # DAGs    # Errors  Last Runtime    Last Run
-------------------------------------------  -----  ---------  --------  ----------  --------------  -------------------
/opt/airflow/dags/spark_iceberg_pipeline.py                           0           1  0.04s           2025-09-22T23:11:43
================================================================================
[2025-09-22T23:12:42.319+0000] {manager.py:888} INFO - 
================================================================================
DAG File Processing Stats

File Path                                    PID    Runtime      # DAGs    # Errors  Last Runtime    Last Run
-------------------------------------------  -----  ---------  --------  ----------  --------------  -------------------
/opt/airflow/dags/spark_iceberg_pipeline.py                           0           1  0.04s           2025-09-22T23:12:14
================================================================================
[2025-09-22T23:13:12.345+0000] {manager.py:888} INFO - 
================================================================================
DAG File Processing Stats

File Path                                    PID    Runtime      # DAGs    # Errors  Last Runtime    Last Run
-------------------------------------------  -----  ---------  --------  ----------  --------------  -------------------
/opt/airflow/dags/spark_iceberg_pipeline.py                           0           1  0.06s           2025-09-22T23:12:45
================================================================================
[2025-09-22T23:13:14.122+0000] {manager.py:470} INFO - Exiting gracefully upon receiving signal 15
[2025-09-22T23:13:57.557+0000] {manager.py:488} INFO - Processing files using up to 2 processes at a time 
[2025-09-22T23:13:57.558+0000] {manager.py:489} INFO - Process each file at most once every 30 seconds
[2025-09-22T23:13:57.560+0000] {manager.py:490} INFO - Checking for new files in /opt/airflow/dags every 300 seconds
[2025-09-22T23:13:57.561+0000] {manager.py:760} INFO - Searching for files in /opt/airflow/dags
[2025-09-22T23:13:57.568+0000] {manager.py:763} INFO - There are 1 files in /opt/airflow/dags
[2025-09-22T23:13:58.046+0000] {manager.py:888} INFO - 
================================================================================
DAG File Processing Stats

File Path                                    PID    Runtime      # DAGs    # Errors  Last Runtime    Last Run
-------------------------------------------  -----  ---------  --------  ----------  --------------  -------------------
/opt/airflow/dags/spark_iceberg_pipeline.py                           0           1  0.20s           2025-09-22T23:13:58
================================================================================
[2025-09-22T23:14:28.168+0000] {manager.py:888} INFO - 
================================================================================
DAG File Processing Stats

File Path                                      PID  Runtime      # DAGs    # Errors  Last Runtime    Last Run
-------------------------------------------  -----  ---------  --------  ----------  --------------  -------------------
/opt/airflow/dags/spark_iceberg_pipeline.py    180  0.01s             0           1  0.20s           2025-09-22T23:13:58
================================================================================
[2025-09-22T23:14:58.164+0000] {manager.py:888} INFO - 
================================================================================
DAG File Processing Stats

File Path                                    PID    Runtime      # DAGs    # Errors  Last Runtime    Last Run
-------------------------------------------  -----  ---------  --------  ----------  --------------  -------------------
/opt/airflow/dags/spark_iceberg_pipeline.py                           0           1  0.10s           2025-09-22T23:14:28
================================================================================
[2025-09-22T23:15:28.235+0000] {manager.py:888} INFO - 
================================================================================
DAG File Processing Stats

File Path                                    PID    Runtime      # DAGs    # Errors  Last Runtime    Last Run
-------------------------------------------  -----  ---------  --------  ----------  --------------  -------------------
/opt/airflow/dags/spark_iceberg_pipeline.py                           0           1  0.09s           2025-09-22T23:14:59
================================================================================
[2025-09-22T23:15:58.271+0000] {manager.py:888} INFO - 
================================================================================
DAG File Processing Stats

File Path                                    PID    Runtime      # DAGs    # Errors  Last Runtime    Last Run
-------------------------------------------  -----  ---------  --------  ----------  --------------  -------------------
/opt/airflow/dags/spark_iceberg_pipeline.py                           0           1  0.05s           2025-09-22T23:15:30
================================================================================
[2025-09-22T23:16:28.325+0000] {manager.py:888} INFO - 
================================================================================
DAG File Processing Stats

File Path                                    PID    Runtime      # DAGs    # Errors  Last Runtime    Last Run
-------------------------------------------  -----  ---------  --------  ----------  --------------  -------------------
/opt/airflow/dags/spark_iceberg_pipeline.py                           0           1  0.07s           2025-09-22T23:16:26
================================================================================
[2025-09-22T23:16:58.359+0000] {manager.py:888} INFO - 
================================================================================
DAG File Processing Stats

File Path                                    PID    Runtime      # DAGs    # Errors  Last Runtime    Last Run
-------------------------------------------  -----  ---------  --------  ----------  --------------  -------------------
/opt/airflow/dags/spark_iceberg_pipeline.py                           0           1  0.05s           2025-09-22T23:16:57
================================================================================
[2025-09-22T23:17:28.386+0000] {manager.py:888} INFO - 
================================================================================
DAG File Processing Stats

File Path                                      PID  Runtime      # DAGs    # Errors  Last Runtime    Last Run
-------------------------------------------  -----  ---------  --------  ----------  --------------  -------------------
/opt/airflow/dags/spark_iceberg_pipeline.py    210  0.00s             0           1  0.05s           2025-09-22T23:16:57
================================================================================
[2025-09-22T23:17:58.401+0000] {manager.py:888} INFO - 
================================================================================
DAG File Processing Stats

File Path                                    PID    Runtime      # DAGs    # Errors  Last Runtime    Last Run
-------------------------------------------  -----  ---------  --------  ----------  --------------  -------------------
/opt/airflow/dags/spark_iceberg_pipeline.py                           0           1  0.05s           2025-09-22T23:17:28
================================================================================
[2025-09-22T23:18:28.419+0000] {manager.py:888} INFO - 
================================================================================
DAG File Processing Stats

File Path                                    PID    Runtime      # DAGs    # Errors  Last Runtime    Last Run
-------------------------------------------  -----  ---------  --------  ----------  --------------  -------------------
/opt/airflow/dags/spark_iceberg_pipeline.py                           0           1  0.08s           2025-09-22T23:17:59
================================================================================
[2025-09-22T23:18:58.474+0000] {manager.py:760} INFO - Searching for files in /opt/airflow/dags
[2025-09-22T23:18:58.475+0000] {manager.py:763} INFO - There are 1 files in /opt/airflow/dags
[2025-09-22T23:18:58.496+0000] {manager.py:888} INFO - 
================================================================================
DAG File Processing Stats

File Path                                    PID    Runtime      # DAGs    # Errors  Last Runtime    Last Run
-------------------------------------------  -----  ---------  --------  ----------  --------------  -------------------
/opt/airflow/dags/spark_iceberg_pipeline.py                           0           1  0.06s           2025-09-22T23:18:30
================================================================================
[2025-09-22T23:19:28.525+0000] {manager.py:888} INFO - 
================================================================================
DAG File Processing Stats

File Path                                    PID    Runtime      # DAGs    # Errors  Last Runtime    Last Run
-------------------------------------------  -----  ---------  --------  ----------  --------------  -------------------
/opt/airflow/dags/spark_iceberg_pipeline.py                           0           1  0.06s           2025-09-22T23:19:00
================================================================================
[2025-09-22T23:19:32.055+0000] {manager.py:470} INFO - Exiting gracefully upon receiving signal 15
[2025-09-23T00:01:47.207+0000] {manager.py:470} INFO - Processing files using up to 2 processes at a time 
[2025-09-23T00:01:47.213+0000] {manager.py:471} INFO - Process each file at most once every 30 seconds
[2025-09-23T00:01:47.213+0000] {manager.py:472} INFO - Checking for new files in /opt/airflow/dags every 300 seconds
[2025-09-23T00:01:47.214+0000] {manager.py:737} INFO - Searching for files in /opt/airflow/dags
[2025-09-23T00:01:47.218+0000] {manager.py:740} INFO - There are 1 files in /opt/airflow/dags
[2025-09-23T00:01:47.767+0000] {manager.py:878} INFO - 
================================================================================
DAG File Processing Stats

File Path                                      PID  Runtime      # DAGs    # Errors  Last Runtime    Last Run
-------------------------------------------  -----  ---------  --------  ----------  --------------  ----------
/opt/airflow/dags/spark_iceberg_pipeline.py    170  0.21s             0           0
================================================================================
[2025-09-23T00:02:17.786+0000] {manager.py:878} INFO - 
================================================================================
DAG File Processing Stats

File Path                                    PID    Runtime      # DAGs    # Errors  Last Runtime    Last Run
-------------------------------------------  -----  ---------  --------  ----------  --------------  -------------------
/opt/airflow/dags/spark_iceberg_pipeline.py                           1           0  0.52s           2025-09-23T00:01:48
================================================================================
[2025-09-23T00:02:48.128+0000] {manager.py:878} INFO - 
================================================================================
DAG File Processing Stats

File Path                                    PID    Runtime      # DAGs    # Errors  Last Runtime    Last Run
-------------------------------------------  -----  ---------  --------  ----------  --------------  -------------------
/opt/airflow/dags/spark_iceberg_pipeline.py                           1           0  1.08s           2025-09-23T00:02:19
================================================================================
[2025-09-23T00:03:18.184+0000] {manager.py:878} INFO - 
================================================================================
DAG File Processing Stats

File Path                                    PID    Runtime      # DAGs    # Errors  Last Runtime    Last Run
-------------------------------------------  -----  ---------  --------  ----------  --------------  -------------------
/opt/airflow/dags/spark_iceberg_pipeline.py                           1           0  0.12s           2025-09-23T00:02:50
================================================================================
[2025-09-23T00:03:48.256+0000] {manager.py:878} INFO - 
================================================================================
DAG File Processing Stats

File Path                                    PID    Runtime      # DAGs    # Errors  Last Runtime    Last Run
-------------------------------------------  -----  ---------  --------  ----------  --------------  -------------------
/opt/airflow/dags/spark_iceberg_pipeline.py                           1           0  0.12s           2025-09-23T00:03:21
================================================================================
[2025-09-23T00:04:18.297+0000] {manager.py:878} INFO - 
================================================================================
DAG File Processing Stats

File Path                                    PID    Runtime      # DAGs    # Errors  Last Runtime    Last Run
-------------------------------------------  -----  ---------  --------  ----------  --------------  -------------------
/opt/airflow/dags/spark_iceberg_pipeline.py                           1           0  0.12s           2025-09-23T00:03:52
================================================================================
[2025-09-23T00:04:48.375+0000] {manager.py:878} INFO - 
================================================================================
DAG File Processing Stats

File Path                                    PID    Runtime      # DAGs    # Errors  Last Runtime    Last Run
-------------------------------------------  -----  ---------  --------  ----------  --------------  -------------------
/opt/airflow/dags/spark_iceberg_pipeline.py                           1           0  0.14s           2025-09-23T00:04:23
================================================================================
[2025-09-23T00:05:18.464+0000] {manager.py:878} INFO - 
================================================================================
DAG File Processing Stats

File Path                                    PID    Runtime      # DAGs    # Errors  Last Runtime    Last Run
-------------------------------------------  -----  ---------  --------  ----------  --------------  -------------------
/opt/airflow/dags/spark_iceberg_pipeline.py                           1           0  0.13s           2025-09-23T00:04:54
================================================================================
[2025-09-23T00:05:48.508+0000] {manager.py:878} INFO - 
================================================================================
DAG File Processing Stats

File Path                                    PID    Runtime      # DAGs    # Errors  Last Runtime    Last Run
-------------------------------------------  -----  ---------  --------  ----------  --------------  -------------------
/opt/airflow/dags/spark_iceberg_pipeline.py                           1           0  0.13s           2025-09-23T00:05:25
================================================================================
[2025-09-23T00:06:18.608+0000] {manager.py:878} INFO - 
================================================================================
DAG File Processing Stats

File Path                                    PID    Runtime      # DAGs    # Errors  Last Runtime    Last Run
-------------------------------------------  -----  ---------  --------  ----------  --------------  -------------------
/opt/airflow/dags/spark_iceberg_pipeline.py                           1           0  0.22s           2025-09-23T00:05:56
================================================================================
[2025-09-23T00:06:47.733+0000] {manager.py:737} INFO - Searching for files in /opt/airflow/dags
[2025-09-23T00:06:47.736+0000] {manager.py:740} INFO - There are 1 files in /opt/airflow/dags
[2025-09-23T00:06:48.762+0000] {manager.py:878} INFO - 
================================================================================
DAG File Processing Stats

File Path                                    PID    Runtime      # DAGs    # Errors  Last Runtime    Last Run
-------------------------------------------  -----  ---------  --------  ----------  --------------  -------------------
/opt/airflow/dags/spark_iceberg_pipeline.py                           1           0  0.13s           2025-09-23T00:06:27
================================================================================
[2025-09-23T00:07:18.777+0000] {manager.py:878} INFO - 
================================================================================
DAG File Processing Stats

File Path                                    PID    Runtime      # DAGs    # Errors  Last Runtime    Last Run
-------------------------------------------  -----  ---------  --------  ----------  --------------  -------------------
/opt/airflow/dags/spark_iceberg_pipeline.py                           1           0  0.11s           2025-09-23T00:06:57
================================================================================
[2025-09-23T00:07:48.861+0000] {manager.py:878} INFO - 
================================================================================
DAG File Processing Stats

File Path                                    PID    Runtime      # DAGs    # Errors  Last Runtime    Last Run
-------------------------------------------  -----  ---------  --------  ----------  --------------  -------------------
/opt/airflow/dags/spark_iceberg_pipeline.py                           1           0  0.11s           2025-09-23T00:07:28
================================================================================
[2025-09-23T00:08:18.889+0000] {manager.py:878} INFO - 
================================================================================
DAG File Processing Stats

File Path                                    PID    Runtime      # DAGs    # Errors  Last Runtime    Last Run
-------------------------------------------  -----  ---------  --------  ----------  --------------  -------------------
/opt/airflow/dags/spark_iceberg_pipeline.py                           1           0  0.13s           2025-09-23T00:08:00
================================================================================
[2025-09-23T00:08:49.009+0000] {manager.py:878} INFO - 
================================================================================
DAG File Processing Stats

File Path                                    PID    Runtime      # DAGs    # Errors  Last Runtime    Last Run
-------------------------------------------  -----  ---------  --------  ----------  --------------  -------------------
/opt/airflow/dags/spark_iceberg_pipeline.py                           1           0  0.13s           2025-09-23T00:08:31
================================================================================
[2025-09-23T00:09:19.081+0000] {manager.py:878} INFO - 
================================================================================
DAG File Processing Stats

File Path                                    PID    Runtime      # DAGs    # Errors  Last Runtime    Last Run
-------------------------------------------  -----  ---------  --------  ----------  --------------  -------------------
/opt/airflow/dags/spark_iceberg_pipeline.py                           1           0  0.17s           2025-09-23T00:09:02
================================================================================
