[2025-09-23T04:48:38.274+0000] {local_task_job_runner.py:120} INFO - ::group::Pre task execution logs
[2025-09-23T04:48:38.394+0000] {taskinstance.py:2076} INFO - Dependencies all met for dep_context=non-requeueable deps ti=<TaskInstance: spark_iceberg_pipeline.check_connections manual__2025-09-23T04:48:36.301539+00:00 [queued]>
[2025-09-23T04:48:38.410+0000] {taskinstance.py:2076} INFO - Dependencies all met for dep_context=requeueable deps ti=<TaskInstance: spark_iceberg_pipeline.check_connections manual__2025-09-23T04:48:36.301539+00:00 [queued]>
[2025-09-23T04:48:38.410+0000] {taskinstance.py:2306} INFO - Starting attempt 1 of 2
[2025-09-23T04:48:38.433+0000] {taskinstance.py:2330} INFO - Executing <Task(PythonOperator): check_connections> on 2025-09-23 04:48:36.301539+00:00
[2025-09-23T04:48:38.447+0000] {logging_mixin.py:188} WARNING - /home/***/.local/lib/python3.12/site-packages/***/task/task_runner/standard_task_runner.py:62 DeprecationWarning: This process (pid=223) is multi-threaded, use of fork() may lead to deadlocks in the child.
[2025-09-23T04:48:38.443+0000] {standard_task_runner.py:90} INFO - Running: ['***', 'tasks', 'run', 'spark_iceberg_pipeline', 'check_connections', 'manual__2025-09-23T04:48:36.301539+00:00', '--job-id', '3', '--raw', '--subdir', 'DAGS_FOLDER/spark_iceberg_pipeline.py', '--cfg-path', '/tmp/tmpotsi6yi7']
[2025-09-23T04:48:38.451+0000] {standard_task_runner.py:64} INFO - Started process 225 to run task
[2025-09-23T04:48:38.452+0000] {standard_task_runner.py:91} INFO - Job 3: Subtask check_connections
[2025-09-23T04:48:38.530+0000] {task_command.py:426} INFO - Running <TaskInstance: spark_iceberg_pipeline.check_connections manual__2025-09-23T04:48:36.301539+00:00 [running]> on host 2f23f43e66d3
[2025-09-23T04:48:38.723+0000] {taskinstance.py:2648} INFO - Exporting env vars: AIRFLOW_CTX_DAG_OWNER='***' AIRFLOW_CTX_DAG_ID='spark_iceberg_pipeline' AIRFLOW_CTX_TASK_ID='check_connections' AIRFLOW_CTX_EXECUTION_DATE='2025-09-23T04:48:36.301539+00:00' AIRFLOW_CTX_TRY_NUMBER='1' AIRFLOW_CTX_DAG_RUN_ID='manual__2025-09-23T04:48:36.301539+00:00'
[2025-09-23T04:48:38.725+0000] {taskinstance.py:430} INFO - ::endgroup::
[2025-09-23T04:48:42.501+0000] {spark_iceberg_pipeline.py:36} INFO - ✅ Nessie está disponible
[2025-09-23T04:48:43.658+0000] {spark_iceberg_pipeline.py:71} INFO - ✅ MinIO está disponible
[2025-09-23T04:48:43.659+0000] {logging_mixin.py:188} INFO - ✅ Todas las conexiones están funcionando correctamente
[2025-09-23T04:48:43.659+0000] {python.py:237} INFO - Done. Returned value was: True
[2025-09-23T04:48:43.660+0000] {taskinstance.py:441} INFO - ::group::Post task execution logs
[2025-09-23T04:48:43.695+0000] {taskinstance.py:1206} INFO - Marking task as SUCCESS. dag_id=spark_iceberg_pipeline, task_id=check_connections, run_id=manual__2025-09-23T04:48:36.301539+00:00, execution_date=20250923T044836, start_date=20250923T044838, end_date=20250923T044843
[2025-09-23T04:48:43.717+0000] {local_task_job_runner.py:243} INFO - Task exited with return code 0
[2025-09-23T04:48:43.751+0000] {taskinstance.py:3503} INFO - 1 downstream tasks scheduled from follow-on schedule check
[2025-09-23T04:48:43.753+0000] {local_task_job_runner.py:222} INFO - ::endgroup::
