[2025-09-23T04:30:47.802+0000] {local_task_job_runner.py:120} INFO - ::group::Pre task execution logs
[2025-09-23T04:30:47.835+0000] {taskinstance.py:2076} INFO - Dependencies all met for dep_context=non-requeueable deps ti=<TaskInstance: spark_iceberg_pipeline.process_taxi_data manual__2025-09-23T04:30:40.142981+00:00 [queued]>
[2025-09-23T04:30:47.844+0000] {taskinstance.py:2076} INFO - Dependencies all met for dep_context=requeueable deps ti=<TaskInstance: spark_iceberg_pipeline.process_taxi_data manual__2025-09-23T04:30:40.142981+00:00 [queued]>
[2025-09-23T04:30:47.844+0000] {taskinstance.py:2306} INFO - Starting attempt 1 of 2
[2025-09-23T04:30:47.855+0000] {taskinstance.py:2330} INFO - Executing <Task(SparkSubmitOperator): process_taxi_data> on 2025-09-23 04:30:40.142981+00:00
[2025-09-23T04:30:47.863+0000] {standard_task_runner.py:90} INFO - Running: ['***', 'tasks', 'run', 'spark_iceberg_pipeline', 'process_taxi_data', 'manual__2025-09-23T04:30:40.142981+00:00', '--job-id', '5', '--raw', '--subdir', 'DAGS_FOLDER/spark_iceberg_pipeline.py', '--cfg-path', '/tmp/tmp54lq_24q']
[2025-09-23T04:30:47.865+0000] {standard_task_runner.py:91} INFO - Job 5: Subtask process_taxi_data
[2025-09-23T04:30:47.866+0000] {logging_mixin.py:188} WARNING - /home/***/.local/lib/python3.12/site-packages/***/task/task_runner/standard_task_runner.py:62 DeprecationWarning: This process (pid=233) is multi-threaded, use of fork() may lead to deadlocks in the child.
[2025-09-23T04:30:47.866+0000] {standard_task_runner.py:64} INFO - Started process 235 to run task
[2025-09-23T04:30:47.911+0000] {task_command.py:426} INFO - Running <TaskInstance: spark_iceberg_pipeline.process_taxi_data manual__2025-09-23T04:30:40.142981+00:00 [running]> on host 6cb8f376dc2d
[2025-09-23T04:30:47.993+0000] {taskinstance.py:2648} INFO - Exporting env vars: AIRFLOW_CTX_DAG_OWNER='***' AIRFLOW_CTX_DAG_ID='spark_iceberg_pipeline' AIRFLOW_CTX_TASK_ID='process_taxi_data' AIRFLOW_CTX_EXECUTION_DATE='2025-09-23T04:30:40.142981+00:00' AIRFLOW_CTX_TRY_NUMBER='1' AIRFLOW_CTX_DAG_RUN_ID='manual__2025-09-23T04:30:40.142981+00:00'
[2025-09-23T04:30:47.994+0000] {taskinstance.py:430} INFO - ::endgroup::
[2025-09-23T04:30:48.005+0000] {base.py:84} INFO - Using connection ID 'spark_default' for task execution.
[2025-09-23T04:30:48.008+0000] {spark_submit.py:473} INFO - Spark-Submit cmd: spark-submit --master spark-master:7077 --conf spark.jars.packages=org.apache.iceberg:iceberg-spark-runtime-3.5_2.12:1.5.0,org.projectnessie.nessie-integrations:nessie-spark-extensions-3.5_2.12:0.90.1,org.apache.hadoop:hadoop-aws:3.3.4,com.amazonaws:aws-java-sdk-bundle:1.12.262 --conf spark.sql.extensions=org.apache.iceberg.spark.extensions.IcebergSparkSessionExtensions,org.projectnessie.spark.extensions.NessieSparkSessionExtensions --conf spark.sql.catalog.nessie=org.apache.iceberg.spark.SparkCatalog --conf spark.sql.catalog.nessie.uri=http://nessie:19120/api/v1 --conf spark.sql.catalog.nessie.ref=main --conf spark.sql.catalog.nessie.authentication.type=NONE --conf spark.sql.catalog.nessie.catalog-impl=org.apache.iceberg.nessie.NessieCatalog --conf spark.sql.catalog.nessie.s3.endpoint=http://minio:9000 --conf spark.sql.catalog.nessie.warehouse=s3://gold/ --conf spark.sql.catalog.nessie.io-impl=org.apache.iceberg.aws.s3.S3FileIO --conf spark.hadoop.fs.s3a.endpoint=http://minio:9000 --conf spark.hadoop.fs.s3a.access.key=admin --conf spark.hadoop.fs.s3a.secret.key=****** --conf spark.hadoop.fs.s3a.path.style.access=true --name arrow-spark --verbose /opt/***/jobs/process_taxi_data.py
[2025-09-23T04:30:51.069+0000] {spark_submit.py:649} INFO - Using properties file: null
[2025-09-23T04:30:51.244+0000] {spark_submit.py:649} INFO - Parsed arguments:
[2025-09-23T04:30:51.244+0000] {spark_submit.py:649} INFO - master                  spark-master:7077
[2025-09-23T04:30:51.244+0000] {spark_submit.py:649} INFO - deployMode              null
[2025-09-23T04:30:51.244+0000] {spark_submit.py:649} INFO - executorMemory          null
[2025-09-23T04:30:51.244+0000] {spark_submit.py:649} INFO - executorCores           null
[2025-09-23T04:30:51.244+0000] {spark_submit.py:649} INFO - totalExecutorCores      null
[2025-09-23T04:30:51.245+0000] {spark_submit.py:649} INFO - propertiesFile          null
[2025-09-23T04:30:51.245+0000] {spark_submit.py:649} INFO - driverMemory            null
[2025-09-23T04:30:51.245+0000] {spark_submit.py:649} INFO - driverCores             null
[2025-09-23T04:30:51.245+0000] {spark_submit.py:649} INFO - driverExtraClassPath    null
[2025-09-23T04:30:51.245+0000] {spark_submit.py:649} INFO - driverExtraLibraryPath  null
[2025-09-23T04:30:51.245+0000] {spark_submit.py:649} INFO - driverExtraJavaOptions  null
[2025-09-23T04:30:51.245+0000] {spark_submit.py:649} INFO - supervise               false
[2025-09-23T04:30:51.245+0000] {spark_submit.py:649} INFO - queue                   null
[2025-09-23T04:30:51.245+0000] {spark_submit.py:649} INFO - numExecutors            null
[2025-09-23T04:30:51.245+0000] {spark_submit.py:649} INFO - files                   null
[2025-09-23T04:30:51.245+0000] {spark_submit.py:649} INFO - pyFiles                 null
[2025-09-23T04:30:51.245+0000] {spark_submit.py:649} INFO - archives                null
[2025-09-23T04:30:51.246+0000] {spark_submit.py:649} INFO - mainClass               null
[2025-09-23T04:30:51.246+0000] {spark_submit.py:649} INFO - primaryResource         file:/opt/***/jobs/process_taxi_data.py
[2025-09-23T04:30:51.246+0000] {spark_submit.py:649} INFO - name                    arrow-spark
[2025-09-23T04:30:51.246+0000] {spark_submit.py:649} INFO - childArgs               []
[2025-09-23T04:30:51.246+0000] {spark_submit.py:649} INFO - jars                    null
[2025-09-23T04:30:51.246+0000] {spark_submit.py:649} INFO - packages                org.apache.iceberg:iceberg-spark-runtime-3.5_2.12:1.5.0,org.projectnessie.nessie-integrations:nessie-spark-extensions-3.5_2.12:0.90.1,org.apache.hadoop:hadoop-aws:3.3.4,com.amazonaws:aws-java-sdk-bundle:1.12.262
[2025-09-23T04:30:51.246+0000] {spark_submit.py:649} INFO - packagesExclusions      null
[2025-09-23T04:30:51.246+0000] {spark_submit.py:649} INFO - repositories            null
[2025-09-23T04:30:51.246+0000] {spark_submit.py:649} INFO - verbose                 true
[2025-09-23T04:30:51.246+0000] {spark_submit.py:649} INFO - 
[2025-09-23T04:30:51.246+0000] {spark_submit.py:649} INFO - Spark properties used, including those specified through
[2025-09-23T04:30:51.246+0000] {spark_submit.py:649} INFO - --conf and those from the properties file null:
[2025-09-23T04:30:51.247+0000] {spark_submit.py:649} INFO - (spark.hadoop.fs.s3a.access.key,*********(redacted))
[2025-09-23T04:30:51.247+0000] {spark_submit.py:649} INFO - (spark.hadoop.fs.s3a.endpoint,http://minio:9000)
[2025-09-23T04:30:51.247+0000] {spark_submit.py:649} INFO - (spark.hadoop.fs.s3a.path.style.access,true)
[2025-09-23T04:30:51.247+0000] {spark_submit.py:649} INFO - (spark.hadoop.fs.s3a.secret.key,*********(redacted))
[2025-09-23T04:30:51.247+0000] {spark_submit.py:649} INFO - (spark.jars.packages,org.apache.iceberg:iceberg-spark-runtime-3.5_2.12:1.5.0,org.projectnessie.nessie-integrations:nessie-spark-extensions-3.5_2.12:0.90.1,org.apache.hadoop:hadoop-aws:3.3.4,com.amazonaws:aws-java-sdk-bundle:1.12.262)
[2025-09-23T04:30:51.247+0000] {spark_submit.py:649} INFO - (spark.sql.catalog.nessie,org.apache.iceberg.spark.SparkCatalog)
[2025-09-23T04:30:51.247+0000] {spark_submit.py:649} INFO - (spark.sql.catalog.nessie.authentication.type,NONE)
[2025-09-23T04:30:51.247+0000] {spark_submit.py:649} INFO - (spark.sql.catalog.nessie.catalog-impl,org.apache.iceberg.nessie.NessieCatalog)
[2025-09-23T04:30:51.247+0000] {spark_submit.py:649} INFO - (spark.sql.catalog.nessie.io-impl,org.apache.iceberg.aws.s3.S3FileIO)
[2025-09-23T04:30:51.247+0000] {spark_submit.py:649} INFO - (spark.sql.catalog.nessie.ref,main)
[2025-09-23T04:30:51.247+0000] {spark_submit.py:649} INFO - (spark.sql.catalog.nessie.s3.endpoint,http://minio:9000)
[2025-09-23T04:30:51.247+0000] {spark_submit.py:649} INFO - (spark.sql.catalog.nessie.uri,http://nessie:19120/api/v1)
[2025-09-23T04:30:51.248+0000] {spark_submit.py:649} INFO - (spark.sql.catalog.nessie.warehouse,s3://gold/)
[2025-09-23T04:30:51.248+0000] {spark_submit.py:649} INFO - (spark.sql.extensions,org.apache.iceberg.spark.extensions.IcebergSparkSessionExtensions,org.projectnessie.spark.extensions.NessieSparkSessionExtensions)
[2025-09-23T04:30:51.248+0000] {spark_submit.py:649} INFO - 
[2025-09-23T04:30:51.248+0000] {spark_submit.py:649} INFO - 
[2025-09-23T04:30:51.481+0000] {spark_submit.py:649} INFO - :: loading settings :: url = jar:file:/home/***/.local/lib/python3.12/site-packages/pyspark/jars/ivy-2.5.0.jar!/org/apache/ivy/core/settings/ivysettings.xml
[2025-09-23T04:30:51.732+0000] {spark_submit.py:649} INFO - Ivy Default Cache set to: /home/***/.ivy2/cache
[2025-09-23T04:30:51.733+0000] {spark_submit.py:649} INFO - The jars for the packages stored in: /home/***/.ivy2/jars
[2025-09-23T04:30:51.737+0000] {spark_submit.py:649} INFO - org.apache.iceberg#iceberg-spark-runtime-3.5_2.12 added as a dependency
[2025-09-23T04:30:51.738+0000] {spark_submit.py:649} INFO - org.projectnessie.nessie-integrations#nessie-spark-extensions-3.5_2.12 added as a dependency
[2025-09-23T04:30:51.738+0000] {spark_submit.py:649} INFO - org.apache.hadoop#hadoop-aws added as a dependency
[2025-09-23T04:30:51.738+0000] {spark_submit.py:649} INFO - com.amazonaws#aws-java-sdk-bundle added as a dependency
[2025-09-23T04:30:51.739+0000] {spark_submit.py:649} INFO - :: resolving dependencies :: org.apache.spark#spark-submit-parent-59067fcb-2841-4a3f-92fe-59c840c90c09;1.0
[2025-09-23T04:30:51.739+0000] {spark_submit.py:649} INFO - confs: [default]
[2025-09-23T04:30:53.125+0000] {spark_submit.py:649} INFO - found org.apache.iceberg#iceberg-spark-runtime-3.5_2.12;1.5.0 in central
[2025-09-23T04:30:54.140+0000] {spark_submit.py:649} INFO - found org.projectnessie.nessie-integrations#nessie-spark-extensions-3.5_2.12;0.90.1 in central
[2025-09-23T04:30:55.615+0000] {spark_submit.py:649} INFO - found org.apache.hadoop#hadoop-aws;3.3.4 in central
[2025-09-23T04:30:56.416+0000] {spark_submit.py:649} INFO - found com.amazonaws#aws-java-sdk-bundle;1.12.262 in central
[2025-09-23T04:30:57.637+0000] {spark_submit.py:649} INFO - found org.wildfly.openssl#wildfly-openssl;1.0.7.Final in central
[2025-09-23T04:30:57.738+0000] {spark_submit.py:649} INFO - downloading https://repo1.maven.org/maven2/org/apache/iceberg/iceberg-spark-runtime-3.5_2.12/1.5.0/iceberg-spark-runtime-3.5_2.12-1.5.0.jar ...
[2025-09-23T04:31:00.401+0000] {spark_submit.py:649} INFO - [SUCCESSFUL ] org.apache.iceberg#iceberg-spark-runtime-3.5_2.12;1.5.0!iceberg-spark-runtime-3.5_2.12.jar (2755ms)
[2025-09-23T04:31:00.505+0000] {spark_submit.py:649} INFO - downloading https://repo1.maven.org/maven2/com/amazonaws/aws-java-sdk-bundle/1.12.262/aws-java-sdk-bundle-1.12.262.jar ...
[2025-09-23T04:31:20.212+0000] {spark_submit.py:649} INFO - [SUCCESSFUL ] com.amazonaws#aws-java-sdk-bundle;1.12.262!aws-java-sdk-bundle.jar (19799ms)
[2025-09-23T04:31:20.323+0000] {spark_submit.py:649} INFO - downloading https://repo1.maven.org/maven2/org/wildfly/openssl/wildfly-openssl/1.0.7.Final/wildfly-openssl-1.0.7.Final.jar ...
[2025-09-23T04:31:20.448+0000] {spark_submit.py:649} INFO - [SUCCESSFUL ] org.wildfly.openssl#wildfly-openssl;1.0.7.Final!wildfly-openssl.jar (216ms)
[2025-09-23T04:31:20.448+0000] {spark_submit.py:649} INFO - :: resolution report :: resolve 5907ms :: artifacts dl 22803ms
[2025-09-23T04:31:20.448+0000] {spark_submit.py:649} INFO - :: modules in use:
[2025-09-23T04:31:20.449+0000] {spark_submit.py:649} INFO - com.amazonaws#aws-java-sdk-bundle;1.12.262 from central in [default]
[2025-09-23T04:31:20.449+0000] {spark_submit.py:649} INFO - org.apache.hadoop#hadoop-aws;3.3.4 from central in [default]
[2025-09-23T04:31:20.449+0000] {spark_submit.py:649} INFO - org.apache.iceberg#iceberg-spark-runtime-3.5_2.12;1.5.0 from central in [default]
[2025-09-23T04:31:20.450+0000] {spark_submit.py:649} INFO - org.projectnessie.nessie-integrations#nessie-spark-extensions-3.5_2.12;0.90.1 from central in [default]
[2025-09-23T04:31:20.450+0000] {spark_submit.py:649} INFO - org.wildfly.openssl#wildfly-openssl;1.0.7.Final from central in [default]
[2025-09-23T04:31:20.451+0000] {spark_submit.py:649} INFO - ---------------------------------------------------------------------
[2025-09-23T04:31:20.451+0000] {spark_submit.py:649} INFO - |                  |            modules            ||   artifacts   |
[2025-09-23T04:31:20.451+0000] {spark_submit.py:649} INFO - |       conf       | number| search|dwnlded|evicted|| number|dwnlded|
[2025-09-23T04:31:20.451+0000] {spark_submit.py:649} INFO - ---------------------------------------------------------------------
[2025-09-23T04:31:20.451+0000] {spark_submit.py:649} INFO - |      default     |   5   |   5   |   5   |   0   ||   5   |   3   |
[2025-09-23T04:31:20.452+0000] {spark_submit.py:649} INFO - ---------------------------------------------------------------------
[2025-09-23T04:31:20.456+0000] {spark_submit.py:649} INFO - 
[2025-09-23T04:31:20.456+0000] {spark_submit.py:649} INFO - :: problems summary ::
[2025-09-23T04:31:20.457+0000] {spark_submit.py:649} INFO - :::: WARNINGS
[2025-09-23T04:31:20.457+0000] {spark_submit.py:649} INFO - impossible to put metadata file in cache: https://repo1.maven.org/maven2/org/projectnessie/nessie-integrations/nessie-spark-extensions-3.5_2.12/0.90.1/nessie-spark-extensions-3.5_2.12-0.90.1.pom (0.90.1) (java.io.FileNotFoundException: /home/***/.ivy2/cache/org.projectnessie.nessie-integrations/nessie-spark-extensions-3.5_2.12/ivy-0.90.1.xml.original (No such file or directory))
[2025-09-23T04:31:20.458+0000] {spark_submit.py:649} INFO - 
[2025-09-23T04:31:20.458+0000] {spark_submit.py:649} INFO - 
[2025-09-23T04:31:20.458+0000] {spark_submit.py:649} INFO - :: USE VERBOSE OR DEBUG MESSAGE LEVEL FOR MORE DETAILS
[2025-09-23T04:31:20.458+0000] {spark_submit.py:649} INFO - :: retrieving :: org.apache.spark#spark-submit-parent-59067fcb-2841-4a3f-92fe-59c840c90c09
[2025-09-23T04:31:20.458+0000] {spark_submit.py:649} INFO - confs: [default]
[2025-09-23T04:31:22.382+0000] {spark_submit.py:649} INFO - 5 artifacts copied, 0 already retrieved (318457kB/1924ms)
[2025-09-23T04:31:22.698+0000] {spark_submit.py:649} INFO - 25/09/23 04:31:22 WARN NativeCodeLoader: Unable to load native-hadoop library for your platform... using builtin-java classes where applicable
[2025-09-23T04:31:22.895+0000] {spark_submit.py:649} INFO - Main class:
[2025-09-23T04:31:22.896+0000] {spark_submit.py:649} INFO - org.apache.spark.deploy.PythonRunner
[2025-09-23T04:31:22.896+0000] {spark_submit.py:649} INFO - Arguments:
[2025-09-23T04:31:22.896+0000] {spark_submit.py:649} INFO - file:/opt/***/jobs/process_taxi_data.py
[2025-09-23T04:31:22.896+0000] {spark_submit.py:649} INFO - file:///home/***/.ivy2/jars/org.apache.iceberg_iceberg-spark-runtime-3.5_2.12-1.5.0.jar,file:///home/***/.ivy2/jars/org.projectnessie.nessie-integrations_nessie-spark-extensions-3.5_2.12-0.90.1.jar,file:///home/***/.ivy2/jars/org.apache.hadoop_hadoop-aws-3.3.4.jar,file:///home/***/.ivy2/jars/com.amazonaws_aws-java-sdk-bundle-1.12.262.jar,file:///home/***/.ivy2/jars/org.wildfly.openssl_wildfly-openssl-1.0.7.Final.jar
[2025-09-23T04:31:22.898+0000] {spark_submit.py:649} INFO - Spark config:
[2025-09-23T04:31:22.898+0000] {spark_submit.py:649} INFO - (spark.app.name,arrow-spark)
[2025-09-23T04:31:22.899+0000] {spark_submit.py:649} INFO - (spark.app.submitTime,1758601882884)
[2025-09-23T04:31:22.899+0000] {spark_submit.py:649} INFO - (spark.files,file:///home/***/.ivy2/jars/org.apache.iceberg_iceberg-spark-runtime-3.5_2.12-1.5.0.jar,file:///home/***/.ivy2/jars/org.projectnessie.nessie-integrations_nessie-spark-extensions-3.5_2.12-0.90.1.jar,file:///home/***/.ivy2/jars/org.apache.hadoop_hadoop-aws-3.3.4.jar,file:///home/***/.ivy2/jars/com.amazonaws_aws-java-sdk-bundle-1.12.262.jar,file:///home/***/.ivy2/jars/org.wildfly.openssl_wildfly-openssl-1.0.7.Final.jar)
[2025-09-23T04:31:22.899+0000] {spark_submit.py:649} INFO - (spark.hadoop.fs.s3a.access.key,*********(redacted))
[2025-09-23T04:31:22.899+0000] {spark_submit.py:649} INFO - (spark.hadoop.fs.s3a.endpoint,http://minio:9000)
[2025-09-23T04:31:22.899+0000] {spark_submit.py:649} INFO - (spark.hadoop.fs.s3a.path.style.access,true)
[2025-09-23T04:31:22.899+0000] {spark_submit.py:649} INFO - (spark.hadoop.fs.s3a.secret.key,*********(redacted))
[2025-09-23T04:31:22.899+0000] {spark_submit.py:649} INFO - (spark.jars,file:///home/***/.ivy2/jars/org.apache.iceberg_iceberg-spark-runtime-3.5_2.12-1.5.0.jar,file:///home/***/.ivy2/jars/org.projectnessie.nessie-integrations_nessie-spark-extensions-3.5_2.12-0.90.1.jar,file:///home/***/.ivy2/jars/org.apache.hadoop_hadoop-aws-3.3.4.jar,file:///home/***/.ivy2/jars/com.amazonaws_aws-java-sdk-bundle-1.12.262.jar,file:///home/***/.ivy2/jars/org.wildfly.openssl_wildfly-openssl-1.0.7.Final.jar)
[2025-09-23T04:31:22.899+0000] {spark_submit.py:649} INFO - (spark.jars.packages,org.apache.iceberg:iceberg-spark-runtime-3.5_2.12:1.5.0,org.projectnessie.nessie-integrations:nessie-spark-extensions-3.5_2.12:0.90.1,org.apache.hadoop:hadoop-aws:3.3.4,com.amazonaws:aws-java-sdk-bundle:1.12.262)
[2025-09-23T04:31:22.899+0000] {spark_submit.py:649} INFO - (spark.master,spark-master:7077)
[2025-09-23T04:31:22.900+0000] {spark_submit.py:649} INFO - (spark.repl.local.jars,file:///home/***/.ivy2/jars/org.apache.iceberg_iceberg-spark-runtime-3.5_2.12-1.5.0.jar,file:///home/***/.ivy2/jars/org.projectnessie.nessie-integrations_nessie-spark-extensions-3.5_2.12-0.90.1.jar,file:///home/***/.ivy2/jars/org.apache.hadoop_hadoop-aws-3.3.4.jar,file:///home/***/.ivy2/jars/com.amazonaws_aws-java-sdk-bundle-1.12.262.jar,file:///home/***/.ivy2/jars/org.wildfly.openssl_wildfly-openssl-1.0.7.Final.jar)
[2025-09-23T04:31:22.900+0000] {spark_submit.py:649} INFO - (spark.sql.catalog.nessie,org.apache.iceberg.spark.SparkCatalog)
[2025-09-23T04:31:22.900+0000] {spark_submit.py:649} INFO - (spark.sql.catalog.nessie.authentication.type,NONE)
[2025-09-23T04:31:22.900+0000] {spark_submit.py:649} INFO - (spark.sql.catalog.nessie.catalog-impl,org.apache.iceberg.nessie.NessieCatalog)
[2025-09-23T04:31:22.900+0000] {spark_submit.py:649} INFO - (spark.sql.catalog.nessie.io-impl,org.apache.iceberg.aws.s3.S3FileIO)
[2025-09-23T04:31:22.900+0000] {spark_submit.py:649} INFO - (spark.sql.catalog.nessie.ref,main)
[2025-09-23T04:31:22.900+0000] {spark_submit.py:649} INFO - (spark.sql.catalog.nessie.s3.endpoint,http://minio:9000)
[2025-09-23T04:31:22.900+0000] {spark_submit.py:649} INFO - (spark.sql.catalog.nessie.uri,http://nessie:19120/api/v1)
[2025-09-23T04:31:22.900+0000] {spark_submit.py:649} INFO - (spark.sql.catalog.nessie.warehouse,s3://gold/)
[2025-09-23T04:31:22.900+0000] {spark_submit.py:649} INFO - (spark.sql.extensions,org.apache.iceberg.spark.extensions.IcebergSparkSessionExtensions,org.projectnessie.spark.extensions.NessieSparkSessionExtensions)
[2025-09-23T04:31:22.900+0000] {spark_submit.py:649} INFO - (spark.submit.deployMode,client)
[2025-09-23T04:31:22.900+0000] {spark_submit.py:649} INFO - (spark.submit.pyFiles,/home/***/.ivy2/jars/org.apache.iceberg_iceberg-spark-runtime-3.5_2.12-1.5.0.jar,/home/***/.ivy2/jars/org.projectnessie.nessie-integrations_nessie-spark-extensions-3.5_2.12-0.90.1.jar,/home/***/.ivy2/jars/org.apache.hadoop_hadoop-aws-3.3.4.jar,/home/***/.ivy2/jars/com.amazonaws_aws-java-sdk-bundle-1.12.262.jar,/home/***/.ivy2/jars/org.wildfly.openssl_wildfly-openssl-1.0.7.Final.jar)
[2025-09-23T04:31:22.900+0000] {spark_submit.py:649} INFO - Classpath elements:
[2025-09-23T04:31:22.901+0000] {spark_submit.py:649} INFO - file:///home/***/.ivy2/jars/org.apache.iceberg_iceberg-spark-runtime-3.5_2.12-1.5.0.jar
[2025-09-23T04:31:22.901+0000] {spark_submit.py:649} INFO - file:///home/***/.ivy2/jars/org.projectnessie.nessie-integrations_nessie-spark-extensions-3.5_2.12-0.90.1.jar
[2025-09-23T04:31:22.901+0000] {spark_submit.py:649} INFO - file:///home/***/.ivy2/jars/org.apache.hadoop_hadoop-aws-3.3.4.jar
[2025-09-23T04:31:22.901+0000] {spark_submit.py:649} INFO - file:///home/***/.ivy2/jars/com.amazonaws_aws-java-sdk-bundle-1.12.262.jar
[2025-09-23T04:31:22.901+0000] {spark_submit.py:649} INFO - file:///home/***/.ivy2/jars/org.wildfly.openssl_wildfly-openssl-1.0.7.Final.jar
[2025-09-23T04:31:22.901+0000] {spark_submit.py:649} INFO - 
[2025-09-23T04:31:22.901+0000] {spark_submit.py:649} INFO - 
[2025-09-23T04:31:24.693+0000] {spark_submit.py:649} INFO - 25/09/23 04:31:24 INFO SparkContext: Running Spark version 3.3.1
[2025-09-23T04:31:24.713+0000] {spark_submit.py:649} INFO - 25/09/23 04:31:24 INFO ResourceUtils: ==============================================================
[2025-09-23T04:31:24.713+0000] {spark_submit.py:649} INFO - 25/09/23 04:31:24 INFO ResourceUtils: No custom resources configured for spark.driver.
[2025-09-23T04:31:24.714+0000] {spark_submit.py:649} INFO - 25/09/23 04:31:24 INFO ResourceUtils: ==============================================================
[2025-09-23T04:31:24.714+0000] {spark_submit.py:649} INFO - 25/09/23 04:31:24 INFO SparkContext: Submitted application: ProcessTaxiData
[2025-09-23T04:31:24.743+0000] {spark_submit.py:649} INFO - 25/09/23 04:31:24 INFO ResourceProfile: Default ResourceProfile created, executor resources: Map(cores -> name: cores, amount: 1, script: , vendor: , memory -> name: memory, amount: 1024, script: , vendor: , offHeap -> name: offHeap, amount: 0, script: , vendor: ), task resources: Map(cpus -> name: cpus, amount: 1.0)
[2025-09-23T04:31:24.754+0000] {spark_submit.py:649} INFO - 25/09/23 04:31:24 INFO ResourceProfile: Limiting resource is cpu
[2025-09-23T04:31:24.755+0000] {spark_submit.py:649} INFO - 25/09/23 04:31:24 INFO ResourceProfileManager: Added ResourceProfile id: 0
[2025-09-23T04:31:24.848+0000] {spark_submit.py:649} INFO - 25/09/23 04:31:24 INFO SecurityManager: Changing view acls to: ***
[2025-09-23T04:31:24.849+0000] {spark_submit.py:649} INFO - 25/09/23 04:31:24 INFO SecurityManager: Changing modify acls to: ***
[2025-09-23T04:31:24.849+0000] {spark_submit.py:649} INFO - 25/09/23 04:31:24 INFO SecurityManager: Changing view acls groups to:
[2025-09-23T04:31:24.849+0000] {spark_submit.py:649} INFO - 25/09/23 04:31:24 INFO SecurityManager: Changing modify acls groups to:
[2025-09-23T04:31:24.849+0000] {spark_submit.py:649} INFO - 25/09/23 04:31:24 INFO SecurityManager: SecurityManager: authentication disabled; ui acls disabled; users  with view permissions: Set(***); groups with view permissions: Set(); users  with modify permissions: Set(***); groups with modify permissions: Set()
[2025-09-23T04:31:25.130+0000] {spark_submit.py:649} INFO - 25/09/23 04:31:25 INFO Utils: Successfully started service 'sparkDriver' on port 44157.
[2025-09-23T04:31:25.186+0000] {spark_submit.py:649} INFO - 25/09/23 04:31:25 INFO SparkEnv: Registering MapOutputTracker
[2025-09-23T04:31:25.226+0000] {spark_submit.py:649} INFO - 25/09/23 04:31:25 INFO SparkEnv: Registering BlockManagerMaster
[2025-09-23T04:31:25.252+0000] {spark_submit.py:649} INFO - 25/09/23 04:31:25 INFO BlockManagerMasterEndpoint: Using org.apache.spark.storage.DefaultTopologyMapper for getting topology information
[2025-09-23T04:31:25.253+0000] {spark_submit.py:649} INFO - 25/09/23 04:31:25 INFO BlockManagerMasterEndpoint: BlockManagerMasterEndpoint up
[2025-09-23T04:31:25.261+0000] {spark_submit.py:649} INFO - 25/09/23 04:31:25 INFO SparkEnv: Registering BlockManagerMasterHeartbeat
[2025-09-23T04:31:25.324+0000] {spark_submit.py:649} INFO - 25/09/23 04:31:25 INFO DiskBlockManager: Created local directory at /tmp/blockmgr-7b706d5c-5e60-4798-9c74-402d62e5254b
[2025-09-23T04:31:25.343+0000] {spark_submit.py:649} INFO - 25/09/23 04:31:25 INFO MemoryStore: MemoryStore started with capacity 434.4 MiB
[2025-09-23T04:31:25.368+0000] {spark_submit.py:649} INFO - 25/09/23 04:31:25 INFO SparkEnv: Registering OutputCommitCoordinator
[2025-09-23T04:31:25.657+0000] {spark_submit.py:649} INFO - 25/09/23 04:31:25 INFO Utils: Successfully started service 'SparkUI' on port 4040.
[2025-09-23T04:31:25.699+0000] {spark_submit.py:649} INFO - 25/09/23 04:31:25 INFO SparkContext: Added JAR file:///home/***/.ivy2/jars/org.apache.iceberg_iceberg-spark-runtime-3.5_2.12-1.5.0.jar at spark://6cb8f376dc2d:44157/jars/org.apache.iceberg_iceberg-spark-runtime-3.5_2.12-1.5.0.jar with timestamp 1758601884680
[2025-09-23T04:31:25.700+0000] {spark_submit.py:649} INFO - 25/09/23 04:31:25 INFO SparkContext: Added JAR file:///home/***/.ivy2/jars/org.projectnessie.nessie-integrations_nessie-spark-extensions-3.5_2.12-0.90.1.jar at spark://6cb8f376dc2d:44157/jars/org.projectnessie.nessie-integrations_nessie-spark-extensions-3.5_2.12-0.90.1.jar with timestamp 1758601884680
[2025-09-23T04:31:25.700+0000] {spark_submit.py:649} INFO - 25/09/23 04:31:25 INFO SparkContext: Added JAR file:///home/***/.ivy2/jars/org.apache.hadoop_hadoop-aws-3.3.4.jar at spark://6cb8f376dc2d:44157/jars/org.apache.hadoop_hadoop-aws-3.3.4.jar with timestamp 1758601884680
[2025-09-23T04:31:25.700+0000] {spark_submit.py:649} INFO - 25/09/23 04:31:25 INFO SparkContext: Added JAR file:///home/***/.ivy2/jars/com.amazonaws_aws-java-sdk-bundle-1.12.262.jar at spark://6cb8f376dc2d:44157/jars/com.amazonaws_aws-java-sdk-bundle-1.12.262.jar with timestamp 1758601884680
[2025-09-23T04:31:25.701+0000] {spark_submit.py:649} INFO - 25/09/23 04:31:25 INFO SparkContext: Added JAR file:///home/***/.ivy2/jars/org.wildfly.openssl_wildfly-openssl-1.0.7.Final.jar at spark://6cb8f376dc2d:44157/jars/org.wildfly.openssl_wildfly-openssl-1.0.7.Final.jar with timestamp 1758601884680
[2025-09-23T04:31:25.703+0000] {spark_submit.py:649} INFO - 25/09/23 04:31:25 INFO SparkContext: Added file file:///home/***/.ivy2/jars/org.apache.iceberg_iceberg-spark-runtime-3.5_2.12-1.5.0.jar at spark://6cb8f376dc2d:44157/files/org.apache.iceberg_iceberg-spark-runtime-3.5_2.12-1.5.0.jar with timestamp 1758601884680
[2025-09-23T04:31:25.705+0000] {spark_submit.py:649} INFO - 25/09/23 04:31:25 INFO Utils: Copying /home/***/.ivy2/jars/org.apache.iceberg_iceberg-spark-runtime-3.5_2.12-1.5.0.jar to /tmp/spark-538e8d47-2398-40f9-a23d-e576bb7bb5ba/userFiles-596f4c32-bbb0-49e3-a307-c634f21e6d41/org.apache.iceberg_iceberg-spark-runtime-3.5_2.12-1.5.0.jar
[2025-09-23T04:31:26.207+0000] {spark_submit.py:649} INFO - 25/09/23 04:31:26 INFO SparkContext: Added file file:///home/***/.ivy2/jars/org.projectnessie.nessie-integrations_nessie-spark-extensions-3.5_2.12-0.90.1.jar at spark://6cb8f376dc2d:44157/files/org.projectnessie.nessie-integrations_nessie-spark-extensions-3.5_2.12-0.90.1.jar with timestamp 1758601884680
[2025-09-23T04:31:26.207+0000] {spark_submit.py:649} INFO - 25/09/23 04:31:26 INFO Utils: Copying /home/***/.ivy2/jars/org.projectnessie.nessie-integrations_nessie-spark-extensions-3.5_2.12-0.90.1.jar to /tmp/spark-538e8d47-2398-40f9-a23d-e576bb7bb5ba/userFiles-596f4c32-bbb0-49e3-a307-c634f21e6d41/org.projectnessie.nessie-integrations_nessie-spark-extensions-3.5_2.12-0.90.1.jar
[2025-09-23T04:31:26.228+0000] {spark_submit.py:649} INFO - 25/09/23 04:31:26 INFO SparkContext: Added file file:///home/***/.ivy2/jars/org.apache.hadoop_hadoop-aws-3.3.4.jar at spark://6cb8f376dc2d:44157/files/org.apache.hadoop_hadoop-aws-3.3.4.jar with timestamp 1758601884680
[2025-09-23T04:31:26.229+0000] {spark_submit.py:649} INFO - 25/09/23 04:31:26 INFO Utils: Copying /home/***/.ivy2/jars/org.apache.hadoop_hadoop-aws-3.3.4.jar to /tmp/spark-538e8d47-2398-40f9-a23d-e576bb7bb5ba/userFiles-596f4c32-bbb0-49e3-a307-c634f21e6d41/org.apache.hadoop_hadoop-aws-3.3.4.jar
[2025-09-23T04:31:26.238+0000] {spark_submit.py:649} INFO - 25/09/23 04:31:26 INFO SparkContext: Added file file:///home/***/.ivy2/jars/com.amazonaws_aws-java-sdk-bundle-1.12.262.jar at spark://6cb8f376dc2d:44157/files/com.amazonaws_aws-java-sdk-bundle-1.12.262.jar with timestamp 1758601884680
[2025-09-23T04:31:26.239+0000] {spark_submit.py:649} INFO - 25/09/23 04:31:26 INFO Utils: Copying /home/***/.ivy2/jars/com.amazonaws_aws-java-sdk-bundle-1.12.262.jar to /tmp/spark-538e8d47-2398-40f9-a23d-e576bb7bb5ba/userFiles-596f4c32-bbb0-49e3-a307-c634f21e6d41/com.amazonaws_aws-java-sdk-bundle-1.12.262.jar
[2025-09-23T04:31:28.295+0000] {spark_submit.py:649} INFO - 25/09/23 04:31:28 INFO SparkContext: Added file file:///home/***/.ivy2/jars/org.wildfly.openssl_wildfly-openssl-1.0.7.Final.jar at spark://6cb8f376dc2d:44157/files/org.wildfly.openssl_wildfly-openssl-1.0.7.Final.jar with timestamp 1758601884680
[2025-09-23T04:31:28.296+0000] {spark_submit.py:649} INFO - 25/09/23 04:31:28 INFO Utils: Copying /home/***/.ivy2/jars/org.wildfly.openssl_wildfly-openssl-1.0.7.Final.jar to /tmp/spark-538e8d47-2398-40f9-a23d-e576bb7bb5ba/userFiles-596f4c32-bbb0-49e3-a307-c634f21e6d41/org.wildfly.openssl_wildfly-openssl-1.0.7.Final.jar
[2025-09-23T04:31:28.357+0000] {spark_submit.py:649} INFO - 25/09/23 04:31:28 ERROR SparkContext: Error initializing SparkContext.
[2025-09-23T04:31:28.358+0000] {spark_submit.py:649} INFO - org.apache.spark.SparkException: Could not parse Master URL: 'spark-master:7077'
[2025-09-23T04:31:28.358+0000] {spark_submit.py:649} INFO - at org.apache.spark.SparkContext$.org$apache$spark$SparkContext$$createTaskScheduler(SparkContext.scala:2982)
[2025-09-23T04:31:28.358+0000] {spark_submit.py:649} INFO - at org.apache.spark.SparkContext.<init>(SparkContext.scala:563)
[2025-09-23T04:31:28.358+0000] {spark_submit.py:649} INFO - at org.apache.spark.api.java.JavaSparkContext.<init>(JavaSparkContext.scala:58)
[2025-09-23T04:31:28.358+0000] {spark_submit.py:649} INFO - at java.base/jdk.internal.reflect.NativeConstructorAccessorImpl.newInstance0(Native Method)
[2025-09-23T04:31:28.358+0000] {spark_submit.py:649} INFO - at java.base/jdk.internal.reflect.NativeConstructorAccessorImpl.newInstance(NativeConstructorAccessorImpl.java:77)
[2025-09-23T04:31:28.358+0000] {spark_submit.py:649} INFO - at java.base/jdk.internal.reflect.DelegatingConstructorAccessorImpl.newInstance(DelegatingConstructorAccessorImpl.java:45)
[2025-09-23T04:31:28.358+0000] {spark_submit.py:649} INFO - at java.base/java.lang.reflect.Constructor.newInstanceWithCaller(Constructor.java:500)
[2025-09-23T04:31:28.358+0000] {spark_submit.py:649} INFO - at java.base/java.lang.reflect.Constructor.newInstance(Constructor.java:481)
[2025-09-23T04:31:28.358+0000] {spark_submit.py:649} INFO - at py4j.reflection.MethodInvoker.invoke(MethodInvoker.java:247)
[2025-09-23T04:31:28.359+0000] {spark_submit.py:649} INFO - at py4j.reflection.ReflectionEngine.invoke(ReflectionEngine.java:357)
[2025-09-23T04:31:28.359+0000] {spark_submit.py:649} INFO - at py4j.Gateway.invoke(Gateway.java:238)
[2025-09-23T04:31:28.359+0000] {spark_submit.py:649} INFO - at py4j.commands.ConstructorCommand.invokeConstructor(ConstructorCommand.java:80)
[2025-09-23T04:31:28.359+0000] {spark_submit.py:649} INFO - at py4j.commands.ConstructorCommand.execute(ConstructorCommand.java:69)
[2025-09-23T04:31:28.359+0000] {spark_submit.py:649} INFO - at py4j.ClientServerConnection.waitForCommands(ClientServerConnection.java:182)
[2025-09-23T04:31:28.359+0000] {spark_submit.py:649} INFO - at py4j.ClientServerConnection.run(ClientServerConnection.java:106)
[2025-09-23T04:31:28.359+0000] {spark_submit.py:649} INFO - at java.base/java.lang.Thread.run(Thread.java:840)
[2025-09-23T04:31:28.376+0000] {spark_submit.py:649} INFO - 25/09/23 04:31:28 INFO SparkUI: Stopped Spark web UI at http://6cb8f376dc2d:4040
[2025-09-23T04:31:28.399+0000] {spark_submit.py:649} INFO - 25/09/23 04:31:28 INFO MapOutputTrackerMasterEndpoint: MapOutputTrackerMasterEndpoint stopped!
[2025-09-23T04:31:28.412+0000] {spark_submit.py:649} INFO - 25/09/23 04:31:28 INFO MemoryStore: MemoryStore cleared
[2025-09-23T04:31:28.412+0000] {spark_submit.py:649} INFO - 25/09/23 04:31:28 INFO BlockManager: BlockManager stopped
[2025-09-23T04:31:28.421+0000] {spark_submit.py:649} INFO - 25/09/23 04:31:28 INFO BlockManagerMaster: BlockManagerMaster stopped
[2025-09-23T04:31:28.421+0000] {spark_submit.py:649} INFO - 25/09/23 04:31:28 WARN MetricsSystem: Stopping a MetricsSystem that is not running
[2025-09-23T04:31:28.424+0000] {spark_submit.py:649} INFO - 25/09/23 04:31:28 INFO OutputCommitCoordinator$OutputCommitCoordinatorEndpoint: OutputCommitCoordinator stopped!
[2025-09-23T04:31:28.473+0000] {spark_submit.py:649} INFO - 25/09/23 04:31:28 INFO SparkContext: Successfully stopped SparkContext
[2025-09-23T04:31:28.474+0000] {spark_submit.py:649} INFO - Traceback (most recent call last):
[2025-09-23T04:31:28.474+0000] {spark_submit.py:649} INFO - File "/opt/***/jobs/process_taxi_data.py", line 35, in <module>
[2025-09-23T04:31:28.474+0000] {spark_submit.py:649} INFO - main()
[2025-09-23T04:31:28.474+0000] {spark_submit.py:649} INFO - File "/opt/***/jobs/process_taxi_data.py", line 20, in main
[2025-09-23T04:31:28.475+0000] {spark_submit.py:649} INFO - .getOrCreate()
[2025-09-23T04:31:28.475+0000] {spark_submit.py:649} INFO - ^^^^^^^^^^^^^
[2025-09-23T04:31:28.475+0000] {spark_submit.py:649} INFO - File "/home/***/.local/lib/python3.12/site-packages/pyspark/python/lib/pyspark.zip/pyspark/sql/session.py", line 269, in getOrCreate
[2025-09-23T04:31:28.475+0000] {spark_submit.py:649} INFO - File "/home/***/.local/lib/python3.12/site-packages/pyspark/python/lib/pyspark.zip/pyspark/context.py", line 483, in getOrCreate
[2025-09-23T04:31:28.475+0000] {spark_submit.py:649} INFO - File "/home/***/.local/lib/python3.12/site-packages/pyspark/python/lib/pyspark.zip/pyspark/context.py", line 197, in __init__
[2025-09-23T04:31:28.475+0000] {spark_submit.py:649} INFO - File "/home/***/.local/lib/python3.12/site-packages/pyspark/python/lib/pyspark.zip/pyspark/context.py", line 282, in _do_init
[2025-09-23T04:31:28.475+0000] {spark_submit.py:649} INFO - File "/home/***/.local/lib/python3.12/site-packages/pyspark/python/lib/pyspark.zip/pyspark/context.py", line 402, in _initialize_context
[2025-09-23T04:31:28.475+0000] {spark_submit.py:649} INFO - File "/home/***/.local/lib/python3.12/site-packages/pyspark/python/lib/py4j-0.10.9.5-src.zip/py4j/java_gateway.py", line 1585, in __call__
[2025-09-23T04:31:28.475+0000] {spark_submit.py:649} INFO - File "/home/***/.local/lib/python3.12/site-packages/pyspark/python/lib/py4j-0.10.9.5-src.zip/py4j/protocol.py", line 326, in get_return_value
[2025-09-23T04:31:28.476+0000] {spark_submit.py:649} INFO - py4j.protocol.Py4JJavaError: An error occurred while calling None.org.apache.spark.api.java.JavaSparkContext.
[2025-09-23T04:31:28.476+0000] {spark_submit.py:649} INFO - : org.apache.spark.SparkException: Could not parse Master URL: 'spark-master:7077'
[2025-09-23T04:31:28.476+0000] {spark_submit.py:649} INFO - at org.apache.spark.SparkContext$.org$apache$spark$SparkContext$$createTaskScheduler(SparkContext.scala:2982)
[2025-09-23T04:31:28.476+0000] {spark_submit.py:649} INFO - at org.apache.spark.SparkContext.<init>(SparkContext.scala:563)
[2025-09-23T04:31:28.477+0000] {spark_submit.py:649} INFO - at org.apache.spark.api.java.JavaSparkContext.<init>(JavaSparkContext.scala:58)
[2025-09-23T04:31:28.477+0000] {spark_submit.py:649} INFO - at java.base/jdk.internal.reflect.NativeConstructorAccessorImpl.newInstance0(Native Method)
[2025-09-23T04:31:28.477+0000] {spark_submit.py:649} INFO - at java.base/jdk.internal.reflect.NativeConstructorAccessorImpl.newInstance(NativeConstructorAccessorImpl.java:77)
[2025-09-23T04:31:28.477+0000] {spark_submit.py:649} INFO - at java.base/jdk.internal.reflect.DelegatingConstructorAccessorImpl.newInstance(DelegatingConstructorAccessorImpl.java:45)
[2025-09-23T04:31:28.477+0000] {spark_submit.py:649} INFO - at java.base/java.lang.reflect.Constructor.newInstanceWithCaller(Constructor.java:500)
[2025-09-23T04:31:28.477+0000] {spark_submit.py:649} INFO - at java.base/java.lang.reflect.Constructor.newInstance(Constructor.java:481)
[2025-09-23T04:31:28.477+0000] {spark_submit.py:649} INFO - at py4j.reflection.MethodInvoker.invoke(MethodInvoker.java:247)
[2025-09-23T04:31:28.477+0000] {spark_submit.py:649} INFO - at py4j.reflection.ReflectionEngine.invoke(ReflectionEngine.java:357)
[2025-09-23T04:31:28.477+0000] {spark_submit.py:649} INFO - at py4j.Gateway.invoke(Gateway.java:238)
[2025-09-23T04:31:28.477+0000] {spark_submit.py:649} INFO - at py4j.commands.ConstructorCommand.invokeConstructor(ConstructorCommand.java:80)
[2025-09-23T04:31:28.477+0000] {spark_submit.py:649} INFO - at py4j.commands.ConstructorCommand.execute(ConstructorCommand.java:69)
[2025-09-23T04:31:28.477+0000] {spark_submit.py:649} INFO - at py4j.ClientServerConnection.waitForCommands(ClientServerConnection.java:182)
[2025-09-23T04:31:28.477+0000] {spark_submit.py:649} INFO - at py4j.ClientServerConnection.run(ClientServerConnection.java:106)
[2025-09-23T04:31:28.478+0000] {spark_submit.py:649} INFO - at java.base/java.lang.Thread.run(Thread.java:840)
[2025-09-23T04:31:28.478+0000] {spark_submit.py:649} INFO - 
[2025-09-23T04:31:28.533+0000] {spark_submit.py:649} INFO - 25/09/23 04:31:28 INFO ShutdownHookManager: Shutdown hook called
[2025-09-23T04:31:28.534+0000] {spark_submit.py:649} INFO - 25/09/23 04:31:28 INFO ShutdownHookManager: Deleting directory /tmp/spark-538e8d47-2398-40f9-a23d-e576bb7bb5ba
[2025-09-23T04:31:28.538+0000] {spark_submit.py:649} INFO - 25/09/23 04:31:28 INFO ShutdownHookManager: Deleting directory /tmp/spark-aa88a08e-0642-4366-ade9-131a17024ed2
[2025-09-23T04:31:28.577+0000] {taskinstance.py:441} INFO - ::group::Post task execution logs
[2025-09-23T04:31:28.588+0000] {taskinstance.py:2905} ERROR - Task failed with exception
Traceback (most recent call last):
  File "/home/airflow/.local/lib/python3.12/site-packages/airflow/models/taskinstance.py", line 465, in _execute_task
    result = _execute_callable(context=context, **execute_callable_kwargs)
             ^^^^^^^^^^^^^^^^^^^^^^^^^^^^^^^^^^^^^^^^^^^^^^^^^^^^^^^^^^^^^
  File "/home/airflow/.local/lib/python3.12/site-packages/airflow/models/taskinstance.py", line 432, in _execute_callable
    return execute_callable(context=context, **execute_callable_kwargs)
           ^^^^^^^^^^^^^^^^^^^^^^^^^^^^^^^^^^^^^^^^^^^^^^^^^^^^^^^^^^^^
  File "/home/airflow/.local/lib/python3.12/site-packages/airflow/models/baseoperator.py", line 401, in wrapper
    return func(self, *args, **kwargs)
           ^^^^^^^^^^^^^^^^^^^^^^^^^^^
  File "/home/airflow/.local/lib/python3.12/site-packages/airflow/providers/apache/spark/operators/spark_submit.py", line 176, in execute
    self._hook.submit(self.application)
  File "/home/airflow/.local/lib/python3.12/site-packages/airflow/providers/apache/spark/hooks/spark_submit.py", line 575, in submit
    raise AirflowException(
airflow.exceptions.AirflowException: Cannot execute: spark-submit --master spark-master:7077 --conf spark.jars.packages=org.apache.iceberg:iceberg-spark-runtime-3.5_2.12:1.5.0,org.projectnessie.nessie-integrations:nessie-spark-extensions-3.5_2.12:0.90.1,org.apache.hadoop:hadoop-aws:3.3.4,com.amazonaws:aws-java-sdk-bundle:1.12.262 --conf spark.sql.extensions=org.apache.iceberg.spark.extensions.IcebergSparkSessionExtensions,org.projectnessie.spark.extensions.NessieSparkSessionExtensions --conf spark.sql.catalog.nessie=org.apache.iceberg.spark.SparkCatalog --conf spark.sql.catalog.nessie.uri=http://nessie:19120/api/v1 --conf spark.sql.catalog.nessie.ref=main --conf spark.sql.catalog.nessie.authentication.type=NONE --conf spark.sql.catalog.nessie.catalog-impl=org.apache.iceberg.nessie.NessieCatalog --conf spark.sql.catalog.nessie.s3.endpoint=http://minio:9000 --conf spark.sql.catalog.nessie.warehouse=s3://gold/ --conf spark.sql.catalog.nessie.io-impl=org.apache.iceberg.aws.s3.S3FileIO --conf spark.hadoop.fs.s3a.endpoint=http://minio:9000 --conf spark.hadoop.fs.s3a.access.key=admin --conf spark.hadoop.fs.s3a.secret.key=****** --conf spark.hadoop.fs.s3a.path.style.access=true --name arrow-spark --verbose /opt/***/jobs/process_taxi_data.py. Error code is: 1.
[2025-09-23T04:31:28.593+0000] {taskinstance.py:1206} INFO - Marking task as UP_FOR_RETRY. dag_id=spark_iceberg_pipeline, task_id=process_taxi_data, run_id=manual__2025-09-23T04:30:40.142981+00:00, execution_date=20250923T043040, start_date=20250923T043047, end_date=20250923T043128
[2025-09-23T04:31:28.605+0000] {standard_task_runner.py:110} ERROR - Failed to execute job 5 for task process_taxi_data (Cannot execute: spark-submit --master spark-master:7077 --conf spark.jars.packages=org.apache.iceberg:iceberg-spark-runtime-3.5_2.12:1.5.0,org.projectnessie.nessie-integrations:nessie-spark-extensions-3.5_2.12:0.90.1,org.apache.hadoop:hadoop-aws:3.3.4,com.amazonaws:aws-java-sdk-bundle:1.12.262 --conf spark.sql.extensions=org.apache.iceberg.spark.extensions.IcebergSparkSessionExtensions,org.projectnessie.spark.extensions.NessieSparkSessionExtensions --conf spark.sql.catalog.nessie=org.apache.iceberg.spark.SparkCatalog --conf spark.sql.catalog.nessie.uri=http://nessie:19120/api/v1 --conf spark.sql.catalog.nessie.ref=main --conf spark.sql.catalog.nessie.authentication.type=NONE --conf spark.sql.catalog.nessie.catalog-impl=org.apache.iceberg.nessie.NessieCatalog --conf spark.sql.catalog.nessie.s3.endpoint=http://minio:9000 --conf spark.sql.catalog.nessie.warehouse=s3://gold/ --conf spark.sql.catalog.nessie.io-impl=org.apache.iceberg.aws.s3.S3FileIO --conf spark.hadoop.fs.s3a.endpoint=http://minio:9000 --conf spark.hadoop.fs.s3a.access.key=admin --conf spark.hadoop.fs.s3a.secret.key=****** --conf spark.hadoop.fs.s3a.path.style.access=true --name arrow-spark --verbose /opt/***/jobs/process_taxi_data.py. Error code is: 1.; 235)
[2025-09-23T04:31:28.649+0000] {local_task_job_runner.py:243} INFO - Task exited with return code 1
[2025-09-23T04:31:28.676+0000] {taskinstance.py:3503} INFO - 0 downstream tasks scheduled from follow-on schedule check
[2025-09-23T04:31:28.678+0000] {local_task_job_runner.py:222} INFO - ::endgroup::
