[2025-09-22T04:55:23.518+0000] {processor.py:161} INFO - Started process (PID=188) to work on /opt/airflow/dags/spark_iceberg_pipeline.py
[2025-09-22T04:55:23.519+0000] {processor.py:830} INFO - Processing file /opt/airflow/dags/spark_iceberg_pipeline.py for tasks to queue
[2025-09-22T04:55:23.521+0000] {logging_mixin.py:188} INFO - [2025-09-22T04:55:23.521+0000] {dagbag.py:540} INFO - Filling up the DagBag from /opt/airflow/dags/spark_iceberg_pipeline.py
[2025-09-22T04:55:23.530+0000] {logging_mixin.py:188} INFO - [2025-09-22T04:55:23.527+0000] {dagbag.py:350} ERROR - Failed to import: /opt/airflow/dags/spark_iceberg_pipeline.py
Traceback (most recent call last):
  File "/home/airflow/.local/lib/python3.12/site-packages/airflow/models/dagbag.py", line 346, in parse
    loader.exec_module(new_module)
  File "<frozen importlib._bootstrap_external>", line 995, in exec_module
  File "<frozen importlib._bootstrap>", line 488, in _call_with_frames_removed
  File "/opt/airflow/dags/spark_iceberg_pipeline.py", line 3, in <module>
    from airflow.providers.apache.spark.operators.spark_submit import SparkSubmitOperator
ModuleNotFoundError: No module named 'airflow.providers.apache'
[2025-09-22T04:55:23.530+0000] {processor.py:842} WARNING - No viable dags retrieved from /opt/airflow/dags/spark_iceberg_pipeline.py
[2025-09-22T04:55:23.568+0000] {processor.py:183} INFO - Processing /opt/airflow/dags/spark_iceberg_pipeline.py took 0.059 seconds
[2025-09-22T04:55:53.677+0000] {processor.py:161} INFO - Started process (PID=194) to work on /opt/airflow/dags/spark_iceberg_pipeline.py
[2025-09-22T04:55:53.679+0000] {processor.py:830} INFO - Processing file /opt/airflow/dags/spark_iceberg_pipeline.py for tasks to queue
[2025-09-22T04:55:53.682+0000] {logging_mixin.py:188} INFO - [2025-09-22T04:55:53.681+0000] {dagbag.py:540} INFO - Filling up the DagBag from /opt/airflow/dags/spark_iceberg_pipeline.py
[2025-09-22T04:55:53.688+0000] {logging_mixin.py:188} INFO - [2025-09-22T04:55:53.687+0000] {dagbag.py:350} ERROR - Failed to import: /opt/airflow/dags/spark_iceberg_pipeline.py
Traceback (most recent call last):
  File "/home/airflow/.local/lib/python3.12/site-packages/airflow/models/dagbag.py", line 346, in parse
    loader.exec_module(new_module)
  File "<frozen importlib._bootstrap_external>", line 995, in exec_module
  File "<frozen importlib._bootstrap>", line 488, in _call_with_frames_removed
  File "/opt/airflow/dags/spark_iceberg_pipeline.py", line 3, in <module>
    from airflow.providers.apache.spark.operators.spark_submit import SparkSubmitOperator
ModuleNotFoundError: No module named 'airflow.providers.apache'
[2025-09-22T04:55:53.689+0000] {processor.py:842} WARNING - No viable dags retrieved from /opt/airflow/dags/spark_iceberg_pipeline.py
[2025-09-22T04:55:53.736+0000] {processor.py:183} INFO - Processing /opt/airflow/dags/spark_iceberg_pipeline.py took 0.074 seconds
[2025-09-22T04:56:23.783+0000] {processor.py:161} INFO - Started process (PID=199) to work on /opt/airflow/dags/spark_iceberg_pipeline.py
[2025-09-22T04:56:23.784+0000] {processor.py:830} INFO - Processing file /opt/airflow/dags/spark_iceberg_pipeline.py for tasks to queue
[2025-09-22T04:56:23.787+0000] {logging_mixin.py:188} INFO - [2025-09-22T04:56:23.786+0000] {dagbag.py:540} INFO - Filling up the DagBag from /opt/airflow/dags/spark_iceberg_pipeline.py
[2025-09-22T04:56:23.792+0000] {logging_mixin.py:188} INFO - [2025-09-22T04:56:23.791+0000] {dagbag.py:350} ERROR - Failed to import: /opt/airflow/dags/spark_iceberg_pipeline.py
Traceback (most recent call last):
  File "/home/airflow/.local/lib/python3.12/site-packages/airflow/models/dagbag.py", line 346, in parse
    loader.exec_module(new_module)
  File "<frozen importlib._bootstrap_external>", line 995, in exec_module
  File "<frozen importlib._bootstrap>", line 488, in _call_with_frames_removed
  File "/opt/airflow/dags/spark_iceberg_pipeline.py", line 3, in <module>
    from airflow.providers.apache.spark.operators.spark_submit import SparkSubmitOperator
ModuleNotFoundError: No module named 'airflow.providers.apache'
[2025-09-22T04:56:23.792+0000] {processor.py:842} WARNING - No viable dags retrieved from /opt/airflow/dags/spark_iceberg_pipeline.py
[2025-09-22T04:56:23.825+0000] {processor.py:183} INFO - Processing /opt/airflow/dags/spark_iceberg_pipeline.py took 0.049 seconds
[2025-09-22T04:56:53.899+0000] {processor.py:161} INFO - Started process (PID=204) to work on /opt/airflow/dags/spark_iceberg_pipeline.py
[2025-09-22T04:56:53.901+0000] {processor.py:830} INFO - Processing file /opt/airflow/dags/spark_iceberg_pipeline.py for tasks to queue
[2025-09-22T04:56:53.902+0000] {logging_mixin.py:188} INFO - [2025-09-22T04:56:53.902+0000] {dagbag.py:540} INFO - Filling up the DagBag from /opt/airflow/dags/spark_iceberg_pipeline.py
[2025-09-22T04:56:53.906+0000] {logging_mixin.py:188} INFO - [2025-09-22T04:56:53.905+0000] {dagbag.py:350} ERROR - Failed to import: /opt/airflow/dags/spark_iceberg_pipeline.py
Traceback (most recent call last):
  File "/home/airflow/.local/lib/python3.12/site-packages/airflow/models/dagbag.py", line 346, in parse
    loader.exec_module(new_module)
  File "<frozen importlib._bootstrap_external>", line 995, in exec_module
  File "<frozen importlib._bootstrap>", line 488, in _call_with_frames_removed
  File "/opt/airflow/dags/spark_iceberg_pipeline.py", line 3, in <module>
    from airflow.providers.apache.spark.operators.spark_submit import SparkSubmitOperator
ModuleNotFoundError: No module named 'airflow.providers.apache'
[2025-09-22T04:56:53.906+0000] {processor.py:842} WARNING - No viable dags retrieved from /opt/airflow/dags/spark_iceberg_pipeline.py
[2025-09-22T04:56:53.925+0000] {processor.py:183} INFO - Processing /opt/airflow/dags/spark_iceberg_pipeline.py took 0.031 seconds
[2025-09-22T04:57:23.999+0000] {processor.py:161} INFO - Started process (PID=209) to work on /opt/airflow/dags/spark_iceberg_pipeline.py
[2025-09-22T04:57:24.001+0000] {processor.py:830} INFO - Processing file /opt/airflow/dags/spark_iceberg_pipeline.py for tasks to queue
[2025-09-22T04:57:24.004+0000] {logging_mixin.py:188} INFO - [2025-09-22T04:57:24.004+0000] {dagbag.py:540} INFO - Filling up the DagBag from /opt/airflow/dags/spark_iceberg_pipeline.py
[2025-09-22T04:57:24.009+0000] {logging_mixin.py:188} INFO - [2025-09-22T04:57:24.008+0000] {dagbag.py:350} ERROR - Failed to import: /opt/airflow/dags/spark_iceberg_pipeline.py
Traceback (most recent call last):
  File "/home/airflow/.local/lib/python3.12/site-packages/airflow/models/dagbag.py", line 346, in parse
    loader.exec_module(new_module)
  File "<frozen importlib._bootstrap_external>", line 995, in exec_module
  File "<frozen importlib._bootstrap>", line 488, in _call_with_frames_removed
  File "/opt/airflow/dags/spark_iceberg_pipeline.py", line 3, in <module>
    from airflow.providers.apache.spark.operators.spark_submit import SparkSubmitOperator
ModuleNotFoundError: No module named 'airflow.providers.apache'
[2025-09-22T04:57:24.010+0000] {processor.py:842} WARNING - No viable dags retrieved from /opt/airflow/dags/spark_iceberg_pipeline.py
[2025-09-22T04:57:24.029+0000] {processor.py:183} INFO - Processing /opt/airflow/dags/spark_iceberg_pipeline.py took 0.037 seconds
[2025-09-22T04:57:54.095+0000] {processor.py:161} INFO - Started process (PID=214) to work on /opt/airflow/dags/spark_iceberg_pipeline.py
[2025-09-22T04:57:54.096+0000] {processor.py:830} INFO - Processing file /opt/airflow/dags/spark_iceberg_pipeline.py for tasks to queue
[2025-09-22T04:57:54.097+0000] {logging_mixin.py:188} INFO - [2025-09-22T04:57:54.097+0000] {dagbag.py:540} INFO - Filling up the DagBag from /opt/airflow/dags/spark_iceberg_pipeline.py
[2025-09-22T04:57:54.101+0000] {logging_mixin.py:188} INFO - [2025-09-22T04:57:54.100+0000] {dagbag.py:350} ERROR - Failed to import: /opt/airflow/dags/spark_iceberg_pipeline.py
Traceback (most recent call last):
  File "/home/airflow/.local/lib/python3.12/site-packages/airflow/models/dagbag.py", line 346, in parse
    loader.exec_module(new_module)
  File "<frozen importlib._bootstrap_external>", line 995, in exec_module
  File "<frozen importlib._bootstrap>", line 488, in _call_with_frames_removed
  File "/opt/airflow/dags/spark_iceberg_pipeline.py", line 3, in <module>
    from airflow.providers.apache.spark.operators.spark_submit import SparkSubmitOperator
ModuleNotFoundError: No module named 'airflow.providers.apache'
[2025-09-22T04:57:54.101+0000] {processor.py:842} WARNING - No viable dags retrieved from /opt/airflow/dags/spark_iceberg_pipeline.py
[2025-09-22T04:57:54.118+0000] {processor.py:183} INFO - Processing /opt/airflow/dags/spark_iceberg_pipeline.py took 0.028 seconds
[2025-09-22T04:58:24.192+0000] {processor.py:161} INFO - Started process (PID=219) to work on /opt/airflow/dags/spark_iceberg_pipeline.py
[2025-09-22T04:58:24.193+0000] {processor.py:830} INFO - Processing file /opt/airflow/dags/spark_iceberg_pipeline.py for tasks to queue
[2025-09-22T04:58:24.195+0000] {logging_mixin.py:188} INFO - [2025-09-22T04:58:24.195+0000] {dagbag.py:540} INFO - Filling up the DagBag from /opt/airflow/dags/spark_iceberg_pipeline.py
[2025-09-22T04:58:24.199+0000] {logging_mixin.py:188} INFO - [2025-09-22T04:58:24.198+0000] {dagbag.py:350} ERROR - Failed to import: /opt/airflow/dags/spark_iceberg_pipeline.py
Traceback (most recent call last):
  File "/home/airflow/.local/lib/python3.12/site-packages/airflow/models/dagbag.py", line 346, in parse
    loader.exec_module(new_module)
  File "<frozen importlib._bootstrap_external>", line 995, in exec_module
  File "<frozen importlib._bootstrap>", line 488, in _call_with_frames_removed
  File "/opt/airflow/dags/spark_iceberg_pipeline.py", line 3, in <module>
    from airflow.providers.apache.spark.operators.spark_submit import SparkSubmitOperator
ModuleNotFoundError: No module named 'airflow.providers.apache'
[2025-09-22T04:58:24.200+0000] {processor.py:842} WARNING - No viable dags retrieved from /opt/airflow/dags/spark_iceberg_pipeline.py
[2025-09-22T04:58:24.231+0000] {processor.py:183} INFO - Processing /opt/airflow/dags/spark_iceberg_pipeline.py took 0.050 seconds
[2025-09-22T04:58:54.280+0000] {processor.py:161} INFO - Started process (PID=224) to work on /opt/airflow/dags/spark_iceberg_pipeline.py
[2025-09-22T04:58:54.282+0000] {processor.py:830} INFO - Processing file /opt/airflow/dags/spark_iceberg_pipeline.py for tasks to queue
[2025-09-22T04:58:54.284+0000] {logging_mixin.py:188} INFO - [2025-09-22T04:58:54.284+0000] {dagbag.py:540} INFO - Filling up the DagBag from /opt/airflow/dags/spark_iceberg_pipeline.py
[2025-09-22T04:58:54.290+0000] {logging_mixin.py:188} INFO - [2025-09-22T04:58:54.288+0000] {dagbag.py:350} ERROR - Failed to import: /opt/airflow/dags/spark_iceberg_pipeline.py
Traceback (most recent call last):
  File "/home/airflow/.local/lib/python3.12/site-packages/airflow/models/dagbag.py", line 346, in parse
    loader.exec_module(new_module)
  File "<frozen importlib._bootstrap_external>", line 995, in exec_module
  File "<frozen importlib._bootstrap>", line 488, in _call_with_frames_removed
  File "/opt/airflow/dags/spark_iceberg_pipeline.py", line 3, in <module>
    from airflow.providers.apache.spark.operators.spark_submit import SparkSubmitOperator
ModuleNotFoundError: No module named 'airflow.providers.apache'
[2025-09-22T04:58:54.290+0000] {processor.py:842} WARNING - No viable dags retrieved from /opt/airflow/dags/spark_iceberg_pipeline.py
[2025-09-22T04:58:54.317+0000] {processor.py:183} INFO - Processing /opt/airflow/dags/spark_iceberg_pipeline.py took 0.043 seconds
