[2025-09-23T03:19:20.038+0000] {local_task_job_runner.py:120} INFO - ::group::Pre task execution logs
[2025-09-23T03:19:20.231+0000] {taskinstance.py:2076} INFO - Dependencies all met for dep_context=non-requeueable deps ti=<TaskInstance: spark_iceberg_pipeline.check_connections manual__2025-09-23T03:19:17.848775+00:00 [queued]>
[2025-09-23T03:19:20.245+0000] {taskinstance.py:2076} INFO - Dependencies all met for dep_context=requeueable deps ti=<TaskInstance: spark_iceberg_pipeline.check_connections manual__2025-09-23T03:19:17.848775+00:00 [queued]>
[2025-09-23T03:19:20.246+0000] {taskinstance.py:2306} INFO - Starting attempt 1 of 2
[2025-09-23T03:19:20.270+0000] {taskinstance.py:2330} INFO - Executing <Task(PythonOperator): check_connections> on 2025-09-23 03:19:17.848775+00:00
[2025-09-23T03:19:20.294+0000] {standard_task_runner.py:90} INFO - Running: ['***', 'tasks', 'run', 'spark_iceberg_pipeline', 'check_connections', 'manual__2025-09-23T03:19:17.848775+00:00', '--job-id', '3', '--raw', '--subdir', 'DAGS_FOLDER/spark_iceberg_pipeline.py', '--cfg-path', '/tmp/tmpz0q6rhe6']
[2025-09-23T03:19:20.298+0000] {logging_mixin.py:188} WARNING - /home/***/.local/lib/python3.12/site-packages/***/task/task_runner/standard_task_runner.py:62 DeprecationWarning: This process (pid=248) is multi-threaded, use of fork() may lead to deadlocks in the child.
[2025-09-23T03:19:20.306+0000] {standard_task_runner.py:91} INFO - Job 3: Subtask check_connections
[2025-09-23T03:19:20.307+0000] {standard_task_runner.py:64} INFO - Started process 250 to run task
[2025-09-23T03:19:20.493+0000] {task_command.py:426} INFO - Running <TaskInstance: spark_iceberg_pipeline.check_connections manual__2025-09-23T03:19:17.848775+00:00 [running]> on host dbe0f3c9a3f2
[2025-09-23T03:19:20.754+0000] {taskinstance.py:2648} INFO - Exporting env vars: AIRFLOW_CTX_DAG_OWNER='***' AIRFLOW_CTX_DAG_ID='spark_iceberg_pipeline' AIRFLOW_CTX_TASK_ID='check_connections' AIRFLOW_CTX_EXECUTION_DATE='2025-09-23T03:19:17.848775+00:00' AIRFLOW_CTX_TRY_NUMBER='1' AIRFLOW_CTX_DAG_RUN_ID='manual__2025-09-23T03:19:17.848775+00:00'
[2025-09-23T03:19:20.758+0000] {taskinstance.py:430} INFO - ::endgroup::
[2025-09-23T03:19:23.260+0000] {logging_mixin.py:188} INFO - Nessie check
[2025-09-23T03:19:24.908+0000] {logging_mixin.py:188} INFO - Minio Disponible
[2025-09-23T03:19:24.909+0000] {python.py:237} INFO - Done. Returned value was: True
[2025-09-23T03:19:24.909+0000] {taskinstance.py:441} INFO - ::group::Post task execution logs
[2025-09-23T03:19:24.964+0000] {taskinstance.py:1206} INFO - Marking task as SUCCESS. dag_id=spark_iceberg_pipeline, task_id=check_connections, run_id=manual__2025-09-23T03:19:17.848775+00:00, execution_date=20250923T031917, start_date=20250923T031920, end_date=20250923T031924
[2025-09-23T03:19:25.023+0000] {local_task_job_runner.py:243} INFO - Task exited with return code 0
[2025-09-23T03:19:25.058+0000] {taskinstance.py:3503} INFO - 2 downstream tasks scheduled from follow-on schedule check
[2025-09-23T03:19:25.060+0000] {local_task_job_runner.py:222} INFO - ::endgroup::
